-- The C compiler identification is GNU 9.4.0
-- The CXX compiler identification is GNU 9.4.0
-- Check for working C compiler: /usr/bin/cc
-- Check for working C compiler: /usr/bin/cc -- works
-- Detecting C compiler ABI info
-- Detecting C compiler ABI info - done
-- Detecting C compile features
-- Detecting C compile features - done
-- Check for working CXX compiler: /usr/bin/c++
-- Check for working CXX compiler: /usr/bin/c++ -- works
-- Detecting CXX compiler ABI info
-- Detecting CXX compiler ABI info - done
-- Detecting CXX compile features
-- Detecting CXX compile features - done
-- Found ament_cmake_auto: 1.1.5 (/opt/ros/galactic/share/ament_cmake_auto/cmake)
-- Found PythonInterp: /usr/bin/python3 (found suitable version "3.8.10", minimum required is "3") 
-- Using PYTHON_EXECUTABLE: /usr/bin/python3
-- Configuring done
-- Generating done
-- Build files have been written to: /home/gabriel/software/AutonomousDriving/build/lexus_rx_450h_description
-- Install configuration: ""
-- Installing: /home/gabriel/software/AutonomousDriving/install/lexus_rx_450h_description/share/lexus_rx_450h_description/config
-- Installing: /home/gabriel/software/AutonomousDriving/install/lexus_rx_450h_description/share/lexus_rx_450h_description/config/lexus_rx_450h.rviz
-- Installing: /home/gabriel/software/AutonomousDriving/install/lexus_rx_450h_description/share/lexus_rx_450h_description/launch
-- Installing: /home/gabriel/software/AutonomousDriving/install/lexus_rx_450h_description/share/lexus_rx_450h_description/launch/lexus_rx_450h_visualisation.launch.py
-- Installing: /home/gabriel/software/AutonomousDriving/install/lexus_rx_450h_description/share/lexus_rx_450h_description/meshes
-- Installing: /home/gabriel/software/AutonomousDriving/install/lexus_rx_450h_description/share/lexus_rx_450h_description/meshes/LexusRX.obj
-- Installing: /home/gabriel/software/AutonomousDriving/install/lexus_rx_450h_description/share/lexus_rx_450h_description/urdf
-- Installing: /home/gabriel/software/AutonomousDriving/install/lexus_rx_450h_description/share/lexus_rx_450h_description/urdf/lexus_rx_450h_vehicle.urdf
-- Installing: /home/gabriel/software/AutonomousDriving/install/lexus_rx_450h_description/share/lexus_rx_450h_description/urdf/lexus_rx_450h_dual_camera.urdf
-- Installing: /home/gabriel/software/AutonomousDriving/install/lexus_rx_450h_description/share/lexus_rx_450h_description/urdf/lexus_rx_450h.urdf
-- Installing: /home/gabriel/software/AutonomousDriving/install/lexus_rx_450h_description/share/lexus_rx_450h_description/urdf/lexus_rx_450h_pcap.urdf
-- Installing: /home/gabriel/software/AutonomousDriving/install/lexus_rx_450h_description/share/ament_index/resource_index/package_run_dependencies/lexus_rx_450h_description
-- Installing: /home/gabriel/software/AutonomousDriving/install/lexus_rx_450h_description/share/ament_index/resource_index/parent_prefix_path/lexus_rx_450h_description
-- Installing: /home/gabriel/software/AutonomousDriving/install/lexus_rx_450h_description/share/lexus_rx_450h_description/environment/ament_prefix_path.sh
-- Installing: /home/gabriel/software/AutonomousDriving/install/lexus_rx_450h_description/share/lexus_rx_450h_description/environment/ament_prefix_path.dsv
-- Installing: /home/gabriel/software/AutonomousDriving/install/lexus_rx_450h_description/share/lexus_rx_450h_description/environment/path.sh
-- Installing: /home/gabriel/software/AutonomousDriving/install/lexus_rx_450h_description/share/lexus_rx_450h_description/environment/path.dsv
-- Installing: /home/gabriel/software/AutonomousDriving/install/lexus_rx_450h_description/share/lexus_rx_450h_description/local_setup.bash
-- Installing: /home/gabriel/software/AutonomousDriving/install/lexus_rx_450h_description/share/lexus_rx_450h_description/local_setup.sh
-- Installing: /home/gabriel/software/AutonomousDriving/install/lexus_rx_450h_description/share/lexus_rx_450h_description/local_setup.zsh
-- Installing: /home/gabriel/software/AutonomousDriving/install/lexus_rx_450h_description/share/lexus_rx_450h_description/local_setup.dsv
-- Installing: /home/gabriel/software/AutonomousDriving/install/lexus_rx_450h_description/share/lexus_rx_450h_description/package.dsv
-- Installing: /home/gabriel/software/AutonomousDriving/install/lexus_rx_450h_description/share/ament_index/resource_index/packages/lexus_rx_450h_description
-- Installing: /home/gabriel/software/AutonomousDriving/install/lexus_rx_450h_description/share/lexus_rx_450h_description/cmake/lexus_rx_450h_descriptionConfig.cmake
-- Installing: /home/gabriel/software/AutonomousDriving/install/lexus_rx_450h_description/share/lexus_rx_450h_description/cmake/lexus_rx_450h_descriptionConfig-version.cmake
-- Installing: /home/gabriel/software/AutonomousDriving/install/lexus_rx_450h_description/share/lexus_rx_450h_description/package.xml
