[35m[1mScanning dependencies of target record_traj[0m
[ 25%] [32mBuilding CXX object CMakeFiles/record_traj.dir/src/record_traj_node.cpp.o[0m
[01m[K/home/gabriel/software/AutonomousDriving/src/record_traj/src/record_traj_node.cpp:[m[K In constructor ‘[01m[KRecordTrajNode::RecordTrajNode()[m[K’:
[01m[K/home/gabriel/software/AutonomousDriving/src/record_traj/src/record_traj_node.cpp:70:50:[m[K [01;35m[Kwarning: [m[K‘[01m[Kconst rclcpp::ParameterValue& rclcpp::Node::declare_parameter(const string&)[m[K’ is deprecated: declare_parameter() with only a name is deprecated and will be deleted in the future.\nIf you want to declare a parameter that won't change type without a default value use:\n`node->declare_parameter<ParameterT>(name)`, where e.g. ParameterT=int64_t.\n\nIf you want to declare a parameter that can dynamically change type use:\n```\nrcl_interfaces::msg::ParameterDescriptor descriptor;\ndescriptor.dynamic_typing = true;\nnode->declare_parameter(name, rclcpp::ParameterValue{}, descriptor);\n``` [[01;35m[K-Wdeprecated-declarations[m[K]
   70 |       file_name = declare_parameter("record_file"[01;35m[K)[m[K.get<std::string>();
      |                                                  [01;35m[K^[m[K
In file included from [01m[K/opt/ros/galactic/include/rclcpp/executors/single_threaded_executor.hpp:28[m[K,
                 from [01m[K/opt/ros/galactic/include/rclcpp/executors.hpp:22[m[K,
                 from [01m[K/opt/ros/galactic/include/rclcpp/rclcpp.hpp:156[m[K,
                 from [01m[K/home/gabriel/software/AutonomousDriving/src/record_traj/src/record_traj_node.cpp:11[m[K:
[01m[K/opt/ros/galactic/include/rclcpp/node.hpp:422:3:[m[K [01;36m[Knote: [m[Kdeclared here
  422 |   [01;36m[Kdeclare_parameter[m[K(const std::string & name);
      |   [01;36m[K^~~~~~~~~~~~~~~~~[m[K
[ 50%] [32m[1mLinking CXX shared library librecord_traj.so[0m
[ 50%] Built target record_traj
[35m[1mScanning dependencies of target record_traj_exe[0m
[ 75%] [32mBuilding CXX object CMakeFiles/record_traj_exe.dir/src/record_traj_node.cpp.o[0m
[01m[K/home/gabriel/software/AutonomousDriving/src/record_traj/src/record_traj_node.cpp:[m[K In constructor ‘[01m[KRecordTrajNode::RecordTrajNode()[m[K’:
[01m[K/home/gabriel/software/AutonomousDriving/src/record_traj/src/record_traj_node.cpp:70:50:[m[K [01;35m[Kwarning: [m[K‘[01m[Kconst rclcpp::ParameterValue& rclcpp::Node::declare_parameter(const string&)[m[K’ is deprecated: declare_parameter() with only a name is deprecated and will be deleted in the future.\nIf you want to declare a parameter that won't change type without a default value use:\n`node->declare_parameter<ParameterT>(name)`, where e.g. ParameterT=int64_t.\n\nIf you want to declare a parameter that can dynamically change type use:\n```\nrcl_interfaces::msg::ParameterDescriptor descriptor;\ndescriptor.dynamic_typing = true;\nnode->declare_parameter(name, rclcpp::ParameterValue{}, descriptor);\n``` [[01;35m[K-Wdeprecated-declarations[m[K]
   70 |       file_name = declare_parameter("record_file"[01;35m[K)[m[K.get<std::string>();
      |                                                  [01;35m[K^[m[K
In file included from [01m[K/opt/ros/galactic/include/rclcpp/executors/single_threaded_executor.hpp:28[m[K,
                 from [01m[K/opt/ros/galactic/include/rclcpp/executors.hpp:22[m[K,
                 from [01m[K/opt/ros/galactic/include/rclcpp/rclcpp.hpp:156[m[K,
                 from [01m[K/home/gabriel/software/AutonomousDriving/src/record_traj/src/record_traj_node.cpp:11[m[K:
[01m[K/opt/ros/galactic/include/rclcpp/node.hpp:422:3:[m[K [01;36m[Knote: [m[Kdeclared here
  422 |   [01;36m[Kdeclare_parameter[m[K(const std::string & name);
      |   [01;36m[K^~~~~~~~~~~~~~~~~[m[K
[100%] [32m[1mLinking CXX executable record_traj_exe[0m
[100%] Built target record_traj_exe
-- Install configuration: ""
-- Installing: /home/gabriel/software/AutonomousDriving/install/record_traj/include
-- Installing: /home/gabriel/software/AutonomousDriving/install/record_traj/include/record_traj
-- Installing: /home/gabriel/software/AutonomousDriving/install/record_traj/share/record_traj/environment/library_path.sh
-- Installing: /home/gabriel/software/AutonomousDriving/install/record_traj/share/record_traj/environment/library_path.dsv
-- Installing: /home/gabriel/software/AutonomousDriving/install/record_traj/lib/librecord_traj.so
-- Set runtime path of "/home/gabriel/software/AutonomousDriving/install/record_traj/lib/librecord_traj.so" to ""
-- Installing: /home/gabriel/software/AutonomousDriving/install/record_traj/lib/record_traj/record_traj_exe
-- Set runtime path of "/home/gabriel/software/AutonomousDriving/install/record_traj/lib/record_traj/record_traj_exe" to ""
-- Installing: /home/gabriel/software/AutonomousDriving/install/record_traj/share/record_traj/launch
-- Installing: /home/gabriel/software/AutonomousDriving/install/record_traj/share/record_traj/launch/lgsvl_interface_and_tf.launch.py
-- Installing: /home/gabriel/software/AutonomousDriving/install/record_traj/share/record_traj/launch/simple_controller_test.launch.py
-- Installing: /home/gabriel/software/AutonomousDriving/install/record_traj/share/record_traj/param
-- Installing: /home/gabriel/software/AutonomousDriving/install/record_traj/share/record_traj/param/example.txt
-- Installing: /home/gabriel/software/AutonomousDriving/install/record_traj/share/ament_index/resource_index/package_run_dependencies/record_traj
-- Installing: /home/gabriel/software/AutonomousDriving/install/record_traj/share/ament_index/resource_index/parent_prefix_path/record_traj
-- Installing: /home/gabriel/software/AutonomousDriving/install/record_traj/share/record_traj/environment/ament_prefix_path.sh
-- Installing: /home/gabriel/software/AutonomousDriving/install/record_traj/share/record_traj/environment/ament_prefix_path.dsv
-- Installing: /home/gabriel/software/AutonomousDriving/install/record_traj/share/record_traj/environment/path.sh
-- Installing: /home/gabriel/software/AutonomousDriving/install/record_traj/share/record_traj/environment/path.dsv
-- Installing: /home/gabriel/software/AutonomousDriving/install/record_traj/share/record_traj/local_setup.bash
-- Installing: /home/gabriel/software/AutonomousDriving/install/record_traj/share/record_traj/local_setup.sh
-- Installing: /home/gabriel/software/AutonomousDriving/install/record_traj/share/record_traj/local_setup.zsh
-- Installing: /home/gabriel/software/AutonomousDriving/install/record_traj/share/record_traj/local_setup.dsv
-- Installing: /home/gabriel/software/AutonomousDriving/install/record_traj/share/record_traj/package.dsv
-- Installing: /home/gabriel/software/AutonomousDriving/install/record_traj/share/ament_index/resource_index/packages/record_traj
-- Installing: /home/gabriel/software/AutonomousDriving/install/record_traj/share/record_traj/cmake/ament_cmake_export_dependencies-extras.cmake
-- Installing: /home/gabriel/software/AutonomousDriving/install/record_traj/share/record_traj/cmake/ament_cmake_export_include_directories-extras.cmake
-- Installing: /home/gabriel/software/AutonomousDriving/install/record_traj/share/record_traj/cmake/ament_cmake_export_libraries-extras.cmake
-- Installing: /home/gabriel/software/AutonomousDriving/install/record_traj/share/record_traj/cmake/record_trajConfig.cmake
-- Installing: /home/gabriel/software/AutonomousDriving/install/record_traj/share/record_traj/cmake/record_trajConfig-version.cmake
-- Installing: /home/gabriel/software/AutonomousDriving/install/record_traj/share/record_traj/package.xml
