[0.016s] Invoking command in '/home/gabriel/software/AutonomousDriving/build/record_traj': AMENT_PREFIX_PATH=/home/gabriel/software/AutonomousDriving/install/autoware_auto_msgs:${AMENT_PREFIX_PATH} CMAKE_PREFIX_PATH=/home/gabriel/software/AutonomousDriving/install/autoware_auto_msgs:/opt/ros/galactic LD_LIBRARY_PATH=/home/gabriel/software/AutonomousDriving/install/autoware_auto_msgs/lib:/usr/lib/x86_64-linux-gnu/gazebo-11/plugins:/opt/ros/galactic/opt/yaml_cpp_vendor/lib:/opt/ros/galactic/opt/rviz_ogre_vendor/lib:/opt/ros/galactic/lib/x86_64-linux-gnu:/opt/ros/galactic/lib:/home/gabriel/.mujoco/mujoco200/bin:/home/gabriel/.mujoco/mjpro131/bin:/home/gabriel/.mujoco/mjpro150/bin:/usr/lib/x86_64-linux-gnu/ PYTHONPATH=/home/gabriel/software/AutonomousDriving/install/autoware_auto_msgs/lib/python3.8/site-packages:${PYTHONPATH} /usr/bin/cmake --build /home/gabriel/software/AutonomousDriving/build/record_traj -- -j16 -l16
[0.045s] [35m[1mScanning dependencies of target record_traj[0m
[0.062s] [ 25%] [32mBuilding CXX object CMakeFiles/record_traj.dir/src/record_traj_node.cpp.o[0m
[1.180s] [01m[K/home/gabriel/software/AutonomousDriving/src/record_traj/src/record_traj_node.cpp:[m[K In constructor ‘[01m[KRecordTrajNode::RecordTrajNode()[m[K’:
[1.180s] [01m[K/home/gabriel/software/AutonomousDriving/src/record_traj/src/record_traj_node.cpp:70:50:[m[K [01;35m[Kwarning: [m[K‘[01m[Kconst rclcpp::ParameterValue& rclcpp::Node::declare_parameter(const string&)[m[K’ is deprecated: declare_parameter() with only a name is deprecated and will be deleted in the future.\nIf you want to declare a parameter that won't change type without a default value use:\n`node->declare_parameter<ParameterT>(name)`, where e.g. ParameterT=int64_t.\n\nIf you want to declare a parameter that can dynamically change type use:\n```\nrcl_interfaces::msg::ParameterDescriptor descriptor;\ndescriptor.dynamic_typing = true;\nnode->declare_parameter(name, rclcpp::ParameterValue{}, descriptor);\n``` [[01;35m[K-Wdeprecated-declarations[m[K]
[1.181s]    70 |       file_name = declare_parameter("record_file"[01;35m[K)[m[K.get<std::string>();
[1.181s]       |                                                  [01;35m[K^[m[K
[1.181s] In file included from [01m[K/opt/ros/galactic/include/rclcpp/executors/single_threaded_executor.hpp:28[m[K,
[1.181s]                  from [01m[K/opt/ros/galactic/include/rclcpp/executors.hpp:22[m[K,
[1.181s]                  from [01m[K/opt/ros/galactic/include/rclcpp/rclcpp.hpp:156[m[K,
[1.181s]                  from [01m[K/home/gabriel/software/AutonomousDriving/src/record_traj/src/record_traj_node.cpp:11[m[K:
[1.181s] [01m[K/opt/ros/galactic/include/rclcpp/node.hpp:422:3:[m[K [01;36m[Knote: [m[Kdeclared here
[1.181s]   422 |   [01;36m[Kdeclare_parameter[m[K(const std::string & name);
[1.181s]       |   [01;36m[K^~~~~~~~~~~~~~~~~[m[K
[4.375s] [ 50%] [32m[1mLinking CXX shared library librecord_traj.so[0m
[4.594s] [ 50%] Built target record_traj
[4.600s] [35m[1mScanning dependencies of target record_traj_exe[0m
[4.624s] [ 75%] [32mBuilding CXX object CMakeFiles/record_traj_exe.dir/src/record_traj_node.cpp.o[0m
[5.741s] [01m[K/home/gabriel/software/AutonomousDriving/src/record_traj/src/record_traj_node.cpp:[m[K In constructor ‘[01m[KRecordTrajNode::RecordTrajNode()[m[K’:
[5.741s] [01m[K/home/gabriel/software/AutonomousDriving/src/record_traj/src/record_traj_node.cpp:70:50:[m[K [01;35m[Kwarning: [m[K‘[01m[Kconst rclcpp::ParameterValue& rclcpp::Node::declare_parameter(const string&)[m[K’ is deprecated: declare_parameter() with only a name is deprecated and will be deleted in the future.\nIf you want to declare a parameter that won't change type without a default value use:\n`node->declare_parameter<ParameterT>(name)`, where e.g. ParameterT=int64_t.\n\nIf you want to declare a parameter that can dynamically change type use:\n```\nrcl_interfaces::msg::ParameterDescriptor descriptor;\ndescriptor.dynamic_typing = true;\nnode->declare_parameter(name, rclcpp::ParameterValue{}, descriptor);\n``` [[01;35m[K-Wdeprecated-declarations[m[K]
[5.741s]    70 |       file_name = declare_parameter("record_file"[01;35m[K)[m[K.get<std::string>();
[5.741s]       |                                                  [01;35m[K^[m[K
[5.741s] In file included from [01m[K/opt/ros/galactic/include/rclcpp/executors/single_threaded_executor.hpp:28[m[K,
[5.741s]                  from [01m[K/opt/ros/galactic/include/rclcpp/executors.hpp:22[m[K,
[5.741s]                  from [01m[K/opt/ros/galactic/include/rclcpp/rclcpp.hpp:156[m[K,
[5.741s]                  from [01m[K/home/gabriel/software/AutonomousDriving/src/record_traj/src/record_traj_node.cpp:11[m[K:
[5.741s] [01m[K/opt/ros/galactic/include/rclcpp/node.hpp:422:3:[m[K [01;36m[Knote: [m[Kdeclared here
[5.741s]   422 |   [01;36m[Kdeclare_parameter[m[K(const std::string & name);
[5.741s]       |   [01;36m[K^~~~~~~~~~~~~~~~~[m[K
[8.918s] [100%] [32m[1mLinking CXX executable record_traj_exe[0m
[9.136s] [100%] Built target record_traj_exe
[9.144s] Invoked command in '/home/gabriel/software/AutonomousDriving/build/record_traj' returned '0': AMENT_PREFIX_PATH=/home/gabriel/software/AutonomousDriving/install/autoware_auto_msgs:${AMENT_PREFIX_PATH} CMAKE_PREFIX_PATH=/home/gabriel/software/AutonomousDriving/install/autoware_auto_msgs:/opt/ros/galactic LD_LIBRARY_PATH=/home/gabriel/software/AutonomousDriving/install/autoware_auto_msgs/lib:/usr/lib/x86_64-linux-gnu/gazebo-11/plugins:/opt/ros/galactic/opt/yaml_cpp_vendor/lib:/opt/ros/galactic/opt/rviz_ogre_vendor/lib:/opt/ros/galactic/lib/x86_64-linux-gnu:/opt/ros/galactic/lib:/home/gabriel/.mujoco/mujoco200/bin:/home/gabriel/.mujoco/mjpro131/bin:/home/gabriel/.mujoco/mjpro150/bin:/usr/lib/x86_64-linux-gnu/ PYTHONPATH=/home/gabriel/software/AutonomousDriving/install/autoware_auto_msgs/lib/python3.8/site-packages:${PYTHONPATH} /usr/bin/cmake --build /home/gabriel/software/AutonomousDriving/build/record_traj -- -j16 -l16
[9.169s] Invoking command in '/home/gabriel/software/AutonomousDriving/build/record_traj': AMENT_PREFIX_PATH=/home/gabriel/software/AutonomousDriving/install/autoware_auto_msgs:${AMENT_PREFIX_PATH} CMAKE_PREFIX_PATH=/home/gabriel/software/AutonomousDriving/install/autoware_auto_msgs:/opt/ros/galactic LD_LIBRARY_PATH=/home/gabriel/software/AutonomousDriving/install/autoware_auto_msgs/lib:/usr/lib/x86_64-linux-gnu/gazebo-11/plugins:/opt/ros/galactic/opt/yaml_cpp_vendor/lib:/opt/ros/galactic/opt/rviz_ogre_vendor/lib:/opt/ros/galactic/lib/x86_64-linux-gnu:/opt/ros/galactic/lib:/home/gabriel/.mujoco/mujoco200/bin:/home/gabriel/.mujoco/mjpro131/bin:/home/gabriel/.mujoco/mjpro150/bin:/usr/lib/x86_64-linux-gnu/ PYTHONPATH=/home/gabriel/software/AutonomousDriving/install/autoware_auto_msgs/lib/python3.8/site-packages:${PYTHONPATH} /usr/bin/cmake --install /home/gabriel/software/AutonomousDriving/build/record_traj
[9.174s] -- Install configuration: ""
[9.174s] -- Installing: /home/gabriel/software/AutonomousDriving/install/record_traj/include
[9.174s] -- Installing: /home/gabriel/software/AutonomousDriving/install/record_traj/include/record_traj
[9.174s] -- Installing: /home/gabriel/software/AutonomousDriving/install/record_traj/share/record_traj/environment/library_path.sh
[9.174s] -- Installing: /home/gabriel/software/AutonomousDriving/install/record_traj/share/record_traj/environment/library_path.dsv
[9.174s] -- Installing: /home/gabriel/software/AutonomousDriving/install/record_traj/lib/librecord_traj.so
[9.177s] -- Set runtime path of "/home/gabriel/software/AutonomousDriving/install/record_traj/lib/librecord_traj.so" to ""
[9.177s] -- Installing: /home/gabriel/software/AutonomousDriving/install/record_traj/lib/record_traj/record_traj_exe
[9.179s] -- Set runtime path of "/home/gabriel/software/AutonomousDriving/install/record_traj/lib/record_traj/record_traj_exe" to ""
[9.179s] -- Installing: /home/gabriel/software/AutonomousDriving/install/record_traj/share/record_traj/launch
[9.179s] -- Installing: /home/gabriel/software/AutonomousDriving/install/record_traj/share/record_traj/launch/lgsvl_interface_and_tf.launch.py
[9.179s] -- Installing: /home/gabriel/software/AutonomousDriving/install/record_traj/share/record_traj/launch/simple_controller_test.launch.py
[9.179s] -- Installing: /home/gabriel/software/AutonomousDriving/install/record_traj/share/record_traj/param
[9.179s] -- Installing: /home/gabriel/software/AutonomousDriving/install/record_traj/share/record_traj/param/example.txt
[9.179s] -- Installing: /home/gabriel/software/AutonomousDriving/install/record_traj/share/ament_index/resource_index/package_run_dependencies/record_traj
[9.179s] -- Installing: /home/gabriel/software/AutonomousDriving/install/record_traj/share/ament_index/resource_index/parent_prefix_path/record_traj
[9.179s] -- Installing: /home/gabriel/software/AutonomousDriving/install/record_traj/share/record_traj/environment/ament_prefix_path.sh
[9.179s] -- Installing: /home/gabriel/software/AutonomousDriving/install/record_traj/share/record_traj/environment/ament_prefix_path.dsv
[9.179s] -- Installing: /home/gabriel/software/AutonomousDriving/install/record_traj/share/record_traj/environment/path.sh
[9.179s] -- Installing: /home/gabriel/software/AutonomousDriving/install/record_traj/share/record_traj/environment/path.dsv
[9.179s] -- Installing: /home/gabriel/software/AutonomousDriving/install/record_traj/share/record_traj/local_setup.bash
[9.179s] -- Installing: /home/gabriel/software/AutonomousDriving/install/record_traj/share/record_traj/local_setup.sh
[9.179s] -- Installing: /home/gabriel/software/AutonomousDriving/install/record_traj/share/record_traj/local_setup.zsh
[9.179s] -- Installing: /home/gabriel/software/AutonomousDriving/install/record_traj/share/record_traj/local_setup.dsv
[9.180s] -- Installing: /home/gabriel/software/AutonomousDriving/install/record_traj/share/record_traj/package.dsv
[9.180s] -- Installing: /home/gabriel/software/AutonomousDriving/install/record_traj/share/ament_index/resource_index/packages/record_traj
[9.180s] -- Installing: /home/gabriel/software/AutonomousDriving/install/record_traj/share/record_traj/cmake/ament_cmake_export_dependencies-extras.cmake
[9.180s] -- Installing: /home/gabriel/software/AutonomousDriving/install/record_traj/share/record_traj/cmake/ament_cmake_export_include_directories-extras.cmake
[9.180s] -- Installing: /home/gabriel/software/AutonomousDriving/install/record_traj/share/record_traj/cmake/ament_cmake_export_libraries-extras.cmake
[9.180s] -- Installing: /home/gabriel/software/AutonomousDriving/install/record_traj/share/record_traj/cmake/record_trajConfig.cmake
[9.180s] -- Installing: /home/gabriel/software/AutonomousDriving/install/record_traj/share/record_traj/cmake/record_trajConfig-version.cmake
[9.180s] -- Installing: /home/gabriel/software/AutonomousDriving/install/record_traj/share/record_traj/package.xml
[9.182s] Invoked command in '/home/gabriel/software/AutonomousDriving/build/record_traj' returned '0': AMENT_PREFIX_PATH=/home/gabriel/software/AutonomousDriving/install/autoware_auto_msgs:${AMENT_PREFIX_PATH} CMAKE_PREFIX_PATH=/home/gabriel/software/AutonomousDriving/install/autoware_auto_msgs:/opt/ros/galactic LD_LIBRARY_PATH=/home/gabriel/software/AutonomousDriving/install/autoware_auto_msgs/lib:/usr/lib/x86_64-linux-gnu/gazebo-11/plugins:/opt/ros/galactic/opt/yaml_cpp_vendor/lib:/opt/ros/galactic/opt/rviz_ogre_vendor/lib:/opt/ros/galactic/lib/x86_64-linux-gnu:/opt/ros/galactic/lib:/home/gabriel/.mujoco/mujoco200/bin:/home/gabriel/.mujoco/mjpro131/bin:/home/gabriel/.mujoco/mjpro150/bin:/usr/lib/x86_64-linux-gnu/ PYTHONPATH=/home/gabriel/software/AutonomousDriving/install/autoware_auto_msgs/lib/python3.8/site-packages:${PYTHONPATH} /usr/bin/cmake --install /home/gabriel/software/AutonomousDriving/build/record_traj
