-- The C compiler identification is GNU 9.4.0
-- The CXX compiler identification is GNU 9.4.0
-- Check for working C compiler: /usr/bin/cc
-- Check for working C compiler: /usr/bin/cc -- works
-- Detecting C compiler ABI info
-- Detecting C compiler ABI info - done
-- Detecting C compile features
-- Detecting C compile features - done
-- Check for working CXX compiler: /usr/bin/c++
-- Check for working CXX compiler: /usr/bin/c++ -- works
-- Detecting CXX compiler ABI info
-- Detecting CXX compiler ABI info - done
-- Detecting CXX compile features
-- Detecting CXX compile features - done
-- Found ament_cmake_auto: 1.1.5 (/opt/ros/galactic/share/ament_cmake_auto/cmake)
-- Found PythonInterp: /usr/bin/python3 (found suitable version "3.8.10", minimum required is "3") 
-- Using PYTHON_EXECUTABLE: /usr/bin/python3
-- Found ament_lint_auto: 0.10.6 (/opt/ros/galactic/share/ament_lint_auto/cmake)
-- Added test 'copyright' to check source files copyright and LICENSE
-- Added test 'flake8' to check Python code syntax and style conventions
-- Added test 'lint_cmake' to check CMake code style
-- Added test 'pep257' to check Python code against some of the style conventions in PEP 257
-- Added test 'xmllint' to check XML markup files
-- Configuring done
-- Generating done
-- Build files have been written to: /home/gabriel/software/AutonomousDriving/build/simulation_sync
[35m[1mScanning dependencies of target ament_cmake_python_copy_simulation_sync[0m
Built target ament_cmake_python_copy_simulation_sync
[35m[1mScanning dependencies of target ament_cmake_python_build_simulation_sync_egg[0m
running egg_info
creating simulation_sync.egg-info
writing simulation_sync.egg-info/PKG-INFO
writing dependency_links to simulation_sync.egg-info/dependency_links.txt
writing top-level names to simulation_sync.egg-info/top_level.txt
writing manifest file 'simulation_sync.egg-info/SOURCES.txt'
reading manifest file 'simulation_sync.egg-info/SOURCES.txt'
writing manifest file 'simulation_sync.egg-info/SOURCES.txt'
Built target ament_cmake_python_build_simulation_sync_egg
-- Install configuration: ""
-- Installing: /home/gabriel/software/AutonomousDriving/install/simulation_sync/share/simulation_sync/environment/pythonpath.sh
-- Installing: /home/gabriel/software/AutonomousDriving/install/simulation_sync/share/simulation_sync/environment/pythonpath.dsv
-- Installing: /home/gabriel/software/AutonomousDriving/install/simulation_sync/lib/python3.8/site-packages//simulation_sync.egg-info
-- Installing: /home/gabriel/software/AutonomousDriving/install/simulation_sync/lib/python3.8/site-packages//simulation_sync.egg-info/dependency_links.txt
-- Installing: /home/gabriel/software/AutonomousDriving/install/simulation_sync/lib/python3.8/site-packages//simulation_sync.egg-info/top_level.txt
-- Installing: /home/gabriel/software/AutonomousDriving/install/simulation_sync/lib/python3.8/site-packages//simulation_sync.egg-info/PKG-INFO
-- Installing: /home/gabriel/software/AutonomousDriving/install/simulation_sync/lib/python3.8/site-packages//simulation_sync.egg-info/SOURCES.txt
-- Installing: /home/gabriel/software/AutonomousDriving/install/simulation_sync/lib/python3.8/site-packages/simulation_sync
-- Installing: /home/gabriel/software/AutonomousDriving/install/simulation_sync/lib/python3.8/site-packages/simulation_sync/simulation_sync_node (copy).py
-- Installing: /home/gabriel/software/AutonomousDriving/install/simulation_sync/lib/python3.8/site-packages/simulation_sync/simulation_sync_node.py
-- Installing: /home/gabriel/software/AutonomousDriving/install/simulation_sync/lib/python3.8/site-packages/simulation_sync/simulation_sync_main.py
-- Installing: /home/gabriel/software/AutonomousDriving/install/simulation_sync/lib/python3.8/site-packages/simulation_sync/__init__.py
Listing '/home/gabriel/software/AutonomousDriving/install/simulation_sync/lib/python3.8/site-packages/simulation_sync'...
Compiling '/home/gabriel/software/AutonomousDriving/install/simulation_sync/lib/python3.8/site-packages/simulation_sync/__init__.py'...
Compiling '/home/gabriel/software/AutonomousDriving/install/simulation_sync/lib/python3.8/site-packages/simulation_sync/simulation_sync_main.py'...
Compiling '/home/gabriel/software/AutonomousDriving/install/simulation_sync/lib/python3.8/site-packages/simulation_sync/simulation_sync_node (copy).py'...
Compiling '/home/gabriel/software/AutonomousDriving/install/simulation_sync/lib/python3.8/site-packages/simulation_sync/simulation_sync_node.py'...
-- Installing: /home/gabriel/software/AutonomousDriving/install/simulation_sync/lib/simulation_sync/simulation_sync_main.py
-- Installing: /home/gabriel/software/AutonomousDriving/install/simulation_sync/share/simulation_sync/launch
-- Installing: /home/gabriel/software/AutonomousDriving/install/simulation_sync/share/simulation_sync/launch/simulation_sync.launch.py
-- Installing: /home/gabriel/software/AutonomousDriving/install/simulation_sync/share/simulation_sync/param
-- Installing: /home/gabriel/software/AutonomousDriving/install/simulation_sync/share/simulation_sync/param/vehicle4.param.yaml
-- Installing: /home/gabriel/software/AutonomousDriving/install/simulation_sync/share/simulation_sync/param/defaults.param.yaml
-- Installing: /home/gabriel/software/AutonomousDriving/install/simulation_sync/share/simulation_sync/param/vehicle10.param.yaml
-- Installing: /home/gabriel/software/AutonomousDriving/install/simulation_sync/share/simulation_sync/param/il15_sim.param.yaml
-- Installing: /home/gabriel/software/AutonomousDriving/install/simulation_sync/share/simulation_sync/param/vehicle2.param.yaml
-- Installing: /home/gabriel/software/AutonomousDriving/install/simulation_sync/share/simulation_sync/param/vehicle7.param.yaml
-- Installing: /home/gabriel/software/AutonomousDriving/install/simulation_sync/share/simulation_sync/param/vehicle5.param.yaml
-- Installing: /home/gabriel/software/AutonomousDriving/install/simulation_sync/share/simulation_sync/param/vehicle8.param.yaml
-- Installing: /home/gabriel/software/AutonomousDriving/install/simulation_sync/share/simulation_sync/param/vehicle3.param.yaml
-- Installing: /home/gabriel/software/AutonomousDriving/install/simulation_sync/share/simulation_sync/param/vehicle6.param.yaml
-- Installing: /home/gabriel/software/AutonomousDriving/install/simulation_sync/share/simulation_sync/param/vehicle9.param.yaml
-- Installing: /home/gabriel/software/AutonomousDriving/install/simulation_sync/share/simulation_sync/param/ego_vehicle.param.yaml
-- Installing: /home/gabriel/software/AutonomousDriving/install/simulation_sync/share/simulation_sync/param/vehicle1.param.yaml
-- Installing: /home/gabriel/software/AutonomousDriving/install/simulation_sync/share/ament_index/resource_index/package_run_dependencies/simulation_sync
-- Installing: /home/gabriel/software/AutonomousDriving/install/simulation_sync/share/ament_index/resource_index/parent_prefix_path/simulation_sync
-- Installing: /home/gabriel/software/AutonomousDriving/install/simulation_sync/share/simulation_sync/environment/ament_prefix_path.sh
-- Installing: /home/gabriel/software/AutonomousDriving/install/simulation_sync/share/simulation_sync/environment/ament_prefix_path.dsv
-- Installing: /home/gabriel/software/AutonomousDriving/install/simulation_sync/share/simulation_sync/environment/path.sh
-- Installing: /home/gabriel/software/AutonomousDriving/install/simulation_sync/share/simulation_sync/environment/path.dsv
-- Installing: /home/gabriel/software/AutonomousDriving/install/simulation_sync/share/simulation_sync/local_setup.bash
-- Installing: /home/gabriel/software/AutonomousDriving/install/simulation_sync/share/simulation_sync/local_setup.sh
-- Installing: /home/gabriel/software/AutonomousDriving/install/simulation_sync/share/simulation_sync/local_setup.zsh
-- Installing: /home/gabriel/software/AutonomousDriving/install/simulation_sync/share/simulation_sync/local_setup.dsv
-- Installing: /home/gabriel/software/AutonomousDriving/install/simulation_sync/share/simulation_sync/package.dsv
-- Installing: /home/gabriel/software/AutonomousDriving/install/simulation_sync/share/ament_index/resource_index/packages/simulation_sync
-- Installing: /home/gabriel/software/AutonomousDriving/install/simulation_sync/share/simulation_sync/cmake/simulation_syncConfig.cmake
-- Installing: /home/gabriel/software/AutonomousDriving/install/simulation_sync/share/simulation_sync/cmake/simulation_syncConfig-version.cmake
-- Installing: /home/gabriel/software/AutonomousDriving/install/simulation_sync/share/simulation_sync/package.xml
