[0.026s] Invoking command in '/home/gabriel/software/AutonomousDriving/build/simulation_sync': AMENT_PREFIX_PATH=/home/gabriel/software/AutonomousDriving/install/autoware_auto_msgs:${AMENT_PREFIX_PATH} CMAKE_PREFIX_PATH=/home/gabriel/software/AutonomousDriving/install/autoware_auto_msgs:/opt/ros/galactic LD_LIBRARY_PATH=/home/gabriel/software/AutonomousDriving/install/autoware_auto_msgs/lib:/usr/lib/x86_64-linux-gnu/gazebo-11/plugins:/opt/ros/galactic/opt/yaml_cpp_vendor/lib:/opt/ros/galactic/opt/rviz_ogre_vendor/lib:/opt/ros/galactic/lib/x86_64-linux-gnu:/opt/ros/galactic/lib:/home/gabriel/.mujoco/mujoco200/bin:/home/gabriel/.mujoco/mjpro131/bin:/home/gabriel/.mujoco/mjpro150/bin:/usr/lib/x86_64-linux-gnu/ PYTHONPATH=/home/gabriel/software/AutonomousDriving/install/autoware_auto_msgs/lib/python3.8/site-packages:${PYTHONPATH} /usr/bin/cmake /home/gabriel/software/AutonomousDriving/src/simulation_sync -DCMAKE_INSTALL_PREFIX=/home/gabriel/software/AutonomousDriving/install/simulation_sync
[0.061s] -- The C compiler identification is GNU 9.4.0
[0.100s] -- The CXX compiler identification is GNU 9.4.0
[0.102s] -- Check for working C compiler: /usr/bin/cc
[0.149s] -- Check for working C compiler: /usr/bin/cc -- works
[0.149s] -- Detecting C compiler ABI info
[0.199s] -- Detecting C compiler ABI info - done
[0.203s] -- Detecting C compile features
[0.203s] -- Detecting C compile features - done
[0.213s] -- Check for working CXX compiler: /usr/bin/c++
[0.259s] -- Check for working CXX compiler: /usr/bin/c++ -- works
[0.260s] -- Detecting CXX compiler ABI info
[0.315s] -- Detecting CXX compiler ABI info - done
[0.323s] -- Detecting CXX compile features
[0.323s] -- Detecting CXX compile features - done
[0.324s] -- Found ament_cmake_auto: 1.1.5 (/opt/ros/galactic/share/ament_cmake_auto/cmake)
[0.347s] -- Found PythonInterp: /usr/bin/python3 (found suitable version "3.8.10", minimum required is "3") 
[0.347s] -- Using PYTHON_EXECUTABLE: /usr/bin/python3
[0.438s] -- Found ament_lint_auto: 0.10.6 (/opt/ros/galactic/share/ament_lint_auto/cmake)
[0.467s] -- Added test 'copyright' to check source files copyright and LICENSE
[0.469s] -- Added test 'flake8' to check Python code syntax and style conventions
[0.469s] -- Added test 'lint_cmake' to check CMake code style
[0.469s] -- Added test 'pep257' to check Python code against some of the style conventions in PEP 257
[0.470s] -- Added test 'xmllint' to check XML markup files
[0.471s] -- Configuring done
[0.472s] -- Generating done
[0.473s] -- Build files have been written to: /home/gabriel/software/AutonomousDriving/build/simulation_sync
[0.476s] Invoked command in '/home/gabriel/software/AutonomousDriving/build/simulation_sync' returned '0': AMENT_PREFIX_PATH=/home/gabriel/software/AutonomousDriving/install/autoware_auto_msgs:${AMENT_PREFIX_PATH} CMAKE_PREFIX_PATH=/home/gabriel/software/AutonomousDriving/install/autoware_auto_msgs:/opt/ros/galactic LD_LIBRARY_PATH=/home/gabriel/software/AutonomousDriving/install/autoware_auto_msgs/lib:/usr/lib/x86_64-linux-gnu/gazebo-11/plugins:/opt/ros/galactic/opt/yaml_cpp_vendor/lib:/opt/ros/galactic/opt/rviz_ogre_vendor/lib:/opt/ros/galactic/lib/x86_64-linux-gnu:/opt/ros/galactic/lib:/home/gabriel/.mujoco/mujoco200/bin:/home/gabriel/.mujoco/mjpro131/bin:/home/gabriel/.mujoco/mjpro150/bin:/usr/lib/x86_64-linux-gnu/ PYTHONPATH=/home/gabriel/software/AutonomousDriving/install/autoware_auto_msgs/lib/python3.8/site-packages:${PYTHONPATH} /usr/bin/cmake /home/gabriel/software/AutonomousDriving/src/simulation_sync -DCMAKE_INSTALL_PREFIX=/home/gabriel/software/AutonomousDriving/install/simulation_sync
[0.477s] Invoking command in '/home/gabriel/software/AutonomousDriving/build/simulation_sync': AMENT_PREFIX_PATH=/home/gabriel/software/AutonomousDriving/install/autoware_auto_msgs:${AMENT_PREFIX_PATH} CMAKE_PREFIX_PATH=/home/gabriel/software/AutonomousDriving/install/autoware_auto_msgs:/opt/ros/galactic LD_LIBRARY_PATH=/home/gabriel/software/AutonomousDriving/install/autoware_auto_msgs/lib:/usr/lib/x86_64-linux-gnu/gazebo-11/plugins:/opt/ros/galactic/opt/yaml_cpp_vendor/lib:/opt/ros/galactic/opt/rviz_ogre_vendor/lib:/opt/ros/galactic/lib/x86_64-linux-gnu:/opt/ros/galactic/lib:/home/gabriel/.mujoco/mujoco200/bin:/home/gabriel/.mujoco/mjpro131/bin:/home/gabriel/.mujoco/mjpro150/bin:/usr/lib/x86_64-linux-gnu/ PYTHONPATH=/home/gabriel/software/AutonomousDriving/install/autoware_auto_msgs/lib/python3.8/site-packages:${PYTHONPATH} /usr/bin/cmake --build /home/gabriel/software/AutonomousDriving/build/simulation_sync -- -j16 -l16
[0.510s] [35m[1mScanning dependencies of target ament_cmake_python_copy_simulation_sync[0m
[0.532s] Built target ament_cmake_python_copy_simulation_sync
[0.545s] [35m[1mScanning dependencies of target ament_cmake_python_build_simulation_sync_egg[0m
[0.694s] running egg_info
[0.694s] creating simulation_sync.egg-info
[0.694s] writing simulation_sync.egg-info/PKG-INFO
[0.694s] writing dependency_links to simulation_sync.egg-info/dependency_links.txt
[0.695s] writing top-level names to simulation_sync.egg-info/top_level.txt
[0.695s] writing manifest file 'simulation_sync.egg-info/SOURCES.txt'
[0.715s] reading manifest file 'simulation_sync.egg-info/SOURCES.txt'
[0.715s] writing manifest file 'simulation_sync.egg-info/SOURCES.txt'
[0.730s] Built target ament_cmake_python_build_simulation_sync_egg
[0.736s] Invoked command in '/home/gabriel/software/AutonomousDriving/build/simulation_sync' returned '0': AMENT_PREFIX_PATH=/home/gabriel/software/AutonomousDriving/install/autoware_auto_msgs:${AMENT_PREFIX_PATH} CMAKE_PREFIX_PATH=/home/gabriel/software/AutonomousDriving/install/autoware_auto_msgs:/opt/ros/galactic LD_LIBRARY_PATH=/home/gabriel/software/AutonomousDriving/install/autoware_auto_msgs/lib:/usr/lib/x86_64-linux-gnu/gazebo-11/plugins:/opt/ros/galactic/opt/yaml_cpp_vendor/lib:/opt/ros/galactic/opt/rviz_ogre_vendor/lib:/opt/ros/galactic/lib/x86_64-linux-gnu:/opt/ros/galactic/lib:/home/gabriel/.mujoco/mujoco200/bin:/home/gabriel/.mujoco/mjpro131/bin:/home/gabriel/.mujoco/mjpro150/bin:/usr/lib/x86_64-linux-gnu/ PYTHONPATH=/home/gabriel/software/AutonomousDriving/install/autoware_auto_msgs/lib/python3.8/site-packages:${PYTHONPATH} /usr/bin/cmake --build /home/gabriel/software/AutonomousDriving/build/simulation_sync -- -j16 -l16
[0.754s] Invoking command in '/home/gabriel/software/AutonomousDriving/build/simulation_sync': AMENT_PREFIX_PATH=/home/gabriel/software/AutonomousDriving/install/autoware_auto_msgs:${AMENT_PREFIX_PATH} CMAKE_PREFIX_PATH=/home/gabriel/software/AutonomousDriving/install/autoware_auto_msgs:/opt/ros/galactic LD_LIBRARY_PATH=/home/gabriel/software/AutonomousDriving/install/autoware_auto_msgs/lib:/usr/lib/x86_64-linux-gnu/gazebo-11/plugins:/opt/ros/galactic/opt/yaml_cpp_vendor/lib:/opt/ros/galactic/opt/rviz_ogre_vendor/lib:/opt/ros/galactic/lib/x86_64-linux-gnu:/opt/ros/galactic/lib:/home/gabriel/.mujoco/mujoco200/bin:/home/gabriel/.mujoco/mjpro131/bin:/home/gabriel/.mujoco/mjpro150/bin:/usr/lib/x86_64-linux-gnu/ PYTHONPATH=/home/gabriel/software/AutonomousDriving/install/autoware_auto_msgs/lib/python3.8/site-packages:${PYTHONPATH} /usr/bin/cmake --install /home/gabriel/software/AutonomousDriving/build/simulation_sync
[0.759s] -- Install configuration: ""
[0.759s] -- Installing: /home/gabriel/software/AutonomousDriving/install/simulation_sync/share/simulation_sync/environment/pythonpath.sh
[0.759s] -- Installing: /home/gabriel/software/AutonomousDriving/install/simulation_sync/share/simulation_sync/environment/pythonpath.dsv
[0.759s] -- Installing: /home/gabriel/software/AutonomousDriving/install/simulation_sync/lib/python3.8/site-packages//simulation_sync.egg-info
[0.759s] -- Installing: /home/gabriel/software/AutonomousDriving/install/simulation_sync/lib/python3.8/site-packages//simulation_sync.egg-info/dependency_links.txt
[0.759s] -- Installing: /home/gabriel/software/AutonomousDriving/install/simulation_sync/lib/python3.8/site-packages//simulation_sync.egg-info/top_level.txt
[0.759s] -- Installing: /home/gabriel/software/AutonomousDriving/install/simulation_sync/lib/python3.8/site-packages//simulation_sync.egg-info/PKG-INFO
[0.759s] -- Installing: /home/gabriel/software/AutonomousDriving/install/simulation_sync/lib/python3.8/site-packages//simulation_sync.egg-info/SOURCES.txt
[0.759s] -- Installing: /home/gabriel/software/AutonomousDriving/install/simulation_sync/lib/python3.8/site-packages/simulation_sync
[0.759s] -- Installing: /home/gabriel/software/AutonomousDriving/install/simulation_sync/lib/python3.8/site-packages/simulation_sync/simulation_sync_node (copy).py
[0.759s] -- Installing: /home/gabriel/software/AutonomousDriving/install/simulation_sync/lib/python3.8/site-packages/simulation_sync/simulation_sync_node.py
[0.759s] -- Installing: /home/gabriel/software/AutonomousDriving/install/simulation_sync/lib/python3.8/site-packages/simulation_sync/simulation_sync_main.py
[0.759s] -- Installing: /home/gabriel/software/AutonomousDriving/install/simulation_sync/lib/python3.8/site-packages/simulation_sync/__init__.py
[0.783s] Listing '/home/gabriel/software/AutonomousDriving/install/simulation_sync/lib/python3.8/site-packages/simulation_sync'...
[0.783s] Compiling '/home/gabriel/software/AutonomousDriving/install/simulation_sync/lib/python3.8/site-packages/simulation_sync/__init__.py'...
[0.783s] Compiling '/home/gabriel/software/AutonomousDriving/install/simulation_sync/lib/python3.8/site-packages/simulation_sync/simulation_sync_main.py'...
[0.783s] Compiling '/home/gabriel/software/AutonomousDriving/install/simulation_sync/lib/python3.8/site-packages/simulation_sync/simulation_sync_node (copy).py'...
[0.783s] Compiling '/home/gabriel/software/AutonomousDriving/install/simulation_sync/lib/python3.8/site-packages/simulation_sync/simulation_sync_node.py'...
[0.785s] -- Installing: /home/gabriel/software/AutonomousDriving/install/simulation_sync/lib/simulation_sync/simulation_sync_main.py
[0.785s] -- Installing: /home/gabriel/software/AutonomousDriving/install/simulation_sync/share/simulation_sync/launch
[0.785s] -- Installing: /home/gabriel/software/AutonomousDriving/install/simulation_sync/share/simulation_sync/launch/simulation_sync.launch.py
[0.785s] -- Installing: /home/gabriel/software/AutonomousDriving/install/simulation_sync/share/simulation_sync/param
[0.786s] -- Installing: /home/gabriel/software/AutonomousDriving/install/simulation_sync/share/simulation_sync/param/vehicle4.param.yaml
[0.786s] -- Installing: /home/gabriel/software/AutonomousDriving/install/simulation_sync/share/simulation_sync/param/defaults.param.yaml
[0.786s] -- Installing: /home/gabriel/software/AutonomousDriving/install/simulation_sync/share/simulation_sync/param/vehicle10.param.yaml
[0.786s] -- Installing: /home/gabriel/software/AutonomousDriving/install/simulation_sync/share/simulation_sync/param/il15_sim.param.yaml
[0.786s] -- Installing: /home/gabriel/software/AutonomousDriving/install/simulation_sync/share/simulation_sync/param/vehicle2.param.yaml
[0.786s] -- Installing: /home/gabriel/software/AutonomousDriving/install/simulation_sync/share/simulation_sync/param/vehicle7.param.yaml
[0.786s] -- Installing: /home/gabriel/software/AutonomousDriving/install/simulation_sync/share/simulation_sync/param/vehicle5.param.yaml
[0.786s] -- Installing: /home/gabriel/software/AutonomousDriving/install/simulation_sync/share/simulation_sync/param/vehicle8.param.yaml
[0.786s] -- Installing: /home/gabriel/software/AutonomousDriving/install/simulation_sync/share/simulation_sync/param/vehicle3.param.yaml
[0.786s] -- Installing: /home/gabriel/software/AutonomousDriving/install/simulation_sync/share/simulation_sync/param/vehicle6.param.yaml
[0.786s] -- Installing: /home/gabriel/software/AutonomousDriving/install/simulation_sync/share/simulation_sync/param/vehicle9.param.yaml
[0.786s] -- Installing: /home/gabriel/software/AutonomousDriving/install/simulation_sync/share/simulation_sync/param/ego_vehicle.param.yaml
[0.786s] -- Installing: /home/gabriel/software/AutonomousDriving/install/simulation_sync/share/simulation_sync/param/vehicle1.param.yaml
[0.786s] -- Installing: /home/gabriel/software/AutonomousDriving/install/simulation_sync/share/ament_index/resource_index/package_run_dependencies/simulation_sync
[0.786s] -- Installing: /home/gabriel/software/AutonomousDriving/install/simulation_sync/share/ament_index/resource_index/parent_prefix_path/simulation_sync
[0.786s] -- Installing: /home/gabriel/software/AutonomousDriving/install/simulation_sync/share/simulation_sync/environment/ament_prefix_path.sh
[0.786s] -- Installing: /home/gabriel/software/AutonomousDriving/install/simulation_sync/share/simulation_sync/environment/ament_prefix_path.dsv
[0.786s] -- Installing: /home/gabriel/software/AutonomousDriving/install/simulation_sync/share/simulation_sync/environment/path.sh
[0.786s] -- Installing: /home/gabriel/software/AutonomousDriving/install/simulation_sync/share/simulation_sync/environment/path.dsv
[0.786s] -- Installing: /home/gabriel/software/AutonomousDriving/install/simulation_sync/share/simulation_sync/local_setup.bash
[0.786s] -- Installing: /home/gabriel/software/AutonomousDriving/install/simulation_sync/share/simulation_sync/local_setup.sh
[0.786s] -- Installing: /home/gabriel/software/AutonomousDriving/install/simulation_sync/share/simulation_sync/local_setup.zsh
[0.787s] -- Installing: /home/gabriel/software/AutonomousDriving/install/simulation_sync/share/simulation_sync/local_setup.dsv
[0.787s] -- Installing: /home/gabriel/software/AutonomousDriving/install/simulation_sync/share/simulation_sync/package.dsv
[0.787s] -- Installing: /home/gabriel/software/AutonomousDriving/install/simulation_sync/share/ament_index/resource_index/packages/simulation_sync
[0.787s] -- Installing: /home/gabriel/software/AutonomousDriving/install/simulation_sync/share/simulation_sync/cmake/simulation_syncConfig.cmake
[0.787s] -- Installing: /home/gabriel/software/AutonomousDriving/install/simulation_sync/share/simulation_sync/cmake/simulation_syncConfig-version.cmake
[0.787s] -- Installing: /home/gabriel/software/AutonomousDriving/install/simulation_sync/share/simulation_sync/package.xml
[0.792s] Invoked command in '/home/gabriel/software/AutonomousDriving/build/simulation_sync' returned '0': AMENT_PREFIX_PATH=/home/gabriel/software/AutonomousDriving/install/autoware_auto_msgs:${AMENT_PREFIX_PATH} CMAKE_PREFIX_PATH=/home/gabriel/software/AutonomousDriving/install/autoware_auto_msgs:/opt/ros/galactic LD_LIBRARY_PATH=/home/gabriel/software/AutonomousDriving/install/autoware_auto_msgs/lib:/usr/lib/x86_64-linux-gnu/gazebo-11/plugins:/opt/ros/galactic/opt/yaml_cpp_vendor/lib:/opt/ros/galactic/opt/rviz_ogre_vendor/lib:/opt/ros/galactic/lib/x86_64-linux-gnu:/opt/ros/galactic/lib:/home/gabriel/.mujoco/mujoco200/bin:/home/gabriel/.mujoco/mjpro131/bin:/home/gabriel/.mujoco/mjpro150/bin:/usr/lib/x86_64-linux-gnu/ PYTHONPATH=/home/gabriel/software/AutonomousDriving/install/autoware_auto_msgs/lib/python3.8/site-packages:${PYTHONPATH} /usr/bin/cmake --install /home/gabriel/software/AutonomousDriving/build/simulation_sync
