[0.033s] Invoking command in '/home/gabriel/software/AutonomousDriving/build/autoware_auto_msgs': CMAKE_PREFIX_PATH=/opt/ros/galactic /usr/bin/cmake --build /home/gabriel/software/AutonomousDriving/build/autoware_auto_msgs -- -j16 -l16
[0.075s] [  0%] Built target autoware_auto_msgs__cpp
[0.078s] [ 12%] Built target autoware_auto_msgs__rosidl_generator_c
[0.096s] [ 24%] Built target autoware_auto_msgs__rosidl_typesupport_cpp
[0.096s] [ 37%] Built target autoware_auto_msgs__rosidl_typesupport_introspection_cpp
[0.099s] [ 49%] Built target autoware_auto_msgs__rosidl_typesupport_c
[0.101s] [ 61%] Built target autoware_auto_msgs__rosidl_typesupport_introspection_c
[0.105s] [ 73%] Built target autoware_auto_msgs__rosidl_typesupport_fastrtps_cpp
[0.132s] [ 85%] Built target autoware_auto_msgs__rosidl_typesupport_fastrtps_c
[0.146s] [ 85%] Built target autoware_auto_msgs
[0.158s] [ 85%] Built target autoware_auto_msgs__py
[0.185s] [ 97%] Built target autoware_auto_msgs__python
[0.205s] [100%] Built target autoware_auto_msgs__rosidl_typesupport_c__pyext
[0.205s] [100%] Built target autoware_auto_msgs__rosidl_typesupport_fastrtps_c__pyext
[0.205s] [100%] Built target autoware_auto_msgs__rosidl_typesupport_introspection_c__pyext
[0.214s] Invoked command in '/home/gabriel/software/AutonomousDriving/build/autoware_auto_msgs' returned '0': CMAKE_PREFIX_PATH=/opt/ros/galactic /usr/bin/cmake --build /home/gabriel/software/AutonomousDriving/build/autoware_auto_msgs -- -j16 -l16
[0.473s] Invoking command in '/home/gabriel/software/AutonomousDriving/build/autoware_auto_msgs': CMAKE_PREFIX_PATH=/opt/ros/galactic /usr/bin/cmake --install /home/gabriel/software/AutonomousDriving/build/autoware_auto_msgs
[0.479s] -- Install configuration: ""
[0.479s] -- Up-to-date: /home/gabriel/software/AutonomousDriving/install/autoware_auto_msgs/share/ament_index/resource_index/rosidl_interfaces/autoware_auto_msgs
[0.479s] -- Up-to-date: /home/gabriel/software/AutonomousDriving/install/autoware_auto_msgs/include/autoware_auto_msgs
[0.479s] -- Up-to-date: /home/gabriel/software/AutonomousDriving/install/autoware_auto_msgs/include/autoware_auto_msgs/srv
[0.479s] -- Up-to-date: /home/gabriel/software/AutonomousDriving/install/autoware_auto_msgs/include/autoware_auto_msgs/srv/autonomy_mode_change.h
[0.479s] -- Up-to-date: /home/gabriel/software/AutonomousDriving/install/autoware_auto_msgs/include/autoware_auto_msgs/srv/detail
[0.479s] -- Up-to-date: /home/gabriel/software/AutonomousDriving/install/autoware_auto_msgs/include/autoware_auto_msgs/srv/detail/modify_trajectory__type_support.h
[0.479s] -- Up-to-date: /home/gabriel/software/AutonomousDriving/install/autoware_auto_msgs/include/autoware_auto_msgs/srv/detail/had_map_service__functions.c
[0.479s] -- Up-to-date: /home/gabriel/software/AutonomousDriving/install/autoware_auto_msgs/include/autoware_auto_msgs/srv/detail/modify_trajectory__functions.h
[0.480s] -- Up-to-date: /home/gabriel/software/AutonomousDriving/install/autoware_auto_msgs/include/autoware_auto_msgs/srv/detail/had_map_service__type_support.h
[0.480s] -- Up-to-date: /home/gabriel/software/AutonomousDriving/install/autoware_auto_msgs/include/autoware_auto_msgs/srv/detail/had_map_service__functions.h
[0.480s] -- Up-to-date: /home/gabriel/software/AutonomousDriving/install/autoware_auto_msgs/include/autoware_auto_msgs/srv/detail/autonomy_mode_change__struct.h
[0.480s] -- Up-to-date: /home/gabriel/software/AutonomousDriving/install/autoware_auto_msgs/include/autoware_auto_msgs/srv/detail/autonomy_mode_change__type_support.h
[0.480s] -- Up-to-date: /home/gabriel/software/AutonomousDriving/install/autoware_auto_msgs/include/autoware_auto_msgs/srv/detail/had_map_service__struct.h
[0.480s] -- Up-to-date: /home/gabriel/software/AutonomousDriving/install/autoware_auto_msgs/include/autoware_auto_msgs/srv/detail/autonomy_mode_change__functions.h
[0.480s] -- Up-to-date: /home/gabriel/software/AutonomousDriving/install/autoware_auto_msgs/include/autoware_auto_msgs/srv/detail/modify_trajectory__functions.c
[0.480s] -- Up-to-date: /home/gabriel/software/AutonomousDriving/install/autoware_auto_msgs/include/autoware_auto_msgs/srv/detail/modify_trajectory__struct.h
[0.480s] -- Up-to-date: /home/gabriel/software/AutonomousDriving/install/autoware_auto_msgs/include/autoware_auto_msgs/srv/detail/autonomy_mode_change__functions.c
[0.480s] -- Up-to-date: /home/gabriel/software/AutonomousDriving/install/autoware_auto_msgs/include/autoware_auto_msgs/srv/had_map_service.h
[0.480s] -- Up-to-date: /home/gabriel/software/AutonomousDriving/install/autoware_auto_msgs/include/autoware_auto_msgs/srv/modify_trajectory.h
[0.480s] -- Up-to-date: /home/gabriel/software/AutonomousDriving/install/autoware_auto_msgs/include/autoware_auto_msgs/msg
[0.480s] -- Up-to-date: /home/gabriel/software/AutonomousDriving/install/autoware_auto_msgs/include/autoware_auto_msgs/msg/vehicle_control_command.h
[0.480s] -- Up-to-date: /home/gabriel/software/AutonomousDriving/install/autoware_auto_msgs/include/autoware_auto_msgs/msg/trajectory_point.h
[0.480s] -- Up-to-date: /home/gabriel/software/AutonomousDriving/install/autoware_auto_msgs/include/autoware_auto_msgs/msg/trajectory.h
[0.480s] -- Up-to-date: /home/gabriel/software/AutonomousDriving/install/autoware_auto_msgs/include/autoware_auto_msgs/msg/point_clusters.h
[0.480s] -- Up-to-date: /home/gabriel/software/AutonomousDriving/install/autoware_auto_msgs/include/autoware_auto_msgs/msg/control_diagnostic.h
[0.480s] -- Up-to-date: /home/gabriel/software/AutonomousDriving/install/autoware_auto_msgs/include/autoware_auto_msgs/msg/detail
[0.480s] -- Up-to-date: /home/gabriel/software/AutonomousDriving/install/autoware_auto_msgs/include/autoware_auto_msgs/msg/detail/complex32__type_support.h
[0.480s] -- Up-to-date: /home/gabriel/software/AutonomousDriving/install/autoware_auto_msgs/include/autoware_auto_msgs/msg/detail/vehicle_control_command__functions.h
[0.480s] -- Up-to-date: /home/gabriel/software/AutonomousDriving/install/autoware_auto_msgs/include/autoware_auto_msgs/msg/detail/diagnostic_header__type_support.h
[0.481s] -- Up-to-date: /home/gabriel/software/AutonomousDriving/install/autoware_auto_msgs/include/autoware_auto_msgs/msg/detail/vehicle_control_command__struct.h
[0.481s] -- Up-to-date: /home/gabriel/software/AutonomousDriving/install/autoware_auto_msgs/include/autoware_auto_msgs/msg/detail/had_map_bin__struct.h
[0.481s] -- Up-to-date: /home/gabriel/software/AutonomousDriving/install/autoware_auto_msgs/include/autoware_auto_msgs/msg/detail/control_diagnostic__functions.c
[0.481s] -- Up-to-date: /home/gabriel/software/AutonomousDriving/install/autoware_auto_msgs/include/autoware_auto_msgs/msg/detail/vehicle_kinematic_state__functions.h
[0.481s] -- Up-to-date: /home/gabriel/software/AutonomousDriving/install/autoware_auto_msgs/include/autoware_auto_msgs/msg/detail/high_level_control_command__functions.h
[0.481s] -- Up-to-date: /home/gabriel/software/AutonomousDriving/install/autoware_auto_msgs/include/autoware_auto_msgs/msg/detail/trajectory__functions.h
[0.481s] -- Up-to-date: /home/gabriel/software/AutonomousDriving/install/autoware_auto_msgs/include/autoware_auto_msgs/msg/detail/vehicle_state_command__type_support.h
[0.481s] -- Up-to-date: /home/gabriel/software/AutonomousDriving/install/autoware_auto_msgs/include/autoware_auto_msgs/msg/detail/diagnostic_header__functions.h
[0.481s] -- Up-to-date: /home/gabriel/software/AutonomousDriving/install/autoware_auto_msgs/include/autoware_auto_msgs/msg/detail/control_diagnostic__struct.h
[0.481s] -- Up-to-date: /home/gabriel/software/AutonomousDriving/install/autoware_auto_msgs/include/autoware_auto_msgs/msg/detail/vehicle_odometry__functions.c
[0.481s] -- Up-to-date: /home/gabriel/software/AutonomousDriving/install/autoware_auto_msgs/include/autoware_auto_msgs/msg/detail/vehicle_state_report__type_support.h
[0.481s] -- Up-to-date: /home/gabriel/software/AutonomousDriving/install/autoware_auto_msgs/include/autoware_auto_msgs/msg/detail/complex32__functions.c
[0.481s] -- Up-to-date: /home/gabriel/software/AutonomousDriving/install/autoware_auto_msgs/include/autoware_auto_msgs/msg/detail/vehicle_state_report__functions.c
[0.481s] -- Up-to-date: /home/gabriel/software/AutonomousDriving/install/autoware_auto_msgs/include/autoware_auto_msgs/msg/detail/high_level_control_command__type_support.h
[0.481s] -- Up-to-date: /home/gabriel/software/AutonomousDriving/install/autoware_auto_msgs/include/autoware_auto_msgs/msg/detail/quaternion32__type_support.h
[0.481s] -- Up-to-date: /home/gabriel/software/AutonomousDriving/install/autoware_auto_msgs/include/autoware_auto_msgs/msg/detail/bounding_box_array__type_support.h
[0.481s] -- Up-to-date: /home/gabriel/software/AutonomousDriving/install/autoware_auto_msgs/include/autoware_auto_msgs/msg/detail/bounding_box__struct.h
[0.481s] -- Up-to-date: /home/gabriel/software/AutonomousDriving/install/autoware_auto_msgs/include/autoware_auto_msgs/msg/detail/map_primitive__struct.h
[0.481s] -- Up-to-date: /home/gabriel/software/AutonomousDriving/install/autoware_auto_msgs/include/autoware_auto_msgs/msg/detail/complex32__functions.h
[0.481s] -- Up-to-date: /home/gabriel/software/AutonomousDriving/install/autoware_auto_msgs/include/autoware_auto_msgs/msg/detail/route__struct.h
[0.481s] -- Up-to-date: /home/gabriel/software/AutonomousDriving/install/autoware_auto_msgs/include/autoware_auto_msgs/msg/detail/point_clusters__struct.h
[0.481s] -- Up-to-date: /home/gabriel/software/AutonomousDriving/install/autoware_auto_msgs/include/autoware_auto_msgs/msg/detail/vehicle_state_report__functions.h
[0.481s] -- Up-to-date: /home/gabriel/software/AutonomousDriving/install/autoware_auto_msgs/include/autoware_auto_msgs/msg/detail/raw_control_command__struct.h
[0.481s] -- Up-to-date: /home/gabriel/software/AutonomousDriving/install/autoware_auto_msgs/include/autoware_auto_msgs/msg/detail/vehicle_odometry__functions.h
[0.482s] -- Up-to-date: /home/gabriel/software/AutonomousDriving/install/autoware_auto_msgs/include/autoware_auto_msgs/msg/detail/map_primitive__functions.c
[0.482s] -- Up-to-date: /home/gabriel/software/AutonomousDriving/install/autoware_auto_msgs/include/autoware_auto_msgs/msg/detail/route__type_support.h
[0.482s] -- Up-to-date: /home/gabriel/software/AutonomousDriving/install/autoware_auto_msgs/include/autoware_auto_msgs/msg/detail/quaternion32__functions.h
[0.482s] -- Up-to-date: /home/gabriel/software/AutonomousDriving/install/autoware_auto_msgs/include/autoware_auto_msgs/msg/detail/raw_control_command__functions.h
[0.482s] -- Up-to-date: /home/gabriel/software/AutonomousDriving/install/autoware_auto_msgs/include/autoware_auto_msgs/msg/detail/vehicle_kinematic_state__type_support.h
[0.482s] -- Up-to-date: /home/gabriel/software/AutonomousDriving/install/autoware_auto_msgs/include/autoware_auto_msgs/msg/detail/quaternion32__struct.h
[0.482s] -- Up-to-date: /home/gabriel/software/AutonomousDriving/install/autoware_auto_msgs/include/autoware_auto_msgs/msg/detail/trajectory__struct.h
[0.482s] -- Up-to-date: /home/gabriel/software/AutonomousDriving/install/autoware_auto_msgs/include/autoware_auto_msgs/msg/detail/trajectory__type_support.h
[0.482s] -- Up-to-date: /home/gabriel/software/AutonomousDriving/install/autoware_auto_msgs/include/autoware_auto_msgs/msg/detail/route__functions.h
[0.482s] -- Up-to-date: /home/gabriel/software/AutonomousDriving/install/autoware_auto_msgs/include/autoware_auto_msgs/msg/detail/had_map_bin__functions.c
[0.482s] -- Up-to-date: /home/gabriel/software/AutonomousDriving/install/autoware_auto_msgs/include/autoware_auto_msgs/msg/detail/bounding_box__type_support.h
[0.482s] -- Up-to-date: /home/gabriel/software/AutonomousDriving/install/autoware_auto_msgs/include/autoware_auto_msgs/msg/detail/vehicle_state_command__struct.h
[0.482s] -- Up-to-date: /home/gabriel/software/AutonomousDriving/install/autoware_auto_msgs/include/autoware_auto_msgs/msg/detail/trajectory_point__struct.h
[0.482s] -- Up-to-date: /home/gabriel/software/AutonomousDriving/install/autoware_auto_msgs/include/autoware_auto_msgs/msg/detail/trajectory_point__functions.h
[0.482s] -- Up-to-date: /home/gabriel/software/AutonomousDriving/install/autoware_auto_msgs/include/autoware_auto_msgs/msg/detail/vehicle_odometry__struct.h
[0.482s] -- Up-to-date: /home/gabriel/software/AutonomousDriving/install/autoware_auto_msgs/include/autoware_auto_msgs/msg/detail/control_diagnostic__type_support.h
[0.482s] -- Up-to-date: /home/gabriel/software/AutonomousDriving/install/autoware_auto_msgs/include/autoware_auto_msgs/msg/detail/vehicle_state_command__functions.h
[0.482s] -- Up-to-date: /home/gabriel/software/AutonomousDriving/install/autoware_auto_msgs/include/autoware_auto_msgs/msg/detail/diagnostic_header__functions.c
[0.482s] -- Up-to-date: /home/gabriel/software/AutonomousDriving/install/autoware_auto_msgs/include/autoware_auto_msgs/msg/detail/vehicle_odometry__type_support.h
[0.482s] -- Up-to-date: /home/gabriel/software/AutonomousDriving/install/autoware_auto_msgs/include/autoware_auto_msgs/msg/detail/diagnostic_header__struct.h
[0.482s] -- Up-to-date: /home/gabriel/software/AutonomousDriving/install/autoware_auto_msgs/include/autoware_auto_msgs/msg/detail/trajectory_point__functions.c
[0.482s] -- Up-to-date: /home/gabriel/software/AutonomousDriving/install/autoware_auto_msgs/include/autoware_auto_msgs/msg/detail/map_primitive__functions.h
[0.482s] -- Up-to-date: /home/gabriel/software/AutonomousDriving/install/autoware_auto_msgs/include/autoware_auto_msgs/msg/detail/raw_control_command__type_support.h
[0.482s] -- Up-to-date: /home/gabriel/software/AutonomousDriving/install/autoware_auto_msgs/include/autoware_auto_msgs/msg/detail/bounding_box_array__struct.h
[0.483s] -- Up-to-date: /home/gabriel/software/AutonomousDriving/install/autoware_auto_msgs/include/autoware_auto_msgs/msg/detail/vehicle_state_report__struct.h
[0.483s] -- Up-to-date: /home/gabriel/software/AutonomousDriving/install/autoware_auto_msgs/include/autoware_auto_msgs/msg/detail/high_level_control_command__struct.h
[0.483s] -- Up-to-date: /home/gabriel/software/AutonomousDriving/install/autoware_auto_msgs/include/autoware_auto_msgs/msg/detail/route__functions.c
[0.483s] -- Up-to-date: /home/gabriel/software/AutonomousDriving/install/autoware_auto_msgs/include/autoware_auto_msgs/msg/detail/point_clusters__functions.c
[0.483s] -- Up-to-date: /home/gabriel/software/AutonomousDriving/install/autoware_auto_msgs/include/autoware_auto_msgs/msg/detail/raw_control_command__functions.c
[0.483s] -- Up-to-date: /home/gabriel/software/AutonomousDriving/install/autoware_auto_msgs/include/autoware_auto_msgs/msg/detail/map_primitive__type_support.h
[0.483s] -- Up-to-date: /home/gabriel/software/AutonomousDriving/install/autoware_auto_msgs/include/autoware_auto_msgs/msg/detail/vehicle_control_command__type_support.h
[0.483s] -- Up-to-date: /home/gabriel/software/AutonomousDriving/install/autoware_auto_msgs/include/autoware_auto_msgs/msg/detail/had_map_bin__type_support.h
[0.483s] -- Up-to-date: /home/gabriel/software/AutonomousDriving/install/autoware_auto_msgs/include/autoware_auto_msgs/msg/detail/control_diagnostic__functions.h
[0.483s] -- Up-to-date: /home/gabriel/software/AutonomousDriving/install/autoware_auto_msgs/include/autoware_auto_msgs/msg/detail/complex32__struct.h
[0.483s] -- Up-to-date: /home/gabriel/software/AutonomousDriving/install/autoware_auto_msgs/include/autoware_auto_msgs/msg/detail/vehicle_state_command__functions.c
[0.483s] -- Up-to-date: /home/gabriel/software/AutonomousDriving/install/autoware_auto_msgs/include/autoware_auto_msgs/msg/detail/vehicle_kinematic_state__struct.h
[0.483s] -- Up-to-date: /home/gabriel/software/AutonomousDriving/install/autoware_auto_msgs/include/autoware_auto_msgs/msg/detail/trajectory__functions.c
[0.483s] -- Up-to-date: /home/gabriel/software/AutonomousDriving/install/autoware_auto_msgs/include/autoware_auto_msgs/msg/detail/vehicle_kinematic_state__functions.c
[0.483s] -- Up-to-date: /home/gabriel/software/AutonomousDriving/install/autoware_auto_msgs/include/autoware_auto_msgs/msg/detail/point_clusters__functions.h
[0.483s] -- Up-to-date: /home/gabriel/software/AutonomousDriving/install/autoware_auto_msgs/include/autoware_auto_msgs/msg/detail/high_level_control_command__functions.c
[0.483s] -- Up-to-date: /home/gabriel/software/AutonomousDriving/install/autoware_auto_msgs/include/autoware_auto_msgs/msg/detail/had_map_bin__functions.h
[0.483s] -- Up-to-date: /home/gabriel/software/AutonomousDriving/install/autoware_auto_msgs/include/autoware_auto_msgs/msg/detail/bounding_box_array__functions.c
[0.483s] -- Up-to-date: /home/gabriel/software/AutonomousDriving/install/autoware_auto_msgs/include/autoware_auto_msgs/msg/detail/quaternion32__functions.c
[0.483s] -- Up-to-date: /home/gabriel/software/AutonomousDriving/install/autoware_auto_msgs/include/autoware_auto_msgs/msg/detail/bounding_box_array__functions.h
[0.483s] -- Up-to-date: /home/gabriel/software/AutonomousDriving/install/autoware_auto_msgs/include/autoware_auto_msgs/msg/detail/bounding_box__functions.h
[0.483s] -- Up-to-date: /home/gabriel/software/AutonomousDriving/install/autoware_auto_msgs/include/autoware_auto_msgs/msg/detail/trajectory_point__type_support.h
[0.484s] -- Up-to-date: /home/gabriel/software/AutonomousDriving/install/autoware_auto_msgs/include/autoware_auto_msgs/msg/detail/point_clusters__type_support.h
[0.484s] -- Up-to-date: /home/gabriel/software/AutonomousDriving/install/autoware_auto_msgs/include/autoware_auto_msgs/msg/detail/vehicle_control_command__functions.c
[0.484s] -- Up-to-date: /home/gabriel/software/AutonomousDriving/install/autoware_auto_msgs/include/autoware_auto_msgs/msg/detail/bounding_box__functions.c
[0.484s] -- Up-to-date: /home/gabriel/software/AutonomousDriving/install/autoware_auto_msgs/include/autoware_auto_msgs/msg/vehicle_kinematic_state.h
[0.484s] -- Up-to-date: /home/gabriel/software/AutonomousDriving/install/autoware_auto_msgs/include/autoware_auto_msgs/msg/vehicle_state_report.h
[0.484s] -- Up-to-date: /home/gabriel/software/AutonomousDriving/install/autoware_auto_msgs/include/autoware_auto_msgs/msg/raw_control_command.h
[0.484s] -- Up-to-date: /home/gabriel/software/AutonomousDriving/install/autoware_auto_msgs/include/autoware_auto_msgs/msg/vehicle_odometry.h
[0.484s] -- Up-to-date: /home/gabriel/software/AutonomousDriving/install/autoware_auto_msgs/include/autoware_auto_msgs/msg/quaternion32.h
[0.484s] -- Up-to-date: /home/gabriel/software/AutonomousDriving/install/autoware_auto_msgs/include/autoware_auto_msgs/msg/bounding_box.h
[0.484s] -- Up-to-date: /home/gabriel/software/AutonomousDriving/install/autoware_auto_msgs/include/autoware_auto_msgs/msg/diagnostic_header.h
[0.484s] -- Up-to-date: /home/gabriel/software/AutonomousDriving/install/autoware_auto_msgs/include/autoware_auto_msgs/msg/bounding_box_array.h
[0.484s] -- Up-to-date: /home/gabriel/software/AutonomousDriving/install/autoware_auto_msgs/include/autoware_auto_msgs/msg/rosidl_generator_c__visibility_control.h
[0.484s] -- Up-to-date: /home/gabriel/software/AutonomousDriving/install/autoware_auto_msgs/include/autoware_auto_msgs/msg/map_primitive.h
[0.484s] -- Up-to-date: /home/gabriel/software/AutonomousDriving/install/autoware_auto_msgs/include/autoware_auto_msgs/msg/vehicle_state_command.h
[0.484s] -- Up-to-date: /home/gabriel/software/AutonomousDriving/install/autoware_auto_msgs/include/autoware_auto_msgs/msg/route.h
[0.484s] -- Up-to-date: /home/gabriel/software/AutonomousDriving/install/autoware_auto_msgs/include/autoware_auto_msgs/msg/had_map_bin.h
[0.484s] -- Up-to-date: /home/gabriel/software/AutonomousDriving/install/autoware_auto_msgs/include/autoware_auto_msgs/msg/complex32.h
[0.484s] -- Up-to-date: /home/gabriel/software/AutonomousDriving/install/autoware_auto_msgs/include/autoware_auto_msgs/msg/high_level_control_command.h
[0.484s] -- Up-to-date: /home/gabriel/software/AutonomousDriving/install/autoware_auto_msgs/include/autoware_auto_msgs/action
[0.484s] -- Up-to-date: /home/gabriel/software/AutonomousDriving/install/autoware_auto_msgs/include/autoware_auto_msgs/action/plan_trajectory.h
[0.484s] -- Up-to-date: /home/gabriel/software/AutonomousDriving/install/autoware_auto_msgs/include/autoware_auto_msgs/action/detail
[0.484s] -- Up-to-date: /home/gabriel/software/AutonomousDriving/install/autoware_auto_msgs/include/autoware_auto_msgs/action/detail/plan_trajectory__functions.c
[0.484s] -- Up-to-date: /home/gabriel/software/AutonomousDriving/install/autoware_auto_msgs/include/autoware_auto_msgs/action/detail/plan_trajectory__struct.h
[0.485s] -- Up-to-date: /home/gabriel/software/AutonomousDriving/install/autoware_auto_msgs/include/autoware_auto_msgs/action/detail/plan_trajectory__functions.h
[0.485s] -- Up-to-date: /home/gabriel/software/AutonomousDriving/install/autoware_auto_msgs/include/autoware_auto_msgs/action/detail/plan_trajectory__type_support.h
[0.485s] -- Up-to-date: /home/gabriel/software/AutonomousDriving/install/autoware_auto_msgs/share/autoware_auto_msgs/environment/library_path.sh
[0.485s] -- Up-to-date: /home/gabriel/software/AutonomousDriving/install/autoware_auto_msgs/share/autoware_auto_msgs/environment/library_path.dsv
[0.485s] -- Up-to-date: /home/gabriel/software/AutonomousDriving/install/autoware_auto_msgs/lib/libautoware_auto_msgs__rosidl_generator_c.so
[0.485s] -- Up-to-date: /home/gabriel/software/AutonomousDriving/install/autoware_auto_msgs/include/autoware_auto_msgs
[0.485s] -- Up-to-date: /home/gabriel/software/AutonomousDriving/install/autoware_auto_msgs/include/autoware_auto_msgs/srv
[0.485s] -- Up-to-date: /home/gabriel/software/AutonomousDriving/install/autoware_auto_msgs/include/autoware_auto_msgs/srv/detail
[0.485s] -- Up-to-date: /home/gabriel/software/AutonomousDriving/install/autoware_auto_msgs/include/autoware_auto_msgs/srv/detail/had_map_service__rosidl_typesupport_fastrtps_c.h
[0.485s] -- Up-to-date: /home/gabriel/software/AutonomousDriving/install/autoware_auto_msgs/include/autoware_auto_msgs/srv/detail/autonomy_mode_change__rosidl_typesupport_fastrtps_c.h
[0.485s] -- Up-to-date: /home/gabriel/software/AutonomousDriving/install/autoware_auto_msgs/include/autoware_auto_msgs/srv/detail/modify_trajectory__rosidl_typesupport_fastrtps_c.h
[0.485s] -- Up-to-date: /home/gabriel/software/AutonomousDriving/install/autoware_auto_msgs/include/autoware_auto_msgs/msg
[0.485s] -- Up-to-date: /home/gabriel/software/AutonomousDriving/install/autoware_auto_msgs/include/autoware_auto_msgs/msg/rosidl_typesupport_fastrtps_c__visibility_control.h
[0.485s] -- Up-to-date: /home/gabriel/software/AutonomousDriving/install/autoware_auto_msgs/include/autoware_auto_msgs/msg/detail
[0.485s] -- Up-to-date: /home/gabriel/software/AutonomousDriving/install/autoware_auto_msgs/include/autoware_auto_msgs/msg/detail/quaternion32__rosidl_typesupport_fastrtps_c.h
[0.485s] -- Up-to-date: /home/gabriel/software/AutonomousDriving/install/autoware_auto_msgs/include/autoware_auto_msgs/msg/detail/diagnostic_header__rosidl_typesupport_fastrtps_c.h
[0.485s] -- Up-to-date: /home/gabriel/software/AutonomousDriving/install/autoware_auto_msgs/include/autoware_auto_msgs/msg/detail/point_clusters__rosidl_typesupport_fastrtps_c.h
[0.485s] -- Up-to-date: /home/gabriel/software/AutonomousDriving/install/autoware_auto_msgs/include/autoware_auto_msgs/msg/detail/bounding_box__rosidl_typesupport_fastrtps_c.h
[0.485s] -- Up-to-date: /home/gabriel/software/AutonomousDriving/install/autoware_auto_msgs/include/autoware_auto_msgs/msg/detail/map_primitive__rosidl_typesupport_fastrtps_c.h
[0.485s] -- Up-to-date: /home/gabriel/software/AutonomousDriving/install/autoware_auto_msgs/include/autoware_auto_msgs/msg/detail/control_diagnostic__rosidl_typesupport_fastrtps_c.h
[0.485s] -- Up-to-date: /home/gabriel/software/AutonomousDriving/install/autoware_auto_msgs/include/autoware_auto_msgs/msg/detail/bounding_box_array__rosidl_typesupport_fastrtps_c.h
[0.485s] -- Up-to-date: /home/gabriel/software/AutonomousDriving/install/autoware_auto_msgs/include/autoware_auto_msgs/msg/detail/vehicle_kinematic_state__rosidl_typesupport_fastrtps_c.h
[0.485s] -- Up-to-date: /home/gabriel/software/AutonomousDriving/install/autoware_auto_msgs/include/autoware_auto_msgs/msg/detail/vehicle_control_command__rosidl_typesupport_fastrtps_c.h
[0.485s] -- Up-to-date: /home/gabriel/software/AutonomousDriving/install/autoware_auto_msgs/include/autoware_auto_msgs/msg/detail/trajectory__rosidl_typesupport_fastrtps_c.h
[0.485s] -- Up-to-date: /home/gabriel/software/AutonomousDriving/install/autoware_auto_msgs/include/autoware_auto_msgs/msg/detail/high_level_control_command__rosidl_typesupport_fastrtps_c.h
[0.485s] -- Up-to-date: /home/gabriel/software/AutonomousDriving/install/autoware_auto_msgs/include/autoware_auto_msgs/msg/detail/route__rosidl_typesupport_fastrtps_c.h
[0.486s] -- Up-to-date: /home/gabriel/software/AutonomousDriving/install/autoware_auto_msgs/include/autoware_auto_msgs/msg/detail/raw_control_command__rosidl_typesupport_fastrtps_c.h
[0.486s] -- Up-to-date: /home/gabriel/software/AutonomousDriving/install/autoware_auto_msgs/include/autoware_auto_msgs/msg/detail/vehicle_state_command__rosidl_typesupport_fastrtps_c.h
[0.486s] -- Up-to-date: /home/gabriel/software/AutonomousDriving/install/autoware_auto_msgs/include/autoware_auto_msgs/msg/detail/complex32__rosidl_typesupport_fastrtps_c.h
[0.486s] -- Up-to-date: /home/gabriel/software/AutonomousDriving/install/autoware_auto_msgs/include/autoware_auto_msgs/msg/detail/vehicle_state_report__rosidl_typesupport_fastrtps_c.h
[0.486s] -- Up-to-date: /home/gabriel/software/AutonomousDriving/install/autoware_auto_msgs/include/autoware_auto_msgs/msg/detail/vehicle_odometry__rosidl_typesupport_fastrtps_c.h
[0.486s] -- Up-to-date: /home/gabriel/software/AutonomousDriving/install/autoware_auto_msgs/include/autoware_auto_msgs/msg/detail/had_map_bin__rosidl_typesupport_fastrtps_c.h
[0.486s] -- Up-to-date: /home/gabriel/software/AutonomousDriving/install/autoware_auto_msgs/include/autoware_auto_msgs/msg/detail/trajectory_point__rosidl_typesupport_fastrtps_c.h
[0.486s] -- Up-to-date: /home/gabriel/software/AutonomousDriving/install/autoware_auto_msgs/include/autoware_auto_msgs/action
[0.486s] -- Up-to-date: /home/gabriel/software/AutonomousDriving/install/autoware_auto_msgs/include/autoware_auto_msgs/action/detail
[0.486s] -- Up-to-date: /home/gabriel/software/AutonomousDriving/install/autoware_auto_msgs/include/autoware_auto_msgs/action/detail/plan_trajectory__rosidl_typesupport_fastrtps_c.h
[0.486s] -- Up-to-date: /home/gabriel/software/AutonomousDriving/install/autoware_auto_msgs/lib/libautoware_auto_msgs__rosidl_typesupport_fastrtps_c.so
[0.486s] -- Up-to-date: /home/gabriel/software/AutonomousDriving/install/autoware_auto_msgs/include/autoware_auto_msgs
[0.486s] -- Up-to-date: /home/gabriel/software/AutonomousDriving/install/autoware_auto_msgs/include/autoware_auto_msgs/srv
[0.486s] -- Up-to-date: /home/gabriel/software/AutonomousDriving/install/autoware_auto_msgs/include/autoware_auto_msgs/srv/detail
[0.486s] -- Up-to-date: /home/gabriel/software/AutonomousDriving/install/autoware_auto_msgs/include/autoware_auto_msgs/srv/detail/had_map_service__rosidl_typesupport_fastrtps_cpp.hpp
[0.486s] -- Up-to-date: /home/gabriel/software/AutonomousDriving/install/autoware_auto_msgs/include/autoware_auto_msgs/srv/detail/autonomy_mode_change__rosidl_typesupport_fastrtps_cpp.hpp
[0.486s] -- Up-to-date: /home/gabriel/software/AutonomousDriving/install/autoware_auto_msgs/include/autoware_auto_msgs/srv/detail/dds_fastrtps
[0.486s] -- Up-to-date: /home/gabriel/software/AutonomousDriving/install/autoware_auto_msgs/include/autoware_auto_msgs/srv/detail/modify_trajectory__rosidl_typesupport_fastrtps_cpp.hpp
[0.486s] -- Up-to-date: /home/gabriel/software/AutonomousDriving/install/autoware_auto_msgs/include/autoware_auto_msgs/msg
[0.486s] -- Up-to-date: /home/gabriel/software/AutonomousDriving/install/autoware_auto_msgs/include/autoware_auto_msgs/msg/rosidl_typesupport_fastrtps_cpp__visibility_control.h
[0.486s] -- Up-to-date: /home/gabriel/software/AutonomousDriving/install/autoware_auto_msgs/include/autoware_auto_msgs/msg/detail
[0.486s] -- Up-to-date: /home/gabriel/software/AutonomousDriving/install/autoware_auto_msgs/include/autoware_auto_msgs/msg/detail/control_diagnostic__rosidl_typesupport_fastrtps_cpp.hpp
[0.486s] -- Up-to-date: /home/gabriel/software/AutonomousDriving/install/autoware_auto_msgs/include/autoware_auto_msgs/msg/detail/diagnostic_header__rosidl_typesupport_fastrtps_cpp.hpp
[0.486s] -- Up-to-date: /home/gabriel/software/AutonomousDriving/install/autoware_auto_msgs/include/autoware_auto_msgs/msg/detail/route__rosidl_typesupport_fastrtps_cpp.hpp
[0.486s] -- Up-to-date: /home/gabriel/software/AutonomousDriving/install/autoware_auto_msgs/include/autoware_auto_msgs/msg/detail/bounding_box_array__rosidl_typesupport_fastrtps_cpp.hpp
[0.486s] -- Up-to-date: /home/gabriel/software/AutonomousDriving/install/autoware_auto_msgs/include/autoware_auto_msgs/msg/detail/point_clusters__rosidl_typesupport_fastrtps_cpp.hpp
[0.486s] -- Up-to-date: /home/gabriel/software/AutonomousDriving/install/autoware_auto_msgs/include/autoware_auto_msgs/msg/detail/trajectory__rosidl_typesupport_fastrtps_cpp.hpp
[0.486s] -- Up-to-date: /home/gabriel/software/AutonomousDriving/install/autoware_auto_msgs/include/autoware_auto_msgs/msg/detail/complex32__rosidl_typesupport_fastrtps_cpp.hpp
[0.486s] -- Up-to-date: /home/gabriel/software/AutonomousDriving/install/autoware_auto_msgs/include/autoware_auto_msgs/msg/detail/vehicle_kinematic_state__rosidl_typesupport_fastrtps_cpp.hpp
[0.486s] -- Up-to-date: /home/gabriel/software/AutonomousDriving/install/autoware_auto_msgs/include/autoware_auto_msgs/msg/detail/vehicle_odometry__rosidl_typesupport_fastrtps_cpp.hpp
[0.487s] -- Up-to-date: /home/gabriel/software/AutonomousDriving/install/autoware_auto_msgs/include/autoware_auto_msgs/msg/detail/vehicle_state_report__rosidl_typesupport_fastrtps_cpp.hpp
[0.487s] -- Up-to-date: /home/gabriel/software/AutonomousDriving/install/autoware_auto_msgs/include/autoware_auto_msgs/msg/detail/vehicle_control_command__rosidl_typesupport_fastrtps_cpp.hpp
[0.487s] -- Up-to-date: /home/gabriel/software/AutonomousDriving/install/autoware_auto_msgs/include/autoware_auto_msgs/msg/detail/map_primitive__rosidl_typesupport_fastrtps_cpp.hpp
[0.487s] -- Up-to-date: /home/gabriel/software/AutonomousDriving/install/autoware_auto_msgs/include/autoware_auto_msgs/msg/detail/dds_fastrtps
[0.487s] -- Up-to-date: /home/gabriel/software/AutonomousDriving/install/autoware_auto_msgs/include/autoware_auto_msgs/msg/detail/had_map_bin__rosidl_typesupport_fastrtps_cpp.hpp
[0.487s] -- Up-to-date: /home/gabriel/software/AutonomousDriving/install/autoware_auto_msgs/include/autoware_auto_msgs/msg/detail/quaternion32__rosidl_typesupport_fastrtps_cpp.hpp
[0.487s] -- Up-to-date: /home/gabriel/software/AutonomousDriving/install/autoware_auto_msgs/include/autoware_auto_msgs/msg/detail/vehicle_state_command__rosidl_typesupport_fastrtps_cpp.hpp
[0.487s] -- Up-to-date: /home/gabriel/software/AutonomousDriving/install/autoware_auto_msgs/include/autoware_auto_msgs/msg/detail/high_level_control_command__rosidl_typesupport_fastrtps_cpp.hpp
[0.487s] -- Up-to-date: /home/gabriel/software/AutonomousDriving/install/autoware_auto_msgs/include/autoware_auto_msgs/msg/detail/bounding_box__rosidl_typesupport_fastrtps_cpp.hpp
[0.487s] -- Up-to-date: /home/gabriel/software/AutonomousDriving/install/autoware_auto_msgs/include/autoware_auto_msgs/msg/detail/raw_control_command__rosidl_typesupport_fastrtps_cpp.hpp
[0.487s] -- Up-to-date: /home/gabriel/software/AutonomousDriving/install/autoware_auto_msgs/include/autoware_auto_msgs/msg/detail/trajectory_point__rosidl_typesupport_fastrtps_cpp.hpp
[0.487s] -- Up-to-date: /home/gabriel/software/AutonomousDriving/install/autoware_auto_msgs/include/autoware_auto_msgs/action
[0.487s] -- Up-to-date: /home/gabriel/software/AutonomousDriving/install/autoware_auto_msgs/include/autoware_auto_msgs/action/detail
[0.487s] -- Up-to-date: /home/gabriel/software/AutonomousDriving/install/autoware_auto_msgs/include/autoware_auto_msgs/action/detail/plan_trajectory__rosidl_typesupport_fastrtps_cpp.hpp
[0.487s] -- Up-to-date: /home/gabriel/software/AutonomousDriving/install/autoware_auto_msgs/include/autoware_auto_msgs/action/detail/dds_fastrtps
[0.487s] -- Up-to-date: /home/gabriel/software/AutonomousDriving/install/autoware_auto_msgs/lib/libautoware_auto_msgs__rosidl_typesupport_fastrtps_cpp.so
[0.487s] -- Up-to-date: /home/gabriel/software/AutonomousDriving/install/autoware_auto_msgs/include/autoware_auto_msgs
[0.487s] -- Up-to-date: /home/gabriel/software/AutonomousDriving/install/autoware_auto_msgs/include/autoware_auto_msgs/srv
[0.487s] -- Up-to-date: /home/gabriel/software/AutonomousDriving/install/autoware_auto_msgs/include/autoware_auto_msgs/srv/detail
[0.487s] -- Up-to-date: /home/gabriel/software/AutonomousDriving/install/autoware_auto_msgs/include/autoware_auto_msgs/srv/detail/autonomy_mode_change__rosidl_typesupport_introspection_c.h
[0.487s] -- Up-to-date: /home/gabriel/software/AutonomousDriving/install/autoware_auto_msgs/include/autoware_auto_msgs/srv/detail/had_map_service__rosidl_typesupport_introspection_c.h
[0.487s] -- Up-to-date: /home/gabriel/software/AutonomousDriving/install/autoware_auto_msgs/include/autoware_auto_msgs/srv/detail/had_map_service__type_support.c
[0.487s] -- Up-to-date: /home/gabriel/software/AutonomousDriving/install/autoware_auto_msgs/include/autoware_auto_msgs/srv/detail/modify_trajectory__rosidl_typesupport_introspection_c.h
[0.487s] -- Up-to-date: /home/gabriel/software/AutonomousDriving/install/autoware_auto_msgs/include/autoware_auto_msgs/srv/detail/autonomy_mode_change__type_support.c
[0.487s] -- Up-to-date: /home/gabriel/software/AutonomousDriving/install/autoware_auto_msgs/include/autoware_auto_msgs/srv/detail/modify_trajectory__type_support.c
[0.487s] -- Up-to-date: /home/gabriel/software/AutonomousDriving/install/autoware_auto_msgs/include/autoware_auto_msgs/msg
[0.487s] -- Up-to-date: /home/gabriel/software/AutonomousDriving/install/autoware_auto_msgs/include/autoware_auto_msgs/msg/rosidl_typesupport_introspection_c__visibility_control.h
[0.487s] -- Up-to-date: /home/gabriel/software/AutonomousDriving/install/autoware_auto_msgs/include/autoware_auto_msgs/msg/detail
[0.487s] -- Up-to-date: /home/gabriel/software/AutonomousDriving/install/autoware_auto_msgs/include/autoware_auto_msgs/msg/detail/vehicle_kinematic_state__type_support.c
[0.487s] -- Up-to-date: /home/gabriel/software/AutonomousDriving/install/autoware_auto_msgs/include/autoware_auto_msgs/msg/detail/point_clusters__type_support.c
[0.488s] -- Up-to-date: /home/gabriel/software/AutonomousDriving/install/autoware_auto_msgs/include/autoware_auto_msgs/msg/detail/diagnostic_header__rosidl_typesupport_introspection_c.h
[0.488s] -- Up-to-date: /home/gabriel/software/AutonomousDriving/install/autoware_auto_msgs/include/autoware_auto_msgs/msg/detail/vehicle_odometry__rosidl_typesupport_introspection_c.h
[0.488s] -- Up-to-date: /home/gabriel/software/AutonomousDriving/install/autoware_auto_msgs/include/autoware_auto_msgs/msg/detail/point_clusters__rosidl_typesupport_introspection_c.h
[0.488s] -- Up-to-date: /home/gabriel/software/AutonomousDriving/install/autoware_auto_msgs/include/autoware_auto_msgs/msg/detail/route__type_support.c
[0.488s] -- Up-to-date: /home/gabriel/software/AutonomousDriving/install/autoware_auto_msgs/include/autoware_auto_msgs/msg/detail/raw_control_command__type_support.c
[0.488s] -- Up-to-date: /home/gabriel/software/AutonomousDriving/install/autoware_auto_msgs/include/autoware_auto_msgs/msg/detail/bounding_box__type_support.c
[0.488s] -- Up-to-date: /home/gabriel/software/AutonomousDriving/install/autoware_auto_msgs/include/autoware_auto_msgs/msg/detail/trajectory__type_support.c
[0.488s] -- Up-to-date: /home/gabriel/software/AutonomousDriving/install/autoware_auto_msgs/include/autoware_auto_msgs/msg/detail/had_map_bin__type_support.c
[0.488s] -- Up-to-date: /home/gabriel/software/AutonomousDriving/install/autoware_auto_msgs/include/autoware_auto_msgs/msg/detail/vehicle_state_command__type_support.c
[0.488s] -- Up-to-date: /home/gabriel/software/AutonomousDriving/install/autoware_auto_msgs/include/autoware_auto_msgs/msg/detail/control_diagnostic__rosidl_typesupport_introspection_c.h
[0.488s] -- Up-to-date: /home/gabriel/software/AutonomousDriving/install/autoware_auto_msgs/include/autoware_auto_msgs/msg/detail/raw_control_command__rosidl_typesupport_introspection_c.h
[0.488s] -- Up-to-date: /home/gabriel/software/AutonomousDriving/install/autoware_auto_msgs/include/autoware_auto_msgs/msg/detail/map_primitive__rosidl_typesupport_introspection_c.h
[0.488s] -- Up-to-date: /home/gabriel/software/AutonomousDriving/install/autoware_auto_msgs/include/autoware_auto_msgs/msg/detail/vehicle_odometry__type_support.c
[0.488s] -- Up-to-date: /home/gabriel/software/AutonomousDriving/install/autoware_auto_msgs/include/autoware_auto_msgs/msg/detail/trajectory__rosidl_typesupport_introspection_c.h
[0.488s] -- Up-to-date: /home/gabriel/software/AutonomousDriving/install/autoware_auto_msgs/include/autoware_auto_msgs/msg/detail/control_diagnostic__type_support.c
[0.488s] -- Up-to-date: /home/gabriel/software/AutonomousDriving/install/autoware_auto_msgs/include/autoware_auto_msgs/msg/detail/high_level_control_command__type_support.c
[0.488s] -- Up-to-date: /home/gabriel/software/AutonomousDriving/install/autoware_auto_msgs/include/autoware_auto_msgs/msg/detail/diagnostic_header__type_support.c
[0.488s] -- Up-to-date: /home/gabriel/software/AutonomousDriving/install/autoware_auto_msgs/include/autoware_auto_msgs/msg/detail/quaternion32__type_support.c
[0.488s] -- Up-to-date: /home/gabriel/software/AutonomousDriving/install/autoware_auto_msgs/include/autoware_auto_msgs/msg/detail/complex32__rosidl_typesupport_introspection_c.h
[0.488s] -- Up-to-date: /home/gabriel/software/AutonomousDriving/install/autoware_auto_msgs/include/autoware_auto_msgs/msg/detail/vehicle_state_command__rosidl_typesupport_introspection_c.h
[0.488s] -- Up-to-date: /home/gabriel/software/AutonomousDriving/install/autoware_auto_msgs/include/autoware_auto_msgs/msg/detail/route__rosidl_typesupport_introspection_c.h
[0.488s] -- Up-to-date: /home/gabriel/software/AutonomousDriving/install/autoware_auto_msgs/include/autoware_auto_msgs/msg/detail/complex32__type_support.c
[0.488s] -- Up-to-date: /home/gabriel/software/AutonomousDriving/install/autoware_auto_msgs/include/autoware_auto_msgs/msg/detail/bounding_box_array__type_support.c
[0.488s] -- Up-to-date: /home/gabriel/software/AutonomousDriving/install/autoware_auto_msgs/include/autoware_auto_msgs/msg/detail/had_map_bin__rosidl_typesupport_introspection_c.h
[0.488s] -- Up-to-date: /home/gabriel/software/AutonomousDriving/install/autoware_auto_msgs/include/autoware_auto_msgs/msg/detail/high_level_control_command__rosidl_typesupport_introspection_c.h
[0.488s] -- Up-to-date: /home/gabriel/software/AutonomousDriving/install/autoware_auto_msgs/include/autoware_auto_msgs/msg/detail/bounding_box__rosidl_typesupport_introspection_c.h
[0.488s] -- Up-to-date: /home/gabriel/software/AutonomousDriving/install/autoware_auto_msgs/include/autoware_auto_msgs/msg/detail/vehicle_control_command__type_support.c
[0.488s] -- Up-to-date: /home/gabriel/software/AutonomousDriving/install/autoware_auto_msgs/include/autoware_auto_msgs/msg/detail/map_primitive__type_support.c
[0.488s] -- Up-to-date: /home/gabriel/software/AutonomousDriving/install/autoware_auto_msgs/include/autoware_auto_msgs/msg/detail/vehicle_control_command__rosidl_typesupport_introspection_c.h
[0.488s] -- Up-to-date: /home/gabriel/software/AutonomousDriving/install/autoware_auto_msgs/include/autoware_auto_msgs/msg/detail/trajectory_point__type_support.c
[0.488s] -- Up-to-date: /home/gabriel/software/AutonomousDriving/install/autoware_auto_msgs/include/autoware_auto_msgs/msg/detail/trajectory_point__rosidl_typesupport_introspection_c.h
[0.489s] -- Up-to-date: /home/gabriel/software/AutonomousDriving/install/autoware_auto_msgs/include/autoware_auto_msgs/msg/detail/vehicle_kinematic_state__rosidl_typesupport_introspection_c.h
[0.489s] -- Up-to-date: /home/gabriel/software/AutonomousDriving/install/autoware_auto_msgs/include/autoware_auto_msgs/msg/detail/vehicle_state_report__rosidl_typesupport_introspection_c.h
[0.489s] -- Up-to-date: /home/gabriel/software/AutonomousDriving/install/autoware_auto_msgs/include/autoware_auto_msgs/msg/detail/bounding_box_array__rosidl_typesupport_introspection_c.h
[0.489s] -- Up-to-date: /home/gabriel/software/AutonomousDriving/install/autoware_auto_msgs/include/autoware_auto_msgs/msg/detail/quaternion32__rosidl_typesupport_introspection_c.h
[0.489s] -- Up-to-date: /home/gabriel/software/AutonomousDriving/install/autoware_auto_msgs/include/autoware_auto_msgs/msg/detail/vehicle_state_report__type_support.c
[0.489s] -- Up-to-date: /home/gabriel/software/AutonomousDriving/install/autoware_auto_msgs/include/autoware_auto_msgs/action
[0.489s] -- Up-to-date: /home/gabriel/software/AutonomousDriving/install/autoware_auto_msgs/include/autoware_auto_msgs/action/detail
[0.489s] -- Up-to-date: /home/gabriel/software/AutonomousDriving/install/autoware_auto_msgs/include/autoware_auto_msgs/action/detail/plan_trajectory__rosidl_typesupport_introspection_c.h
[0.489s] -- Up-to-date: /home/gabriel/software/AutonomousDriving/install/autoware_auto_msgs/include/autoware_auto_msgs/action/detail/plan_trajectory__type_support.c
[0.489s] -- Up-to-date: /home/gabriel/software/AutonomousDriving/install/autoware_auto_msgs/lib/libautoware_auto_msgs__rosidl_typesupport_introspection_c.so
[0.489s] -- Up-to-date: /home/gabriel/software/AutonomousDriving/install/autoware_auto_msgs/lib/libautoware_auto_msgs__rosidl_typesupport_c.so
[0.489s] -- Up-to-date: /home/gabriel/software/AutonomousDriving/install/autoware_auto_msgs/include/autoware_auto_msgs
[0.489s] -- Up-to-date: /home/gabriel/software/AutonomousDriving/install/autoware_auto_msgs/include/autoware_auto_msgs/srv
[0.489s] -- Up-to-date: /home/gabriel/software/AutonomousDriving/install/autoware_auto_msgs/include/autoware_auto_msgs/srv/autonomy_mode_change.hpp
[0.489s] -- Up-to-date: /home/gabriel/software/AutonomousDriving/install/autoware_auto_msgs/include/autoware_auto_msgs/srv/detail
[0.489s] -- Up-to-date: /home/gabriel/software/AutonomousDriving/install/autoware_auto_msgs/include/autoware_auto_msgs/srv/detail/modify_trajectory__builder.hpp
[0.489s] -- Up-to-date: /home/gabriel/software/AutonomousDriving/install/autoware_auto_msgs/include/autoware_auto_msgs/srv/detail/autonomy_mode_change__struct.hpp
[0.489s] -- Up-to-date: /home/gabriel/software/AutonomousDriving/install/autoware_auto_msgs/include/autoware_auto_msgs/srv/detail/had_map_service__builder.hpp
[0.489s] -- Up-to-date: /home/gabriel/software/AutonomousDriving/install/autoware_auto_msgs/include/autoware_auto_msgs/srv/detail/modify_trajectory__struct.hpp
[0.489s] -- Up-to-date: /home/gabriel/software/AutonomousDriving/install/autoware_auto_msgs/include/autoware_auto_msgs/srv/detail/modify_trajectory__traits.hpp
[0.489s] -- Up-to-date: /home/gabriel/software/AutonomousDriving/install/autoware_auto_msgs/include/autoware_auto_msgs/srv/detail/had_map_service__traits.hpp
[0.489s] -- Up-to-date: /home/gabriel/software/AutonomousDriving/install/autoware_auto_msgs/include/autoware_auto_msgs/srv/detail/autonomy_mode_change__builder.hpp
[0.489s] -- Up-to-date: /home/gabriel/software/AutonomousDriving/install/autoware_auto_msgs/include/autoware_auto_msgs/srv/detail/autonomy_mode_change__traits.hpp
[0.489s] -- Up-to-date: /home/gabriel/software/AutonomousDriving/install/autoware_auto_msgs/include/autoware_auto_msgs/srv/detail/had_map_service__struct.hpp
[0.489s] -- Up-to-date: /home/gabriel/software/AutonomousDriving/install/autoware_auto_msgs/include/autoware_auto_msgs/srv/modify_trajectory.hpp
[0.489s] -- Up-to-date: /home/gabriel/software/AutonomousDriving/install/autoware_auto_msgs/include/autoware_auto_msgs/srv/had_map_service.hpp
[0.489s] -- Up-to-date: /home/gabriel/software/AutonomousDriving/install/autoware_auto_msgs/include/autoware_auto_msgs/msg
[0.489s] -- Up-to-date: /home/gabriel/software/AutonomousDriving/install/autoware_auto_msgs/include/autoware_auto_msgs/msg/map_primitive.hpp
[0.489s] -- Up-to-date: /home/gabriel/software/AutonomousDriving/install/autoware_auto_msgs/include/autoware_auto_msgs/msg/trajectory_point.hpp
[0.489s] -- Up-to-date: /home/gabriel/software/AutonomousDriving/install/autoware_auto_msgs/include/autoware_auto_msgs/msg/high_level_control_command.hpp
[0.489s] -- Up-to-date: /home/gabriel/software/AutonomousDriving/install/autoware_auto_msgs/include/autoware_auto_msgs/msg/complex32.hpp
[0.489s] -- Up-to-date: /home/gabriel/software/AutonomousDriving/install/autoware_auto_msgs/include/autoware_auto_msgs/msg/raw_control_command.hpp
[0.490s] -- Up-to-date: /home/gabriel/software/AutonomousDriving/install/autoware_auto_msgs/include/autoware_auto_msgs/msg/control_diagnostic.hpp
[0.490s] -- Up-to-date: /home/gabriel/software/AutonomousDriving/install/autoware_auto_msgs/include/autoware_auto_msgs/msg/vehicle_kinematic_state.hpp
[0.490s] -- Up-to-date: /home/gabriel/software/AutonomousDriving/install/autoware_auto_msgs/include/autoware_auto_msgs/msg/detail
[0.490s] -- Up-to-date: /home/gabriel/software/AutonomousDriving/install/autoware_auto_msgs/include/autoware_auto_msgs/msg/detail/trajectory__traits.hpp
[0.490s] -- Up-to-date: /home/gabriel/software/AutonomousDriving/install/autoware_auto_msgs/include/autoware_auto_msgs/msg/detail/vehicle_state_report__builder.hpp
[0.490s] -- Up-to-date: /home/gabriel/software/AutonomousDriving/install/autoware_auto_msgs/include/autoware_auto_msgs/msg/detail/control_diagnostic__builder.hpp
[0.490s] -- Up-to-date: /home/gabriel/software/AutonomousDriving/install/autoware_auto_msgs/include/autoware_auto_msgs/msg/detail/vehicle_odometry__traits.hpp
[0.490s] -- Up-to-date: /home/gabriel/software/AutonomousDriving/install/autoware_auto_msgs/include/autoware_auto_msgs/msg/detail/had_map_bin__struct.hpp
[0.490s] -- Up-to-date: /home/gabriel/software/AutonomousDriving/install/autoware_auto_msgs/include/autoware_auto_msgs/msg/detail/trajectory_point__struct.hpp
[0.490s] -- Up-to-date: /home/gabriel/software/AutonomousDriving/install/autoware_auto_msgs/include/autoware_auto_msgs/msg/detail/trajectory__builder.hpp
[0.490s] -- Up-to-date: /home/gabriel/software/AutonomousDriving/install/autoware_auto_msgs/include/autoware_auto_msgs/msg/detail/diagnostic_header__builder.hpp
[0.490s] -- Up-to-date: /home/gabriel/software/AutonomousDriving/install/autoware_auto_msgs/include/autoware_auto_msgs/msg/detail/had_map_bin__builder.hpp
[0.490s] -- Up-to-date: /home/gabriel/software/AutonomousDriving/install/autoware_auto_msgs/include/autoware_auto_msgs/msg/detail/route__builder.hpp
[0.490s] -- Up-to-date: /home/gabriel/software/AutonomousDriving/install/autoware_auto_msgs/include/autoware_auto_msgs/msg/detail/vehicle_control_command__traits.hpp
[0.490s] -- Up-to-date: /home/gabriel/software/AutonomousDriving/install/autoware_auto_msgs/include/autoware_auto_msgs/msg/detail/route__traits.hpp
[0.490s] -- Up-to-date: /home/gabriel/software/AutonomousDriving/install/autoware_auto_msgs/include/autoware_auto_msgs/msg/detail/quaternion32__traits.hpp
[0.490s] -- Up-to-date: /home/gabriel/software/AutonomousDriving/install/autoware_auto_msgs/include/autoware_auto_msgs/msg/detail/raw_control_command__traits.hpp
[0.490s] -- Up-to-date: /home/gabriel/software/AutonomousDriving/install/autoware_auto_msgs/include/autoware_auto_msgs/msg/detail/vehicle_state_report__struct.hpp
[0.490s] -- Up-to-date: /home/gabriel/software/AutonomousDriving/install/autoware_auto_msgs/include/autoware_auto_msgs/msg/detail/bounding_box__struct.hpp
[0.490s] -- Up-to-date: /home/gabriel/software/AutonomousDriving/install/autoware_auto_msgs/include/autoware_auto_msgs/msg/detail/point_clusters__builder.hpp
[0.490s] -- Up-to-date: /home/gabriel/software/AutonomousDriving/install/autoware_auto_msgs/include/autoware_auto_msgs/msg/detail/trajectory_point__traits.hpp
[0.490s] -- Up-to-date: /home/gabriel/software/AutonomousDriving/install/autoware_auto_msgs/include/autoware_auto_msgs/msg/detail/trajectory__struct.hpp
[0.490s] -- Up-to-date: /home/gabriel/software/AutonomousDriving/install/autoware_auto_msgs/include/autoware_auto_msgs/msg/detail/bounding_box_array__struct.hpp
[0.490s] -- Up-to-date: /home/gabriel/software/AutonomousDriving/install/autoware_auto_msgs/include/autoware_auto_msgs/msg/detail/high_level_control_command__struct.hpp
[0.490s] -- Up-to-date: /home/gabriel/software/AutonomousDriving/install/autoware_auto_msgs/include/autoware_auto_msgs/msg/detail/vehicle_state_command__builder.hpp
[0.490s] -- Up-to-date: /home/gabriel/software/AutonomousDriving/install/autoware_auto_msgs/include/autoware_auto_msgs/msg/detail/vehicle_control_command__struct.hpp
[0.490s] -- Up-to-date: /home/gabriel/software/AutonomousDriving/install/autoware_auto_msgs/include/autoware_auto_msgs/msg/detail/had_map_bin__traits.hpp
[0.490s] -- Up-to-date: /home/gabriel/software/AutonomousDriving/install/autoware_auto_msgs/include/autoware_auto_msgs/msg/detail/vehicle_odometry__struct.hpp
[0.490s] -- Up-to-date: /home/gabriel/software/AutonomousDriving/install/autoware_auto_msgs/include/autoware_auto_msgs/msg/detail/bounding_box_array__builder.hpp
[0.490s] -- Up-to-date: /home/gabriel/software/AutonomousDriving/install/autoware_auto_msgs/include/autoware_auto_msgs/msg/detail/quaternion32__struct.hpp
[0.490s] -- Up-to-date: /home/gabriel/software/AutonomousDriving/install/autoware_auto_msgs/include/autoware_auto_msgs/msg/detail/route__struct.hpp
[0.490s] -- Up-to-date: /home/gabriel/software/AutonomousDriving/install/autoware_auto_msgs/include/autoware_auto_msgs/msg/detail/diagnostic_header__struct.hpp
[0.491s] -- Up-to-date: /home/gabriel/software/AutonomousDriving/install/autoware_auto_msgs/include/autoware_auto_msgs/msg/detail/map_primitive__traits.hpp
[0.491s] -- Up-to-date: /home/gabriel/software/AutonomousDriving/install/autoware_auto_msgs/include/autoware_auto_msgs/msg/detail/raw_control_command__struct.hpp
[0.491s] -- Up-to-date: /home/gabriel/software/AutonomousDriving/install/autoware_auto_msgs/include/autoware_auto_msgs/msg/detail/vehicle_state_command__traits.hpp
[0.491s] -- Up-to-date: /home/gabriel/software/AutonomousDriving/install/autoware_auto_msgs/include/autoware_auto_msgs/msg/detail/trajectory_point__builder.hpp
[0.491s] -- Up-to-date: /home/gabriel/software/AutonomousDriving/install/autoware_auto_msgs/include/autoware_auto_msgs/msg/detail/point_clusters__traits.hpp
[0.491s] -- Up-to-date: /home/gabriel/software/AutonomousDriving/install/autoware_auto_msgs/include/autoware_auto_msgs/msg/detail/raw_control_command__builder.hpp
[0.491s] -- Up-to-date: /home/gabriel/software/AutonomousDriving/install/autoware_auto_msgs/include/autoware_auto_msgs/msg/detail/complex32__traits.hpp
[0.491s] -- Up-to-date: /home/gabriel/software/AutonomousDriving/install/autoware_auto_msgs/include/autoware_auto_msgs/msg/detail/vehicle_state_command__struct.hpp
[0.491s] -- Up-to-date: /home/gabriel/software/AutonomousDriving/install/autoware_auto_msgs/include/autoware_auto_msgs/msg/detail/complex32__struct.hpp
[0.491s] -- Up-to-date: /home/gabriel/software/AutonomousDriving/install/autoware_auto_msgs/include/autoware_auto_msgs/msg/detail/vehicle_kinematic_state__traits.hpp
[0.491s] -- Up-to-date: /home/gabriel/software/AutonomousDriving/install/autoware_auto_msgs/include/autoware_auto_msgs/msg/detail/vehicle_kinematic_state__builder.hpp
[0.491s] -- Up-to-date: /home/gabriel/software/AutonomousDriving/install/autoware_auto_msgs/include/autoware_auto_msgs/msg/detail/high_level_control_command__builder.hpp
[0.491s] -- Up-to-date: /home/gabriel/software/AutonomousDriving/install/autoware_auto_msgs/include/autoware_auto_msgs/msg/detail/bounding_box__traits.hpp
[0.491s] -- Up-to-date: /home/gabriel/software/AutonomousDriving/install/autoware_auto_msgs/include/autoware_auto_msgs/msg/detail/bounding_box__builder.hpp
[0.491s] -- Up-to-date: /home/gabriel/software/AutonomousDriving/install/autoware_auto_msgs/include/autoware_auto_msgs/msg/detail/diagnostic_header__traits.hpp
[0.491s] -- Up-to-date: /home/gabriel/software/AutonomousDriving/install/autoware_auto_msgs/include/autoware_auto_msgs/msg/detail/vehicle_kinematic_state__struct.hpp
[0.491s] -- Up-to-date: /home/gabriel/software/AutonomousDriving/install/autoware_auto_msgs/include/autoware_auto_msgs/msg/detail/vehicle_control_command__builder.hpp
[0.491s] -- Up-to-date: /home/gabriel/software/AutonomousDriving/install/autoware_auto_msgs/include/autoware_auto_msgs/msg/detail/quaternion32__builder.hpp
[0.491s] -- Up-to-date: /home/gabriel/software/AutonomousDriving/install/autoware_auto_msgs/include/autoware_auto_msgs/msg/detail/control_diagnostic__traits.hpp
[0.491s] -- Up-to-date: /home/gabriel/software/AutonomousDriving/install/autoware_auto_msgs/include/autoware_auto_msgs/msg/detail/complex32__builder.hpp
[0.491s] -- Up-to-date: /home/gabriel/software/AutonomousDriving/install/autoware_auto_msgs/include/autoware_auto_msgs/msg/detail/bounding_box_array__traits.hpp
[0.491s] -- Up-to-date: /home/gabriel/software/AutonomousDriving/install/autoware_auto_msgs/include/autoware_auto_msgs/msg/detail/control_diagnostic__struct.hpp
[0.491s] -- Up-to-date: /home/gabriel/software/AutonomousDriving/install/autoware_auto_msgs/include/autoware_auto_msgs/msg/detail/point_clusters__struct.hpp
[0.491s] -- Up-to-date: /home/gabriel/software/AutonomousDriving/install/autoware_auto_msgs/include/autoware_auto_msgs/msg/detail/high_level_control_command__traits.hpp
[0.491s] -- Up-to-date: /home/gabriel/software/AutonomousDriving/install/autoware_auto_msgs/include/autoware_auto_msgs/msg/detail/map_primitive__struct.hpp
[0.491s] -- Up-to-date: /home/gabriel/software/AutonomousDriving/install/autoware_auto_msgs/include/autoware_auto_msgs/msg/detail/vehicle_state_report__traits.hpp
[0.491s] -- Up-to-date: /home/gabriel/software/AutonomousDriving/install/autoware_auto_msgs/include/autoware_auto_msgs/msg/detail/map_primitive__builder.hpp
[0.491s] -- Up-to-date: /home/gabriel/software/AutonomousDriving/install/autoware_auto_msgs/include/autoware_auto_msgs/msg/detail/vehicle_odometry__builder.hpp
[0.491s] -- Up-to-date: /home/gabriel/software/AutonomousDriving/install/autoware_auto_msgs/include/autoware_auto_msgs/msg/point_clusters.hpp
[0.491s] -- Up-to-date: /home/gabriel/software/AutonomousDriving/install/autoware_auto_msgs/include/autoware_auto_msgs/msg/bounding_box.hpp
[0.492s] -- Up-to-date: /home/gabriel/software/AutonomousDriving/install/autoware_auto_msgs/include/autoware_auto_msgs/msg/vehicle_odometry.hpp
[0.492s] -- Up-to-date: /home/gabriel/software/AutonomousDriving/install/autoware_auto_msgs/include/autoware_auto_msgs/msg/bounding_box_array.hpp
[0.492s] -- Up-to-date: /home/gabriel/software/AutonomousDriving/install/autoware_auto_msgs/include/autoware_auto_msgs/msg/diagnostic_header.hpp
[0.492s] -- Up-to-date: /home/gabriel/software/AutonomousDriving/install/autoware_auto_msgs/include/autoware_auto_msgs/msg/had_map_bin.hpp
[0.492s] -- Up-to-date: /home/gabriel/software/AutonomousDriving/install/autoware_auto_msgs/include/autoware_auto_msgs/msg/vehicle_control_command.hpp
[0.492s] -- Up-to-date: /home/gabriel/software/AutonomousDriving/install/autoware_auto_msgs/include/autoware_auto_msgs/msg/quaternion32.hpp
[0.492s] -- Up-to-date: /home/gabriel/software/AutonomousDriving/install/autoware_auto_msgs/include/autoware_auto_msgs/msg/trajectory.hpp
[0.492s] -- Up-to-date: /home/gabriel/software/AutonomousDriving/install/autoware_auto_msgs/include/autoware_auto_msgs/msg/route.hpp
[0.492s] -- Up-to-date: /home/gabriel/software/AutonomousDriving/install/autoware_auto_msgs/include/autoware_auto_msgs/msg/vehicle_state_command.hpp
[0.492s] -- Up-to-date: /home/gabriel/software/AutonomousDriving/install/autoware_auto_msgs/include/autoware_auto_msgs/msg/vehicle_state_report.hpp
[0.492s] -- Up-to-date: /home/gabriel/software/AutonomousDriving/install/autoware_auto_msgs/include/autoware_auto_msgs/action
[0.492s] -- Up-to-date: /home/gabriel/software/AutonomousDriving/install/autoware_auto_msgs/include/autoware_auto_msgs/action/detail
[0.492s] -- Up-to-date: /home/gabriel/software/AutonomousDriving/install/autoware_auto_msgs/include/autoware_auto_msgs/action/detail/plan_trajectory__traits.hpp
[0.492s] -- Up-to-date: /home/gabriel/software/AutonomousDriving/install/autoware_auto_msgs/include/autoware_auto_msgs/action/detail/plan_trajectory__struct.hpp
[0.492s] -- Up-to-date: /home/gabriel/software/AutonomousDriving/install/autoware_auto_msgs/include/autoware_auto_msgs/action/detail/plan_trajectory__builder.hpp
[0.492s] -- Up-to-date: /home/gabriel/software/AutonomousDriving/install/autoware_auto_msgs/include/autoware_auto_msgs/action/plan_trajectory.hpp
[0.492s] -- Up-to-date: /home/gabriel/software/AutonomousDriving/install/autoware_auto_msgs/include/autoware_auto_msgs
[0.492s] -- Up-to-date: /home/gabriel/software/AutonomousDriving/install/autoware_auto_msgs/include/autoware_auto_msgs/srv
[0.492s] -- Up-to-date: /home/gabriel/software/AutonomousDriving/install/autoware_auto_msgs/include/autoware_auto_msgs/srv/detail
[0.492s] -- Up-to-date: /home/gabriel/software/AutonomousDriving/install/autoware_auto_msgs/include/autoware_auto_msgs/srv/detail/modify_trajectory__rosidl_typesupport_introspection_cpp.hpp
[0.492s] -- Up-to-date: /home/gabriel/software/AutonomousDriving/install/autoware_auto_msgs/include/autoware_auto_msgs/srv/detail/had_map_service__type_support.cpp
[0.492s] -- Up-to-date: /home/gabriel/software/AutonomousDriving/install/autoware_auto_msgs/include/autoware_auto_msgs/srv/detail/autonomy_mode_change__rosidl_typesupport_introspection_cpp.hpp
[0.492s] -- Up-to-date: /home/gabriel/software/AutonomousDriving/install/autoware_auto_msgs/include/autoware_auto_msgs/srv/detail/autonomy_mode_change__type_support.cpp
[0.492s] -- Up-to-date: /home/gabriel/software/AutonomousDriving/install/autoware_auto_msgs/include/autoware_auto_msgs/srv/detail/had_map_service__rosidl_typesupport_introspection_cpp.hpp
[0.492s] -- Up-to-date: /home/gabriel/software/AutonomousDriving/install/autoware_auto_msgs/include/autoware_auto_msgs/srv/detail/modify_trajectory__type_support.cpp
[0.492s] -- Up-to-date: /home/gabriel/software/AutonomousDriving/install/autoware_auto_msgs/include/autoware_auto_msgs/msg
[0.492s] -- Up-to-date: /home/gabriel/software/AutonomousDriving/install/autoware_auto_msgs/include/autoware_auto_msgs/msg/detail
[0.492s] -- Up-to-date: /home/gabriel/software/AutonomousDriving/install/autoware_auto_msgs/include/autoware_auto_msgs/msg/detail/bounding_box__type_support.cpp
[0.492s] -- Up-to-date: /home/gabriel/software/AutonomousDriving/install/autoware_auto_msgs/include/autoware_auto_msgs/msg/detail/trajectory_point__rosidl_typesupport_introspection_cpp.hpp
[0.492s] -- Up-to-date: /home/gabriel/software/AutonomousDriving/install/autoware_auto_msgs/include/autoware_auto_msgs/msg/detail/vehicle_control_command__type_support.cpp
[0.493s] -- Up-to-date: /home/gabriel/software/AutonomousDriving/install/autoware_auto_msgs/include/autoware_auto_msgs/msg/detail/vehicle_state_report__rosidl_typesupport_introspection_cpp.hpp
[0.493s] -- Up-to-date: /home/gabriel/software/AutonomousDriving/install/autoware_auto_msgs/include/autoware_auto_msgs/msg/detail/had_map_bin__type_support.cpp
[0.493s] -- Up-to-date: /home/gabriel/software/AutonomousDriving/install/autoware_auto_msgs/include/autoware_auto_msgs/msg/detail/raw_control_command__type_support.cpp
[0.493s] -- Up-to-date: /home/gabriel/software/AutonomousDriving/install/autoware_auto_msgs/include/autoware_auto_msgs/msg/detail/point_clusters__rosidl_typesupport_introspection_cpp.hpp
[0.493s] -- Up-to-date: /home/gabriel/software/AutonomousDriving/install/autoware_auto_msgs/include/autoware_auto_msgs/msg/detail/control_diagnostic__rosidl_typesupport_introspection_cpp.hpp
[0.493s] -- Up-to-date: /home/gabriel/software/AutonomousDriving/install/autoware_auto_msgs/include/autoware_auto_msgs/msg/detail/complex32__type_support.cpp
[0.493s] -- Up-to-date: /home/gabriel/software/AutonomousDriving/install/autoware_auto_msgs/include/autoware_auto_msgs/msg/detail/raw_control_command__rosidl_typesupport_introspection_cpp.hpp
[0.493s] -- Up-to-date: /home/gabriel/software/AutonomousDriving/install/autoware_auto_msgs/include/autoware_auto_msgs/msg/detail/trajectory__rosidl_typesupport_introspection_cpp.hpp
[0.493s] -- Up-to-date: /home/gabriel/software/AutonomousDriving/install/autoware_auto_msgs/include/autoware_auto_msgs/msg/detail/complex32__rosidl_typesupport_introspection_cpp.hpp
[0.493s] -- Up-to-date: /home/gabriel/software/AutonomousDriving/install/autoware_auto_msgs/include/autoware_auto_msgs/msg/detail/high_level_control_command__type_support.cpp
[0.493s] -- Up-to-date: /home/gabriel/software/AutonomousDriving/install/autoware_auto_msgs/include/autoware_auto_msgs/msg/detail/quaternion32__type_support.cpp
[0.493s] -- Up-to-date: /home/gabriel/software/AutonomousDriving/install/autoware_auto_msgs/include/autoware_auto_msgs/msg/detail/bounding_box__rosidl_typesupport_introspection_cpp.hpp
[0.493s] -- Up-to-date: /home/gabriel/software/AutonomousDriving/install/autoware_auto_msgs/include/autoware_auto_msgs/msg/detail/diagnostic_header__rosidl_typesupport_introspection_cpp.hpp
[0.493s] -- Up-to-date: /home/gabriel/software/AutonomousDriving/install/autoware_auto_msgs/include/autoware_auto_msgs/msg/detail/trajectory__type_support.cpp
[0.493s] -- Up-to-date: /home/gabriel/software/AutonomousDriving/install/autoware_auto_msgs/include/autoware_auto_msgs/msg/detail/trajectory_point__type_support.cpp
[0.493s] -- Up-to-date: /home/gabriel/software/AutonomousDriving/install/autoware_auto_msgs/include/autoware_auto_msgs/msg/detail/vehicle_kinematic_state__rosidl_typesupport_introspection_cpp.hpp
[0.493s] -- Up-to-date: /home/gabriel/software/AutonomousDriving/install/autoware_auto_msgs/include/autoware_auto_msgs/msg/detail/map_primitive__rosidl_typesupport_introspection_cpp.hpp
[0.493s] -- Up-to-date: /home/gabriel/software/AutonomousDriving/install/autoware_auto_msgs/include/autoware_auto_msgs/msg/detail/high_level_control_command__rosidl_typesupport_introspection_cpp.hpp
[0.493s] -- Up-to-date: /home/gabriel/software/AutonomousDriving/install/autoware_auto_msgs/include/autoware_auto_msgs/msg/detail/bounding_box_array__rosidl_typesupport_introspection_cpp.hpp
[0.493s] -- Up-to-date: /home/gabriel/software/AutonomousDriving/install/autoware_auto_msgs/include/autoware_auto_msgs/msg/detail/point_clusters__type_support.cpp
[0.493s] -- Up-to-date: /home/gabriel/software/AutonomousDriving/install/autoware_auto_msgs/include/autoware_auto_msgs/msg/detail/vehicle_odometry__rosidl_typesupport_introspection_cpp.hpp
[0.493s] -- Up-to-date: /home/gabriel/software/AutonomousDriving/install/autoware_auto_msgs/include/autoware_auto_msgs/msg/detail/route__rosidl_typesupport_introspection_cpp.hpp
[0.493s] -- Up-to-date: /home/gabriel/software/AutonomousDriving/install/autoware_auto_msgs/include/autoware_auto_msgs/msg/detail/vehicle_odometry__type_support.cpp
[0.493s] -- Up-to-date: /home/gabriel/software/AutonomousDriving/install/autoware_auto_msgs/include/autoware_auto_msgs/msg/detail/vehicle_control_command__rosidl_typesupport_introspection_cpp.hpp
[0.493s] -- Up-to-date: /home/gabriel/software/AutonomousDriving/install/autoware_auto_msgs/include/autoware_auto_msgs/msg/detail/had_map_bin__rosidl_typesupport_introspection_cpp.hpp
[0.493s] -- Up-to-date: /home/gabriel/software/AutonomousDriving/install/autoware_auto_msgs/include/autoware_auto_msgs/msg/detail/bounding_box_array__type_support.cpp
[0.493s] -- Up-to-date: /home/gabriel/software/AutonomousDriving/install/autoware_auto_msgs/include/autoware_auto_msgs/msg/detail/vehicle_state_report__type_support.cpp
[0.493s] -- Up-to-date: /home/gabriel/software/AutonomousDriving/install/autoware_auto_msgs/include/autoware_auto_msgs/msg/detail/vehicle_kinematic_state__type_support.cpp
[0.493s] -- Up-to-date: /home/gabriel/software/AutonomousDriving/install/autoware_auto_msgs/include/autoware_auto_msgs/msg/detail/route__type_support.cpp
[0.493s] -- Up-to-date: /home/gabriel/software/AutonomousDriving/install/autoware_auto_msgs/include/autoware_auto_msgs/msg/detail/quaternion32__rosidl_typesupport_introspection_cpp.hpp
[0.493s] -- Up-to-date: /home/gabriel/software/AutonomousDriving/install/autoware_auto_msgs/include/autoware_auto_msgs/msg/detail/vehicle_state_command__type_support.cpp
[0.494s] -- Up-to-date: /home/gabriel/software/AutonomousDriving/install/autoware_auto_msgs/include/autoware_auto_msgs/msg/detail/control_diagnostic__type_support.cpp
[0.494s] -- Up-to-date: /home/gabriel/software/AutonomousDriving/install/autoware_auto_msgs/include/autoware_auto_msgs/msg/detail/map_primitive__type_support.cpp
[0.494s] -- Up-to-date: /home/gabriel/software/AutonomousDriving/install/autoware_auto_msgs/include/autoware_auto_msgs/msg/detail/vehicle_state_command__rosidl_typesupport_introspection_cpp.hpp
[0.494s] -- Up-to-date: /home/gabriel/software/AutonomousDriving/install/autoware_auto_msgs/include/autoware_auto_msgs/msg/detail/diagnostic_header__type_support.cpp
[0.494s] -- Up-to-date: /home/gabriel/software/AutonomousDriving/install/autoware_auto_msgs/include/autoware_auto_msgs/action
[0.494s] -- Up-to-date: /home/gabriel/software/AutonomousDriving/install/autoware_auto_msgs/include/autoware_auto_msgs/action/detail
[0.494s] -- Up-to-date: /home/gabriel/software/AutonomousDriving/install/autoware_auto_msgs/include/autoware_auto_msgs/action/detail/plan_trajectory__type_support.cpp
[0.494s] -- Up-to-date: /home/gabriel/software/AutonomousDriving/install/autoware_auto_msgs/include/autoware_auto_msgs/action/detail/plan_trajectory__rosidl_typesupport_introspection_cpp.hpp
[0.494s] -- Up-to-date: /home/gabriel/software/AutonomousDriving/install/autoware_auto_msgs/lib/libautoware_auto_msgs__rosidl_typesupport_introspection_cpp.so
[0.494s] -- Up-to-date: /home/gabriel/software/AutonomousDriving/install/autoware_auto_msgs/lib/libautoware_auto_msgs__rosidl_typesupport_cpp.so
[0.494s] -- Up-to-date: /home/gabriel/software/AutonomousDriving/install/autoware_auto_msgs/share/autoware_auto_msgs/environment/pythonpath.sh
[0.494s] -- Up-to-date: /home/gabriel/software/AutonomousDriving/install/autoware_auto_msgs/share/autoware_auto_msgs/environment/pythonpath.dsv
[0.494s] -- Up-to-date: /home/gabriel/software/AutonomousDriving/install/autoware_auto_msgs/lib/python3.8/site-packages/autoware_auto_msgs/__init__.py
[0.506s] -- Up-to-date: /home/gabriel/software/AutonomousDriving/install/autoware_auto_msgs/lib/python3.8/site-packages/autoware_auto_msgs/msg
[0.506s] -- Up-to-date: /home/gabriel/software/AutonomousDriving/install/autoware_auto_msgs/lib/python3.8/site-packages/autoware_auto_msgs/msg/_trajectory_point.py
[0.506s] -- Up-to-date: /home/gabriel/software/AutonomousDriving/install/autoware_auto_msgs/lib/python3.8/site-packages/autoware_auto_msgs/msg/_quaternion32_s.c
[0.506s] -- Up-to-date: /home/gabriel/software/AutonomousDriving/install/autoware_auto_msgs/lib/python3.8/site-packages/autoware_auto_msgs/msg/_had_map_bin.py
[0.506s] -- Up-to-date: /home/gabriel/software/AutonomousDriving/install/autoware_auto_msgs/lib/python3.8/site-packages/autoware_auto_msgs/msg/_complex32_s.c
[0.506s] -- Up-to-date: /home/gabriel/software/AutonomousDriving/install/autoware_auto_msgs/lib/python3.8/site-packages/autoware_auto_msgs/msg/_route_s.c
[0.506s] -- Up-to-date: /home/gabriel/software/AutonomousDriving/install/autoware_auto_msgs/lib/python3.8/site-packages/autoware_auto_msgs/msg/_map_primitive_s.c
[0.506s] -- Up-to-date: /home/gabriel/software/AutonomousDriving/install/autoware_auto_msgs/lib/python3.8/site-packages/autoware_auto_msgs/msg/_diagnostic_header.py
[0.506s] -- Up-to-date: /home/gabriel/software/AutonomousDriving/install/autoware_auto_msgs/lib/python3.8/site-packages/autoware_auto_msgs/msg/_vehicle_kinematic_state_s.c
[0.506s] -- Up-to-date: /home/gabriel/software/AutonomousDriving/install/autoware_auto_msgs/lib/python3.8/site-packages/autoware_auto_msgs/msg/_bounding_box_array_s.c
[0.507s] -- Up-to-date: /home/gabriel/software/AutonomousDriving/install/autoware_auto_msgs/lib/python3.8/site-packages/autoware_auto_msgs/msg/_vehicle_control_command.py
[0.507s] -- Up-to-date: /home/gabriel/software/AutonomousDriving/install/autoware_auto_msgs/lib/python3.8/site-packages/autoware_auto_msgs/msg/_vehicle_state_report_s.c
[0.507s] -- Up-to-date: /home/gabriel/software/AutonomousDriving/install/autoware_auto_msgs/lib/python3.8/site-packages/autoware_auto_msgs/msg/_vehicle_odometry.py
[0.507s] -- Up-to-date: /home/gabriel/software/AutonomousDriving/install/autoware_auto_msgs/lib/python3.8/site-packages/autoware_auto_msgs/msg/_complex32.py
[0.507s] -- Up-to-date: /home/gabriel/software/AutonomousDriving/install/autoware_auto_msgs/lib/python3.8/site-packages/autoware_auto_msgs/msg/_vehicle_kinematic_state.py
[0.507s] -- Up-to-date: /home/gabriel/software/AutonomousDriving/install/autoware_auto_msgs/lib/python3.8/site-packages/autoware_auto_msgs/msg/_bounding_box.py
[0.507s] -- Up-to-date: /home/gabriel/software/AutonomousDriving/install/autoware_auto_msgs/lib/python3.8/site-packages/autoware_auto_msgs/msg/_vehicle_state_command.py
[0.507s] -- Up-to-date: /home/gabriel/software/AutonomousDriving/install/autoware_auto_msgs/lib/python3.8/site-packages/autoware_auto_msgs/msg/_map_primitive.py
[0.507s] -- Up-to-date: /home/gabriel/software/AutonomousDriving/install/autoware_auto_msgs/lib/python3.8/site-packages/autoware_auto_msgs/msg/_high_level_control_command.py
[0.507s] -- Up-to-date: /home/gabriel/software/AutonomousDriving/install/autoware_auto_msgs/lib/python3.8/site-packages/autoware_auto_msgs/msg/_had_map_bin_s.c
[0.507s] -- Up-to-date: /home/gabriel/software/AutonomousDriving/install/autoware_auto_msgs/lib/python3.8/site-packages/autoware_auto_msgs/msg/_raw_control_command.py
[0.507s] -- Up-to-date: /home/gabriel/software/AutonomousDriving/install/autoware_auto_msgs/lib/python3.8/site-packages/autoware_auto_msgs/msg/_vehicle_control_command_s.c
[0.507s] -- Up-to-date: /home/gabriel/software/AutonomousDriving/install/autoware_auto_msgs/lib/python3.8/site-packages/autoware_auto_msgs/msg/_high_level_control_command_s.c
[0.507s] -- Up-to-date: /home/gabriel/software/AutonomousDriving/install/autoware_auto_msgs/lib/python3.8/site-packages/autoware_auto_msgs/msg/_bounding_box_array.py
[0.507s] -- Up-to-date: /home/gabriel/software/AutonomousDriving/install/autoware_auto_msgs/lib/python3.8/site-packages/autoware_auto_msgs/msg/_raw_control_command_s.c
[0.507s] -- Up-to-date: /home/gabriel/software/AutonomousDriving/install/autoware_auto_msgs/lib/python3.8/site-packages/autoware_auto_msgs/msg/_point_clusters.py
[0.507s] -- Up-to-date: /home/gabriel/software/AutonomousDriving/install/autoware_auto_msgs/lib/python3.8/site-packages/autoware_auto_msgs/msg/_route.py
[0.507s] -- Up-to-date: /home/gabriel/software/AutonomousDriving/install/autoware_auto_msgs/lib/python3.8/site-packages/autoware_auto_msgs/msg/__init__.py
[0.507s] -- Up-to-date: /home/gabriel/software/AutonomousDriving/install/autoware_auto_msgs/lib/python3.8/site-packages/autoware_auto_msgs/msg/_vehicle_state_report.py
[0.507s] -- Up-to-date: /home/gabriel/software/AutonomousDriving/install/autoware_auto_msgs/lib/python3.8/site-packages/autoware_auto_msgs/msg/_point_clusters_s.c
[0.507s] -- Up-to-date: /home/gabriel/software/AutonomousDriving/install/autoware_auto_msgs/lib/python3.8/site-packages/autoware_auto_msgs/msg/_trajectory_point_s.c
[0.507s] -- Up-to-date: /home/gabriel/software/AutonomousDriving/install/autoware_auto_msgs/lib/python3.8/site-packages/autoware_auto_msgs/msg/_trajectory.py
[0.507s] -- Up-to-date: /home/gabriel/software/AutonomousDriving/install/autoware_auto_msgs/lib/python3.8/site-packages/autoware_auto_msgs/msg/_control_diagnostic_s.c
[0.507s] -- Up-to-date: /home/gabriel/software/AutonomousDriving/install/autoware_auto_msgs/lib/python3.8/site-packages/autoware_auto_msgs/msg/_bounding_box_s.c
[0.507s] -- Up-to-date: /home/gabriel/software/AutonomousDriving/install/autoware_auto_msgs/lib/python3.8/site-packages/autoware_auto_msgs/msg/_quaternion32.py
[0.507s] -- Up-to-date: /home/gabriel/software/AutonomousDriving/install/autoware_auto_msgs/lib/python3.8/site-packages/autoware_auto_msgs/msg/_control_diagnostic.py
[0.507s] -- Up-to-date: /home/gabriel/software/AutonomousDriving/install/autoware_auto_msgs/lib/python3.8/site-packages/autoware_auto_msgs/msg/_vehicle_odometry_s.c
[0.507s] -- Up-to-date: /home/gabriel/software/AutonomousDriving/install/autoware_auto_msgs/lib/python3.8/site-packages/autoware_auto_msgs/msg/_diagnostic_header_s.c
[0.508s] -- Up-to-date: /home/gabriel/software/AutonomousDriving/install/autoware_auto_msgs/lib/python3.8/site-packages/autoware_auto_msgs/msg/_trajectory_s.c
[0.508s] -- Up-to-date: /home/gabriel/software/AutonomousDriving/install/autoware_auto_msgs/lib/python3.8/site-packages/autoware_auto_msgs/msg/_vehicle_state_command_s.c
[0.508s] -- Up-to-date: /home/gabriel/software/AutonomousDriving/install/autoware_auto_msgs/lib/python3.8/site-packages/autoware_auto_msgs/srv
[0.508s] -- Up-to-date: /home/gabriel/software/AutonomousDriving/install/autoware_auto_msgs/lib/python3.8/site-packages/autoware_auto_msgs/srv/_autonomy_mode_change.py
[0.508s] -- Up-to-date: /home/gabriel/software/AutonomousDriving/install/autoware_auto_msgs/lib/python3.8/site-packages/autoware_auto_msgs/srv/_modify_trajectory.py
[0.508s] -- Up-to-date: /home/gabriel/software/AutonomousDriving/install/autoware_auto_msgs/lib/python3.8/site-packages/autoware_auto_msgs/srv/_modify_trajectory_s.c
[0.508s] -- Up-to-date: /home/gabriel/software/AutonomousDriving/install/autoware_auto_msgs/lib/python3.8/site-packages/autoware_auto_msgs/srv/__init__.py
[0.508s] -- Up-to-date: /home/gabriel/software/AutonomousDriving/install/autoware_auto_msgs/lib/python3.8/site-packages/autoware_auto_msgs/srv/_had_map_service_s.c
[0.508s] -- Up-to-date: /home/gabriel/software/AutonomousDriving/install/autoware_auto_msgs/lib/python3.8/site-packages/autoware_auto_msgs/srv/_autonomy_mode_change_s.c
[0.508s] -- Up-to-date: /home/gabriel/software/AutonomousDriving/install/autoware_auto_msgs/lib/python3.8/site-packages/autoware_auto_msgs/srv/_had_map_service.py
[0.508s] -- Up-to-date: /home/gabriel/software/AutonomousDriving/install/autoware_auto_msgs/lib/python3.8/site-packages/autoware_auto_msgs/action
[0.508s] -- Up-to-date: /home/gabriel/software/AutonomousDriving/install/autoware_auto_msgs/lib/python3.8/site-packages/autoware_auto_msgs/action/__init__.py
[0.508s] -- Up-to-date: /home/gabriel/software/AutonomousDriving/install/autoware_auto_msgs/lib/python3.8/site-packages/autoware_auto_msgs/action/_plan_trajectory_s.c
[0.508s] -- Up-to-date: /home/gabriel/software/AutonomousDriving/install/autoware_auto_msgs/lib/python3.8/site-packages/autoware_auto_msgs/action/_plan_trajectory.py
[0.508s] -- Up-to-date: /home/gabriel/software/AutonomousDriving/install/autoware_auto_msgs/lib/python3.8/site-packages/autoware_auto_msgs/autoware_auto_msgs_s__rosidl_typesupport_fastrtps_c.cpython-38-x86_64-linux-gnu.so
[0.508s] -- Up-to-date: /home/gabriel/software/AutonomousDriving/install/autoware_auto_msgs/lib/python3.8/site-packages/autoware_auto_msgs/autoware_auto_msgs_s__rosidl_typesupport_introspection_c.cpython-38-x86_64-linux-gnu.so
[0.508s] -- Up-to-date: /home/gabriel/software/AutonomousDriving/install/autoware_auto_msgs/lib/python3.8/site-packages/autoware_auto_msgs/autoware_auto_msgs_s__rosidl_typesupport_c.cpython-38-x86_64-linux-gnu.so
[0.508s] -- Up-to-date: /home/gabriel/software/AutonomousDriving/install/autoware_auto_msgs/lib/libautoware_auto_msgs__python.so
[0.508s] -- Up-to-date: /home/gabriel/software/AutonomousDriving/install/autoware_auto_msgs/share/autoware_auto_msgs/msg/BoundingBox.idl
[0.508s] -- Up-to-date: /home/gabriel/software/AutonomousDriving/install/autoware_auto_msgs/share/autoware_auto_msgs/msg/Complex32.idl
[0.508s] -- Up-to-date: /home/gabriel/software/AutonomousDriving/install/autoware_auto_msgs/share/autoware_auto_msgs/msg/DiagnosticHeader.idl
[0.508s] -- Up-to-date: /home/gabriel/software/AutonomousDriving/install/autoware_auto_msgs/share/autoware_auto_msgs/msg/Quaternion32.idl
[0.508s] -- Up-to-date: /home/gabriel/software/AutonomousDriving/install/autoware_auto_msgs/share/autoware_auto_msgs/msg/TrajectoryPoint.idl
[0.509s] -- Up-to-date: /home/gabriel/software/AutonomousDriving/install/autoware_auto_msgs/share/autoware_auto_msgs/msg/MapPrimitive.idl
[0.509s] -- Up-to-date: /home/gabriel/software/AutonomousDriving/install/autoware_auto_msgs/share/autoware_auto_msgs/msg/BoundingBoxArray.idl
[0.509s] -- Up-to-date: /home/gabriel/software/AutonomousDriving/install/autoware_auto_msgs/share/autoware_auto_msgs/msg/ControlDiagnostic.idl
[0.509s] -- Up-to-date: /home/gabriel/software/AutonomousDriving/install/autoware_auto_msgs/share/autoware_auto_msgs/msg/HighLevelControlCommand.idl
[0.509s] -- Up-to-date: /home/gabriel/software/AutonomousDriving/install/autoware_auto_msgs/share/autoware_auto_msgs/msg/RawControlCommand.idl
[0.509s] -- Up-to-date: /home/gabriel/software/AutonomousDriving/install/autoware_auto_msgs/share/autoware_auto_msgs/msg/Trajectory.idl
[0.509s] -- Up-to-date: /home/gabriel/software/AutonomousDriving/install/autoware_auto_msgs/share/autoware_auto_msgs/msg/VehicleControlCommand.idl
[0.509s] -- Up-to-date: /home/gabriel/software/AutonomousDriving/install/autoware_auto_msgs/share/autoware_auto_msgs/msg/VehicleKinematicState.idl
[0.509s] -- Up-to-date: /home/gabriel/software/AutonomousDriving/install/autoware_auto_msgs/share/autoware_auto_msgs/msg/VehicleOdometry.idl
[0.509s] -- Up-to-date: /home/gabriel/software/AutonomousDriving/install/autoware_auto_msgs/share/autoware_auto_msgs/msg/VehicleStateCommand.idl
[0.509s] -- Up-to-date: /home/gabriel/software/AutonomousDriving/install/autoware_auto_msgs/share/autoware_auto_msgs/msg/VehicleStateReport.idl
[0.509s] -- Up-to-date: /home/gabriel/software/AutonomousDriving/install/autoware_auto_msgs/share/autoware_auto_msgs/msg/HADMapBin.idl
[0.509s] -- Up-to-date: /home/gabriel/software/AutonomousDriving/install/autoware_auto_msgs/share/autoware_auto_msgs/msg/Route.idl
[0.509s] -- Up-to-date: /home/gabriel/software/AutonomousDriving/install/autoware_auto_msgs/share/autoware_auto_msgs/srv/AutonomyModeChange.idl
[0.509s] -- Up-to-date: /home/gabriel/software/AutonomousDriving/install/autoware_auto_msgs/share/autoware_auto_msgs/srv/HADMapService.idl
[0.509s] -- Up-to-date: /home/gabriel/software/AutonomousDriving/install/autoware_auto_msgs/share/autoware_auto_msgs/srv/ModifyTrajectory.idl
[0.509s] -- Up-to-date: /home/gabriel/software/AutonomousDriving/install/autoware_auto_msgs/share/autoware_auto_msgs/action/PlanTrajectory.idl
[0.509s] -- Up-to-date: /home/gabriel/software/AutonomousDriving/install/autoware_auto_msgs/share/autoware_auto_msgs/msg/PointClusters.idl
[0.509s] -- Up-to-date: /home/gabriel/software/AutonomousDriving/install/autoware_auto_msgs/share/ament_index/resource_index/package_run_dependencies/autoware_auto_msgs
[0.509s] -- Up-to-date: /home/gabriel/software/AutonomousDriving/install/autoware_auto_msgs/share/ament_index/resource_index/parent_prefix_path/autoware_auto_msgs
[0.509s] -- Up-to-date: /home/gabriel/software/AutonomousDriving/install/autoware_auto_msgs/share/autoware_auto_msgs/environment/ament_prefix_path.sh
[0.509s] -- Up-to-date: /home/gabriel/software/AutonomousDriving/install/autoware_auto_msgs/share/autoware_auto_msgs/environment/ament_prefix_path.dsv
[0.509s] -- Up-to-date: /home/gabriel/software/AutonomousDriving/install/autoware_auto_msgs/share/autoware_auto_msgs/environment/path.sh
[0.510s] -- Up-to-date: /home/gabriel/software/AutonomousDriving/install/autoware_auto_msgs/share/autoware_auto_msgs/environment/path.dsv
[0.510s] -- Up-to-date: /home/gabriel/software/AutonomousDriving/install/autoware_auto_msgs/share/autoware_auto_msgs/local_setup.bash
[0.510s] -- Up-to-date: /home/gabriel/software/AutonomousDriving/install/autoware_auto_msgs/share/autoware_auto_msgs/local_setup.sh
[0.510s] -- Up-to-date: /home/gabriel/software/AutonomousDriving/install/autoware_auto_msgs/share/autoware_auto_msgs/local_setup.zsh
[0.510s] -- Up-to-date: /home/gabriel/software/AutonomousDriving/install/autoware_auto_msgs/share/autoware_auto_msgs/local_setup.dsv
[0.510s] -- Installing: /home/gabriel/software/AutonomousDriving/install/autoware_auto_msgs/share/autoware_auto_msgs/package.dsv
[0.510s] -- Up-to-date: /home/gabriel/software/AutonomousDriving/install/autoware_auto_msgs/share/ament_index/resource_index/packages/autoware_auto_msgs
[0.510s] -- Up-to-date: /home/gabriel/software/AutonomousDriving/install/autoware_auto_msgs/share/autoware_auto_msgs/cmake/autoware_auto_msgs__rosidl_generator_cExport.cmake
[0.510s] -- Up-to-date: /home/gabriel/software/AutonomousDriving/install/autoware_auto_msgs/share/autoware_auto_msgs/cmake/autoware_auto_msgs__rosidl_generator_cExport-noconfig.cmake
[0.510s] -- Up-to-date: /home/gabriel/software/AutonomousDriving/install/autoware_auto_msgs/share/autoware_auto_msgs/cmake/autoware_auto_msgs__rosidl_typesupport_introspection_cExport.cmake
[0.510s] -- Up-to-date: /home/gabriel/software/AutonomousDriving/install/autoware_auto_msgs/share/autoware_auto_msgs/cmake/autoware_auto_msgs__rosidl_typesupport_introspection_cExport-noconfig.cmake
[0.510s] -- Up-to-date: /home/gabriel/software/AutonomousDriving/install/autoware_auto_msgs/share/autoware_auto_msgs/cmake/autoware_auto_msgs__rosidl_typesupport_cExport.cmake
[0.510s] -- Up-to-date: /home/gabriel/software/AutonomousDriving/install/autoware_auto_msgs/share/autoware_auto_msgs/cmake/autoware_auto_msgs__rosidl_typesupport_cExport-noconfig.cmake
[0.510s] -- Up-to-date: /home/gabriel/software/AutonomousDriving/install/autoware_auto_msgs/share/autoware_auto_msgs/cmake/autoware_auto_msgs__rosidl_generator_cppExport.cmake
[0.510s] -- Up-to-date: /home/gabriel/software/AutonomousDriving/install/autoware_auto_msgs/share/autoware_auto_msgs/cmake/autoware_auto_msgs__rosidl_typesupport_introspection_cppExport.cmake
[0.510s] -- Up-to-date: /home/gabriel/software/AutonomousDriving/install/autoware_auto_msgs/share/autoware_auto_msgs/cmake/autoware_auto_msgs__rosidl_typesupport_introspection_cppExport-noconfig.cmake
[0.511s] -- Up-to-date: /home/gabriel/software/AutonomousDriving/install/autoware_auto_msgs/share/autoware_auto_msgs/cmake/autoware_auto_msgs__rosidl_typesupport_cppExport.cmake
[0.511s] -- Up-to-date: /home/gabriel/software/AutonomousDriving/install/autoware_auto_msgs/share/autoware_auto_msgs/cmake/autoware_auto_msgs__rosidl_typesupport_cppExport-noconfig.cmake
[0.511s] -- Up-to-date: /home/gabriel/software/AutonomousDriving/install/autoware_auto_msgs/share/autoware_auto_msgs/cmake/rosidl_cmake-extras.cmake
[0.511s] -- Up-to-date: /home/gabriel/software/AutonomousDriving/install/autoware_auto_msgs/share/autoware_auto_msgs/cmake/ament_cmake_export_dependencies-extras.cmake
[0.511s] -- Up-to-date: /home/gabriel/software/AutonomousDriving/install/autoware_auto_msgs/share/autoware_auto_msgs/cmake/ament_cmake_export_libraries-extras.cmake
[0.511s] -- Up-to-date: /home/gabriel/software/AutonomousDriving/install/autoware_auto_msgs/share/autoware_auto_msgs/cmake/ament_cmake_export_targets-extras.cmake
[0.511s] -- Up-to-date: /home/gabriel/software/AutonomousDriving/install/autoware_auto_msgs/share/autoware_auto_msgs/cmake/ament_cmake_export_include_directories-extras.cmake
[0.511s] -- Up-to-date: /home/gabriel/software/AutonomousDriving/install/autoware_auto_msgs/share/autoware_auto_msgs/cmake/rosidl_cmake_export_typesupport_libraries-extras.cmake
[0.511s] -- Up-to-date: /home/gabriel/software/AutonomousDriving/install/autoware_auto_msgs/share/autoware_auto_msgs/cmake/rosidl_cmake_export_typesupport_targets-extras.cmake
[0.511s] -- Up-to-date: /home/gabriel/software/AutonomousDriving/install/autoware_auto_msgs/share/autoware_auto_msgs/cmake/autoware_auto_msgsConfig.cmake
[0.511s] -- Up-to-date: /home/gabriel/software/AutonomousDriving/install/autoware_auto_msgs/share/autoware_auto_msgs/cmake/autoware_auto_msgsConfig-version.cmake
[0.511s] -- Up-to-date: /home/gabriel/software/AutonomousDriving/install/autoware_auto_msgs/share/autoware_auto_msgs/package.xml
[0.513s] Invoked command in '/home/gabriel/software/AutonomousDriving/build/autoware_auto_msgs' returned '0': CMAKE_PREFIX_PATH=/opt/ros/galactic /usr/bin/cmake --install /home/gabriel/software/AutonomousDriving/build/autoware_auto_msgs
