[0.312s] DEBUG:colcon:Command line arguments: ['/home/gabriel/.local/bin/colcon', 'build']
[0.312s] DEBUG:colcon:Parsed command line arguments: Namespace(allow_overriding=[], ament_cmake_args=None, base_paths=['.'], build_base='build', catkin_cmake_args=None, catkin_skip_building_tests=False, cmake_args=None, cmake_clean_cache=False, cmake_clean_first=False, cmake_force_configure=False, cmake_target=None, cmake_target_skip_unavailable=False, continue_on_error=False, event_handlers=None, executor='parallel', ignore_user_meta=False, install_base='install', log_base=None, log_level=None, main=<bound method BuildVerb.main of <colcon_core.verb.build.BuildVerb object at 0x7f7e794a2490>>, merge_install=False, metas=['./colcon.meta'], packages_above=None, packages_above_and_dependencies=None, packages_above_depth=None, packages_end=None, packages_ignore=None, packages_ignore_regex=None, packages_select=None, packages_select_build_failed=False, packages_select_by_dep=None, packages_select_regex=None, packages_select_test_failures=False, packages_skip=None, packages_skip_build_finished=False, packages_skip_by_dep=None, packages_skip_regex=None, packages_skip_test_passed=False, packages_skip_up_to=None, packages_start=None, packages_up_to=None, packages_up_to_regex=None, parallel_workers=16, paths=None, symlink_install=False, test_result_base=None, verb_extension=<colcon_core.verb.build.BuildVerb object at 0x7f7e794a2490>, verb_name='build', verb_parser=<colcon_defaults.argument_parser.defaults.DefaultArgumentsDecorator object at 0x7f7e794a29d0>)
[0.323s] Level 1:colcon.colcon_core.package_discovery:discover_packages(colcon_meta) check parameters
[0.323s] Level 1:colcon.colcon_core.package_discovery:discover_packages(recursive) check parameters
[0.323s] Level 1:colcon.colcon_core.package_discovery:discover_packages(ignore) check parameters
[0.323s] Level 1:colcon.colcon_core.package_discovery:discover_packages(path) check parameters
[0.323s] Level 1:colcon.colcon_core.package_discovery:discover_packages(colcon_meta) discover
[0.323s] Level 1:colcon.colcon_core.package_discovery:discover_packages(recursive) discover
[0.323s] INFO:colcon.colcon_core.package_discovery:Crawling recursively for packages in '/home/gabriel/software/AutonomousDriving'
[0.323s] Level 1:colcon.colcon_core.package_identification:_identify(.) by extensions ['ignore', 'ignore_ament_install']
[0.323s] Level 1:colcon.colcon_core.package_identification:_identify(.) by extension 'ignore'
[0.323s] Level 1:colcon.colcon_core.package_identification:_identify(.) by extension 'ignore_ament_install'
[0.323s] Level 1:colcon.colcon_core.package_identification:_identify(.) by extensions ['colcon_pkg']
[0.323s] Level 1:colcon.colcon_core.package_identification:_identify(.) by extension 'colcon_pkg'
[0.323s] Level 1:colcon.colcon_core.package_identification:_identify(.) by extensions ['colcon_meta']
[0.323s] Level 1:colcon.colcon_core.package_identification:_identify(.) by extension 'colcon_meta'
[0.323s] Level 1:colcon.colcon_core.package_identification:_identify(.) by extensions ['ros']
[0.323s] Level 1:colcon.colcon_core.package_identification:_identify(.) by extension 'ros'
[0.331s] Level 1:colcon.colcon_core.package_identification:_identify(.) by extensions ['cmake', 'python']
[0.331s] Level 1:colcon.colcon_core.package_identification:_identify(.) by extension 'cmake'
[0.331s] Level 1:colcon.colcon_core.package_identification:_identify(.) by extension 'python'
[0.331s] Level 1:colcon.colcon_core.package_identification:_identify(.) by extensions ['python_setup_py']
[0.331s] Level 1:colcon.colcon_core.package_identification:_identify(.) by extension 'python_setup_py'
[0.331s] Level 1:colcon.colcon_core.package_identification:_identify(build) by extensions ['ignore', 'ignore_ament_install']
[0.331s] Level 1:colcon.colcon_core.package_identification:_identify(build) by extension 'ignore'
[0.331s] Level 1:colcon.colcon_core.package_identification:_identify(build) ignored
[0.331s] Level 1:colcon.colcon_core.package_identification:_identify(install) by extensions ['ignore', 'ignore_ament_install']
[0.331s] Level 1:colcon.colcon_core.package_identification:_identify(install) by extension 'ignore'
[0.331s] Level 1:colcon.colcon_core.package_identification:_identify(install) ignored
[0.331s] Level 1:colcon.colcon_core.package_identification:_identify(log) by extensions ['ignore', 'ignore_ament_install']
[0.331s] Level 1:colcon.colcon_core.package_identification:_identify(log) by extension 'ignore'
[0.331s] Level 1:colcon.colcon_core.package_identification:_identify(log) ignored
[0.331s] Level 1:colcon.colcon_core.package_identification:_identify(src) by extensions ['ignore', 'ignore_ament_install']
[0.331s] Level 1:colcon.colcon_core.package_identification:_identify(src) by extension 'ignore'
[0.331s] Level 1:colcon.colcon_core.package_identification:_identify(src) by extension 'ignore_ament_install'
[0.331s] Level 1:colcon.colcon_core.package_identification:_identify(src) by extensions ['colcon_pkg']
[0.331s] Level 1:colcon.colcon_core.package_identification:_identify(src) by extension 'colcon_pkg'
[0.331s] Level 1:colcon.colcon_core.package_identification:_identify(src) by extensions ['colcon_meta']
[0.331s] Level 1:colcon.colcon_core.package_identification:_identify(src) by extension 'colcon_meta'
[0.331s] Level 1:colcon.colcon_core.package_identification:_identify(src) by extensions ['ros']
[0.331s] Level 1:colcon.colcon_core.package_identification:_identify(src) by extension 'ros'
[0.331s] Level 1:colcon.colcon_core.package_identification:_identify(src) by extensions ['cmake', 'python']
[0.331s] Level 1:colcon.colcon_core.package_identification:_identify(src) by extension 'cmake'
[0.331s] Level 1:colcon.colcon_core.package_identification:_identify(src) by extension 'python'
[0.331s] Level 1:colcon.colcon_core.package_identification:_identify(src) by extensions ['python_setup_py']
[0.331s] Level 1:colcon.colcon_core.package_identification:_identify(src) by extension 'python_setup_py'
[0.331s] Level 1:colcon.colcon_core.package_identification:_identify(src/applanix_driver) by extensions ['ignore', 'ignore_ament_install']
[0.331s] Level 1:colcon.colcon_core.package_identification:_identify(src/applanix_driver) by extension 'ignore'
[0.332s] Level 1:colcon.colcon_core.package_identification:_identify(src/applanix_driver) by extension 'ignore_ament_install'
[0.332s] Level 1:colcon.colcon_core.package_identification:_identify(src/applanix_driver) by extensions ['colcon_pkg']
[0.332s] Level 1:colcon.colcon_core.package_identification:_identify(src/applanix_driver) by extension 'colcon_pkg'
[0.332s] Level 1:colcon.colcon_core.package_identification:_identify(src/applanix_driver) by extensions ['colcon_meta']
[0.332s] Level 1:colcon.colcon_core.package_identification:_identify(src/applanix_driver) by extension 'colcon_meta'
[0.332s] Level 1:colcon.colcon_core.package_identification:_identify(src/applanix_driver) by extensions ['ros']
[0.332s] Level 1:colcon.colcon_core.package_identification:_identify(src/applanix_driver) by extension 'ros'
[0.334s] DEBUG:colcon.colcon_core.package_identification:Package 'src/applanix_driver' with type 'ros.ament_cmake' and name 'applanix_driver'
[0.334s] Level 1:colcon.colcon_core.package_identification:_identify(src/autoware_auto_msgs) by extensions ['ignore', 'ignore_ament_install']
[0.334s] Level 1:colcon.colcon_core.package_identification:_identify(src/autoware_auto_msgs) by extension 'ignore'
[0.334s] Level 1:colcon.colcon_core.package_identification:_identify(src/autoware_auto_msgs) by extension 'ignore_ament_install'
[0.334s] Level 1:colcon.colcon_core.package_identification:_identify(src/autoware_auto_msgs) by extensions ['colcon_pkg']
[0.334s] Level 1:colcon.colcon_core.package_identification:_identify(src/autoware_auto_msgs) by extension 'colcon_pkg'
[0.334s] Level 1:colcon.colcon_core.package_identification:_identify(src/autoware_auto_msgs) by extensions ['colcon_meta']
[0.334s] Level 1:colcon.colcon_core.package_identification:_identify(src/autoware_auto_msgs) by extension 'colcon_meta'
[0.334s] Level 1:colcon.colcon_core.package_identification:_identify(src/autoware_auto_msgs) by extensions ['ros']
[0.334s] Level 1:colcon.colcon_core.package_identification:_identify(src/autoware_auto_msgs) by extension 'ros'
[0.335s] DEBUG:colcon.colcon_core.package_identification:Package 'src/autoware_auto_msgs' with type 'ros.ament_cmake' and name 'autoware_auto_msgs'
[0.335s] Level 1:colcon.colcon_core.package_identification:_identify(src/kia_test) by extensions ['ignore', 'ignore_ament_install']
[0.335s] Level 1:colcon.colcon_core.package_identification:_identify(src/kia_test) by extension 'ignore'
[0.335s] Level 1:colcon.colcon_core.package_identification:_identify(src/kia_test) by extension 'ignore_ament_install'
[0.335s] Level 1:colcon.colcon_core.package_identification:_identify(src/kia_test) by extensions ['colcon_pkg']
[0.335s] Level 1:colcon.colcon_core.package_identification:_identify(src/kia_test) by extension 'colcon_pkg'
[0.335s] Level 1:colcon.colcon_core.package_identification:_identify(src/kia_test) by extensions ['colcon_meta']
[0.335s] Level 1:colcon.colcon_core.package_identification:_identify(src/kia_test) by extension 'colcon_meta'
[0.335s] Level 1:colcon.colcon_core.package_identification:_identify(src/kia_test) by extensions ['ros']
[0.335s] Level 1:colcon.colcon_core.package_identification:_identify(src/kia_test) by extension 'ros'
[0.335s] DEBUG:colcon.colcon_core.package_identification:Package 'src/kia_test' with type 'ros.ament_cmake' and name 'kia_test'
[0.335s] Level 1:colcon.colcon_core.package_identification:_identify(src/minimal_simulator) by extensions ['ignore', 'ignore_ament_install']
[0.336s] Level 1:colcon.colcon_core.package_identification:_identify(src/minimal_simulator) by extension 'ignore'
[0.336s] Level 1:colcon.colcon_core.package_identification:_identify(src/minimal_simulator) by extension 'ignore_ament_install'
[0.336s] Level 1:colcon.colcon_core.package_identification:_identify(src/minimal_simulator) by extensions ['colcon_pkg']
[0.336s] Level 1:colcon.colcon_core.package_identification:_identify(src/minimal_simulator) by extension 'colcon_pkg'
[0.336s] Level 1:colcon.colcon_core.package_identification:_identify(src/minimal_simulator) by extensions ['colcon_meta']
[0.336s] Level 1:colcon.colcon_core.package_identification:_identify(src/minimal_simulator) by extension 'colcon_meta'
[0.336s] Level 1:colcon.colcon_core.package_identification:_identify(src/minimal_simulator) by extensions ['ros']
[0.336s] Level 1:colcon.colcon_core.package_identification:_identify(src/minimal_simulator) by extension 'ros'
[0.336s] DEBUG:colcon.colcon_core.package_identification:Package 'src/minimal_simulator' with type 'ros.ament_cmake' and name 'minimal_simulator'
[0.336s] Level 1:colcon.colcon_core.package_identification:_identify(src/pid_velocity_control) by extensions ['ignore', 'ignore_ament_install']
[0.336s] Level 1:colcon.colcon_core.package_identification:_identify(src/pid_velocity_control) by extension 'ignore'
[0.336s] Level 1:colcon.colcon_core.package_identification:_identify(src/pid_velocity_control) by extension 'ignore_ament_install'
[0.336s] Level 1:colcon.colcon_core.package_identification:_identify(src/pid_velocity_control) by extensions ['colcon_pkg']
[0.336s] Level 1:colcon.colcon_core.package_identification:_identify(src/pid_velocity_control) by extension 'colcon_pkg'
[0.336s] Level 1:colcon.colcon_core.package_identification:_identify(src/pid_velocity_control) by extensions ['colcon_meta']
[0.336s] Level 1:colcon.colcon_core.package_identification:_identify(src/pid_velocity_control) by extension 'colcon_meta'
[0.336s] Level 1:colcon.colcon_core.package_identification:_identify(src/pid_velocity_control) by extensions ['ros']
[0.336s] Level 1:colcon.colcon_core.package_identification:_identify(src/pid_velocity_control) by extension 'ros'
[0.337s] DEBUG:colcon.colcon_core.package_identification:Package 'src/pid_velocity_control' with type 'ros.ament_cmake' and name 'pid_velocity_control'
[0.337s] Level 1:colcon.colcon_core.package_identification:_identify(src/trajectory_following) by extensions ['ignore', 'ignore_ament_install']
[0.337s] Level 1:colcon.colcon_core.package_identification:_identify(src/trajectory_following) by extension 'ignore'
[0.337s] Level 1:colcon.colcon_core.package_identification:_identify(src/trajectory_following) by extension 'ignore_ament_install'
[0.337s] Level 1:colcon.colcon_core.package_identification:_identify(src/trajectory_following) by extensions ['colcon_pkg']
[0.337s] Level 1:colcon.colcon_core.package_identification:_identify(src/trajectory_following) by extension 'colcon_pkg'
[0.337s] Level 1:colcon.colcon_core.package_identification:_identify(src/trajectory_following) by extensions ['colcon_meta']
[0.337s] Level 1:colcon.colcon_core.package_identification:_identify(src/trajectory_following) by extension 'colcon_meta'
[0.337s] Level 1:colcon.colcon_core.package_identification:_identify(src/trajectory_following) by extensions ['ros']
[0.337s] Level 1:colcon.colcon_core.package_identification:_identify(src/trajectory_following) by extension 'ros'
[0.338s] DEBUG:colcon.colcon_core.package_identification:Package 'src/trajectory_following' with type 'ros.ament_cmake' and name 'trajectory_following'
[0.338s] Level 1:colcon.colcon_core.package_identification:_identify(src/urdf) by extensions ['ignore', 'ignore_ament_install']
[0.338s] Level 1:colcon.colcon_core.package_identification:_identify(src/urdf) by extension 'ignore'
[0.338s] Level 1:colcon.colcon_core.package_identification:_identify(src/urdf) by extension 'ignore_ament_install'
[0.338s] Level 1:colcon.colcon_core.package_identification:_identify(src/urdf) by extensions ['colcon_pkg']
[0.338s] Level 1:colcon.colcon_core.package_identification:_identify(src/urdf) by extension 'colcon_pkg'
[0.338s] Level 1:colcon.colcon_core.package_identification:_identify(src/urdf) by extensions ['colcon_meta']
[0.338s] Level 1:colcon.colcon_core.package_identification:_identify(src/urdf) by extension 'colcon_meta'
[0.338s] Level 1:colcon.colcon_core.package_identification:_identify(src/urdf) by extensions ['ros']
[0.338s] Level 1:colcon.colcon_core.package_identification:_identify(src/urdf) by extension 'ros'
[0.338s] Level 1:colcon.colcon_core.package_identification:_identify(src/urdf) by extensions ['cmake', 'python']
[0.338s] Level 1:colcon.colcon_core.package_identification:_identify(src/urdf) by extension 'cmake'
[0.338s] Level 1:colcon.colcon_core.package_identification:_identify(src/urdf) by extension 'python'
[0.338s] Level 1:colcon.colcon_core.package_identification:_identify(src/urdf) by extensions ['python_setup_py']
[0.338s] Level 1:colcon.colcon_core.package_identification:_identify(src/urdf) by extension 'python_setup_py'
[0.338s] Level 1:colcon.colcon_core.package_identification:_identify(src/urdf/lexus_rx_450h_description) by extensions ['ignore', 'ignore_ament_install']
[0.338s] Level 1:colcon.colcon_core.package_identification:_identify(src/urdf/lexus_rx_450h_description) by extension 'ignore'
[0.338s] Level 1:colcon.colcon_core.package_identification:_identify(src/urdf/lexus_rx_450h_description) by extension 'ignore_ament_install'
[0.338s] Level 1:colcon.colcon_core.package_identification:_identify(src/urdf/lexus_rx_450h_description) by extensions ['colcon_pkg']
[0.338s] Level 1:colcon.colcon_core.package_identification:_identify(src/urdf/lexus_rx_450h_description) by extension 'colcon_pkg'
[0.338s] Level 1:colcon.colcon_core.package_identification:_identify(src/urdf/lexus_rx_450h_description) by extensions ['colcon_meta']
[0.338s] Level 1:colcon.colcon_core.package_identification:_identify(src/urdf/lexus_rx_450h_description) by extension 'colcon_meta'
[0.338s] Level 1:colcon.colcon_core.package_identification:_identify(src/urdf/lexus_rx_450h_description) by extensions ['ros']
[0.338s] Level 1:colcon.colcon_core.package_identification:_identify(src/urdf/lexus_rx_450h_description) by extension 'ros'
[0.339s] DEBUG:colcon.colcon_core.package_identification:Package 'src/urdf/lexus_rx_450h_description' with type 'ros.ament_cmake' and name 'lexus_rx_450h_description'
[0.339s] Level 1:colcon.colcon_core.package_discovery:discover_packages(recursive) using defaults
[0.339s] Level 1:colcon.colcon_core.package_discovery:discover_packages(ignore) discover
[0.339s] Level 1:colcon.colcon_core.package_discovery:discover_packages(ignore) using defaults
[0.339s] Level 1:colcon.colcon_core.package_discovery:discover_packages(path) discover
[0.339s] Level 1:colcon.colcon_core.package_discovery:discover_packages(path) using defaults
[0.364s] Level 5:colcon.colcon_core.verb:set package 'autoware_auto_msgs' build argument 'cmake_args' from command line to 'None'
[0.364s] Level 5:colcon.colcon_core.verb:set package 'autoware_auto_msgs' build argument 'cmake_target' from command line to 'None'
[0.364s] Level 5:colcon.colcon_core.verb:set package 'autoware_auto_msgs' build argument 'cmake_target_skip_unavailable' from command line to 'False'
[0.364s] Level 5:colcon.colcon_core.verb:set package 'autoware_auto_msgs' build argument 'cmake_clean_cache' from command line to 'False'
[0.364s] Level 5:colcon.colcon_core.verb:set package 'autoware_auto_msgs' build argument 'cmake_clean_first' from command line to 'False'
[0.364s] Level 5:colcon.colcon_core.verb:set package 'autoware_auto_msgs' build argument 'cmake_force_configure' from command line to 'False'
[0.364s] Level 5:colcon.colcon_core.verb:set package 'autoware_auto_msgs' build argument 'ament_cmake_args' from command line to 'None'
[0.364s] Level 5:colcon.colcon_core.verb:set package 'autoware_auto_msgs' build argument 'catkin_cmake_args' from command line to 'None'
[0.364s] Level 5:colcon.colcon_core.verb:set package 'autoware_auto_msgs' build argument 'catkin_skip_building_tests' from command line to 'False'
[0.364s] DEBUG:colcon.colcon_core.verb:Building package 'autoware_auto_msgs' with the following arguments: {'ament_cmake_args': None, 'build_base': '/home/gabriel/software/AutonomousDriving/build/autoware_auto_msgs', 'catkin_cmake_args': None, 'catkin_skip_building_tests': False, 'cmake_args': None, 'cmake_clean_cache': False, 'cmake_clean_first': False, 'cmake_force_configure': False, 'cmake_target': None, 'cmake_target_skip_unavailable': False, 'install_base': '/home/gabriel/software/AutonomousDriving/install/autoware_auto_msgs', 'merge_install': False, 'path': '/home/gabriel/software/AutonomousDriving/src/autoware_auto_msgs', 'symlink_install': False, 'test_result_base': None}
[0.368s] Level 5:colcon.colcon_core.verb:set package 'lexus_rx_450h_description' build argument 'cmake_args' from command line to 'None'
[0.368s] Level 5:colcon.colcon_core.verb:set package 'lexus_rx_450h_description' build argument 'cmake_target' from command line to 'None'
[0.368s] Level 5:colcon.colcon_core.verb:set package 'lexus_rx_450h_description' build argument 'cmake_target_skip_unavailable' from command line to 'False'
[0.368s] Level 5:colcon.colcon_core.verb:set package 'lexus_rx_450h_description' build argument 'cmake_clean_cache' from command line to 'False'
[0.368s] Level 5:colcon.colcon_core.verb:set package 'lexus_rx_450h_description' build argument 'cmake_clean_first' from command line to 'False'
[0.368s] Level 5:colcon.colcon_core.verb:set package 'lexus_rx_450h_description' build argument 'cmake_force_configure' from command line to 'False'
[0.368s] Level 5:colcon.colcon_core.verb:set package 'lexus_rx_450h_description' build argument 'ament_cmake_args' from command line to 'None'
[0.368s] Level 5:colcon.colcon_core.verb:set package 'lexus_rx_450h_description' build argument 'catkin_cmake_args' from command line to 'None'
[0.368s] Level 5:colcon.colcon_core.verb:set package 'lexus_rx_450h_description' build argument 'catkin_skip_building_tests' from command line to 'False'
[0.368s] DEBUG:colcon.colcon_core.verb:Building package 'lexus_rx_450h_description' with the following arguments: {'ament_cmake_args': None, 'build_base': '/home/gabriel/software/AutonomousDriving/build/lexus_rx_450h_description', 'catkin_cmake_args': None, 'catkin_skip_building_tests': False, 'cmake_args': None, 'cmake_clean_cache': False, 'cmake_clean_first': False, 'cmake_force_configure': False, 'cmake_target': None, 'cmake_target_skip_unavailable': False, 'install_base': '/home/gabriel/software/AutonomousDriving/install/lexus_rx_450h_description', 'merge_install': False, 'path': '/home/gabriel/software/AutonomousDriving/src/urdf/lexus_rx_450h_description', 'symlink_install': False, 'test_result_base': None}
[0.372s] Level 5:colcon.colcon_core.verb:set package 'applanix_driver' build argument 'cmake_args' from command line to 'None'
[0.372s] Level 5:colcon.colcon_core.verb:set package 'applanix_driver' build argument 'cmake_target' from command line to 'None'
[0.372s] Level 5:colcon.colcon_core.verb:set package 'applanix_driver' build argument 'cmake_target_skip_unavailable' from command line to 'False'
[0.372s] Level 5:colcon.colcon_core.verb:set package 'applanix_driver' build argument 'cmake_clean_cache' from command line to 'False'
[0.372s] Level 5:colcon.colcon_core.verb:set package 'applanix_driver' build argument 'cmake_clean_first' from command line to 'False'
[0.372s] Level 5:colcon.colcon_core.verb:set package 'applanix_driver' build argument 'cmake_force_configure' from command line to 'False'
[0.372s] Level 5:colcon.colcon_core.verb:set package 'applanix_driver' build argument 'ament_cmake_args' from command line to 'None'
[0.372s] Level 5:colcon.colcon_core.verb:set package 'applanix_driver' build argument 'catkin_cmake_args' from command line to 'None'
[0.372s] Level 5:colcon.colcon_core.verb:set package 'applanix_driver' build argument 'catkin_skip_building_tests' from command line to 'False'
[0.372s] DEBUG:colcon.colcon_core.verb:Building package 'applanix_driver' with the following arguments: {'ament_cmake_args': None, 'build_base': '/home/gabriel/software/AutonomousDriving/build/applanix_driver', 'catkin_cmake_args': None, 'catkin_skip_building_tests': False, 'cmake_args': None, 'cmake_clean_cache': False, 'cmake_clean_first': False, 'cmake_force_configure': False, 'cmake_target': None, 'cmake_target_skip_unavailable': False, 'install_base': '/home/gabriel/software/AutonomousDriving/install/applanix_driver', 'merge_install': False, 'path': '/home/gabriel/software/AutonomousDriving/src/applanix_driver', 'symlink_install': False, 'test_result_base': None}
[0.376s] Level 5:colcon.colcon_core.verb:set package 'minimal_simulator' build argument 'cmake_args' from command line to 'None'
[0.376s] Level 5:colcon.colcon_core.verb:set package 'minimal_simulator' build argument 'cmake_target' from command line to 'None'
[0.376s] Level 5:colcon.colcon_core.verb:set package 'minimal_simulator' build argument 'cmake_target_skip_unavailable' from command line to 'False'
[0.376s] Level 5:colcon.colcon_core.verb:set package 'minimal_simulator' build argument 'cmake_clean_cache' from command line to 'False'
[0.376s] Level 5:colcon.colcon_core.verb:set package 'minimal_simulator' build argument 'cmake_clean_first' from command line to 'False'
[0.376s] Level 5:colcon.colcon_core.verb:set package 'minimal_simulator' build argument 'cmake_force_configure' from command line to 'False'
[0.376s] Level 5:colcon.colcon_core.verb:set package 'minimal_simulator' build argument 'ament_cmake_args' from command line to 'None'
[0.376s] Level 5:colcon.colcon_core.verb:set package 'minimal_simulator' build argument 'catkin_cmake_args' from command line to 'None'
[0.376s] Level 5:colcon.colcon_core.verb:set package 'minimal_simulator' build argument 'catkin_skip_building_tests' from command line to 'False'
[0.376s] DEBUG:colcon.colcon_core.verb:Building package 'minimal_simulator' with the following arguments: {'ament_cmake_args': None, 'build_base': '/home/gabriel/software/AutonomousDriving/build/minimal_simulator', 'catkin_cmake_args': None, 'catkin_skip_building_tests': False, 'cmake_args': None, 'cmake_clean_cache': False, 'cmake_clean_first': False, 'cmake_force_configure': False, 'cmake_target': None, 'cmake_target_skip_unavailable': False, 'install_base': '/home/gabriel/software/AutonomousDriving/install/minimal_simulator', 'merge_install': False, 'path': '/home/gabriel/software/AutonomousDriving/src/minimal_simulator', 'symlink_install': False, 'test_result_base': None}
[0.380s] Level 5:colcon.colcon_core.verb:set package 'pid_velocity_control' build argument 'cmake_args' from command line to 'None'
[0.380s] Level 5:colcon.colcon_core.verb:set package 'pid_velocity_control' build argument 'cmake_target' from command line to 'None'
[0.380s] Level 5:colcon.colcon_core.verb:set package 'pid_velocity_control' build argument 'cmake_target_skip_unavailable' from command line to 'False'
[0.380s] Level 5:colcon.colcon_core.verb:set package 'pid_velocity_control' build argument 'cmake_clean_cache' from command line to 'False'
[0.380s] Level 5:colcon.colcon_core.verb:set package 'pid_velocity_control' build argument 'cmake_clean_first' from command line to 'False'
[0.380s] Level 5:colcon.colcon_core.verb:set package 'pid_velocity_control' build argument 'cmake_force_configure' from command line to 'False'
[0.380s] Level 5:colcon.colcon_core.verb:set package 'pid_velocity_control' build argument 'ament_cmake_args' from command line to 'None'
[0.380s] Level 5:colcon.colcon_core.verb:set package 'pid_velocity_control' build argument 'catkin_cmake_args' from command line to 'None'
[0.380s] Level 5:colcon.colcon_core.verb:set package 'pid_velocity_control' build argument 'catkin_skip_building_tests' from command line to 'False'
[0.380s] DEBUG:colcon.colcon_core.verb:Building package 'pid_velocity_control' with the following arguments: {'ament_cmake_args': None, 'build_base': '/home/gabriel/software/AutonomousDriving/build/pid_velocity_control', 'catkin_cmake_args': None, 'catkin_skip_building_tests': False, 'cmake_args': None, 'cmake_clean_cache': False, 'cmake_clean_first': False, 'cmake_force_configure': False, 'cmake_target': None, 'cmake_target_skip_unavailable': False, 'install_base': '/home/gabriel/software/AutonomousDriving/install/pid_velocity_control', 'merge_install': False, 'path': '/home/gabriel/software/AutonomousDriving/src/pid_velocity_control', 'symlink_install': False, 'test_result_base': None}
[0.384s] Level 5:colcon.colcon_core.verb:set package 'trajectory_following' build argument 'cmake_args' from command line to 'None'
[0.384s] Level 5:colcon.colcon_core.verb:set package 'trajectory_following' build argument 'cmake_target' from command line to 'None'
[0.384s] Level 5:colcon.colcon_core.verb:set package 'trajectory_following' build argument 'cmake_target_skip_unavailable' from command line to 'False'
[0.384s] Level 5:colcon.colcon_core.verb:set package 'trajectory_following' build argument 'cmake_clean_cache' from command line to 'False'
[0.384s] Level 5:colcon.colcon_core.verb:set package 'trajectory_following' build argument 'cmake_clean_first' from command line to 'False'
[0.384s] Level 5:colcon.colcon_core.verb:set package 'trajectory_following' build argument 'cmake_force_configure' from command line to 'False'
[0.384s] Level 5:colcon.colcon_core.verb:set package 'trajectory_following' build argument 'ament_cmake_args' from command line to 'None'
[0.384s] Level 5:colcon.colcon_core.verb:set package 'trajectory_following' build argument 'catkin_cmake_args' from command line to 'None'
[0.384s] Level 5:colcon.colcon_core.verb:set package 'trajectory_following' build argument 'catkin_skip_building_tests' from command line to 'False'
[0.384s] DEBUG:colcon.colcon_core.verb:Building package 'trajectory_following' with the following arguments: {'ament_cmake_args': None, 'build_base': '/home/gabriel/software/AutonomousDriving/build/trajectory_following', 'catkin_cmake_args': None, 'catkin_skip_building_tests': False, 'cmake_args': None, 'cmake_clean_cache': False, 'cmake_clean_first': False, 'cmake_force_configure': False, 'cmake_target': None, 'cmake_target_skip_unavailable': False, 'install_base': '/home/gabriel/software/AutonomousDriving/install/trajectory_following', 'merge_install': False, 'path': '/home/gabriel/software/AutonomousDriving/src/trajectory_following', 'symlink_install': False, 'test_result_base': None}
[0.388s] Level 5:colcon.colcon_core.verb:set package 'kia_test' build argument 'cmake_args' from command line to 'None'
[0.388s] Level 5:colcon.colcon_core.verb:set package 'kia_test' build argument 'cmake_target' from command line to 'None'
[0.388s] Level 5:colcon.colcon_core.verb:set package 'kia_test' build argument 'cmake_target_skip_unavailable' from command line to 'False'
[0.388s] Level 5:colcon.colcon_core.verb:set package 'kia_test' build argument 'cmake_clean_cache' from command line to 'False'
[0.388s] Level 5:colcon.colcon_core.verb:set package 'kia_test' build argument 'cmake_clean_first' from command line to 'False'
[0.388s] Level 5:colcon.colcon_core.verb:set package 'kia_test' build argument 'cmake_force_configure' from command line to 'False'
[0.388s] Level 5:colcon.colcon_core.verb:set package 'kia_test' build argument 'ament_cmake_args' from command line to 'None'
[0.388s] Level 5:colcon.colcon_core.verb:set package 'kia_test' build argument 'catkin_cmake_args' from command line to 'None'
[0.388s] Level 5:colcon.colcon_core.verb:set package 'kia_test' build argument 'catkin_skip_building_tests' from command line to 'False'
[0.388s] DEBUG:colcon.colcon_core.verb:Building package 'kia_test' with the following arguments: {'ament_cmake_args': None, 'build_base': '/home/gabriel/software/AutonomousDriving/build/kia_test', 'catkin_cmake_args': None, 'catkin_skip_building_tests': False, 'cmake_args': None, 'cmake_clean_cache': False, 'cmake_clean_first': False, 'cmake_force_configure': False, 'cmake_target': None, 'cmake_target_skip_unavailable': False, 'install_base': '/home/gabriel/software/AutonomousDriving/install/kia_test', 'merge_install': False, 'path': '/home/gabriel/software/AutonomousDriving/src/kia_test', 'symlink_install': False, 'test_result_base': None}
[0.393s] INFO:colcon.colcon_core.executor:Executing jobs using 'parallel' executor
[0.399s] DEBUG:colcon.colcon_parallel_executor.executor.parallel:run_until_complete
[0.399s] INFO:colcon.colcon_ros.task.ament_cmake.build:Building ROS package in '/home/gabriel/software/AutonomousDriving/src/autoware_auto_msgs' with build type 'ament_cmake'
[0.399s] INFO:colcon.colcon_cmake.task.cmake.build:Building CMake package in '/home/gabriel/software/AutonomousDriving/src/autoware_auto_msgs'
[0.406s] INFO:colcon.colcon_core.plugin_system:Skipping extension 'colcon_core.shell.bat': Not used on non-Windows systems
[0.406s] INFO:colcon.colcon_core.shell:Skip shell extension 'powershell' for command environment: Not usable outside of PowerShell
[0.406s] DEBUG:colcon.colcon_core.shell:Skip shell extension 'dsv' for command environment
[0.410s] INFO:colcon.colcon_ros.task.ament_cmake.build:Building ROS package in '/home/gabriel/software/AutonomousDriving/src/urdf/lexus_rx_450h_description' with build type 'ament_cmake'
[0.410s] INFO:colcon.colcon_cmake.task.cmake.build:Building CMake package in '/home/gabriel/software/AutonomousDriving/src/urdf/lexus_rx_450h_description'
[0.413s] INFO:colcon.colcon_core.shell:Skip shell extension 'powershell' for command environment: Not usable outside of PowerShell
[0.413s] DEBUG:colcon.colcon_core.shell:Skip shell extension 'dsv' for command environment
[0.420s] DEBUG:colcon.colcon_core.event_handler.log_command:Invoking command in '/home/gabriel/software/AutonomousDriving/build/autoware_auto_msgs': /usr/bin/cmake --build /home/gabriel/software/AutonomousDriving/build/autoware_auto_msgs -- -j16 -l16
[0.424s] DEBUG:colcon.colcon_core.event_handler.log_command:Invoking command in '/home/gabriel/software/AutonomousDriving/build/lexus_rx_450h_description': /usr/bin/cmake --build /home/gabriel/software/AutonomousDriving/build/lexus_rx_450h_description -- -j16 -l16
[0.459s] DEBUG:colcon.colcon_core.event_handler.log_command:Invoked command in '/home/gabriel/software/AutonomousDriving/build/lexus_rx_450h_description' returned '0': /usr/bin/cmake --build /home/gabriel/software/AutonomousDriving/build/lexus_rx_450h_description -- -j16 -l16
[0.479s] DEBUG:colcon.colcon_core.event_handler.log_command:Invoking command in '/home/gabriel/software/AutonomousDriving/build/lexus_rx_450h_description': /usr/bin/cmake --install /home/gabriel/software/AutonomousDriving/build/lexus_rx_450h_description
[0.485s] Level 1:colcon.colcon_core.environment:create_environment_scripts_only(lexus_rx_450h_description)
[0.487s] DEBUG:colcon.colcon_core.event_handler.log_command:Invoked command in '/home/gabriel/software/AutonomousDriving/build/lexus_rx_450h_description' returned '0': /usr/bin/cmake --install /home/gabriel/software/AutonomousDriving/build/lexus_rx_450h_description
[0.494s] Level 1:colcon.colcon_core.environment:checking '/home/gabriel/software/AutonomousDriving/install/lexus_rx_450h_description' for CMake module files
[0.494s] Level 1:colcon.colcon_core.environment:checking '/home/gabriel/software/AutonomousDriving/install/lexus_rx_450h_description' for CMake config files
[0.494s] Level 1:colcon.colcon_core.shell:create_environment_hook('lexus_rx_450h_description', 'cmake_prefix_path')
[0.497s] INFO:colcon.colcon_core.shell:Creating environment hook '/home/gabriel/software/AutonomousDriving/install/lexus_rx_450h_description/share/lexus_rx_450h_description/hook/cmake_prefix_path.ps1'
[0.498s] INFO:colcon.colcon_core.shell:Creating environment descriptor '/home/gabriel/software/AutonomousDriving/install/lexus_rx_450h_description/share/lexus_rx_450h_description/hook/cmake_prefix_path.dsv'
[0.498s] INFO:colcon.colcon_core.shell:Creating environment hook '/home/gabriel/software/AutonomousDriving/install/lexus_rx_450h_description/share/lexus_rx_450h_description/hook/cmake_prefix_path.sh'
[0.499s] Level 1:colcon.colcon_core.environment:checking '/home/gabriel/software/AutonomousDriving/install/lexus_rx_450h_description/bin'
[0.499s] Level 1:colcon.colcon_core.environment:checking '/home/gabriel/software/AutonomousDriving/install/lexus_rx_450h_description/lib/pkgconfig/lexus_rx_450h_description.pc'
[0.499s] Level 1:colcon.colcon_core.environment:checking '/home/gabriel/software/AutonomousDriving/install/lexus_rx_450h_description/lib/python3.8/site-packages'
[0.502s] INFO:colcon.colcon_core.shell:Creating package script '/home/gabriel/software/AutonomousDriving/install/lexus_rx_450h_description/share/lexus_rx_450h_description/package.ps1'
[0.503s] INFO:colcon.colcon_core.shell:Creating package descriptor '/home/gabriel/software/AutonomousDriving/install/lexus_rx_450h_description/share/lexus_rx_450h_description/package.dsv'
[0.503s] INFO:colcon.colcon_core.shell:Creating package script '/home/gabriel/software/AutonomousDriving/install/lexus_rx_450h_description/share/lexus_rx_450h_description/package.sh'
[0.504s] INFO:colcon.colcon_core.shell:Creating package script '/home/gabriel/software/AutonomousDriving/install/lexus_rx_450h_description/share/lexus_rx_450h_description/package.bash'
[0.504s] INFO:colcon.colcon_core.shell:Creating package script '/home/gabriel/software/AutonomousDriving/install/lexus_rx_450h_description/share/lexus_rx_450h_description/package.zsh'
[0.505s] Level 1:colcon.colcon_core.environment:create_file_with_runtime_dependencies(/home/gabriel/software/AutonomousDriving/install/lexus_rx_450h_description/share/colcon-core/packages/lexus_rx_450h_description)
[0.521s] Level 1:colcon.colcon_core.environment:create_environment_scripts_only(lexus_rx_450h_description)
[0.524s] Level 1:colcon.colcon_core.environment:checking '/home/gabriel/software/AutonomousDriving/install/lexus_rx_450h_description' for CMake module files
[0.524s] Level 1:colcon.colcon_core.environment:checking '/home/gabriel/software/AutonomousDriving/install/lexus_rx_450h_description' for CMake config files
[0.524s] Level 1:colcon.colcon_core.shell:create_environment_hook('lexus_rx_450h_description', 'cmake_prefix_path')
[0.528s] INFO:colcon.colcon_core.shell:Creating environment hook '/home/gabriel/software/AutonomousDriving/install/lexus_rx_450h_description/share/lexus_rx_450h_description/hook/cmake_prefix_path.ps1'
[0.528s] INFO:colcon.colcon_core.shell:Creating environment descriptor '/home/gabriel/software/AutonomousDriving/install/lexus_rx_450h_description/share/lexus_rx_450h_description/hook/cmake_prefix_path.dsv'
[0.528s] INFO:colcon.colcon_core.shell:Creating environment hook '/home/gabriel/software/AutonomousDriving/install/lexus_rx_450h_description/share/lexus_rx_450h_description/hook/cmake_prefix_path.sh'
[0.528s] Level 1:colcon.colcon_core.environment:checking '/home/gabriel/software/AutonomousDriving/install/lexus_rx_450h_description/bin'
[0.528s] Level 1:colcon.colcon_core.environment:checking '/home/gabriel/software/AutonomousDriving/install/lexus_rx_450h_description/lib/pkgconfig/lexus_rx_450h_description.pc'
[0.528s] Level 1:colcon.colcon_core.environment:checking '/home/gabriel/software/AutonomousDriving/install/lexus_rx_450h_description/lib/python3.8/site-packages'
[0.531s] INFO:colcon.colcon_core.shell:Creating package script '/home/gabriel/software/AutonomousDriving/install/lexus_rx_450h_description/share/lexus_rx_450h_description/package.ps1'
[0.532s] INFO:colcon.colcon_core.shell:Creating package descriptor '/home/gabriel/software/AutonomousDriving/install/lexus_rx_450h_description/share/lexus_rx_450h_description/package.dsv'
[0.532s] INFO:colcon.colcon_core.shell:Creating package script '/home/gabriel/software/AutonomousDriving/install/lexus_rx_450h_description/share/lexus_rx_450h_description/package.sh'
[0.532s] INFO:colcon.colcon_core.shell:Creating package script '/home/gabriel/software/AutonomousDriving/install/lexus_rx_450h_description/share/lexus_rx_450h_description/package.bash'
[0.532s] INFO:colcon.colcon_core.shell:Creating package script '/home/gabriel/software/AutonomousDriving/install/lexus_rx_450h_description/share/lexus_rx_450h_description/package.zsh'
[0.533s] Level 1:colcon.colcon_core.environment:create_file_with_runtime_dependencies(/home/gabriel/software/AutonomousDriving/install/lexus_rx_450h_description/share/colcon-core/packages/lexus_rx_450h_description)
[0.632s] DEBUG:colcon.colcon_core.event_handler.log_command:Invoked command in '/home/gabriel/software/AutonomousDriving/build/autoware_auto_msgs' returned '0': /usr/bin/cmake --build /home/gabriel/software/AutonomousDriving/build/autoware_auto_msgs -- -j16 -l16
[0.954s] DEBUG:colcon.colcon_core.event_handler.log_command:Invoking command in '/home/gabriel/software/AutonomousDriving/build/autoware_auto_msgs': /usr/bin/cmake --install /home/gabriel/software/AutonomousDriving/build/autoware_auto_msgs
[1.014s] Level 1:colcon.colcon_core.environment:create_environment_scripts_only(autoware_auto_msgs)
[1.017s] Level 1:colcon.colcon_core.environment:checking '/home/gabriel/software/AutonomousDriving/install/autoware_auto_msgs' for CMake module files
[1.018s] DEBUG:colcon.colcon_core.event_handler.log_command:Invoked command in '/home/gabriel/software/AutonomousDriving/build/autoware_auto_msgs' returned '0': /usr/bin/cmake --install /home/gabriel/software/AutonomousDriving/build/autoware_auto_msgs
[1.018s] Level 1:colcon.colcon_core.environment:checking '/home/gabriel/software/AutonomousDriving/install/autoware_auto_msgs' for CMake config files
[1.018s] Level 1:colcon.colcon_core.shell:create_environment_hook('autoware_auto_msgs', 'cmake_prefix_path')
[1.021s] INFO:colcon.colcon_core.shell:Creating environment hook '/home/gabriel/software/AutonomousDriving/install/autoware_auto_msgs/share/autoware_auto_msgs/hook/cmake_prefix_path.ps1'
[1.022s] INFO:colcon.colcon_core.shell:Creating environment descriptor '/home/gabriel/software/AutonomousDriving/install/autoware_auto_msgs/share/autoware_auto_msgs/hook/cmake_prefix_path.dsv'
[1.022s] INFO:colcon.colcon_core.shell:Creating environment hook '/home/gabriel/software/AutonomousDriving/install/autoware_auto_msgs/share/autoware_auto_msgs/hook/cmake_prefix_path.sh'
[1.022s] Level 1:colcon.colcon_core.environment:checking '/home/gabriel/software/AutonomousDriving/install/autoware_auto_msgs/lib'
[1.022s] Level 1:colcon.colcon_core.shell:create_environment_hook('autoware_auto_msgs', 'ld_library_path_lib')
[1.025s] INFO:colcon.colcon_core.shell:Creating environment hook '/home/gabriel/software/AutonomousDriving/install/autoware_auto_msgs/share/autoware_auto_msgs/hook/ld_library_path_lib.ps1'
[1.025s] INFO:colcon.colcon_core.shell:Creating environment descriptor '/home/gabriel/software/AutonomousDriving/install/autoware_auto_msgs/share/autoware_auto_msgs/hook/ld_library_path_lib.dsv'
[1.025s] INFO:colcon.colcon_core.shell:Creating environment hook '/home/gabriel/software/AutonomousDriving/install/autoware_auto_msgs/share/autoware_auto_msgs/hook/ld_library_path_lib.sh'
[1.025s] Level 1:colcon.colcon_core.environment:checking '/home/gabriel/software/AutonomousDriving/install/autoware_auto_msgs/bin'
[1.026s] Level 1:colcon.colcon_core.environment:checking '/home/gabriel/software/AutonomousDriving/install/autoware_auto_msgs/lib/pkgconfig/autoware_auto_msgs.pc'
[1.026s] Level 1:colcon.colcon_core.environment:checking '/home/gabriel/software/AutonomousDriving/install/autoware_auto_msgs/lib/python3.8/site-packages'
[1.026s] Level 1:colcon.colcon_core.shell:create_environment_hook('autoware_auto_msgs', 'pythonpath')
[1.028s] INFO:colcon.colcon_core.shell:Creating environment hook '/home/gabriel/software/AutonomousDriving/install/autoware_auto_msgs/share/autoware_auto_msgs/hook/pythonpath.ps1'
[1.028s] INFO:colcon.colcon_core.shell:Creating environment descriptor '/home/gabriel/software/AutonomousDriving/install/autoware_auto_msgs/share/autoware_auto_msgs/hook/pythonpath.dsv'
[1.029s] INFO:colcon.colcon_core.shell:Creating environment hook '/home/gabriel/software/AutonomousDriving/install/autoware_auto_msgs/share/autoware_auto_msgs/hook/pythonpath.sh'
[1.032s] INFO:colcon.colcon_core.shell:Creating package script '/home/gabriel/software/AutonomousDriving/install/autoware_auto_msgs/share/autoware_auto_msgs/package.ps1'
[1.032s] INFO:colcon.colcon_core.shell:Creating package descriptor '/home/gabriel/software/AutonomousDriving/install/autoware_auto_msgs/share/autoware_auto_msgs/package.dsv'
[1.032s] INFO:colcon.colcon_core.shell:Creating package script '/home/gabriel/software/AutonomousDriving/install/autoware_auto_msgs/share/autoware_auto_msgs/package.sh'
[1.032s] INFO:colcon.colcon_core.shell:Creating package script '/home/gabriel/software/AutonomousDriving/install/autoware_auto_msgs/share/autoware_auto_msgs/package.bash'
[1.033s] INFO:colcon.colcon_core.shell:Creating package script '/home/gabriel/software/AutonomousDriving/install/autoware_auto_msgs/share/autoware_auto_msgs/package.zsh'
[1.033s] Level 1:colcon.colcon_core.environment:create_file_with_runtime_dependencies(/home/gabriel/software/AutonomousDriving/install/autoware_auto_msgs/share/colcon-core/packages/autoware_auto_msgs)
[1.233s] Level 1:colcon.colcon_core.environment:create_environment_scripts_only(autoware_auto_msgs)
[1.236s] Level 1:colcon.colcon_core.environment:checking '/home/gabriel/software/AutonomousDriving/install/autoware_auto_msgs' for CMake module files
[1.237s] Level 1:colcon.colcon_core.environment:checking '/home/gabriel/software/AutonomousDriving/install/autoware_auto_msgs' for CMake config files
[1.237s] Level 1:colcon.colcon_core.shell:create_environment_hook('autoware_auto_msgs', 'cmake_prefix_path')
[1.240s] INFO:colcon.colcon_core.shell:Creating environment hook '/home/gabriel/software/AutonomousDriving/install/autoware_auto_msgs/share/autoware_auto_msgs/hook/cmake_prefix_path.ps1'
[1.240s] INFO:colcon.colcon_core.shell:Creating environment descriptor '/home/gabriel/software/AutonomousDriving/install/autoware_auto_msgs/share/autoware_auto_msgs/hook/cmake_prefix_path.dsv'
[1.241s] INFO:colcon.colcon_core.shell:Creating environment hook '/home/gabriel/software/AutonomousDriving/install/autoware_auto_msgs/share/autoware_auto_msgs/hook/cmake_prefix_path.sh'
[1.241s] Level 1:colcon.colcon_core.environment:checking '/home/gabriel/software/AutonomousDriving/install/autoware_auto_msgs/lib'
[1.241s] Level 1:colcon.colcon_core.shell:create_environment_hook('autoware_auto_msgs', 'ld_library_path_lib')
[1.244s] INFO:colcon.colcon_core.shell:Creating environment hook '/home/gabriel/software/AutonomousDriving/install/autoware_auto_msgs/share/autoware_auto_msgs/hook/ld_library_path_lib.ps1'
[1.244s] INFO:colcon.colcon_core.shell:Creating environment descriptor '/home/gabriel/software/AutonomousDriving/install/autoware_auto_msgs/share/autoware_auto_msgs/hook/ld_library_path_lib.dsv'
[1.244s] INFO:colcon.colcon_core.shell:Creating environment hook '/home/gabriel/software/AutonomousDriving/install/autoware_auto_msgs/share/autoware_auto_msgs/hook/ld_library_path_lib.sh'
[1.244s] Level 1:colcon.colcon_core.environment:checking '/home/gabriel/software/AutonomousDriving/install/autoware_auto_msgs/bin'
[1.244s] Level 1:colcon.colcon_core.environment:checking '/home/gabriel/software/AutonomousDriving/install/autoware_auto_msgs/lib/pkgconfig/autoware_auto_msgs.pc'
[1.244s] Level 1:colcon.colcon_core.environment:checking '/home/gabriel/software/AutonomousDriving/install/autoware_auto_msgs/lib/python3.8/site-packages'
[1.244s] Level 1:colcon.colcon_core.shell:create_environment_hook('autoware_auto_msgs', 'pythonpath')
[1.247s] INFO:colcon.colcon_core.shell:Creating environment hook '/home/gabriel/software/AutonomousDriving/install/autoware_auto_msgs/share/autoware_auto_msgs/hook/pythonpath.ps1'
[1.247s] INFO:colcon.colcon_core.shell:Creating environment descriptor '/home/gabriel/software/AutonomousDriving/install/autoware_auto_msgs/share/autoware_auto_msgs/hook/pythonpath.dsv'
[1.247s] INFO:colcon.colcon_core.shell:Creating environment hook '/home/gabriel/software/AutonomousDriving/install/autoware_auto_msgs/share/autoware_auto_msgs/hook/pythonpath.sh'
[1.250s] INFO:colcon.colcon_core.shell:Creating package script '/home/gabriel/software/AutonomousDriving/install/autoware_auto_msgs/share/autoware_auto_msgs/package.ps1'
[1.251s] INFO:colcon.colcon_core.shell:Creating package descriptor '/home/gabriel/software/AutonomousDriving/install/autoware_auto_msgs/share/autoware_auto_msgs/package.dsv'
[1.251s] INFO:colcon.colcon_core.shell:Creating package script '/home/gabriel/software/AutonomousDriving/install/autoware_auto_msgs/share/autoware_auto_msgs/package.sh'
[1.251s] INFO:colcon.colcon_core.shell:Creating package script '/home/gabriel/software/AutonomousDriving/install/autoware_auto_msgs/share/autoware_auto_msgs/package.bash'
[1.251s] INFO:colcon.colcon_core.shell:Creating package script '/home/gabriel/software/AutonomousDriving/install/autoware_auto_msgs/share/autoware_auto_msgs/package.zsh'
[1.252s] Level 1:colcon.colcon_core.environment:create_file_with_runtime_dependencies(/home/gabriel/software/AutonomousDriving/install/autoware_auto_msgs/share/colcon-core/packages/autoware_auto_msgs)
[1.252s] INFO:colcon.colcon_ros.task.ament_cmake.build:Building ROS package in '/home/gabriel/software/AutonomousDriving/src/applanix_driver' with build type 'ament_cmake'
[1.252s] INFO:colcon.colcon_cmake.task.cmake.build:Building CMake package in '/home/gabriel/software/AutonomousDriving/src/applanix_driver'
[1.255s] INFO:colcon.colcon_core.shell:Skip shell extension 'powershell' for command environment: Not usable outside of PowerShell
[1.255s] DEBUG:colcon.colcon_core.shell:Skip shell extension 'dsv' for command environment
[1.259s] INFO:colcon.colcon_ros.task.ament_cmake.build:Building ROS package in '/home/gabriel/software/AutonomousDriving/src/minimal_simulator' with build type 'ament_cmake'
[1.259s] INFO:colcon.colcon_cmake.task.cmake.build:Building CMake package in '/home/gabriel/software/AutonomousDriving/src/minimal_simulator'
[1.262s] INFO:colcon.colcon_core.shell:Skip shell extension 'powershell' for command environment: Not usable outside of PowerShell
[1.262s] DEBUG:colcon.colcon_core.shell:Skip shell extension 'dsv' for command environment
[1.266s] INFO:colcon.colcon_ros.task.ament_cmake.build:Building ROS package in '/home/gabriel/software/AutonomousDriving/src/pid_velocity_control' with build type 'ament_cmake'
[1.266s] INFO:colcon.colcon_cmake.task.cmake.build:Building CMake package in '/home/gabriel/software/AutonomousDriving/src/pid_velocity_control'
[1.269s] INFO:colcon.colcon_core.shell:Skip shell extension 'powershell' for command environment: Not usable outside of PowerShell
[1.269s] DEBUG:colcon.colcon_core.shell:Skip shell extension 'dsv' for command environment
[1.273s] INFO:colcon.colcon_ros.task.ament_cmake.build:Building ROS package in '/home/gabriel/software/AutonomousDriving/src/trajectory_following' with build type 'ament_cmake'
[1.273s] INFO:colcon.colcon_cmake.task.cmake.build:Building CMake package in '/home/gabriel/software/AutonomousDriving/src/trajectory_following'
[1.276s] INFO:colcon.colcon_core.shell:Skip shell extension 'powershell' for command environment: Not usable outside of PowerShell
[1.276s] DEBUG:colcon.colcon_core.shell:Skip shell extension 'dsv' for command environment
[1.284s] DEBUG:colcon.colcon_core.event_handler.log_command:Invoking command in '/home/gabriel/software/AutonomousDriving/build/applanix_driver': AMENT_PREFIX_PATH=/home/gabriel/software/AutonomousDriving/install/autoware_auto_msgs CMAKE_PREFIX_PATH=/home/gabriel/software/AutonomousDriving/install/autoware_auto_msgs LD_LIBRARY_PATH=/home/gabriel/software/AutonomousDriving/install/autoware_auto_msgs/lib${LD_LIBRARY_PATH} PYTHONPATH=/home/gabriel/software/AutonomousDriving/install/autoware_auto_msgs/lib/python3.8/site-packages /usr/bin/cmake --build /home/gabriel/software/AutonomousDriving/build/applanix_driver -- -j16 -l16
[1.286s] DEBUG:colcon.colcon_core.event_handler.log_command:Invoking command in '/home/gabriel/software/AutonomousDriving/build/minimal_simulator': AMENT_PREFIX_PATH=/home/gabriel/software/AutonomousDriving/install/autoware_auto_msgs CMAKE_PREFIX_PATH=/home/gabriel/software/AutonomousDriving/install/autoware_auto_msgs LD_LIBRARY_PATH=/home/gabriel/software/AutonomousDriving/install/autoware_auto_msgs/lib${LD_LIBRARY_PATH} PYTHONPATH=/home/gabriel/software/AutonomousDriving/install/autoware_auto_msgs/lib/python3.8/site-packages /usr/bin/cmake /home/gabriel/software/AutonomousDriving/src/minimal_simulator -DCMAKE_INSTALL_PREFIX=/home/gabriel/software/AutonomousDriving/install/minimal_simulator
[1.288s] DEBUG:colcon.colcon_core.event_handler.log_command:Invoking command in '/home/gabriel/software/AutonomousDriving/build/pid_velocity_control': AMENT_PREFIX_PATH=/home/gabriel/software/AutonomousDriving/install/autoware_auto_msgs CMAKE_PREFIX_PATH=/home/gabriel/software/AutonomousDriving/install/autoware_auto_msgs LD_LIBRARY_PATH=/home/gabriel/software/AutonomousDriving/install/autoware_auto_msgs/lib${LD_LIBRARY_PATH} PYTHONPATH=/home/gabriel/software/AutonomousDriving/install/autoware_auto_msgs/lib/python3.8/site-packages /usr/bin/cmake --build /home/gabriel/software/AutonomousDriving/build/pid_velocity_control -- -j16 -l16
[1.293s] DEBUG:colcon.colcon_core.event_handler.log_command:Invoking command in '/home/gabriel/software/AutonomousDriving/build/trajectory_following': AMENT_PREFIX_PATH=/home/gabriel/software/AutonomousDriving/install/autoware_auto_msgs CMAKE_PREFIX_PATH=/home/gabriel/software/AutonomousDriving/install/autoware_auto_msgs LD_LIBRARY_PATH=/home/gabriel/software/AutonomousDriving/install/autoware_auto_msgs/lib${LD_LIBRARY_PATH} PYTHONPATH=/home/gabriel/software/AutonomousDriving/install/autoware_auto_msgs/lib/python3.8/site-packages /usr/bin/cmake --build /home/gabriel/software/AutonomousDriving/build/trajectory_following -- -j16 -l16
[1.361s] DEBUG:colcon.colcon_core.event_handler.log_command:Invoked command in '/home/gabriel/software/AutonomousDriving/build/pid_velocity_control' returned '0': AMENT_PREFIX_PATH=/home/gabriel/software/AutonomousDriving/install/autoware_auto_msgs CMAKE_PREFIX_PATH=/home/gabriel/software/AutonomousDriving/install/autoware_auto_msgs LD_LIBRARY_PATH=/home/gabriel/software/AutonomousDriving/install/autoware_auto_msgs/lib${LD_LIBRARY_PATH} PYTHONPATH=/home/gabriel/software/AutonomousDriving/install/autoware_auto_msgs/lib/python3.8/site-packages /usr/bin/cmake --build /home/gabriel/software/AutonomousDriving/build/pid_velocity_control -- -j16 -l16
[1.365s] DEBUG:colcon.colcon_core.event_handler.log_command:Invoked command in '/home/gabriel/software/AutonomousDriving/build/trajectory_following' returned '0': AMENT_PREFIX_PATH=/home/gabriel/software/AutonomousDriving/install/autoware_auto_msgs CMAKE_PREFIX_PATH=/home/gabriel/software/AutonomousDriving/install/autoware_auto_msgs LD_LIBRARY_PATH=/home/gabriel/software/AutonomousDriving/install/autoware_auto_msgs/lib${LD_LIBRARY_PATH} PYTHONPATH=/home/gabriel/software/AutonomousDriving/install/autoware_auto_msgs/lib/python3.8/site-packages /usr/bin/cmake --build /home/gabriel/software/AutonomousDriving/build/trajectory_following -- -j16 -l16
[1.366s] DEBUG:colcon.colcon_core.event_handler.log_command:Invoked command in '/home/gabriel/software/AutonomousDriving/build/applanix_driver' returned '0': AMENT_PREFIX_PATH=/home/gabriel/software/AutonomousDriving/install/autoware_auto_msgs CMAKE_PREFIX_PATH=/home/gabriel/software/AutonomousDriving/install/autoware_auto_msgs LD_LIBRARY_PATH=/home/gabriel/software/AutonomousDriving/install/autoware_auto_msgs/lib${LD_LIBRARY_PATH} PYTHONPATH=/home/gabriel/software/AutonomousDriving/install/autoware_auto_msgs/lib/python3.8/site-packages /usr/bin/cmake --build /home/gabriel/software/AutonomousDriving/build/applanix_driver -- -j16 -l16
[1.378s] DEBUG:colcon.colcon_core.event_handler.log_command:Invoking command in '/home/gabriel/software/AutonomousDriving/build/pid_velocity_control': AMENT_PREFIX_PATH=/home/gabriel/software/AutonomousDriving/install/autoware_auto_msgs CMAKE_PREFIX_PATH=/home/gabriel/software/AutonomousDriving/install/autoware_auto_msgs LD_LIBRARY_PATH=/home/gabriel/software/AutonomousDriving/install/autoware_auto_msgs/lib${LD_LIBRARY_PATH} PYTHONPATH=/home/gabriel/software/AutonomousDriving/install/autoware_auto_msgs/lib/python3.8/site-packages /usr/bin/cmake --install /home/gabriel/software/AutonomousDriving/build/pid_velocity_control
[1.381s] DEBUG:colcon.colcon_core.event_handler.log_command:Invoking command in '/home/gabriel/software/AutonomousDriving/build/trajectory_following': AMENT_PREFIX_PATH=/home/gabriel/software/AutonomousDriving/install/autoware_auto_msgs CMAKE_PREFIX_PATH=/home/gabriel/software/AutonomousDriving/install/autoware_auto_msgs LD_LIBRARY_PATH=/home/gabriel/software/AutonomousDriving/install/autoware_auto_msgs/lib${LD_LIBRARY_PATH} PYTHONPATH=/home/gabriel/software/AutonomousDriving/install/autoware_auto_msgs/lib/python3.8/site-packages /usr/bin/cmake --install /home/gabriel/software/AutonomousDriving/build/trajectory_following
[1.386s] DEBUG:colcon.colcon_core.event_handler.log_command:Invoking command in '/home/gabriel/software/AutonomousDriving/build/applanix_driver': AMENT_PREFIX_PATH=/home/gabriel/software/AutonomousDriving/install/autoware_auto_msgs CMAKE_PREFIX_PATH=/home/gabriel/software/AutonomousDriving/install/autoware_auto_msgs LD_LIBRARY_PATH=/home/gabriel/software/AutonomousDriving/install/autoware_auto_msgs/lib${LD_LIBRARY_PATH} PYTHONPATH=/home/gabriel/software/AutonomousDriving/install/autoware_auto_msgs/lib/python3.8/site-packages /usr/bin/cmake --install /home/gabriel/software/AutonomousDriving/build/applanix_driver
[1.387s] Level 1:colcon.colcon_core.environment:create_environment_scripts_only(pid_velocity_control)
[1.390s] Level 1:colcon.colcon_core.environment:checking '/home/gabriel/software/AutonomousDriving/install/pid_velocity_control' for CMake module files
[1.392s] DEBUG:colcon.colcon_core.event_handler.log_command:Invoked command in '/home/gabriel/software/AutonomousDriving/build/pid_velocity_control' returned '0': AMENT_PREFIX_PATH=/home/gabriel/software/AutonomousDriving/install/autoware_auto_msgs CMAKE_PREFIX_PATH=/home/gabriel/software/AutonomousDriving/install/autoware_auto_msgs LD_LIBRARY_PATH=/home/gabriel/software/AutonomousDriving/install/autoware_auto_msgs/lib${LD_LIBRARY_PATH} PYTHONPATH=/home/gabriel/software/AutonomousDriving/install/autoware_auto_msgs/lib/python3.8/site-packages /usr/bin/cmake --install /home/gabriel/software/AutonomousDriving/build/pid_velocity_control
[1.394s] Level 1:colcon.colcon_core.environment:checking '/home/gabriel/software/AutonomousDriving/install/pid_velocity_control' for CMake config files
[1.395s] Level 1:colcon.colcon_core.shell:create_environment_hook('pid_velocity_control', 'cmake_prefix_path')
[1.398s] INFO:colcon.colcon_core.shell:Creating environment hook '/home/gabriel/software/AutonomousDriving/install/pid_velocity_control/share/pid_velocity_control/hook/cmake_prefix_path.ps1'
[1.399s] INFO:colcon.colcon_core.shell:Creating environment descriptor '/home/gabriel/software/AutonomousDriving/install/pid_velocity_control/share/pid_velocity_control/hook/cmake_prefix_path.dsv'
[1.399s] INFO:colcon.colcon_core.shell:Creating environment hook '/home/gabriel/software/AutonomousDriving/install/pid_velocity_control/share/pid_velocity_control/hook/cmake_prefix_path.sh'
[1.399s] Level 1:colcon.colcon_core.environment:checking '/home/gabriel/software/AutonomousDriving/install/pid_velocity_control/lib'
[1.399s] Level 1:colcon.colcon_core.shell:create_environment_hook('pid_velocity_control', 'ld_library_path_lib')
[1.402s] INFO:colcon.colcon_core.shell:Creating environment hook '/home/gabriel/software/AutonomousDriving/install/pid_velocity_control/share/pid_velocity_control/hook/ld_library_path_lib.ps1'
[1.402s] INFO:colcon.colcon_core.shell:Creating environment descriptor '/home/gabriel/software/AutonomousDriving/install/pid_velocity_control/share/pid_velocity_control/hook/ld_library_path_lib.dsv'
[1.403s] INFO:colcon.colcon_core.shell:Creating environment hook '/home/gabriel/software/AutonomousDriving/install/pid_velocity_control/share/pid_velocity_control/hook/ld_library_path_lib.sh'
[1.403s] Level 1:colcon.colcon_core.environment:checking '/home/gabriel/software/AutonomousDriving/install/pid_velocity_control/bin'
[1.403s] Level 1:colcon.colcon_core.environment:checking '/home/gabriel/software/AutonomousDriving/install/pid_velocity_control/lib/pkgconfig/pid_velocity_control.pc'
[1.403s] Level 1:colcon.colcon_core.environment:checking '/home/gabriel/software/AutonomousDriving/install/pid_velocity_control/lib/python3.8/site-packages'
[1.406s] INFO:colcon.colcon_core.shell:Creating package script '/home/gabriel/software/AutonomousDriving/install/pid_velocity_control/share/pid_velocity_control/package.ps1'
[1.406s] INFO:colcon.colcon_core.shell:Creating package descriptor '/home/gabriel/software/AutonomousDriving/install/pid_velocity_control/share/pid_velocity_control/package.dsv'
[1.407s] INFO:colcon.colcon_core.shell:Creating package script '/home/gabriel/software/AutonomousDriving/install/pid_velocity_control/share/pid_velocity_control/package.sh'
[1.407s] INFO:colcon.colcon_core.shell:Creating package script '/home/gabriel/software/AutonomousDriving/install/pid_velocity_control/share/pid_velocity_control/package.bash'
[1.407s] INFO:colcon.colcon_core.shell:Creating package script '/home/gabriel/software/AutonomousDriving/install/pid_velocity_control/share/pid_velocity_control/package.zsh'
[1.407s] Level 1:colcon.colcon_core.environment:create_file_with_runtime_dependencies(/home/gabriel/software/AutonomousDriving/install/pid_velocity_control/share/colcon-core/packages/pid_velocity_control)
[1.409s] Level 1:colcon.colcon_core.environment:create_environment_scripts_only(trajectory_following)
[1.413s] Level 1:colcon.colcon_core.environment:checking '/home/gabriel/software/AutonomousDriving/install/trajectory_following' for CMake module files
[1.413s] DEBUG:colcon.colcon_core.event_handler.log_command:Invoked command in '/home/gabriel/software/AutonomousDriving/build/trajectory_following' returned '0': AMENT_PREFIX_PATH=/home/gabriel/software/AutonomousDriving/install/autoware_auto_msgs CMAKE_PREFIX_PATH=/home/gabriel/software/AutonomousDriving/install/autoware_auto_msgs LD_LIBRARY_PATH=/home/gabriel/software/AutonomousDriving/install/autoware_auto_msgs/lib${LD_LIBRARY_PATH} PYTHONPATH=/home/gabriel/software/AutonomousDriving/install/autoware_auto_msgs/lib/python3.8/site-packages /usr/bin/cmake --install /home/gabriel/software/AutonomousDriving/build/trajectory_following
[1.413s] Level 1:colcon.colcon_core.environment:checking '/home/gabriel/software/AutonomousDriving/install/trajectory_following' for CMake config files
[1.414s] Level 1:colcon.colcon_core.shell:create_environment_hook('trajectory_following', 'cmake_prefix_path')
[1.416s] INFO:colcon.colcon_core.shell:Creating environment hook '/home/gabriel/software/AutonomousDriving/install/trajectory_following/share/trajectory_following/hook/cmake_prefix_path.ps1'
[1.417s] INFO:colcon.colcon_core.shell:Creating environment descriptor '/home/gabriel/software/AutonomousDriving/install/trajectory_following/share/trajectory_following/hook/cmake_prefix_path.dsv'
[1.417s] INFO:colcon.colcon_core.shell:Creating environment hook '/home/gabriel/software/AutonomousDriving/install/trajectory_following/share/trajectory_following/hook/cmake_prefix_path.sh'
[1.417s] Level 1:colcon.colcon_core.environment:checking '/home/gabriel/software/AutonomousDriving/install/trajectory_following/lib'
[1.417s] Level 1:colcon.colcon_core.shell:create_environment_hook('trajectory_following', 'ld_library_path_lib')
[1.420s] INFO:colcon.colcon_core.shell:Creating environment hook '/home/gabriel/software/AutonomousDriving/install/trajectory_following/share/trajectory_following/hook/ld_library_path_lib.ps1'
[1.420s] INFO:colcon.colcon_core.shell:Creating environment descriptor '/home/gabriel/software/AutonomousDriving/install/trajectory_following/share/trajectory_following/hook/ld_library_path_lib.dsv'
[1.421s] INFO:colcon.colcon_core.shell:Creating environment hook '/home/gabriel/software/AutonomousDriving/install/trajectory_following/share/trajectory_following/hook/ld_library_path_lib.sh'
[1.421s] Level 1:colcon.colcon_core.environment:checking '/home/gabriel/software/AutonomousDriving/install/trajectory_following/bin'
[1.421s] Level 1:colcon.colcon_core.environment:checking '/home/gabriel/software/AutonomousDriving/install/trajectory_following/lib/pkgconfig/trajectory_following.pc'
[1.421s] Level 1:colcon.colcon_core.environment:checking '/home/gabriel/software/AutonomousDriving/install/trajectory_following/lib/python3.8/site-packages'
[1.424s] INFO:colcon.colcon_core.shell:Creating package script '/home/gabriel/software/AutonomousDriving/install/trajectory_following/share/trajectory_following/package.ps1'
[1.424s] INFO:colcon.colcon_core.shell:Creating package descriptor '/home/gabriel/software/AutonomousDriving/install/trajectory_following/share/trajectory_following/package.dsv'
[1.424s] INFO:colcon.colcon_core.shell:Creating package script '/home/gabriel/software/AutonomousDriving/install/trajectory_following/share/trajectory_following/package.sh'
[1.425s] INFO:colcon.colcon_core.shell:Creating package script '/home/gabriel/software/AutonomousDriving/install/trajectory_following/share/trajectory_following/package.bash'
[1.425s] INFO:colcon.colcon_core.shell:Creating package script '/home/gabriel/software/AutonomousDriving/install/trajectory_following/share/trajectory_following/package.zsh'
[1.425s] Level 1:colcon.colcon_core.environment:create_file_with_runtime_dependencies(/home/gabriel/software/AutonomousDriving/install/trajectory_following/share/colcon-core/packages/trajectory_following)
[1.427s] Level 1:colcon.colcon_core.environment:create_environment_scripts_only(applanix_driver)
[1.430s] Level 1:colcon.colcon_core.environment:checking '/home/gabriel/software/AutonomousDriving/install/applanix_driver' for CMake module files
[1.430s] DEBUG:colcon.colcon_core.event_handler.log_command:Invoked command in '/home/gabriel/software/AutonomousDriving/build/applanix_driver' returned '0': AMENT_PREFIX_PATH=/home/gabriel/software/AutonomousDriving/install/autoware_auto_msgs CMAKE_PREFIX_PATH=/home/gabriel/software/AutonomousDriving/install/autoware_auto_msgs LD_LIBRARY_PATH=/home/gabriel/software/AutonomousDriving/install/autoware_auto_msgs/lib${LD_LIBRARY_PATH} PYTHONPATH=/home/gabriel/software/AutonomousDriving/install/autoware_auto_msgs/lib/python3.8/site-packages /usr/bin/cmake --install /home/gabriel/software/AutonomousDriving/build/applanix_driver
[1.431s] Level 1:colcon.colcon_core.environment:checking '/home/gabriel/software/AutonomousDriving/install/applanix_driver' for CMake config files
[1.431s] Level 1:colcon.colcon_core.shell:create_environment_hook('applanix_driver', 'cmake_prefix_path')
[1.434s] INFO:colcon.colcon_core.shell:Creating environment hook '/home/gabriel/software/AutonomousDriving/install/applanix_driver/share/applanix_driver/hook/cmake_prefix_path.ps1'
[1.434s] INFO:colcon.colcon_core.shell:Creating environment descriptor '/home/gabriel/software/AutonomousDriving/install/applanix_driver/share/applanix_driver/hook/cmake_prefix_path.dsv'
[1.434s] INFO:colcon.colcon_core.shell:Creating environment hook '/home/gabriel/software/AutonomousDriving/install/applanix_driver/share/applanix_driver/hook/cmake_prefix_path.sh'
[1.435s] Level 1:colcon.colcon_core.environment:checking '/home/gabriel/software/AutonomousDriving/install/applanix_driver/lib'
[1.435s] Level 1:colcon.colcon_core.shell:create_environment_hook('applanix_driver', 'ld_library_path_lib')
[1.438s] INFO:colcon.colcon_core.shell:Creating environment hook '/home/gabriel/software/AutonomousDriving/install/applanix_driver/share/applanix_driver/hook/ld_library_path_lib.ps1'
[1.438s] INFO:colcon.colcon_core.shell:Creating environment descriptor '/home/gabriel/software/AutonomousDriving/install/applanix_driver/share/applanix_driver/hook/ld_library_path_lib.dsv'
[1.438s] INFO:colcon.colcon_core.shell:Creating environment hook '/home/gabriel/software/AutonomousDriving/install/applanix_driver/share/applanix_driver/hook/ld_library_path_lib.sh'
[1.438s] Level 1:colcon.colcon_core.environment:checking '/home/gabriel/software/AutonomousDriving/install/applanix_driver/bin'
[1.438s] Level 1:colcon.colcon_core.environment:checking '/home/gabriel/software/AutonomousDriving/install/applanix_driver/lib/pkgconfig/applanix_driver.pc'
[1.438s] Level 1:colcon.colcon_core.environment:checking '/home/gabriel/software/AutonomousDriving/install/applanix_driver/lib/python3.8/site-packages'
[1.441s] INFO:colcon.colcon_core.shell:Creating package script '/home/gabriel/software/AutonomousDriving/install/applanix_driver/share/applanix_driver/package.ps1'
[1.441s] INFO:colcon.colcon_core.shell:Creating package descriptor '/home/gabriel/software/AutonomousDriving/install/applanix_driver/share/applanix_driver/package.dsv'
[1.442s] INFO:colcon.colcon_core.shell:Creating package script '/home/gabriel/software/AutonomousDriving/install/applanix_driver/share/applanix_driver/package.sh'
[1.442s] INFO:colcon.colcon_core.shell:Creating package script '/home/gabriel/software/AutonomousDriving/install/applanix_driver/share/applanix_driver/package.bash'
[1.442s] INFO:colcon.colcon_core.shell:Creating package script '/home/gabriel/software/AutonomousDriving/install/applanix_driver/share/applanix_driver/package.zsh'
[1.442s] Level 1:colcon.colcon_core.environment:create_file_with_runtime_dependencies(/home/gabriel/software/AutonomousDriving/install/applanix_driver/share/colcon-core/packages/applanix_driver)
[1.448s] Level 1:colcon.colcon_core.environment:create_environment_scripts_only(pid_velocity_control)
[1.451s] Level 1:colcon.colcon_core.environment:checking '/home/gabriel/software/AutonomousDriving/install/pid_velocity_control' for CMake module files
[1.451s] Level 1:colcon.colcon_core.environment:checking '/home/gabriel/software/AutonomousDriving/install/pid_velocity_control' for CMake config files
[1.451s] Level 1:colcon.colcon_core.shell:create_environment_hook('pid_velocity_control', 'cmake_prefix_path')
[1.454s] INFO:colcon.colcon_core.shell:Creating environment hook '/home/gabriel/software/AutonomousDriving/install/pid_velocity_control/share/pid_velocity_control/hook/cmake_prefix_path.ps1'
[1.455s] INFO:colcon.colcon_core.shell:Creating environment descriptor '/home/gabriel/software/AutonomousDriving/install/pid_velocity_control/share/pid_velocity_control/hook/cmake_prefix_path.dsv'
[1.455s] INFO:colcon.colcon_core.shell:Creating environment hook '/home/gabriel/software/AutonomousDriving/install/pid_velocity_control/share/pid_velocity_control/hook/cmake_prefix_path.sh'
[1.455s] Level 1:colcon.colcon_core.environment:checking '/home/gabriel/software/AutonomousDriving/install/pid_velocity_control/lib'
[1.455s] Level 1:colcon.colcon_core.shell:create_environment_hook('pid_velocity_control', 'ld_library_path_lib')
[1.458s] INFO:colcon.colcon_core.shell:Creating environment hook '/home/gabriel/software/AutonomousDriving/install/pid_velocity_control/share/pid_velocity_control/hook/ld_library_path_lib.ps1'
[1.458s] INFO:colcon.colcon_core.shell:Creating environment descriptor '/home/gabriel/software/AutonomousDriving/install/pid_velocity_control/share/pid_velocity_control/hook/ld_library_path_lib.dsv'
[1.459s] INFO:colcon.colcon_core.shell:Creating environment hook '/home/gabriel/software/AutonomousDriving/install/pid_velocity_control/share/pid_velocity_control/hook/ld_library_path_lib.sh'
[1.459s] Level 1:colcon.colcon_core.environment:checking '/home/gabriel/software/AutonomousDriving/install/pid_velocity_control/bin'
[1.459s] Level 1:colcon.colcon_core.environment:checking '/home/gabriel/software/AutonomousDriving/install/pid_velocity_control/lib/pkgconfig/pid_velocity_control.pc'
[1.459s] Level 1:colcon.colcon_core.environment:checking '/home/gabriel/software/AutonomousDriving/install/pid_velocity_control/lib/python3.8/site-packages'
[1.462s] INFO:colcon.colcon_core.shell:Creating package script '/home/gabriel/software/AutonomousDriving/install/pid_velocity_control/share/pid_velocity_control/package.ps1'
[1.462s] INFO:colcon.colcon_core.shell:Creating package descriptor '/home/gabriel/software/AutonomousDriving/install/pid_velocity_control/share/pid_velocity_control/package.dsv'
[1.462s] INFO:colcon.colcon_core.shell:Creating package script '/home/gabriel/software/AutonomousDriving/install/pid_velocity_control/share/pid_velocity_control/package.sh'
[1.463s] INFO:colcon.colcon_core.shell:Creating package script '/home/gabriel/software/AutonomousDriving/install/pid_velocity_control/share/pid_velocity_control/package.bash'
[1.463s] INFO:colcon.colcon_core.shell:Creating package script '/home/gabriel/software/AutonomousDriving/install/pid_velocity_control/share/pid_velocity_control/package.zsh'
[1.463s] Level 1:colcon.colcon_core.environment:create_file_with_runtime_dependencies(/home/gabriel/software/AutonomousDriving/install/pid_velocity_control/share/colcon-core/packages/pid_velocity_control)
[1.466s] Level 1:colcon.colcon_core.environment:create_environment_scripts_only(trajectory_following)
[1.469s] Level 1:colcon.colcon_core.environment:checking '/home/gabriel/software/AutonomousDriving/install/trajectory_following' for CMake module files
[1.469s] Level 1:colcon.colcon_core.environment:checking '/home/gabriel/software/AutonomousDriving/install/trajectory_following' for CMake config files
[1.470s] Level 1:colcon.colcon_core.shell:create_environment_hook('trajectory_following', 'cmake_prefix_path')
[1.472s] INFO:colcon.colcon_core.shell:Creating environment hook '/home/gabriel/software/AutonomousDriving/install/trajectory_following/share/trajectory_following/hook/cmake_prefix_path.ps1'
[1.473s] INFO:colcon.colcon_core.shell:Creating environment descriptor '/home/gabriel/software/AutonomousDriving/install/trajectory_following/share/trajectory_following/hook/cmake_prefix_path.dsv'
[1.473s] INFO:colcon.colcon_core.shell:Creating environment hook '/home/gabriel/software/AutonomousDriving/install/trajectory_following/share/trajectory_following/hook/cmake_prefix_path.sh'
[1.473s] Level 1:colcon.colcon_core.environment:checking '/home/gabriel/software/AutonomousDriving/install/trajectory_following/lib'
[1.473s] Level 1:colcon.colcon_core.shell:create_environment_hook('trajectory_following', 'ld_library_path_lib')
[1.476s] INFO:colcon.colcon_core.shell:Creating environment hook '/home/gabriel/software/AutonomousDriving/install/trajectory_following/share/trajectory_following/hook/ld_library_path_lib.ps1'
[1.476s] INFO:colcon.colcon_core.shell:Creating environment descriptor '/home/gabriel/software/AutonomousDriving/install/trajectory_following/share/trajectory_following/hook/ld_library_path_lib.dsv'
[1.476s] INFO:colcon.colcon_core.shell:Creating environment hook '/home/gabriel/software/AutonomousDriving/install/trajectory_following/share/trajectory_following/hook/ld_library_path_lib.sh'
[1.476s] Level 1:colcon.colcon_core.environment:checking '/home/gabriel/software/AutonomousDriving/install/trajectory_following/bin'
[1.476s] Level 1:colcon.colcon_core.environment:checking '/home/gabriel/software/AutonomousDriving/install/trajectory_following/lib/pkgconfig/trajectory_following.pc'
[1.476s] Level 1:colcon.colcon_core.environment:checking '/home/gabriel/software/AutonomousDriving/install/trajectory_following/lib/python3.8/site-packages'
[1.479s] INFO:colcon.colcon_core.shell:Creating package script '/home/gabriel/software/AutonomousDriving/install/trajectory_following/share/trajectory_following/package.ps1'
[1.480s] INFO:colcon.colcon_core.shell:Creating package descriptor '/home/gabriel/software/AutonomousDriving/install/trajectory_following/share/trajectory_following/package.dsv'
[1.480s] INFO:colcon.colcon_core.shell:Creating package script '/home/gabriel/software/AutonomousDriving/install/trajectory_following/share/trajectory_following/package.sh'
[1.480s] INFO:colcon.colcon_core.shell:Creating package script '/home/gabriel/software/AutonomousDriving/install/trajectory_following/share/trajectory_following/package.bash'
[1.480s] INFO:colcon.colcon_core.shell:Creating package script '/home/gabriel/software/AutonomousDriving/install/trajectory_following/share/trajectory_following/package.zsh'
[1.480s] Level 1:colcon.colcon_core.environment:create_file_with_runtime_dependencies(/home/gabriel/software/AutonomousDriving/install/trajectory_following/share/colcon-core/packages/trajectory_following)
[1.483s] Level 1:colcon.colcon_core.environment:create_environment_scripts_only(applanix_driver)
[1.486s] Level 1:colcon.colcon_core.environment:checking '/home/gabriel/software/AutonomousDriving/install/applanix_driver' for CMake module files
[1.487s] Level 1:colcon.colcon_core.environment:checking '/home/gabriel/software/AutonomousDriving/install/applanix_driver' for CMake config files
[1.487s] Level 1:colcon.colcon_core.shell:create_environment_hook('applanix_driver', 'cmake_prefix_path')
[1.490s] INFO:colcon.colcon_core.shell:Creating environment hook '/home/gabriel/software/AutonomousDriving/install/applanix_driver/share/applanix_driver/hook/cmake_prefix_path.ps1'
[1.490s] INFO:colcon.colcon_core.shell:Creating environment descriptor '/home/gabriel/software/AutonomousDriving/install/applanix_driver/share/applanix_driver/hook/cmake_prefix_path.dsv'
[1.490s] INFO:colcon.colcon_core.shell:Creating environment hook '/home/gabriel/software/AutonomousDriving/install/applanix_driver/share/applanix_driver/hook/cmake_prefix_path.sh'
[1.490s] Level 1:colcon.colcon_core.environment:checking '/home/gabriel/software/AutonomousDriving/install/applanix_driver/lib'
[1.490s] Level 1:colcon.colcon_core.shell:create_environment_hook('applanix_driver', 'ld_library_path_lib')
[1.493s] INFO:colcon.colcon_core.shell:Creating environment hook '/home/gabriel/software/AutonomousDriving/install/applanix_driver/share/applanix_driver/hook/ld_library_path_lib.ps1'
[1.493s] INFO:colcon.colcon_core.shell:Creating environment descriptor '/home/gabriel/software/AutonomousDriving/install/applanix_driver/share/applanix_driver/hook/ld_library_path_lib.dsv'
[1.494s] INFO:colcon.colcon_core.shell:Creating environment hook '/home/gabriel/software/AutonomousDriving/install/applanix_driver/share/applanix_driver/hook/ld_library_path_lib.sh'
[1.494s] Level 1:colcon.colcon_core.environment:checking '/home/gabriel/software/AutonomousDriving/install/applanix_driver/bin'
[1.494s] Level 1:colcon.colcon_core.environment:checking '/home/gabriel/software/AutonomousDriving/install/applanix_driver/lib/pkgconfig/applanix_driver.pc'
[1.494s] Level 1:colcon.colcon_core.environment:checking '/home/gabriel/software/AutonomousDriving/install/applanix_driver/lib/python3.8/site-packages'
[1.497s] INFO:colcon.colcon_core.shell:Creating package script '/home/gabriel/software/AutonomousDriving/install/applanix_driver/share/applanix_driver/package.ps1'
[1.497s] INFO:colcon.colcon_core.shell:Creating package descriptor '/home/gabriel/software/AutonomousDriving/install/applanix_driver/share/applanix_driver/package.dsv'
[1.497s] INFO:colcon.colcon_core.shell:Creating package script '/home/gabriel/software/AutonomousDriving/install/applanix_driver/share/applanix_driver/package.sh'
[1.498s] INFO:colcon.colcon_core.shell:Creating package script '/home/gabriel/software/AutonomousDriving/install/applanix_driver/share/applanix_driver/package.bash'
[1.498s] INFO:colcon.colcon_core.shell:Creating package script '/home/gabriel/software/AutonomousDriving/install/applanix_driver/share/applanix_driver/package.zsh'
[1.498s] Level 1:colcon.colcon_core.environment:create_file_with_runtime_dependencies(/home/gabriel/software/AutonomousDriving/install/applanix_driver/share/colcon-core/packages/applanix_driver)
[1.498s] INFO:colcon.colcon_ros.task.ament_cmake.build:Building ROS package in '/home/gabriel/software/AutonomousDriving/src/kia_test' with build type 'ament_cmake'
[1.498s] INFO:colcon.colcon_cmake.task.cmake.build:Building CMake package in '/home/gabriel/software/AutonomousDriving/src/kia_test'
[1.501s] INFO:colcon.colcon_core.shell:Skip shell extension 'powershell' for command environment: Not usable outside of PowerShell
[1.501s] DEBUG:colcon.colcon_core.shell:Skip shell extension 'dsv' for command environment
[1.513s] DEBUG:colcon.colcon_core.event_handler.log_command:Invoking command in '/home/gabriel/software/AutonomousDriving/build/kia_test': AMENT_PREFIX_PATH=/home/gabriel/software/AutonomousDriving/install/applanix_driver:/home/gabriel/software/AutonomousDriving/install/lexus_rx_450h_description:/home/gabriel/software/AutonomousDriving/install/autoware_auto_msgs CMAKE_PREFIX_PATH=/home/gabriel/software/AutonomousDriving/install/applanix_driver:/home/gabriel/software/AutonomousDriving/install/lexus_rx_450h_description:/home/gabriel/software/AutonomousDriving/install/autoware_auto_msgs LD_LIBRARY_PATH=/home/gabriel/software/AutonomousDriving/install/applanix_driver/lib:/home/gabriel/software/AutonomousDriving/install/autoware_auto_msgs/lib${LD_LIBRARY_PATH} PYTHONPATH=/home/gabriel/software/AutonomousDriving/install/autoware_auto_msgs/lib/python3.8/site-packages /usr/bin/cmake --build /home/gabriel/software/AutonomousDriving/build/kia_test -- -j16 -l16
[1.536s] DEBUG:colcon.colcon_core.event_handler.log_command:Invoked command in '/home/gabriel/software/AutonomousDriving/build/kia_test' returned '0': AMENT_PREFIX_PATH=/home/gabriel/software/AutonomousDriving/install/applanix_driver:/home/gabriel/software/AutonomousDriving/install/lexus_rx_450h_description:/home/gabriel/software/AutonomousDriving/install/autoware_auto_msgs CMAKE_PREFIX_PATH=/home/gabriel/software/AutonomousDriving/install/applanix_driver:/home/gabriel/software/AutonomousDriving/install/lexus_rx_450h_description:/home/gabriel/software/AutonomousDriving/install/autoware_auto_msgs LD_LIBRARY_PATH=/home/gabriel/software/AutonomousDriving/install/applanix_driver/lib:/home/gabriel/software/AutonomousDriving/install/autoware_auto_msgs/lib${LD_LIBRARY_PATH} PYTHONPATH=/home/gabriel/software/AutonomousDriving/install/autoware_auto_msgs/lib/python3.8/site-packages /usr/bin/cmake --build /home/gabriel/software/AutonomousDriving/build/kia_test -- -j16 -l16
[1.548s] DEBUG:colcon.colcon_core.event_handler.log_command:Invoking command in '/home/gabriel/software/AutonomousDriving/build/kia_test': AMENT_PREFIX_PATH=/home/gabriel/software/AutonomousDriving/install/applanix_driver:/home/gabriel/software/AutonomousDriving/install/lexus_rx_450h_description:/home/gabriel/software/AutonomousDriving/install/autoware_auto_msgs CMAKE_PREFIX_PATH=/home/gabriel/software/AutonomousDriving/install/applanix_driver:/home/gabriel/software/AutonomousDriving/install/lexus_rx_450h_description:/home/gabriel/software/AutonomousDriving/install/autoware_auto_msgs LD_LIBRARY_PATH=/home/gabriel/software/AutonomousDriving/install/applanix_driver/lib:/home/gabriel/software/AutonomousDriving/install/autoware_auto_msgs/lib${LD_LIBRARY_PATH} PYTHONPATH=/home/gabriel/software/AutonomousDriving/install/autoware_auto_msgs/lib/python3.8/site-packages /usr/bin/cmake --install /home/gabriel/software/AutonomousDriving/build/kia_test
[1.554s] Level 1:colcon.colcon_core.environment:create_environment_scripts_only(kia_test)
[1.558s] Level 1:colcon.colcon_core.environment:checking '/home/gabriel/software/AutonomousDriving/install/kia_test' for CMake module files
[1.558s] DEBUG:colcon.colcon_core.event_handler.log_command:Invoked command in '/home/gabriel/software/AutonomousDriving/build/kia_test' returned '0': AMENT_PREFIX_PATH=/home/gabriel/software/AutonomousDriving/install/applanix_driver:/home/gabriel/software/AutonomousDriving/install/lexus_rx_450h_description:/home/gabriel/software/AutonomousDriving/install/autoware_auto_msgs CMAKE_PREFIX_PATH=/home/gabriel/software/AutonomousDriving/install/applanix_driver:/home/gabriel/software/AutonomousDriving/install/lexus_rx_450h_description:/home/gabriel/software/AutonomousDriving/install/autoware_auto_msgs LD_LIBRARY_PATH=/home/gabriel/software/AutonomousDriving/install/applanix_driver/lib:/home/gabriel/software/AutonomousDriving/install/autoware_auto_msgs/lib${LD_LIBRARY_PATH} PYTHONPATH=/home/gabriel/software/AutonomousDriving/install/autoware_auto_msgs/lib/python3.8/site-packages /usr/bin/cmake --install /home/gabriel/software/AutonomousDriving/build/kia_test
[1.558s] Level 1:colcon.colcon_core.environment:checking '/home/gabriel/software/AutonomousDriving/install/kia_test' for CMake config files
[1.558s] Level 1:colcon.colcon_core.shell:create_environment_hook('kia_test', 'cmake_prefix_path')
[1.561s] INFO:colcon.colcon_core.shell:Creating environment hook '/home/gabriel/software/AutonomousDriving/install/kia_test/share/kia_test/hook/cmake_prefix_path.ps1'
[1.561s] INFO:colcon.colcon_core.shell:Creating environment descriptor '/home/gabriel/software/AutonomousDriving/install/kia_test/share/kia_test/hook/cmake_prefix_path.dsv'
[1.562s] INFO:colcon.colcon_core.shell:Creating environment hook '/home/gabriel/software/AutonomousDriving/install/kia_test/share/kia_test/hook/cmake_prefix_path.sh'
[1.562s] Level 1:colcon.colcon_core.environment:checking '/home/gabriel/software/AutonomousDriving/install/kia_test/bin'
[1.562s] Level 1:colcon.colcon_core.environment:checking '/home/gabriel/software/AutonomousDriving/install/kia_test/lib/pkgconfig/kia_test.pc'
[1.562s] Level 1:colcon.colcon_core.environment:checking '/home/gabriel/software/AutonomousDriving/install/kia_test/lib/python3.8/site-packages'
[1.565s] INFO:colcon.colcon_core.shell:Creating package script '/home/gabriel/software/AutonomousDriving/install/kia_test/share/kia_test/package.ps1'
[1.565s] INFO:colcon.colcon_core.shell:Creating package descriptor '/home/gabriel/software/AutonomousDriving/install/kia_test/share/kia_test/package.dsv'
[1.565s] INFO:colcon.colcon_core.shell:Creating package script '/home/gabriel/software/AutonomousDriving/install/kia_test/share/kia_test/package.sh'
[1.566s] INFO:colcon.colcon_core.shell:Creating package script '/home/gabriel/software/AutonomousDriving/install/kia_test/share/kia_test/package.bash'
[1.566s] INFO:colcon.colcon_core.shell:Creating package script '/home/gabriel/software/AutonomousDriving/install/kia_test/share/kia_test/package.zsh'
[1.566s] Level 1:colcon.colcon_core.environment:create_file_with_runtime_dependencies(/home/gabriel/software/AutonomousDriving/install/kia_test/share/colcon-core/packages/kia_test)
[1.581s] Level 1:colcon.colcon_core.environment:create_environment_scripts_only(kia_test)
[1.584s] Level 1:colcon.colcon_core.environment:checking '/home/gabriel/software/AutonomousDriving/install/kia_test' for CMake module files
[1.585s] Level 1:colcon.colcon_core.environment:checking '/home/gabriel/software/AutonomousDriving/install/kia_test' for CMake config files
[1.585s] Level 1:colcon.colcon_core.shell:create_environment_hook('kia_test', 'cmake_prefix_path')
[1.588s] INFO:colcon.colcon_core.shell:Creating environment hook '/home/gabriel/software/AutonomousDriving/install/kia_test/share/kia_test/hook/cmake_prefix_path.ps1'
[1.588s] INFO:colcon.colcon_core.shell:Creating environment descriptor '/home/gabriel/software/AutonomousDriving/install/kia_test/share/kia_test/hook/cmake_prefix_path.dsv'
[1.588s] INFO:colcon.colcon_core.shell:Creating environment hook '/home/gabriel/software/AutonomousDriving/install/kia_test/share/kia_test/hook/cmake_prefix_path.sh'
[1.588s] Level 1:colcon.colcon_core.environment:checking '/home/gabriel/software/AutonomousDriving/install/kia_test/bin'
[1.588s] Level 1:colcon.colcon_core.environment:checking '/home/gabriel/software/AutonomousDriving/install/kia_test/lib/pkgconfig/kia_test.pc'
[1.588s] Level 1:colcon.colcon_core.environment:checking '/home/gabriel/software/AutonomousDriving/install/kia_test/lib/python3.8/site-packages'
[1.591s] INFO:colcon.colcon_core.shell:Creating package script '/home/gabriel/software/AutonomousDriving/install/kia_test/share/kia_test/package.ps1'
[1.592s] INFO:colcon.colcon_core.shell:Creating package descriptor '/home/gabriel/software/AutonomousDriving/install/kia_test/share/kia_test/package.dsv'
[1.592s] INFO:colcon.colcon_core.shell:Creating package script '/home/gabriel/software/AutonomousDriving/install/kia_test/share/kia_test/package.sh'
[1.592s] INFO:colcon.colcon_core.shell:Creating package script '/home/gabriel/software/AutonomousDriving/install/kia_test/share/kia_test/package.bash'
[1.592s] INFO:colcon.colcon_core.shell:Creating package script '/home/gabriel/software/AutonomousDriving/install/kia_test/share/kia_test/package.zsh'
[1.593s] Level 1:colcon.colcon_core.environment:create_file_with_runtime_dependencies(/home/gabriel/software/AutonomousDriving/install/kia_test/share/colcon-core/packages/kia_test)
[1.672s] DEBUG:colcon.colcon_core.event_handler.log_command:Invoked command in '/home/gabriel/software/AutonomousDriving/build/minimal_simulator' returned '1': AMENT_PREFIX_PATH=/home/gabriel/software/AutonomousDriving/install/autoware_auto_msgs CMAKE_PREFIX_PATH=/home/gabriel/software/AutonomousDriving/install/autoware_auto_msgs LD_LIBRARY_PATH=/home/gabriel/software/AutonomousDriving/install/autoware_auto_msgs/lib${LD_LIBRARY_PATH} PYTHONPATH=/home/gabriel/software/AutonomousDriving/install/autoware_auto_msgs/lib/python3.8/site-packages /usr/bin/cmake /home/gabriel/software/AutonomousDriving/src/minimal_simulator -DCMAKE_INSTALL_PREFIX=/home/gabriel/software/AutonomousDriving/install/minimal_simulator
[1.681s] Level 1:colcon.colcon_core.environment:create_environment_scripts_only(minimal_simulator)
[1.686s] Level 1:colcon.colcon_core.environment:checking '/home/gabriel/software/AutonomousDriving/install/minimal_simulator' for CMake module files
[1.686s] Level 1:colcon.colcon_core.environment:checking '/home/gabriel/software/AutonomousDriving/install/minimal_simulator' for CMake config files
[1.686s] Level 1:colcon.colcon_core.environment:checking '/home/gabriel/software/AutonomousDriving/install/minimal_simulator/bin'
[1.686s] Level 1:colcon.colcon_core.environment:checking '/home/gabriel/software/AutonomousDriving/install/minimal_simulator/lib/pkgconfig/minimal_simulator.pc'
[1.687s] Level 1:colcon.colcon_core.environment:checking '/home/gabriel/software/AutonomousDriving/install/minimal_simulator/lib/python3.8/site-packages'
[1.692s] INFO:colcon.colcon_core.shell:Creating package script '/home/gabriel/software/AutonomousDriving/install/minimal_simulator/share/minimal_simulator/package.ps1'
[1.693s] INFO:colcon.colcon_core.shell:Creating package descriptor '/home/gabriel/software/AutonomousDriving/install/minimal_simulator/share/minimal_simulator/package.dsv'
[1.693s] INFO:colcon.colcon_core.shell:Creating package script '/home/gabriel/software/AutonomousDriving/install/minimal_simulator/share/minimal_simulator/package.sh'
[1.693s] INFO:colcon.colcon_core.shell:Creating package script '/home/gabriel/software/AutonomousDriving/install/minimal_simulator/share/minimal_simulator/package.bash'
[1.694s] INFO:colcon.colcon_core.shell:Creating package script '/home/gabriel/software/AutonomousDriving/install/minimal_simulator/share/minimal_simulator/package.zsh'
[1.694s] Level 1:colcon.colcon_core.environment:create_file_with_runtime_dependencies(/home/gabriel/software/AutonomousDriving/install/minimal_simulator/share/colcon-core/packages/minimal_simulator)
[1.704s] DEBUG:colcon.colcon_parallel_executor.executor.parallel:closing loop
[1.705s] DEBUG:colcon.colcon_parallel_executor.executor.parallel:loop closed
[1.705s] DEBUG:colcon.colcon_parallel_executor.executor.parallel:run_until_complete finished with '1'
[1.705s] DEBUG:colcon.colcon_core.event_reactor:joining thread
[1.724s] INFO:colcon.colcon_core.plugin_system:Skipping extension 'colcon_notification.desktop_notification.terminal_notifier': Not used on non-Darwin systems
[1.724s] INFO:colcon.colcon_core.plugin_system:Skipping extension 'colcon_notification.desktop_notification.win32': Not used on non-Windows systems
[1.724s] INFO:colcon.colcon_notification.desktop_notification:Sending desktop notification using 'notify2'
[1.736s] DEBUG:colcon.colcon_core.event_reactor:joined thread
[1.741s] INFO:colcon.colcon_core.shell:Creating prefix script '/home/gabriel/software/AutonomousDriving/install/local_setup.ps1'
[1.742s] INFO:colcon.colcon_core.shell:Creating prefix util module '/home/gabriel/software/AutonomousDriving/install/_local_setup_util_ps1.py'
[1.743s] INFO:colcon.colcon_core.shell:Creating prefix chain script '/home/gabriel/software/AutonomousDriving/install/setup.ps1'
[1.747s] INFO:colcon.colcon_core.shell:Creating prefix script '/home/gabriel/software/AutonomousDriving/install/local_setup.sh'
[1.748s] INFO:colcon.colcon_core.shell:Creating prefix util module '/home/gabriel/software/AutonomousDriving/install/_local_setup_util_sh.py'
[1.748s] INFO:colcon.colcon_core.shell:Creating prefix chain script '/home/gabriel/software/AutonomousDriving/install/setup.sh'
[1.752s] INFO:colcon.colcon_core.shell:Creating prefix script '/home/gabriel/software/AutonomousDriving/install/local_setup.bash'
[1.753s] INFO:colcon.colcon_core.shell:Creating prefix chain script '/home/gabriel/software/AutonomousDriving/install/setup.bash'
[1.755s] INFO:colcon.colcon_core.shell:Creating prefix script '/home/gabriel/software/AutonomousDriving/install/local_setup.zsh'
[1.756s] INFO:colcon.colcon_core.shell:Creating prefix chain script '/home/gabriel/software/AutonomousDriving/install/setup.zsh'
