[  0%] Built target autoware_auto_msgs__cpp
[ 12%] Built target autoware_auto_msgs__rosidl_generator_c
[ 24%] Built target autoware_auto_msgs__rosidl_typesupport_cpp
[ 36%] Built target autoware_auto_msgs__rosidl_typesupport_c
[ 49%] Built target autoware_auto_msgs__rosidl_typesupport_introspection_cpp
[ 61%] Built target autoware_auto_msgs__rosidl_typesupport_fastrtps_cpp
[ 73%] Built target autoware_auto_msgs__rosidl_typesupport_introspection_c
[ 85%] Built target autoware_auto_msgs__rosidl_typesupport_fastrtps_c
[ 85%] Built target autoware_auto_msgs
[ 85%] Built target autoware_auto_msgs__py
[ 97%] Built target autoware_auto_msgs__python
[ 99%] Built target autoware_auto_msgs__rosidl_typesupport_introspection_c__pyext
[ 99%] Built target autoware_auto_msgs__rosidl_typesupport_c__pyext
[100%] Built target autoware_auto_msgs__rosidl_typesupport_fastrtps_c__pyext
-- Install configuration: ""
-- Up-to-date: /home/gabriel/software/AutonomousDriving/install/autoware_auto_msgs/share/ament_index/resource_index/rosidl_interfaces/autoware_auto_msgs
-- Up-to-date: /home/gabriel/software/AutonomousDriving/install/autoware_auto_msgs/include/autoware_auto_msgs
-- Up-to-date: /home/gabriel/software/AutonomousDriving/install/autoware_auto_msgs/include/autoware_auto_msgs/srv
-- Up-to-date: /home/gabriel/software/AutonomousDriving/install/autoware_auto_msgs/include/autoware_auto_msgs/srv/autonomy_mode_change.h
-- Up-to-date: /home/gabriel/software/AutonomousDriving/install/autoware_auto_msgs/include/autoware_auto_msgs/srv/detail
-- Up-to-date: /home/gabriel/software/AutonomousDriving/install/autoware_auto_msgs/include/autoware_auto_msgs/srv/detail/modify_trajectory__type_support.h
-- Up-to-date: /home/gabriel/software/AutonomousDriving/install/autoware_auto_msgs/include/autoware_auto_msgs/srv/detail/had_map_service__functions.c
-- Up-to-date: /home/gabriel/software/AutonomousDriving/install/autoware_auto_msgs/include/autoware_auto_msgs/srv/detail/modify_trajectory__functions.h
-- Up-to-date: /home/gabriel/software/AutonomousDriving/install/autoware_auto_msgs/include/autoware_auto_msgs/srv/detail/had_map_service__type_support.h
-- Up-to-date: /home/gabriel/software/AutonomousDriving/install/autoware_auto_msgs/include/autoware_auto_msgs/srv/detail/had_map_service__functions.h
-- Up-to-date: /home/gabriel/software/AutonomousDriving/install/autoware_auto_msgs/include/autoware_auto_msgs/srv/detail/autonomy_mode_change__struct.h
-- Up-to-date: /home/gabriel/software/AutonomousDriving/install/autoware_auto_msgs/include/autoware_auto_msgs/srv/detail/autonomy_mode_change__type_support.h
-- Up-to-date: /home/gabriel/software/AutonomousDriving/install/autoware_auto_msgs/include/autoware_auto_msgs/srv/detail/had_map_service__struct.h
-- Up-to-date: /home/gabriel/software/AutonomousDriving/install/autoware_auto_msgs/include/autoware_auto_msgs/srv/detail/autonomy_mode_change__functions.h
-- Up-to-date: /home/gabriel/software/AutonomousDriving/install/autoware_auto_msgs/include/autoware_auto_msgs/srv/detail/modify_trajectory__functions.c
-- Up-to-date: /home/gabriel/software/AutonomousDriving/install/autoware_auto_msgs/include/autoware_auto_msgs/srv/detail/modify_trajectory__struct.h
-- Up-to-date: /home/gabriel/software/AutonomousDriving/install/autoware_auto_msgs/include/autoware_auto_msgs/srv/detail/autonomy_mode_change__functions.c
-- Up-to-date: /home/gabriel/software/AutonomousDriving/install/autoware_auto_msgs/include/autoware_auto_msgs/srv/had_map_service.h
-- Up-to-date: /home/gabriel/software/AutonomousDriving/install/autoware_auto_msgs/include/autoware_auto_msgs/srv/modify_trajectory.h
-- Up-to-date: /home/gabriel/software/AutonomousDriving/install/autoware_auto_msgs/include/autoware_auto_msgs/msg
-- Up-to-date: /home/gabriel/software/AutonomousDriving/install/autoware_auto_msgs/include/autoware_auto_msgs/msg/vehicle_control_command.h
-- Up-to-date: /home/gabriel/software/AutonomousDriving/install/autoware_auto_msgs/include/autoware_auto_msgs/msg/trajectory_point.h
-- Up-to-date: /home/gabriel/software/AutonomousDriving/install/autoware_auto_msgs/include/autoware_auto_msgs/msg/trajectory.h
-- Up-to-date: /home/gabriel/software/AutonomousDriving/install/autoware_auto_msgs/include/autoware_auto_msgs/msg/point_clusters.h
-- Up-to-date: /home/gabriel/software/AutonomousDriving/install/autoware_auto_msgs/include/autoware_auto_msgs/msg/control_diagnostic.h
-- Up-to-date: /home/gabriel/software/AutonomousDriving/install/autoware_auto_msgs/include/autoware_auto_msgs/msg/detail
-- Up-to-date: /home/gabriel/software/AutonomousDriving/install/autoware_auto_msgs/include/autoware_auto_msgs/msg/detail/complex32__type_support.h
-- Up-to-date: /home/gabriel/software/AutonomousDriving/install/autoware_auto_msgs/include/autoware_auto_msgs/msg/detail/vehicle_control_command__functions.h
-- Up-to-date: /home/gabriel/software/AutonomousDriving/install/autoware_auto_msgs/include/autoware_auto_msgs/msg/detail/diagnostic_header__type_support.h
-- Up-to-date: /home/gabriel/software/AutonomousDriving/install/autoware_auto_msgs/include/autoware_auto_msgs/msg/detail/vehicle_control_command__struct.h
-- Up-to-date: /home/gabriel/software/AutonomousDriving/install/autoware_auto_msgs/include/autoware_auto_msgs/msg/detail/had_map_bin__struct.h
-- Up-to-date: /home/gabriel/software/AutonomousDriving/install/autoware_auto_msgs/include/autoware_auto_msgs/msg/detail/control_diagnostic__functions.c
-- Up-to-date: /home/gabriel/software/AutonomousDriving/install/autoware_auto_msgs/include/autoware_auto_msgs/msg/detail/vehicle_kinematic_state__functions.h
-- Up-to-date: /home/gabriel/software/AutonomousDriving/install/autoware_auto_msgs/include/autoware_auto_msgs/msg/detail/high_level_control_command__functions.h
-- Up-to-date: /home/gabriel/software/AutonomousDriving/install/autoware_auto_msgs/include/autoware_auto_msgs/msg/detail/trajectory__functions.h
-- Up-to-date: /home/gabriel/software/AutonomousDriving/install/autoware_auto_msgs/include/autoware_auto_msgs/msg/detail/vehicle_state_command__type_support.h
-- Up-to-date: /home/gabriel/software/AutonomousDriving/install/autoware_auto_msgs/include/autoware_auto_msgs/msg/detail/diagnostic_header__functions.h
-- Up-to-date: /home/gabriel/software/AutonomousDriving/install/autoware_auto_msgs/include/autoware_auto_msgs/msg/detail/control_diagnostic__struct.h
-- Up-to-date: /home/gabriel/software/AutonomousDriving/install/autoware_auto_msgs/include/autoware_auto_msgs/msg/detail/vehicle_odometry__functions.c
-- Up-to-date: /home/gabriel/software/AutonomousDriving/install/autoware_auto_msgs/include/autoware_auto_msgs/msg/detail/vehicle_state_report__type_support.h
-- Up-to-date: /home/gabriel/software/AutonomousDriving/install/autoware_auto_msgs/include/autoware_auto_msgs/msg/detail/complex32__functions.c
-- Up-to-date: /home/gabriel/software/AutonomousDriving/install/autoware_auto_msgs/include/autoware_auto_msgs/msg/detail/vehicle_state_report__functions.c
-- Up-to-date: /home/gabriel/software/AutonomousDriving/install/autoware_auto_msgs/include/autoware_auto_msgs/msg/detail/high_level_control_command__type_support.h
-- Up-to-date: /home/gabriel/software/AutonomousDriving/install/autoware_auto_msgs/include/autoware_auto_msgs/msg/detail/quaternion32__type_support.h
-- Up-to-date: /home/gabriel/software/AutonomousDriving/install/autoware_auto_msgs/include/autoware_auto_msgs/msg/detail/bounding_box_array__type_support.h
-- Up-to-date: /home/gabriel/software/AutonomousDriving/install/autoware_auto_msgs/include/autoware_auto_msgs/msg/detail/bounding_box__struct.h
-- Up-to-date: /home/gabriel/software/AutonomousDriving/install/autoware_auto_msgs/include/autoware_auto_msgs/msg/detail/map_primitive__struct.h
-- Up-to-date: /home/gabriel/software/AutonomousDriving/install/autoware_auto_msgs/include/autoware_auto_msgs/msg/detail/complex32__functions.h
-- Up-to-date: /home/gabriel/software/AutonomousDriving/install/autoware_auto_msgs/include/autoware_auto_msgs/msg/detail/route__struct.h
-- Up-to-date: /home/gabriel/software/AutonomousDriving/install/autoware_auto_msgs/include/autoware_auto_msgs/msg/detail/point_clusters__struct.h
-- Up-to-date: /home/gabriel/software/AutonomousDriving/install/autoware_auto_msgs/include/autoware_auto_msgs/msg/detail/vehicle_state_report__functions.h
-- Up-to-date: /home/gabriel/software/AutonomousDriving/install/autoware_auto_msgs/include/autoware_auto_msgs/msg/detail/raw_control_command__struct.h
-- Up-to-date: /home/gabriel/software/AutonomousDriving/install/autoware_auto_msgs/include/autoware_auto_msgs/msg/detail/vehicle_odometry__functions.h
-- Up-to-date: /home/gabriel/software/AutonomousDriving/install/autoware_auto_msgs/include/autoware_auto_msgs/msg/detail/map_primitive__functions.c
-- Up-to-date: /home/gabriel/software/AutonomousDriving/install/autoware_auto_msgs/include/autoware_auto_msgs/msg/detail/route__type_support.h
-- Up-to-date: /home/gabriel/software/AutonomousDriving/install/autoware_auto_msgs/include/autoware_auto_msgs/msg/detail/quaternion32__functions.h
-- Up-to-date: /home/gabriel/software/AutonomousDriving/install/autoware_auto_msgs/include/autoware_auto_msgs/msg/detail/raw_control_command__functions.h
-- Up-to-date: /home/gabriel/software/AutonomousDriving/install/autoware_auto_msgs/include/autoware_auto_msgs/msg/detail/vehicle_kinematic_state__type_support.h
-- Up-to-date: /home/gabriel/software/AutonomousDriving/install/autoware_auto_msgs/include/autoware_auto_msgs/msg/detail/quaternion32__struct.h
-- Up-to-date: /home/gabriel/software/AutonomousDriving/install/autoware_auto_msgs/include/autoware_auto_msgs/msg/detail/trajectory__struct.h
-- Up-to-date: /home/gabriel/software/AutonomousDriving/install/autoware_auto_msgs/include/autoware_auto_msgs/msg/detail/trajectory__type_support.h
-- Up-to-date: /home/gabriel/software/AutonomousDriving/install/autoware_auto_msgs/include/autoware_auto_msgs/msg/detail/route__functions.h
-- Up-to-date: /home/gabriel/software/AutonomousDriving/install/autoware_auto_msgs/include/autoware_auto_msgs/msg/detail/had_map_bin__functions.c
-- Up-to-date: /home/gabriel/software/AutonomousDriving/install/autoware_auto_msgs/include/autoware_auto_msgs/msg/detail/bounding_box__type_support.h
-- Up-to-date: /home/gabriel/software/AutonomousDriving/install/autoware_auto_msgs/include/autoware_auto_msgs/msg/detail/vehicle_state_command__struct.h
-- Up-to-date: /home/gabriel/software/AutonomousDriving/install/autoware_auto_msgs/include/autoware_auto_msgs/msg/detail/trajectory_point__struct.h
-- Up-to-date: /home/gabriel/software/AutonomousDriving/install/autoware_auto_msgs/include/autoware_auto_msgs/msg/detail/trajectory_point__functions.h
-- Up-to-date: /home/gabriel/software/AutonomousDriving/install/autoware_auto_msgs/include/autoware_auto_msgs/msg/detail/vehicle_odometry__struct.h
-- Up-to-date: /home/gabriel/software/AutonomousDriving/install/autoware_auto_msgs/include/autoware_auto_msgs/msg/detail/control_diagnostic__type_support.h
-- Up-to-date: /home/gabriel/software/AutonomousDriving/install/autoware_auto_msgs/include/autoware_auto_msgs/msg/detail/vehicle_state_command__functions.h
-- Up-to-date: /home/gabriel/software/AutonomousDriving/install/autoware_auto_msgs/include/autoware_auto_msgs/msg/detail/diagnostic_header__functions.c
-- Up-to-date: /home/gabriel/software/AutonomousDriving/install/autoware_auto_msgs/include/autoware_auto_msgs/msg/detail/vehicle_odometry__type_support.h
-- Up-to-date: /home/gabriel/software/AutonomousDriving/install/autoware_auto_msgs/include/autoware_auto_msgs/msg/detail/diagnostic_header__struct.h
-- Up-to-date: /home/gabriel/software/AutonomousDriving/install/autoware_auto_msgs/include/autoware_auto_msgs/msg/detail/trajectory_point__functions.c
-- Up-to-date: /home/gabriel/software/AutonomousDriving/install/autoware_auto_msgs/include/autoware_auto_msgs/msg/detail/map_primitive__functions.h
-- Up-to-date: /home/gabriel/software/AutonomousDriving/install/autoware_auto_msgs/include/autoware_auto_msgs/msg/detail/raw_control_command__type_support.h
-- Up-to-date: /home/gabriel/software/AutonomousDriving/install/autoware_auto_msgs/include/autoware_auto_msgs/msg/detail/bounding_box_array__struct.h
-- Up-to-date: /home/gabriel/software/AutonomousDriving/install/autoware_auto_msgs/include/autoware_auto_msgs/msg/detail/vehicle_state_report__struct.h
-- Up-to-date: /home/gabriel/software/AutonomousDriving/install/autoware_auto_msgs/include/autoware_auto_msgs/msg/detail/high_level_control_command__struct.h
-- Up-to-date: /home/gabriel/software/AutonomousDriving/install/autoware_auto_msgs/include/autoware_auto_msgs/msg/detail/route__functions.c
-- Up-to-date: /home/gabriel/software/AutonomousDriving/install/autoware_auto_msgs/include/autoware_auto_msgs/msg/detail/point_clusters__functions.c
-- Up-to-date: /home/gabriel/software/AutonomousDriving/install/autoware_auto_msgs/include/autoware_auto_msgs/msg/detail/raw_control_command__functions.c
-- Up-to-date: /home/gabriel/software/AutonomousDriving/install/autoware_auto_msgs/include/autoware_auto_msgs/msg/detail/map_primitive__type_support.h
-- Up-to-date: /home/gabriel/software/AutonomousDriving/install/autoware_auto_msgs/include/autoware_auto_msgs/msg/detail/vehicle_control_command__type_support.h
-- Up-to-date: /home/gabriel/software/AutonomousDriving/install/autoware_auto_msgs/include/autoware_auto_msgs/msg/detail/had_map_bin__type_support.h
-- Up-to-date: /home/gabriel/software/AutonomousDriving/install/autoware_auto_msgs/include/autoware_auto_msgs/msg/detail/control_diagnostic__functions.h
-- Up-to-date: /home/gabriel/software/AutonomousDriving/install/autoware_auto_msgs/include/autoware_auto_msgs/msg/detail/complex32__struct.h
-- Up-to-date: /home/gabriel/software/AutonomousDriving/install/autoware_auto_msgs/include/autoware_auto_msgs/msg/detail/vehicle_state_command__functions.c
-- Up-to-date: /home/gabriel/software/AutonomousDriving/install/autoware_auto_msgs/include/autoware_auto_msgs/msg/detail/vehicle_kinematic_state__struct.h
-- Up-to-date: /home/gabriel/software/AutonomousDriving/install/autoware_auto_msgs/include/autoware_auto_msgs/msg/detail/trajectory__functions.c
-- Up-to-date: /home/gabriel/software/AutonomousDriving/install/autoware_auto_msgs/include/autoware_auto_msgs/msg/detail/vehicle_kinematic_state__functions.c
-- Up-to-date: /home/gabriel/software/AutonomousDriving/install/autoware_auto_msgs/include/autoware_auto_msgs/msg/detail/point_clusters__functions.h
-- Up-to-date: /home/gabriel/software/AutonomousDriving/install/autoware_auto_msgs/include/autoware_auto_msgs/msg/detail/high_level_control_command__functions.c
-- Up-to-date: /home/gabriel/software/AutonomousDriving/install/autoware_auto_msgs/include/autoware_auto_msgs/msg/detail/had_map_bin__functions.h
-- Up-to-date: /home/gabriel/software/AutonomousDriving/install/autoware_auto_msgs/include/autoware_auto_msgs/msg/detail/bounding_box_array__functions.c
-- Up-to-date: /home/gabriel/software/AutonomousDriving/install/autoware_auto_msgs/include/autoware_auto_msgs/msg/detail/quaternion32__functions.c
-- Up-to-date: /home/gabriel/software/AutonomousDriving/install/autoware_auto_msgs/include/autoware_auto_msgs/msg/detail/bounding_box_array__functions.h
-- Up-to-date: /home/gabriel/software/AutonomousDriving/install/autoware_auto_msgs/include/autoware_auto_msgs/msg/detail/bounding_box__functions.h
-- Up-to-date: /home/gabriel/software/AutonomousDriving/install/autoware_auto_msgs/include/autoware_auto_msgs/msg/detail/trajectory_point__type_support.h
-- Up-to-date: /home/gabriel/software/AutonomousDriving/install/autoware_auto_msgs/include/autoware_auto_msgs/msg/detail/point_clusters__type_support.h
-- Up-to-date: /home/gabriel/software/AutonomousDriving/install/autoware_auto_msgs/include/autoware_auto_msgs/msg/detail/vehicle_control_command__functions.c
-- Up-to-date: /home/gabriel/software/AutonomousDriving/install/autoware_auto_msgs/include/autoware_auto_msgs/msg/detail/bounding_box__functions.c
-- Up-to-date: /home/gabriel/software/AutonomousDriving/install/autoware_auto_msgs/include/autoware_auto_msgs/msg/vehicle_kinematic_state.h
-- Up-to-date: /home/gabriel/software/AutonomousDriving/install/autoware_auto_msgs/include/autoware_auto_msgs/msg/vehicle_state_report.h
-- Up-to-date: /home/gabriel/software/AutonomousDriving/install/autoware_auto_msgs/include/autoware_auto_msgs/msg/raw_control_command.h
-- Up-to-date: /home/gabriel/software/AutonomousDriving/install/autoware_auto_msgs/include/autoware_auto_msgs/msg/vehicle_odometry.h
-- Up-to-date: /home/gabriel/software/AutonomousDriving/install/autoware_auto_msgs/include/autoware_auto_msgs/msg/quaternion32.h
-- Up-to-date: /home/gabriel/software/AutonomousDriving/install/autoware_auto_msgs/include/autoware_auto_msgs/msg/bounding_box.h
-- Up-to-date: /home/gabriel/software/AutonomousDriving/install/autoware_auto_msgs/include/autoware_auto_msgs/msg/diagnostic_header.h
-- Up-to-date: /home/gabriel/software/AutonomousDriving/install/autoware_auto_msgs/include/autoware_auto_msgs/msg/bounding_box_array.h
-- Up-to-date: /home/gabriel/software/AutonomousDriving/install/autoware_auto_msgs/include/autoware_auto_msgs/msg/rosidl_generator_c__visibility_control.h
-- Up-to-date: /home/gabriel/software/AutonomousDriving/install/autoware_auto_msgs/include/autoware_auto_msgs/msg/map_primitive.h
-- Up-to-date: /home/gabriel/software/AutonomousDriving/install/autoware_auto_msgs/include/autoware_auto_msgs/msg/vehicle_state_command.h
-- Up-to-date: /home/gabriel/software/AutonomousDriving/install/autoware_auto_msgs/include/autoware_auto_msgs/msg/route.h
-- Up-to-date: /home/gabriel/software/AutonomousDriving/install/autoware_auto_msgs/include/autoware_auto_msgs/msg/had_map_bin.h
-- Up-to-date: /home/gabriel/software/AutonomousDriving/install/autoware_auto_msgs/include/autoware_auto_msgs/msg/complex32.h
-- Up-to-date: /home/gabriel/software/AutonomousDriving/install/autoware_auto_msgs/include/autoware_auto_msgs/msg/high_level_control_command.h
-- Up-to-date: /home/gabriel/software/AutonomousDriving/install/autoware_auto_msgs/include/autoware_auto_msgs/action
-- Up-to-date: /home/gabriel/software/AutonomousDriving/install/autoware_auto_msgs/include/autoware_auto_msgs/action/plan_trajectory.h
-- Up-to-date: /home/gabriel/software/AutonomousDriving/install/autoware_auto_msgs/include/autoware_auto_msgs/action/detail
-- Up-to-date: /home/gabriel/software/AutonomousDriving/install/autoware_auto_msgs/include/autoware_auto_msgs/action/detail/plan_trajectory__functions.c
-- Up-to-date: /home/gabriel/software/AutonomousDriving/install/autoware_auto_msgs/include/autoware_auto_msgs/action/detail/plan_trajectory__struct.h
-- Up-to-date: /home/gabriel/software/AutonomousDriving/install/autoware_auto_msgs/include/autoware_auto_msgs/action/detail/plan_trajectory__functions.h
-- Up-to-date: /home/gabriel/software/AutonomousDriving/install/autoware_auto_msgs/include/autoware_auto_msgs/action/detail/plan_trajectory__type_support.h
-- Up-to-date: /home/gabriel/software/AutonomousDriving/install/autoware_auto_msgs/share/autoware_auto_msgs/environment/library_path.sh
-- Up-to-date: /home/gabriel/software/AutonomousDriving/install/autoware_auto_msgs/share/autoware_auto_msgs/environment/library_path.dsv
-- Up-to-date: /home/gabriel/software/AutonomousDriving/install/autoware_auto_msgs/lib/libautoware_auto_msgs__rosidl_generator_c.so
-- Up-to-date: /home/gabriel/software/AutonomousDriving/install/autoware_auto_msgs/include/autoware_auto_msgs
-- Up-to-date: /home/gabriel/software/AutonomousDriving/install/autoware_auto_msgs/include/autoware_auto_msgs/srv
-- Up-to-date: /home/gabriel/software/AutonomousDriving/install/autoware_auto_msgs/include/autoware_auto_msgs/srv/detail
-- Up-to-date: /home/gabriel/software/AutonomousDriving/install/autoware_auto_msgs/include/autoware_auto_msgs/srv/detail/had_map_service__rosidl_typesupport_fastrtps_c.h
-- Up-to-date: /home/gabriel/software/AutonomousDriving/install/autoware_auto_msgs/include/autoware_auto_msgs/srv/detail/autonomy_mode_change__rosidl_typesupport_fastrtps_c.h
-- Up-to-date: /home/gabriel/software/AutonomousDriving/install/autoware_auto_msgs/include/autoware_auto_msgs/srv/detail/modify_trajectory__rosidl_typesupport_fastrtps_c.h
-- Up-to-date: /home/gabriel/software/AutonomousDriving/install/autoware_auto_msgs/include/autoware_auto_msgs/msg
-- Up-to-date: /home/gabriel/software/AutonomousDriving/install/autoware_auto_msgs/include/autoware_auto_msgs/msg/rosidl_typesupport_fastrtps_c__visibility_control.h
-- Up-to-date: /home/gabriel/software/AutonomousDriving/install/autoware_auto_msgs/include/autoware_auto_msgs/msg/detail
-- Up-to-date: /home/gabriel/software/AutonomousDriving/install/autoware_auto_msgs/include/autoware_auto_msgs/msg/detail/quaternion32__rosidl_typesupport_fastrtps_c.h
-- Up-to-date: /home/gabriel/software/AutonomousDriving/install/autoware_auto_msgs/include/autoware_auto_msgs/msg/detail/diagnostic_header__rosidl_typesupport_fastrtps_c.h
-- Up-to-date: /home/gabriel/software/AutonomousDriving/install/autoware_auto_msgs/include/autoware_auto_msgs/msg/detail/point_clusters__rosidl_typesupport_fastrtps_c.h
-- Up-to-date: /home/gabriel/software/AutonomousDriving/install/autoware_auto_msgs/include/autoware_auto_msgs/msg/detail/bounding_box__rosidl_typesupport_fastrtps_c.h
-- Up-to-date: /home/gabriel/software/AutonomousDriving/install/autoware_auto_msgs/include/autoware_auto_msgs/msg/detail/map_primitive__rosidl_typesupport_fastrtps_c.h
-- Up-to-date: /home/gabriel/software/AutonomousDriving/install/autoware_auto_msgs/include/autoware_auto_msgs/msg/detail/control_diagnostic__rosidl_typesupport_fastrtps_c.h
-- Up-to-date: /home/gabriel/software/AutonomousDriving/install/autoware_auto_msgs/include/autoware_auto_msgs/msg/detail/bounding_box_array__rosidl_typesupport_fastrtps_c.h
-- Up-to-date: /home/gabriel/software/AutonomousDriving/install/autoware_auto_msgs/include/autoware_auto_msgs/msg/detail/vehicle_kinematic_state__rosidl_typesupport_fastrtps_c.h
-- Up-to-date: /home/gabriel/software/AutonomousDriving/install/autoware_auto_msgs/include/autoware_auto_msgs/msg/detail/vehicle_control_command__rosidl_typesupport_fastrtps_c.h
-- Up-to-date: /home/gabriel/software/AutonomousDriving/install/autoware_auto_msgs/include/autoware_auto_msgs/msg/detail/trajectory__rosidl_typesupport_fastrtps_c.h
-- Up-to-date: /home/gabriel/software/AutonomousDriving/install/autoware_auto_msgs/include/autoware_auto_msgs/msg/detail/high_level_control_command__rosidl_typesupport_fastrtps_c.h
-- Up-to-date: /home/gabriel/software/AutonomousDriving/install/autoware_auto_msgs/include/autoware_auto_msgs/msg/detail/route__rosidl_typesupport_fastrtps_c.h
-- Up-to-date: /home/gabriel/software/AutonomousDriving/install/autoware_auto_msgs/include/autoware_auto_msgs/msg/detail/raw_control_command__rosidl_typesupport_fastrtps_c.h
-- Up-to-date: /home/gabriel/software/AutonomousDriving/install/autoware_auto_msgs/include/autoware_auto_msgs/msg/detail/vehicle_state_command__rosidl_typesupport_fastrtps_c.h
-- Up-to-date: /home/gabriel/software/AutonomousDriving/install/autoware_auto_msgs/include/autoware_auto_msgs/msg/detail/complex32__rosidl_typesupport_fastrtps_c.h
-- Up-to-date: /home/gabriel/software/AutonomousDriving/install/autoware_auto_msgs/include/autoware_auto_msgs/msg/detail/vehicle_state_report__rosidl_typesupport_fastrtps_c.h
-- Up-to-date: /home/gabriel/software/AutonomousDriving/install/autoware_auto_msgs/include/autoware_auto_msgs/msg/detail/vehicle_odometry__rosidl_typesupport_fastrtps_c.h
-- Up-to-date: /home/gabriel/software/AutonomousDriving/install/autoware_auto_msgs/include/autoware_auto_msgs/msg/detail/had_map_bin__rosidl_typesupport_fastrtps_c.h
-- Up-to-date: /home/gabriel/software/AutonomousDriving/install/autoware_auto_msgs/include/autoware_auto_msgs/msg/detail/trajectory_point__rosidl_typesupport_fastrtps_c.h
-- Up-to-date: /home/gabriel/software/AutonomousDriving/install/autoware_auto_msgs/include/autoware_auto_msgs/action
-- Up-to-date: /home/gabriel/software/AutonomousDriving/install/autoware_auto_msgs/include/autoware_auto_msgs/action/detail
-- Up-to-date: /home/gabriel/software/AutonomousDriving/install/autoware_auto_msgs/include/autoware_auto_msgs/action/detail/plan_trajectory__rosidl_typesupport_fastrtps_c.h
-- Up-to-date: /home/gabriel/software/AutonomousDriving/install/autoware_auto_msgs/lib/libautoware_auto_msgs__rosidl_typesupport_fastrtps_c.so
-- Up-to-date: /home/gabriel/software/AutonomousDriving/install/autoware_auto_msgs/include/autoware_auto_msgs
-- Up-to-date: /home/gabriel/software/AutonomousDriving/install/autoware_auto_msgs/include/autoware_auto_msgs/srv
-- Up-to-date: /home/gabriel/software/AutonomousDriving/install/autoware_auto_msgs/include/autoware_auto_msgs/srv/detail
-- Up-to-date: /home/gabriel/software/AutonomousDriving/install/autoware_auto_msgs/include/autoware_auto_msgs/srv/detail/had_map_service__rosidl_typesupport_fastrtps_cpp.hpp
-- Up-to-date: /home/gabriel/software/AutonomousDriving/install/autoware_auto_msgs/include/autoware_auto_msgs/srv/detail/autonomy_mode_change__rosidl_typesupport_fastrtps_cpp.hpp
-- Up-to-date: /home/gabriel/software/AutonomousDriving/install/autoware_auto_msgs/include/autoware_auto_msgs/srv/detail/dds_fastrtps
-- Up-to-date: /home/gabriel/software/AutonomousDriving/install/autoware_auto_msgs/include/autoware_auto_msgs/srv/detail/modify_trajectory__rosidl_typesupport_fastrtps_cpp.hpp
-- Up-to-date: /home/gabriel/software/AutonomousDriving/install/autoware_auto_msgs/include/autoware_auto_msgs/msg
-- Up-to-date: /home/gabriel/software/AutonomousDriving/install/autoware_auto_msgs/include/autoware_auto_msgs/msg/rosidl_typesupport_fastrtps_cpp__visibility_control.h
-- Up-to-date: /home/gabriel/software/AutonomousDriving/install/autoware_auto_msgs/include/autoware_auto_msgs/msg/detail
-- Up-to-date: /home/gabriel/software/AutonomousDriving/install/autoware_auto_msgs/include/autoware_auto_msgs/msg/detail/control_diagnostic__rosidl_typesupport_fastrtps_cpp.hpp
-- Up-to-date: /home/gabriel/software/AutonomousDriving/install/autoware_auto_msgs/include/autoware_auto_msgs/msg/detail/diagnostic_header__rosidl_typesupport_fastrtps_cpp.hpp
-- Up-to-date: /home/gabriel/software/AutonomousDriving/install/autoware_auto_msgs/include/autoware_auto_msgs/msg/detail/route__rosidl_typesupport_fastrtps_cpp.hpp
-- Up-to-date: /home/gabriel/software/AutonomousDriving/install/autoware_auto_msgs/include/autoware_auto_msgs/msg/detail/bounding_box_array__rosidl_typesupport_fastrtps_cpp.hpp
-- Up-to-date: /home/gabriel/software/AutonomousDriving/install/autoware_auto_msgs/include/autoware_auto_msgs/msg/detail/point_clusters__rosidl_typesupport_fastrtps_cpp.hpp
-- Up-to-date: /home/gabriel/software/AutonomousDriving/install/autoware_auto_msgs/include/autoware_auto_msgs/msg/detail/trajectory__rosidl_typesupport_fastrtps_cpp.hpp
-- Up-to-date: /home/gabriel/software/AutonomousDriving/install/autoware_auto_msgs/include/autoware_auto_msgs/msg/detail/complex32__rosidl_typesupport_fastrtps_cpp.hpp
-- Up-to-date: /home/gabriel/software/AutonomousDriving/install/autoware_auto_msgs/include/autoware_auto_msgs/msg/detail/vehicle_kinematic_state__rosidl_typesupport_fastrtps_cpp.hpp
-- Up-to-date: /home/gabriel/software/AutonomousDriving/install/autoware_auto_msgs/include/autoware_auto_msgs/msg/detail/vehicle_odometry__rosidl_typesupport_fastrtps_cpp.hpp
-- Up-to-date: /home/gabriel/software/AutonomousDriving/install/autoware_auto_msgs/include/autoware_auto_msgs/msg/detail/vehicle_state_report__rosidl_typesupport_fastrtps_cpp.hpp
-- Up-to-date: /home/gabriel/software/AutonomousDriving/install/autoware_auto_msgs/include/autoware_auto_msgs/msg/detail/vehicle_control_command__rosidl_typesupport_fastrtps_cpp.hpp
-- Up-to-date: /home/gabriel/software/AutonomousDriving/install/autoware_auto_msgs/include/autoware_auto_msgs/msg/detail/map_primitive__rosidl_typesupport_fastrtps_cpp.hpp
-- Up-to-date: /home/gabriel/software/AutonomousDriving/install/autoware_auto_msgs/include/autoware_auto_msgs/msg/detail/dds_fastrtps
-- Up-to-date: /home/gabriel/software/AutonomousDriving/install/autoware_auto_msgs/include/autoware_auto_msgs/msg/detail/had_map_bin__rosidl_typesupport_fastrtps_cpp.hpp
-- Up-to-date: /home/gabriel/software/AutonomousDriving/install/autoware_auto_msgs/include/autoware_auto_msgs/msg/detail/quaternion32__rosidl_typesupport_fastrtps_cpp.hpp
-- Up-to-date: /home/gabriel/software/AutonomousDriving/install/autoware_auto_msgs/include/autoware_auto_msgs/msg/detail/vehicle_state_command__rosidl_typesupport_fastrtps_cpp.hpp
-- Up-to-date: /home/gabriel/software/AutonomousDriving/install/autoware_auto_msgs/include/autoware_auto_msgs/msg/detail/high_level_control_command__rosidl_typesupport_fastrtps_cpp.hpp
-- Up-to-date: /home/gabriel/software/AutonomousDriving/install/autoware_auto_msgs/include/autoware_auto_msgs/msg/detail/bounding_box__rosidl_typesupport_fastrtps_cpp.hpp
-- Up-to-date: /home/gabriel/software/AutonomousDriving/install/autoware_auto_msgs/include/autoware_auto_msgs/msg/detail/raw_control_command__rosidl_typesupport_fastrtps_cpp.hpp
-- Up-to-date: /home/gabriel/software/AutonomousDriving/install/autoware_auto_msgs/include/autoware_auto_msgs/msg/detail/trajectory_point__rosidl_typesupport_fastrtps_cpp.hpp
-- Up-to-date: /home/gabriel/software/AutonomousDriving/install/autoware_auto_msgs/include/autoware_auto_msgs/action
-- Up-to-date: /home/gabriel/software/AutonomousDriving/install/autoware_auto_msgs/include/autoware_auto_msgs/action/detail
-- Up-to-date: /home/gabriel/software/AutonomousDriving/install/autoware_auto_msgs/include/autoware_auto_msgs/action/detail/plan_trajectory__rosidl_typesupport_fastrtps_cpp.hpp
-- Up-to-date: /home/gabriel/software/AutonomousDriving/install/autoware_auto_msgs/include/autoware_auto_msgs/action/detail/dds_fastrtps
-- Up-to-date: /home/gabriel/software/AutonomousDriving/install/autoware_auto_msgs/lib/libautoware_auto_msgs__rosidl_typesupport_fastrtps_cpp.so
-- Up-to-date: /home/gabriel/software/AutonomousDriving/install/autoware_auto_msgs/include/autoware_auto_msgs
-- Up-to-date: /home/gabriel/software/AutonomousDriving/install/autoware_auto_msgs/include/autoware_auto_msgs/srv
-- Up-to-date: /home/gabriel/software/AutonomousDriving/install/autoware_auto_msgs/include/autoware_auto_msgs/srv/detail
-- Up-to-date: /home/gabriel/software/AutonomousDriving/install/autoware_auto_msgs/include/autoware_auto_msgs/srv/detail/autonomy_mode_change__rosidl_typesupport_introspection_c.h
-- Up-to-date: /home/gabriel/software/AutonomousDriving/install/autoware_auto_msgs/include/autoware_auto_msgs/srv/detail/had_map_service__rosidl_typesupport_introspection_c.h
-- Up-to-date: /home/gabriel/software/AutonomousDriving/install/autoware_auto_msgs/include/autoware_auto_msgs/srv/detail/had_map_service__type_support.c
-- Up-to-date: /home/gabriel/software/AutonomousDriving/install/autoware_auto_msgs/include/autoware_auto_msgs/srv/detail/modify_trajectory__rosidl_typesupport_introspection_c.h
-- Up-to-date: /home/gabriel/software/AutonomousDriving/install/autoware_auto_msgs/include/autoware_auto_msgs/srv/detail/autonomy_mode_change__type_support.c
-- Up-to-date: /home/gabriel/software/AutonomousDriving/install/autoware_auto_msgs/include/autoware_auto_msgs/srv/detail/modify_trajectory__type_support.c
-- Up-to-date: /home/gabriel/software/AutonomousDriving/install/autoware_auto_msgs/include/autoware_auto_msgs/msg
-- Up-to-date: /home/gabriel/software/AutonomousDriving/install/autoware_auto_msgs/include/autoware_auto_msgs/msg/rosidl_typesupport_introspection_c__visibility_control.h
-- Up-to-date: /home/gabriel/software/AutonomousDriving/install/autoware_auto_msgs/include/autoware_auto_msgs/msg/detail
-- Up-to-date: /home/gabriel/software/AutonomousDriving/install/autoware_auto_msgs/include/autoware_auto_msgs/msg/detail/vehicle_kinematic_state__type_support.c
-- Up-to-date: /home/gabriel/software/AutonomousDriving/install/autoware_auto_msgs/include/autoware_auto_msgs/msg/detail/point_clusters__type_support.c
-- Up-to-date: /home/gabriel/software/AutonomousDriving/install/autoware_auto_msgs/include/autoware_auto_msgs/msg/detail/diagnostic_header__rosidl_typesupport_introspection_c.h
-- Up-to-date: /home/gabriel/software/AutonomousDriving/install/autoware_auto_msgs/include/autoware_auto_msgs/msg/detail/vehicle_odometry__rosidl_typesupport_introspection_c.h
-- Up-to-date: /home/gabriel/software/AutonomousDriving/install/autoware_auto_msgs/include/autoware_auto_msgs/msg/detail/point_clusters__rosidl_typesupport_introspection_c.h
-- Up-to-date: /home/gabriel/software/AutonomousDriving/install/autoware_auto_msgs/include/autoware_auto_msgs/msg/detail/route__type_support.c
-- Up-to-date: /home/gabriel/software/AutonomousDriving/install/autoware_auto_msgs/include/autoware_auto_msgs/msg/detail/raw_control_command__type_support.c
-- Up-to-date: /home/gabriel/software/AutonomousDriving/install/autoware_auto_msgs/include/autoware_auto_msgs/msg/detail/bounding_box__type_support.c
-- Up-to-date: /home/gabriel/software/AutonomousDriving/install/autoware_auto_msgs/include/autoware_auto_msgs/msg/detail/trajectory__type_support.c
-- Up-to-date: /home/gabriel/software/AutonomousDriving/install/autoware_auto_msgs/include/autoware_auto_msgs/msg/detail/had_map_bin__type_support.c
-- Up-to-date: /home/gabriel/software/AutonomousDriving/install/autoware_auto_msgs/include/autoware_auto_msgs/msg/detail/vehicle_state_command__type_support.c
-- Up-to-date: /home/gabriel/software/AutonomousDriving/install/autoware_auto_msgs/include/autoware_auto_msgs/msg/detail/control_diagnostic__rosidl_typesupport_introspection_c.h
-- Up-to-date: /home/gabriel/software/AutonomousDriving/install/autoware_auto_msgs/include/autoware_auto_msgs/msg/detail/raw_control_command__rosidl_typesupport_introspection_c.h
-- Up-to-date: /home/gabriel/software/AutonomousDriving/install/autoware_auto_msgs/include/autoware_auto_msgs/msg/detail/map_primitive__rosidl_typesupport_introspection_c.h
-- Up-to-date: /home/gabriel/software/AutonomousDriving/install/autoware_auto_msgs/include/autoware_auto_msgs/msg/detail/vehicle_odometry__type_support.c
-- Up-to-date: /home/gabriel/software/AutonomousDriving/install/autoware_auto_msgs/include/autoware_auto_msgs/msg/detail/trajectory__rosidl_typesupport_introspection_c.h
-- Up-to-date: /home/gabriel/software/AutonomousDriving/install/autoware_auto_msgs/include/autoware_auto_msgs/msg/detail/control_diagnostic__type_support.c
-- Up-to-date: /home/gabriel/software/AutonomousDriving/install/autoware_auto_msgs/include/autoware_auto_msgs/msg/detail/high_level_control_command__type_support.c
-- Up-to-date: /home/gabriel/software/AutonomousDriving/install/autoware_auto_msgs/include/autoware_auto_msgs/msg/detail/diagnostic_header__type_support.c
-- Up-to-date: /home/gabriel/software/AutonomousDriving/install/autoware_auto_msgs/include/autoware_auto_msgs/msg/detail/quaternion32__type_support.c
-- Up-to-date: /home/gabriel/software/AutonomousDriving/install/autoware_auto_msgs/include/autoware_auto_msgs/msg/detail/complex32__rosidl_typesupport_introspection_c.h
-- Up-to-date: /home/gabriel/software/AutonomousDriving/install/autoware_auto_msgs/include/autoware_auto_msgs/msg/detail/vehicle_state_command__rosidl_typesupport_introspection_c.h
-- Up-to-date: /home/gabriel/software/AutonomousDriving/install/autoware_auto_msgs/include/autoware_auto_msgs/msg/detail/route__rosidl_typesupport_introspection_c.h
-- Up-to-date: /home/gabriel/software/AutonomousDriving/install/autoware_auto_msgs/include/autoware_auto_msgs/msg/detail/complex32__type_support.c
-- Up-to-date: /home/gabriel/software/AutonomousDriving/install/autoware_auto_msgs/include/autoware_auto_msgs/msg/detail/bounding_box_array__type_support.c
-- Up-to-date: /home/gabriel/software/AutonomousDriving/install/autoware_auto_msgs/include/autoware_auto_msgs/msg/detail/had_map_bin__rosidl_typesupport_introspection_c.h
-- Up-to-date: /home/gabriel/software/AutonomousDriving/install/autoware_auto_msgs/include/autoware_auto_msgs/msg/detail/high_level_control_command__rosidl_typesupport_introspection_c.h
-- Up-to-date: /home/gabriel/software/AutonomousDriving/install/autoware_auto_msgs/include/autoware_auto_msgs/msg/detail/bounding_box__rosidl_typesupport_introspection_c.h
-- Up-to-date: /home/gabriel/software/AutonomousDriving/install/autoware_auto_msgs/include/autoware_auto_msgs/msg/detail/vehicle_control_command__type_support.c
-- Up-to-date: /home/gabriel/software/AutonomousDriving/install/autoware_auto_msgs/include/autoware_auto_msgs/msg/detail/map_primitive__type_support.c
-- Up-to-date: /home/gabriel/software/AutonomousDriving/install/autoware_auto_msgs/include/autoware_auto_msgs/msg/detail/vehicle_control_command__rosidl_typesupport_introspection_c.h
-- Up-to-date: /home/gabriel/software/AutonomousDriving/install/autoware_auto_msgs/include/autoware_auto_msgs/msg/detail/trajectory_point__type_support.c
-- Up-to-date: /home/gabriel/software/AutonomousDriving/install/autoware_auto_msgs/include/autoware_auto_msgs/msg/detail/trajectory_point__rosidl_typesupport_introspection_c.h
-- Up-to-date: /home/gabriel/software/AutonomousDriving/install/autoware_auto_msgs/include/autoware_auto_msgs/msg/detail/vehicle_kinematic_state__rosidl_typesupport_introspection_c.h
-- Up-to-date: /home/gabriel/software/AutonomousDriving/install/autoware_auto_msgs/include/autoware_auto_msgs/msg/detail/vehicle_state_report__rosidl_typesupport_introspection_c.h
-- Up-to-date: /home/gabriel/software/AutonomousDriving/install/autoware_auto_msgs/include/autoware_auto_msgs/msg/detail/bounding_box_array__rosidl_typesupport_introspection_c.h
-- Up-to-date: /home/gabriel/software/AutonomousDriving/install/autoware_auto_msgs/include/autoware_auto_msgs/msg/detail/quaternion32__rosidl_typesupport_introspection_c.h
-- Up-to-date: /home/gabriel/software/AutonomousDriving/install/autoware_auto_msgs/include/autoware_auto_msgs/msg/detail/vehicle_state_report__type_support.c
-- Up-to-date: /home/gabriel/software/AutonomousDriving/install/autoware_auto_msgs/include/autoware_auto_msgs/action
-- Up-to-date: /home/gabriel/software/AutonomousDriving/install/autoware_auto_msgs/include/autoware_auto_msgs/action/detail
-- Up-to-date: /home/gabriel/software/AutonomousDriving/install/autoware_auto_msgs/include/autoware_auto_msgs/action/detail/plan_trajectory__rosidl_typesupport_introspection_c.h
-- Up-to-date: /home/gabriel/software/AutonomousDriving/install/autoware_auto_msgs/include/autoware_auto_msgs/action/detail/plan_trajectory__type_support.c
-- Up-to-date: /home/gabriel/software/AutonomousDriving/install/autoware_auto_msgs/lib/libautoware_auto_msgs__rosidl_typesupport_introspection_c.so
-- Up-to-date: /home/gabriel/software/AutonomousDriving/install/autoware_auto_msgs/lib/libautoware_auto_msgs__rosidl_typesupport_c.so
-- Up-to-date: /home/gabriel/software/AutonomousDriving/install/autoware_auto_msgs/include/autoware_auto_msgs
-- Up-to-date: /home/gabriel/software/AutonomousDriving/install/autoware_auto_msgs/include/autoware_auto_msgs/srv
-- Up-to-date: /home/gabriel/software/AutonomousDriving/install/autoware_auto_msgs/include/autoware_auto_msgs/srv/autonomy_mode_change.hpp
-- Up-to-date: /home/gabriel/software/AutonomousDriving/install/autoware_auto_msgs/include/autoware_auto_msgs/srv/detail
-- Up-to-date: /home/gabriel/software/AutonomousDriving/install/autoware_auto_msgs/include/autoware_auto_msgs/srv/detail/modify_trajectory__builder.hpp
-- Up-to-date: /home/gabriel/software/AutonomousDriving/install/autoware_auto_msgs/include/autoware_auto_msgs/srv/detail/autonomy_mode_change__struct.hpp
-- Up-to-date: /home/gabriel/software/AutonomousDriving/install/autoware_auto_msgs/include/autoware_auto_msgs/srv/detail/had_map_service__builder.hpp
-- Up-to-date: /home/gabriel/software/AutonomousDriving/install/autoware_auto_msgs/include/autoware_auto_msgs/srv/detail/modify_trajectory__struct.hpp
-- Up-to-date: /home/gabriel/software/AutonomousDriving/install/autoware_auto_msgs/include/autoware_auto_msgs/srv/detail/modify_trajectory__traits.hpp
-- Up-to-date: /home/gabriel/software/AutonomousDriving/install/autoware_auto_msgs/include/autoware_auto_msgs/srv/detail/had_map_service__traits.hpp
-- Up-to-date: /home/gabriel/software/AutonomousDriving/install/autoware_auto_msgs/include/autoware_auto_msgs/srv/detail/autonomy_mode_change__builder.hpp
-- Up-to-date: /home/gabriel/software/AutonomousDriving/install/autoware_auto_msgs/include/autoware_auto_msgs/srv/detail/autonomy_mode_change__traits.hpp
-- Up-to-date: /home/gabriel/software/AutonomousDriving/install/autoware_auto_msgs/include/autoware_auto_msgs/srv/detail/had_map_service__struct.hpp
-- Up-to-date: /home/gabriel/software/AutonomousDriving/install/autoware_auto_msgs/include/autoware_auto_msgs/srv/modify_trajectory.hpp
-- Up-to-date: /home/gabriel/software/AutonomousDriving/install/autoware_auto_msgs/include/autoware_auto_msgs/srv/had_map_service.hpp
-- Up-to-date: /home/gabriel/software/AutonomousDriving/install/autoware_auto_msgs/include/autoware_auto_msgs/msg
-- Up-to-date: /home/gabriel/software/AutonomousDriving/install/autoware_auto_msgs/include/autoware_auto_msgs/msg/map_primitive.hpp
-- Up-to-date: /home/gabriel/software/AutonomousDriving/install/autoware_auto_msgs/include/autoware_auto_msgs/msg/trajectory_point.hpp
-- Up-to-date: /home/gabriel/software/AutonomousDriving/install/autoware_auto_msgs/include/autoware_auto_msgs/msg/high_level_control_command.hpp
-- Up-to-date: /home/gabriel/software/AutonomousDriving/install/autoware_auto_msgs/include/autoware_auto_msgs/msg/complex32.hpp
-- Up-to-date: /home/gabriel/software/AutonomousDriving/install/autoware_auto_msgs/include/autoware_auto_msgs/msg/raw_control_command.hpp
-- Up-to-date: /home/gabriel/software/AutonomousDriving/install/autoware_auto_msgs/include/autoware_auto_msgs/msg/control_diagnostic.hpp
-- Up-to-date: /home/gabriel/software/AutonomousDriving/install/autoware_auto_msgs/include/autoware_auto_msgs/msg/vehicle_kinematic_state.hpp
-- Up-to-date: /home/gabriel/software/AutonomousDriving/install/autoware_auto_msgs/include/autoware_auto_msgs/msg/detail
-- Up-to-date: /home/gabriel/software/AutonomousDriving/install/autoware_auto_msgs/include/autoware_auto_msgs/msg/detail/trajectory__traits.hpp
-- Up-to-date: /home/gabriel/software/AutonomousDriving/install/autoware_auto_msgs/include/autoware_auto_msgs/msg/detail/vehicle_state_report__builder.hpp
-- Up-to-date: /home/gabriel/software/AutonomousDriving/install/autoware_auto_msgs/include/autoware_auto_msgs/msg/detail/control_diagnostic__builder.hpp
-- Up-to-date: /home/gabriel/software/AutonomousDriving/install/autoware_auto_msgs/include/autoware_auto_msgs/msg/detail/vehicle_odometry__traits.hpp
-- Up-to-date: /home/gabriel/software/AutonomousDriving/install/autoware_auto_msgs/include/autoware_auto_msgs/msg/detail/had_map_bin__struct.hpp
-- Up-to-date: /home/gabriel/software/AutonomousDriving/install/autoware_auto_msgs/include/autoware_auto_msgs/msg/detail/trajectory_point__struct.hpp
-- Up-to-date: /home/gabriel/software/AutonomousDriving/install/autoware_auto_msgs/include/autoware_auto_msgs/msg/detail/trajectory__builder.hpp
-- Up-to-date: /home/gabriel/software/AutonomousDriving/install/autoware_auto_msgs/include/autoware_auto_msgs/msg/detail/diagnostic_header__builder.hpp
-- Up-to-date: /home/gabriel/software/AutonomousDriving/install/autoware_auto_msgs/include/autoware_auto_msgs/msg/detail/had_map_bin__builder.hpp
-- Up-to-date: /home/gabriel/software/AutonomousDriving/install/autoware_auto_msgs/include/autoware_auto_msgs/msg/detail/route__builder.hpp
-- Up-to-date: /home/gabriel/software/AutonomousDriving/install/autoware_auto_msgs/include/autoware_auto_msgs/msg/detail/vehicle_control_command__traits.hpp
-- Up-to-date: /home/gabriel/software/AutonomousDriving/install/autoware_auto_msgs/include/autoware_auto_msgs/msg/detail/route__traits.hpp
-- Up-to-date: /home/gabriel/software/AutonomousDriving/install/autoware_auto_msgs/include/autoware_auto_msgs/msg/detail/quaternion32__traits.hpp
-- Up-to-date: /home/gabriel/software/AutonomousDriving/install/autoware_auto_msgs/include/autoware_auto_msgs/msg/detail/raw_control_command__traits.hpp
-- Up-to-date: /home/gabriel/software/AutonomousDriving/install/autoware_auto_msgs/include/autoware_auto_msgs/msg/detail/vehicle_state_report__struct.hpp
-- Up-to-date: /home/gabriel/software/AutonomousDriving/install/autoware_auto_msgs/include/autoware_auto_msgs/msg/detail/bounding_box__struct.hpp
-- Up-to-date: /home/gabriel/software/AutonomousDriving/install/autoware_auto_msgs/include/autoware_auto_msgs/msg/detail/point_clusters__builder.hpp
-- Up-to-date: /home/gabriel/software/AutonomousDriving/install/autoware_auto_msgs/include/autoware_auto_msgs/msg/detail/trajectory_point__traits.hpp
-- Up-to-date: /home/gabriel/software/AutonomousDriving/install/autoware_auto_msgs/include/autoware_auto_msgs/msg/detail/trajectory__struct.hpp
-- Up-to-date: /home/gabriel/software/AutonomousDriving/install/autoware_auto_msgs/include/autoware_auto_msgs/msg/detail/bounding_box_array__struct.hpp
-- Up-to-date: /home/gabriel/software/AutonomousDriving/install/autoware_auto_msgs/include/autoware_auto_msgs/msg/detail/high_level_control_command__struct.hpp
-- Up-to-date: /home/gabriel/software/AutonomousDriving/install/autoware_auto_msgs/include/autoware_auto_msgs/msg/detail/vehicle_state_command__builder.hpp
-- Up-to-date: /home/gabriel/software/AutonomousDriving/install/autoware_auto_msgs/include/autoware_auto_msgs/msg/detail/vehicle_control_command__struct.hpp
-- Up-to-date: /home/gabriel/software/AutonomousDriving/install/autoware_auto_msgs/include/autoware_auto_msgs/msg/detail/had_map_bin__traits.hpp
-- Up-to-date: /home/gabriel/software/AutonomousDriving/install/autoware_auto_msgs/include/autoware_auto_msgs/msg/detail/vehicle_odometry__struct.hpp
-- Up-to-date: /home/gabriel/software/AutonomousDriving/install/autoware_auto_msgs/include/autoware_auto_msgs/msg/detail/bounding_box_array__builder.hpp
-- Up-to-date: /home/gabriel/software/AutonomousDriving/install/autoware_auto_msgs/include/autoware_auto_msgs/msg/detail/quaternion32__struct.hpp
-- Up-to-date: /home/gabriel/software/AutonomousDriving/install/autoware_auto_msgs/include/autoware_auto_msgs/msg/detail/route__struct.hpp
-- Up-to-date: /home/gabriel/software/AutonomousDriving/install/autoware_auto_msgs/include/autoware_auto_msgs/msg/detail/diagnostic_header__struct.hpp
-- Up-to-date: /home/gabriel/software/AutonomousDriving/install/autoware_auto_msgs/include/autoware_auto_msgs/msg/detail/map_primitive__traits.hpp
-- Up-to-date: /home/gabriel/software/AutonomousDriving/install/autoware_auto_msgs/include/autoware_auto_msgs/msg/detail/raw_control_command__struct.hpp
-- Up-to-date: /home/gabriel/software/AutonomousDriving/install/autoware_auto_msgs/include/autoware_auto_msgs/msg/detail/vehicle_state_command__traits.hpp
-- Up-to-date: /home/gabriel/software/AutonomousDriving/install/autoware_auto_msgs/include/autoware_auto_msgs/msg/detail/trajectory_point__builder.hpp
-- Up-to-date: /home/gabriel/software/AutonomousDriving/install/autoware_auto_msgs/include/autoware_auto_msgs/msg/detail/point_clusters__traits.hpp
-- Up-to-date: /home/gabriel/software/AutonomousDriving/install/autoware_auto_msgs/include/autoware_auto_msgs/msg/detail/raw_control_command__builder.hpp
-- Up-to-date: /home/gabriel/software/AutonomousDriving/install/autoware_auto_msgs/include/autoware_auto_msgs/msg/detail/complex32__traits.hpp
-- Up-to-date: /home/gabriel/software/AutonomousDriving/install/autoware_auto_msgs/include/autoware_auto_msgs/msg/detail/vehicle_state_command__struct.hpp
-- Up-to-date: /home/gabriel/software/AutonomousDriving/install/autoware_auto_msgs/include/autoware_auto_msgs/msg/detail/complex32__struct.hpp
-- Up-to-date: /home/gabriel/software/AutonomousDriving/install/autoware_auto_msgs/include/autoware_auto_msgs/msg/detail/vehicle_kinematic_state__traits.hpp
-- Up-to-date: /home/gabriel/software/AutonomousDriving/install/autoware_auto_msgs/include/autoware_auto_msgs/msg/detail/vehicle_kinematic_state__builder.hpp
-- Up-to-date: /home/gabriel/software/AutonomousDriving/install/autoware_auto_msgs/include/autoware_auto_msgs/msg/detail/high_level_control_command__builder.hpp
-- Up-to-date: /home/gabriel/software/AutonomousDriving/install/autoware_auto_msgs/include/autoware_auto_msgs/msg/detail/bounding_box__traits.hpp
-- Up-to-date: /home/gabriel/software/AutonomousDriving/install/autoware_auto_msgs/include/autoware_auto_msgs/msg/detail/bounding_box__builder.hpp
-- Up-to-date: /home/gabriel/software/AutonomousDriving/install/autoware_auto_msgs/include/autoware_auto_msgs/msg/detail/diagnostic_header__traits.hpp
-- Up-to-date: /home/gabriel/software/AutonomousDriving/install/autoware_auto_msgs/include/autoware_auto_msgs/msg/detail/vehicle_kinematic_state__struct.hpp
-- Up-to-date: /home/gabriel/software/AutonomousDriving/install/autoware_auto_msgs/include/autoware_auto_msgs/msg/detail/vehicle_control_command__builder.hpp
-- Up-to-date: /home/gabriel/software/AutonomousDriving/install/autoware_auto_msgs/include/autoware_auto_msgs/msg/detail/quaternion32__builder.hpp
-- Up-to-date: /home/gabriel/software/AutonomousDriving/install/autoware_auto_msgs/include/autoware_auto_msgs/msg/detail/control_diagnostic__traits.hpp
-- Up-to-date: /home/gabriel/software/AutonomousDriving/install/autoware_auto_msgs/include/autoware_auto_msgs/msg/detail/complex32__builder.hpp
-- Up-to-date: /home/gabriel/software/AutonomousDriving/install/autoware_auto_msgs/include/autoware_auto_msgs/msg/detail/bounding_box_array__traits.hpp
-- Up-to-date: /home/gabriel/software/AutonomousDriving/install/autoware_auto_msgs/include/autoware_auto_msgs/msg/detail/control_diagnostic__struct.hpp
-- Up-to-date: /home/gabriel/software/AutonomousDriving/install/autoware_auto_msgs/include/autoware_auto_msgs/msg/detail/point_clusters__struct.hpp
-- Up-to-date: /home/gabriel/software/AutonomousDriving/install/autoware_auto_msgs/include/autoware_auto_msgs/msg/detail/high_level_control_command__traits.hpp
-- Up-to-date: /home/gabriel/software/AutonomousDriving/install/autoware_auto_msgs/include/autoware_auto_msgs/msg/detail/map_primitive__struct.hpp
-- Up-to-date: /home/gabriel/software/AutonomousDriving/install/autoware_auto_msgs/include/autoware_auto_msgs/msg/detail/vehicle_state_report__traits.hpp
-- Up-to-date: /home/gabriel/software/AutonomousDriving/install/autoware_auto_msgs/include/autoware_auto_msgs/msg/detail/map_primitive__builder.hpp
-- Up-to-date: /home/gabriel/software/AutonomousDriving/install/autoware_auto_msgs/include/autoware_auto_msgs/msg/detail/vehicle_odometry__builder.hpp
-- Up-to-date: /home/gabriel/software/AutonomousDriving/install/autoware_auto_msgs/include/autoware_auto_msgs/msg/point_clusters.hpp
-- Up-to-date: /home/gabriel/software/AutonomousDriving/install/autoware_auto_msgs/include/autoware_auto_msgs/msg/bounding_box.hpp
-- Up-to-date: /home/gabriel/software/AutonomousDriving/install/autoware_auto_msgs/include/autoware_auto_msgs/msg/vehicle_odometry.hpp
-- Up-to-date: /home/gabriel/software/AutonomousDriving/install/autoware_auto_msgs/include/autoware_auto_msgs/msg/bounding_box_array.hpp
-- Up-to-date: /home/gabriel/software/AutonomousDriving/install/autoware_auto_msgs/include/autoware_auto_msgs/msg/diagnostic_header.hpp
-- Up-to-date: /home/gabriel/software/AutonomousDriving/install/autoware_auto_msgs/include/autoware_auto_msgs/msg/had_map_bin.hpp
-- Up-to-date: /home/gabriel/software/AutonomousDriving/install/autoware_auto_msgs/include/autoware_auto_msgs/msg/vehicle_control_command.hpp
-- Up-to-date: /home/gabriel/software/AutonomousDriving/install/autoware_auto_msgs/include/autoware_auto_msgs/msg/quaternion32.hpp
-- Up-to-date: /home/gabriel/software/AutonomousDriving/install/autoware_auto_msgs/include/autoware_auto_msgs/msg/trajectory.hpp
-- Up-to-date: /home/gabriel/software/AutonomousDriving/install/autoware_auto_msgs/include/autoware_auto_msgs/msg/route.hpp
-- Up-to-date: /home/gabriel/software/AutonomousDriving/install/autoware_auto_msgs/include/autoware_auto_msgs/msg/vehicle_state_command.hpp
-- Up-to-date: /home/gabriel/software/AutonomousDriving/install/autoware_auto_msgs/include/autoware_auto_msgs/msg/vehicle_state_report.hpp
-- Up-to-date: /home/gabriel/software/AutonomousDriving/install/autoware_auto_msgs/include/autoware_auto_msgs/action
-- Up-to-date: /home/gabriel/software/AutonomousDriving/install/autoware_auto_msgs/include/autoware_auto_msgs/action/detail
-- Up-to-date: /home/gabriel/software/AutonomousDriving/install/autoware_auto_msgs/include/autoware_auto_msgs/action/detail/plan_trajectory__traits.hpp
-- Up-to-date: /home/gabriel/software/AutonomousDriving/install/autoware_auto_msgs/include/autoware_auto_msgs/action/detail/plan_trajectory__struct.hpp
-- Up-to-date: /home/gabriel/software/AutonomousDriving/install/autoware_auto_msgs/include/autoware_auto_msgs/action/detail/plan_trajectory__builder.hpp
-- Up-to-date: /home/gabriel/software/AutonomousDriving/install/autoware_auto_msgs/include/autoware_auto_msgs/action/plan_trajectory.hpp
-- Up-to-date: /home/gabriel/software/AutonomousDriving/install/autoware_auto_msgs/include/autoware_auto_msgs
-- Up-to-date: /home/gabriel/software/AutonomousDriving/install/autoware_auto_msgs/include/autoware_auto_msgs/srv
-- Up-to-date: /home/gabriel/software/AutonomousDriving/install/autoware_auto_msgs/include/autoware_auto_msgs/srv/detail
-- Up-to-date: /home/gabriel/software/AutonomousDriving/install/autoware_auto_msgs/include/autoware_auto_msgs/srv/detail/modify_trajectory__rosidl_typesupport_introspection_cpp.hpp
-- Up-to-date: /home/gabriel/software/AutonomousDriving/install/autoware_auto_msgs/include/autoware_auto_msgs/srv/detail/had_map_service__type_support.cpp
-- Up-to-date: /home/gabriel/software/AutonomousDriving/install/autoware_auto_msgs/include/autoware_auto_msgs/srv/detail/autonomy_mode_change__rosidl_typesupport_introspection_cpp.hpp
-- Up-to-date: /home/gabriel/software/AutonomousDriving/install/autoware_auto_msgs/include/autoware_auto_msgs/srv/detail/autonomy_mode_change__type_support.cpp
-- Up-to-date: /home/gabriel/software/AutonomousDriving/install/autoware_auto_msgs/include/autoware_auto_msgs/srv/detail/had_map_service__rosidl_typesupport_introspection_cpp.hpp
-- Up-to-date: /home/gabriel/software/AutonomousDriving/install/autoware_auto_msgs/include/autoware_auto_msgs/srv/detail/modify_trajectory__type_support.cpp
-- Up-to-date: /home/gabriel/software/AutonomousDriving/install/autoware_auto_msgs/include/autoware_auto_msgs/msg
-- Up-to-date: /home/gabriel/software/AutonomousDriving/install/autoware_auto_msgs/include/autoware_auto_msgs/msg/detail
-- Up-to-date: /home/gabriel/software/AutonomousDriving/install/autoware_auto_msgs/include/autoware_auto_msgs/msg/detail/bounding_box__type_support.cpp
-- Up-to-date: /home/gabriel/software/AutonomousDriving/install/autoware_auto_msgs/include/autoware_auto_msgs/msg/detail/trajectory_point__rosidl_typesupport_introspection_cpp.hpp
-- Up-to-date: /home/gabriel/software/AutonomousDriving/install/autoware_auto_msgs/include/autoware_auto_msgs/msg/detail/vehicle_control_command__type_support.cpp
-- Up-to-date: /home/gabriel/software/AutonomousDriving/install/autoware_auto_msgs/include/autoware_auto_msgs/msg/detail/vehicle_state_report__rosidl_typesupport_introspection_cpp.hpp
-- Up-to-date: /home/gabriel/software/AutonomousDriving/install/autoware_auto_msgs/include/autoware_auto_msgs/msg/detail/had_map_bin__type_support.cpp
-- Up-to-date: /home/gabriel/software/AutonomousDriving/install/autoware_auto_msgs/include/autoware_auto_msgs/msg/detail/raw_control_command__type_support.cpp
-- Up-to-date: /home/gabriel/software/AutonomousDriving/install/autoware_auto_msgs/include/autoware_auto_msgs/msg/detail/point_clusters__rosidl_typesupport_introspection_cpp.hpp
-- Up-to-date: /home/gabriel/software/AutonomousDriving/install/autoware_auto_msgs/include/autoware_auto_msgs/msg/detail/control_diagnostic__rosidl_typesupport_introspection_cpp.hpp
-- Up-to-date: /home/gabriel/software/AutonomousDriving/install/autoware_auto_msgs/include/autoware_auto_msgs/msg/detail/complex32__type_support.cpp
-- Up-to-date: /home/gabriel/software/AutonomousDriving/install/autoware_auto_msgs/include/autoware_auto_msgs/msg/detail/raw_control_command__rosidl_typesupport_introspection_cpp.hpp
-- Up-to-date: /home/gabriel/software/AutonomousDriving/install/autoware_auto_msgs/include/autoware_auto_msgs/msg/detail/trajectory__rosidl_typesupport_introspection_cpp.hpp
-- Up-to-date: /home/gabriel/software/AutonomousDriving/install/autoware_auto_msgs/include/autoware_auto_msgs/msg/detail/complex32__rosidl_typesupport_introspection_cpp.hpp
-- Up-to-date: /home/gabriel/software/AutonomousDriving/install/autoware_auto_msgs/include/autoware_auto_msgs/msg/detail/high_level_control_command__type_support.cpp
-- Up-to-date: /home/gabriel/software/AutonomousDriving/install/autoware_auto_msgs/include/autoware_auto_msgs/msg/detail/quaternion32__type_support.cpp
-- Up-to-date: /home/gabriel/software/AutonomousDriving/install/autoware_auto_msgs/include/autoware_auto_msgs/msg/detail/bounding_box__rosidl_typesupport_introspection_cpp.hpp
-- Up-to-date: /home/gabriel/software/AutonomousDriving/install/autoware_auto_msgs/include/autoware_auto_msgs/msg/detail/diagnostic_header__rosidl_typesupport_introspection_cpp.hpp
-- Up-to-date: /home/gabriel/software/AutonomousDriving/install/autoware_auto_msgs/include/autoware_auto_msgs/msg/detail/trajectory__type_support.cpp
-- Up-to-date: /home/gabriel/software/AutonomousDriving/install/autoware_auto_msgs/include/autoware_auto_msgs/msg/detail/trajectory_point__type_support.cpp
-- Up-to-date: /home/gabriel/software/AutonomousDriving/install/autoware_auto_msgs/include/autoware_auto_msgs/msg/detail/vehicle_kinematic_state__rosidl_typesupport_introspection_cpp.hpp
-- Up-to-date: /home/gabriel/software/AutonomousDriving/install/autoware_auto_msgs/include/autoware_auto_msgs/msg/detail/map_primitive__rosidl_typesupport_introspection_cpp.hpp
-- Up-to-date: /home/gabriel/software/AutonomousDriving/install/autoware_auto_msgs/include/autoware_auto_msgs/msg/detail/high_level_control_command__rosidl_typesupport_introspection_cpp.hpp
-- Up-to-date: /home/gabriel/software/AutonomousDriving/install/autoware_auto_msgs/include/autoware_auto_msgs/msg/detail/bounding_box_array__rosidl_typesupport_introspection_cpp.hpp
-- Up-to-date: /home/gabriel/software/AutonomousDriving/install/autoware_auto_msgs/include/autoware_auto_msgs/msg/detail/point_clusters__type_support.cpp
-- Up-to-date: /home/gabriel/software/AutonomousDriving/install/autoware_auto_msgs/include/autoware_auto_msgs/msg/detail/vehicle_odometry__rosidl_typesupport_introspection_cpp.hpp
-- Up-to-date: /home/gabriel/software/AutonomousDriving/install/autoware_auto_msgs/include/autoware_auto_msgs/msg/detail/route__rosidl_typesupport_introspection_cpp.hpp
-- Up-to-date: /home/gabriel/software/AutonomousDriving/install/autoware_auto_msgs/include/autoware_auto_msgs/msg/detail/vehicle_odometry__type_support.cpp
-- Up-to-date: /home/gabriel/software/AutonomousDriving/install/autoware_auto_msgs/include/autoware_auto_msgs/msg/detail/vehicle_control_command__rosidl_typesupport_introspection_cpp.hpp
-- Up-to-date: /home/gabriel/software/AutonomousDriving/install/autoware_auto_msgs/include/autoware_auto_msgs/msg/detail/had_map_bin__rosidl_typesupport_introspection_cpp.hpp
-- Up-to-date: /home/gabriel/software/AutonomousDriving/install/autoware_auto_msgs/include/autoware_auto_msgs/msg/detail/bounding_box_array__type_support.cpp
-- Up-to-date: /home/gabriel/software/AutonomousDriving/install/autoware_auto_msgs/include/autoware_auto_msgs/msg/detail/vehicle_state_report__type_support.cpp
-- Up-to-date: /home/gabriel/software/AutonomousDriving/install/autoware_auto_msgs/include/autoware_auto_msgs/msg/detail/vehicle_kinematic_state__type_support.cpp
-- Up-to-date: /home/gabriel/software/AutonomousDriving/install/autoware_auto_msgs/include/autoware_auto_msgs/msg/detail/route__type_support.cpp
-- Up-to-date: /home/gabriel/software/AutonomousDriving/install/autoware_auto_msgs/include/autoware_auto_msgs/msg/detail/quaternion32__rosidl_typesupport_introspection_cpp.hpp
-- Up-to-date: /home/gabriel/software/AutonomousDriving/install/autoware_auto_msgs/include/autoware_auto_msgs/msg/detail/vehicle_state_command__type_support.cpp
-- Up-to-date: /home/gabriel/software/AutonomousDriving/install/autoware_auto_msgs/include/autoware_auto_msgs/msg/detail/control_diagnostic__type_support.cpp
-- Up-to-date: /home/gabriel/software/AutonomousDriving/install/autoware_auto_msgs/include/autoware_auto_msgs/msg/detail/map_primitive__type_support.cpp
-- Up-to-date: /home/gabriel/software/AutonomousDriving/install/autoware_auto_msgs/include/autoware_auto_msgs/msg/detail/vehicle_state_command__rosidl_typesupport_introspection_cpp.hpp
-- Up-to-date: /home/gabriel/software/AutonomousDriving/install/autoware_auto_msgs/include/autoware_auto_msgs/msg/detail/diagnostic_header__type_support.cpp
-- Up-to-date: /home/gabriel/software/AutonomousDriving/install/autoware_auto_msgs/include/autoware_auto_msgs/action
-- Up-to-date: /home/gabriel/software/AutonomousDriving/install/autoware_auto_msgs/include/autoware_auto_msgs/action/detail
-- Up-to-date: /home/gabriel/software/AutonomousDriving/install/autoware_auto_msgs/include/autoware_auto_msgs/action/detail/plan_trajectory__type_support.cpp
-- Up-to-date: /home/gabriel/software/AutonomousDriving/install/autoware_auto_msgs/include/autoware_auto_msgs/action/detail/plan_trajectory__rosidl_typesupport_introspection_cpp.hpp
-- Up-to-date: /home/gabriel/software/AutonomousDriving/install/autoware_auto_msgs/lib/libautoware_auto_msgs__rosidl_typesupport_introspection_cpp.so
-- Up-to-date: /home/gabriel/software/AutonomousDriving/install/autoware_auto_msgs/lib/libautoware_auto_msgs__rosidl_typesupport_cpp.so
-- Up-to-date: /home/gabriel/software/AutonomousDriving/install/autoware_auto_msgs/share/autoware_auto_msgs/environment/pythonpath.sh
-- Up-to-date: /home/gabriel/software/AutonomousDriving/install/autoware_auto_msgs/share/autoware_auto_msgs/environment/pythonpath.dsv
-- Up-to-date: /home/gabriel/software/AutonomousDriving/install/autoware_auto_msgs/lib/python3.8/site-packages/autoware_auto_msgs/__init__.py
-- Up-to-date: /home/gabriel/software/AutonomousDriving/install/autoware_auto_msgs/lib/python3.8/site-packages/autoware_auto_msgs/msg
-- Up-to-date: /home/gabriel/software/AutonomousDriving/install/autoware_auto_msgs/lib/python3.8/site-packages/autoware_auto_msgs/msg/_trajectory_point.py
-- Up-to-date: /home/gabriel/software/AutonomousDriving/install/autoware_auto_msgs/lib/python3.8/site-packages/autoware_auto_msgs/msg/_quaternion32_s.c
-- Up-to-date: /home/gabriel/software/AutonomousDriving/install/autoware_auto_msgs/lib/python3.8/site-packages/autoware_auto_msgs/msg/_had_map_bin.py
-- Up-to-date: /home/gabriel/software/AutonomousDriving/install/autoware_auto_msgs/lib/python3.8/site-packages/autoware_auto_msgs/msg/_complex32_s.c
-- Up-to-date: /home/gabriel/software/AutonomousDriving/install/autoware_auto_msgs/lib/python3.8/site-packages/autoware_auto_msgs/msg/_route_s.c
-- Up-to-date: /home/gabriel/software/AutonomousDriving/install/autoware_auto_msgs/lib/python3.8/site-packages/autoware_auto_msgs/msg/_map_primitive_s.c
-- Up-to-date: /home/gabriel/software/AutonomousDriving/install/autoware_auto_msgs/lib/python3.8/site-packages/autoware_auto_msgs/msg/_diagnostic_header.py
-- Up-to-date: /home/gabriel/software/AutonomousDriving/install/autoware_auto_msgs/lib/python3.8/site-packages/autoware_auto_msgs/msg/_vehicle_kinematic_state_s.c
-- Up-to-date: /home/gabriel/software/AutonomousDriving/install/autoware_auto_msgs/lib/python3.8/site-packages/autoware_auto_msgs/msg/_bounding_box_array_s.c
-- Up-to-date: /home/gabriel/software/AutonomousDriving/install/autoware_auto_msgs/lib/python3.8/site-packages/autoware_auto_msgs/msg/_vehicle_control_command.py
-- Up-to-date: /home/gabriel/software/AutonomousDriving/install/autoware_auto_msgs/lib/python3.8/site-packages/autoware_auto_msgs/msg/_vehicle_state_report_s.c
-- Up-to-date: /home/gabriel/software/AutonomousDriving/install/autoware_auto_msgs/lib/python3.8/site-packages/autoware_auto_msgs/msg/_vehicle_odometry.py
-- Up-to-date: /home/gabriel/software/AutonomousDriving/install/autoware_auto_msgs/lib/python3.8/site-packages/autoware_auto_msgs/msg/_complex32.py
-- Up-to-date: /home/gabriel/software/AutonomousDriving/install/autoware_auto_msgs/lib/python3.8/site-packages/autoware_auto_msgs/msg/_vehicle_kinematic_state.py
-- Up-to-date: /home/gabriel/software/AutonomousDriving/install/autoware_auto_msgs/lib/python3.8/site-packages/autoware_auto_msgs/msg/_bounding_box.py
-- Up-to-date: /home/gabriel/software/AutonomousDriving/install/autoware_auto_msgs/lib/python3.8/site-packages/autoware_auto_msgs/msg/_vehicle_state_command.py
-- Up-to-date: /home/gabriel/software/AutonomousDriving/install/autoware_auto_msgs/lib/python3.8/site-packages/autoware_auto_msgs/msg/_map_primitive.py
-- Up-to-date: /home/gabriel/software/AutonomousDriving/install/autoware_auto_msgs/lib/python3.8/site-packages/autoware_auto_msgs/msg/_high_level_control_command.py
-- Up-to-date: /home/gabriel/software/AutonomousDriving/install/autoware_auto_msgs/lib/python3.8/site-packages/autoware_auto_msgs/msg/_had_map_bin_s.c
-- Up-to-date: /home/gabriel/software/AutonomousDriving/install/autoware_auto_msgs/lib/python3.8/site-packages/autoware_auto_msgs/msg/_raw_control_command.py
-- Up-to-date: /home/gabriel/software/AutonomousDriving/install/autoware_auto_msgs/lib/python3.8/site-packages/autoware_auto_msgs/msg/_vehicle_control_command_s.c
-- Up-to-date: /home/gabriel/software/AutonomousDriving/install/autoware_auto_msgs/lib/python3.8/site-packages/autoware_auto_msgs/msg/_high_level_control_command_s.c
-- Up-to-date: /home/gabriel/software/AutonomousDriving/install/autoware_auto_msgs/lib/python3.8/site-packages/autoware_auto_msgs/msg/_bounding_box_array.py
-- Up-to-date: /home/gabriel/software/AutonomousDriving/install/autoware_auto_msgs/lib/python3.8/site-packages/autoware_auto_msgs/msg/_raw_control_command_s.c
-- Up-to-date: /home/gabriel/software/AutonomousDriving/install/autoware_auto_msgs/lib/python3.8/site-packages/autoware_auto_msgs/msg/_point_clusters.py
-- Up-to-date: /home/gabriel/software/AutonomousDriving/install/autoware_auto_msgs/lib/python3.8/site-packages/autoware_auto_msgs/msg/_route.py
-- Up-to-date: /home/gabriel/software/AutonomousDriving/install/autoware_auto_msgs/lib/python3.8/site-packages/autoware_auto_msgs/msg/__init__.py
-- Up-to-date: /home/gabriel/software/AutonomousDriving/install/autoware_auto_msgs/lib/python3.8/site-packages/autoware_auto_msgs/msg/_vehicle_state_report.py
-- Up-to-date: /home/gabriel/software/AutonomousDriving/install/autoware_auto_msgs/lib/python3.8/site-packages/autoware_auto_msgs/msg/_point_clusters_s.c
-- Up-to-date: /home/gabriel/software/AutonomousDriving/install/autoware_auto_msgs/lib/python3.8/site-packages/autoware_auto_msgs/msg/_trajectory_point_s.c
-- Up-to-date: /home/gabriel/software/AutonomousDriving/install/autoware_auto_msgs/lib/python3.8/site-packages/autoware_auto_msgs/msg/_trajectory.py
-- Up-to-date: /home/gabriel/software/AutonomousDriving/install/autoware_auto_msgs/lib/python3.8/site-packages/autoware_auto_msgs/msg/_control_diagnostic_s.c
-- Up-to-date: /home/gabriel/software/AutonomousDriving/install/autoware_auto_msgs/lib/python3.8/site-packages/autoware_auto_msgs/msg/_bounding_box_s.c
-- Up-to-date: /home/gabriel/software/AutonomousDriving/install/autoware_auto_msgs/lib/python3.8/site-packages/autoware_auto_msgs/msg/_quaternion32.py
-- Up-to-date: /home/gabriel/software/AutonomousDriving/install/autoware_auto_msgs/lib/python3.8/site-packages/autoware_auto_msgs/msg/_control_diagnostic.py
-- Up-to-date: /home/gabriel/software/AutonomousDriving/install/autoware_auto_msgs/lib/python3.8/site-packages/autoware_auto_msgs/msg/_vehicle_odometry_s.c
-- Up-to-date: /home/gabriel/software/AutonomousDriving/install/autoware_auto_msgs/lib/python3.8/site-packages/autoware_auto_msgs/msg/_diagnostic_header_s.c
-- Up-to-date: /home/gabriel/software/AutonomousDriving/install/autoware_auto_msgs/lib/python3.8/site-packages/autoware_auto_msgs/msg/_trajectory_s.c
-- Up-to-date: /home/gabriel/software/AutonomousDriving/install/autoware_auto_msgs/lib/python3.8/site-packages/autoware_auto_msgs/msg/_vehicle_state_command_s.c
-- Up-to-date: /home/gabriel/software/AutonomousDriving/install/autoware_auto_msgs/lib/python3.8/site-packages/autoware_auto_msgs/srv
-- Up-to-date: /home/gabriel/software/AutonomousDriving/install/autoware_auto_msgs/lib/python3.8/site-packages/autoware_auto_msgs/srv/_autonomy_mode_change.py
-- Up-to-date: /home/gabriel/software/AutonomousDriving/install/autoware_auto_msgs/lib/python3.8/site-packages/autoware_auto_msgs/srv/_modify_trajectory.py
-- Up-to-date: /home/gabriel/software/AutonomousDriving/install/autoware_auto_msgs/lib/python3.8/site-packages/autoware_auto_msgs/srv/_modify_trajectory_s.c
-- Up-to-date: /home/gabriel/software/AutonomousDriving/install/autoware_auto_msgs/lib/python3.8/site-packages/autoware_auto_msgs/srv/__init__.py
-- Up-to-date: /home/gabriel/software/AutonomousDriving/install/autoware_auto_msgs/lib/python3.8/site-packages/autoware_auto_msgs/srv/_had_map_service_s.c
-- Up-to-date: /home/gabriel/software/AutonomousDriving/install/autoware_auto_msgs/lib/python3.8/site-packages/autoware_auto_msgs/srv/_autonomy_mode_change_s.c
-- Up-to-date: /home/gabriel/software/AutonomousDriving/install/autoware_auto_msgs/lib/python3.8/site-packages/autoware_auto_msgs/srv/_had_map_service.py
-- Up-to-date: /home/gabriel/software/AutonomousDriving/install/autoware_auto_msgs/lib/python3.8/site-packages/autoware_auto_msgs/action
-- Up-to-date: /home/gabriel/software/AutonomousDriving/install/autoware_auto_msgs/lib/python3.8/site-packages/autoware_auto_msgs/action/__init__.py
-- Up-to-date: /home/gabriel/software/AutonomousDriving/install/autoware_auto_msgs/lib/python3.8/site-packages/autoware_auto_msgs/action/_plan_trajectory_s.c
-- Up-to-date: /home/gabriel/software/AutonomousDriving/install/autoware_auto_msgs/lib/python3.8/site-packages/autoware_auto_msgs/action/_plan_trajectory.py
-- Up-to-date: /home/gabriel/software/AutonomousDriving/install/autoware_auto_msgs/lib/python3.8/site-packages/autoware_auto_msgs/autoware_auto_msgs_s__rosidl_typesupport_fastrtps_c.cpython-38-x86_64-linux-gnu.so
-- Up-to-date: /home/gabriel/software/AutonomousDriving/install/autoware_auto_msgs/lib/python3.8/site-packages/autoware_auto_msgs/autoware_auto_msgs_s__rosidl_typesupport_introspection_c.cpython-38-x86_64-linux-gnu.so
-- Up-to-date: /home/gabriel/software/AutonomousDriving/install/autoware_auto_msgs/lib/python3.8/site-packages/autoware_auto_msgs/autoware_auto_msgs_s__rosidl_typesupport_c.cpython-38-x86_64-linux-gnu.so
-- Up-to-date: /home/gabriel/software/AutonomousDriving/install/autoware_auto_msgs/lib/libautoware_auto_msgs__python.so
-- Up-to-date: /home/gabriel/software/AutonomousDriving/install/autoware_auto_msgs/share/autoware_auto_msgs/msg/BoundingBox.idl
-- Up-to-date: /home/gabriel/software/AutonomousDriving/install/autoware_auto_msgs/share/autoware_auto_msgs/msg/Complex32.idl
-- Up-to-date: /home/gabriel/software/AutonomousDriving/install/autoware_auto_msgs/share/autoware_auto_msgs/msg/DiagnosticHeader.idl
-- Up-to-date: /home/gabriel/software/AutonomousDriving/install/autoware_auto_msgs/share/autoware_auto_msgs/msg/Quaternion32.idl
-- Up-to-date: /home/gabriel/software/AutonomousDriving/install/autoware_auto_msgs/share/autoware_auto_msgs/msg/TrajectoryPoint.idl
-- Up-to-date: /home/gabriel/software/AutonomousDriving/install/autoware_auto_msgs/share/autoware_auto_msgs/msg/MapPrimitive.idl
-- Up-to-date: /home/gabriel/software/AutonomousDriving/install/autoware_auto_msgs/share/autoware_auto_msgs/msg/BoundingBoxArray.idl
-- Up-to-date: /home/gabriel/software/AutonomousDriving/install/autoware_auto_msgs/share/autoware_auto_msgs/msg/ControlDiagnostic.idl
-- Up-to-date: /home/gabriel/software/AutonomousDriving/install/autoware_auto_msgs/share/autoware_auto_msgs/msg/HighLevelControlCommand.idl
-- Up-to-date: /home/gabriel/software/AutonomousDriving/install/autoware_auto_msgs/share/autoware_auto_msgs/msg/RawControlCommand.idl
-- Up-to-date: /home/gabriel/software/AutonomousDriving/install/autoware_auto_msgs/share/autoware_auto_msgs/msg/Trajectory.idl
-- Up-to-date: /home/gabriel/software/AutonomousDriving/install/autoware_auto_msgs/share/autoware_auto_msgs/msg/VehicleControlCommand.idl
-- Up-to-date: /home/gabriel/software/AutonomousDriving/install/autoware_auto_msgs/share/autoware_auto_msgs/msg/VehicleKinematicState.idl
-- Up-to-date: /home/gabriel/software/AutonomousDriving/install/autoware_auto_msgs/share/autoware_auto_msgs/msg/VehicleOdometry.idl
-- Up-to-date: /home/gabriel/software/AutonomousDriving/install/autoware_auto_msgs/share/autoware_auto_msgs/msg/VehicleStateCommand.idl
-- Up-to-date: /home/gabriel/software/AutonomousDriving/install/autoware_auto_msgs/share/autoware_auto_msgs/msg/VehicleStateReport.idl
-- Up-to-date: /home/gabriel/software/AutonomousDriving/install/autoware_auto_msgs/share/autoware_auto_msgs/msg/HADMapBin.idl
-- Up-to-date: /home/gabriel/software/AutonomousDriving/install/autoware_auto_msgs/share/autoware_auto_msgs/msg/Route.idl
-- Up-to-date: /home/gabriel/software/AutonomousDriving/install/autoware_auto_msgs/share/autoware_auto_msgs/srv/AutonomyModeChange.idl
-- Up-to-date: /home/gabriel/software/AutonomousDriving/install/autoware_auto_msgs/share/autoware_auto_msgs/srv/HADMapService.idl
-- Up-to-date: /home/gabriel/software/AutonomousDriving/install/autoware_auto_msgs/share/autoware_auto_msgs/srv/ModifyTrajectory.idl
-- Up-to-date: /home/gabriel/software/AutonomousDriving/install/autoware_auto_msgs/share/autoware_auto_msgs/action/PlanTrajectory.idl
-- Up-to-date: /home/gabriel/software/AutonomousDriving/install/autoware_auto_msgs/share/autoware_auto_msgs/msg/PointClusters.idl
-- Up-to-date: /home/gabriel/software/AutonomousDriving/install/autoware_auto_msgs/share/ament_index/resource_index/package_run_dependencies/autoware_auto_msgs
-- Up-to-date: /home/gabriel/software/AutonomousDriving/install/autoware_auto_msgs/share/ament_index/resource_index/parent_prefix_path/autoware_auto_msgs
-- Up-to-date: /home/gabriel/software/AutonomousDriving/install/autoware_auto_msgs/share/autoware_auto_msgs/environment/ament_prefix_path.sh
-- Up-to-date: /home/gabriel/software/AutonomousDriving/install/autoware_auto_msgs/share/autoware_auto_msgs/environment/ament_prefix_path.dsv
-- Up-to-date: /home/gabriel/software/AutonomousDriving/install/autoware_auto_msgs/share/autoware_auto_msgs/environment/path.sh
-- Up-to-date: /home/gabriel/software/AutonomousDriving/install/autoware_auto_msgs/share/autoware_auto_msgs/environment/path.dsv
-- Up-to-date: /home/gabriel/software/AutonomousDriving/install/autoware_auto_msgs/share/autoware_auto_msgs/local_setup.bash
-- Up-to-date: /home/gabriel/software/AutonomousDriving/install/autoware_auto_msgs/share/autoware_auto_msgs/local_setup.sh
-- Up-to-date: /home/gabriel/software/AutonomousDriving/install/autoware_auto_msgs/share/autoware_auto_msgs/local_setup.zsh
-- Up-to-date: /home/gabriel/software/AutonomousDriving/install/autoware_auto_msgs/share/autoware_auto_msgs/local_setup.dsv
-- Installing: /home/gabriel/software/AutonomousDriving/install/autoware_auto_msgs/share/autoware_auto_msgs/package.dsv
-- Up-to-date: /home/gabriel/software/AutonomousDriving/install/autoware_auto_msgs/share/ament_index/resource_index/packages/autoware_auto_msgs
-- Up-to-date: /home/gabriel/software/AutonomousDriving/install/autoware_auto_msgs/share/autoware_auto_msgs/cmake/autoware_auto_msgs__rosidl_generator_cExport.cmake
-- Up-to-date: /home/gabriel/software/AutonomousDriving/install/autoware_auto_msgs/share/autoware_auto_msgs/cmake/autoware_auto_msgs__rosidl_generator_cExport-noconfig.cmake
-- Up-to-date: /home/gabriel/software/AutonomousDriving/install/autoware_auto_msgs/share/autoware_auto_msgs/cmake/autoware_auto_msgs__rosidl_typesupport_introspection_cExport.cmake
-- Up-to-date: /home/gabriel/software/AutonomousDriving/install/autoware_auto_msgs/share/autoware_auto_msgs/cmake/autoware_auto_msgs__rosidl_typesupport_introspection_cExport-noconfig.cmake
-- Up-to-date: /home/gabriel/software/AutonomousDriving/install/autoware_auto_msgs/share/autoware_auto_msgs/cmake/autoware_auto_msgs__rosidl_typesupport_cExport.cmake
-- Up-to-date: /home/gabriel/software/AutonomousDriving/install/autoware_auto_msgs/share/autoware_auto_msgs/cmake/autoware_auto_msgs__rosidl_typesupport_cExport-noconfig.cmake
-- Up-to-date: /home/gabriel/software/AutonomousDriving/install/autoware_auto_msgs/share/autoware_auto_msgs/cmake/autoware_auto_msgs__rosidl_generator_cppExport.cmake
-- Up-to-date: /home/gabriel/software/AutonomousDriving/install/autoware_auto_msgs/share/autoware_auto_msgs/cmake/autoware_auto_msgs__rosidl_typesupport_introspection_cppExport.cmake
-- Up-to-date: /home/gabriel/software/AutonomousDriving/install/autoware_auto_msgs/share/autoware_auto_msgs/cmake/autoware_auto_msgs__rosidl_typesupport_introspection_cppExport-noconfig.cmake
-- Up-to-date: /home/gabriel/software/AutonomousDriving/install/autoware_auto_msgs/share/autoware_auto_msgs/cmake/autoware_auto_msgs__rosidl_typesupport_cppExport.cmake
-- Up-to-date: /home/gabriel/software/AutonomousDriving/install/autoware_auto_msgs/share/autoware_auto_msgs/cmake/autoware_auto_msgs__rosidl_typesupport_cppExport-noconfig.cmake
-- Up-to-date: /home/gabriel/software/AutonomousDriving/install/autoware_auto_msgs/share/autoware_auto_msgs/cmake/rosidl_cmake-extras.cmake
-- Up-to-date: /home/gabriel/software/AutonomousDriving/install/autoware_auto_msgs/share/autoware_auto_msgs/cmake/ament_cmake_export_dependencies-extras.cmake
-- Up-to-date: /home/gabriel/software/AutonomousDriving/install/autoware_auto_msgs/share/autoware_auto_msgs/cmake/ament_cmake_export_libraries-extras.cmake
-- Up-to-date: /home/gabriel/software/AutonomousDriving/install/autoware_auto_msgs/share/autoware_auto_msgs/cmake/ament_cmake_export_targets-extras.cmake
-- Up-to-date: /home/gabriel/software/AutonomousDriving/install/autoware_auto_msgs/share/autoware_auto_msgs/cmake/ament_cmake_export_include_directories-extras.cmake
-- Up-to-date: /home/gabriel/software/AutonomousDriving/install/autoware_auto_msgs/share/autoware_auto_msgs/cmake/rosidl_cmake_export_typesupport_libraries-extras.cmake
-- Up-to-date: /home/gabriel/software/AutonomousDriving/install/autoware_auto_msgs/share/autoware_auto_msgs/cmake/rosidl_cmake_export_typesupport_targets-extras.cmake
-- Up-to-date: /home/gabriel/software/AutonomousDriving/install/autoware_auto_msgs/share/autoware_auto_msgs/cmake/autoware_auto_msgsConfig.cmake
-- Up-to-date: /home/gabriel/software/AutonomousDriving/install/autoware_auto_msgs/share/autoware_auto_msgs/cmake/autoware_auto_msgsConfig-version.cmake
-- Up-to-date: /home/gabriel/software/AutonomousDriving/install/autoware_auto_msgs/share/autoware_auto_msgs/package.xml
