[0.045s] Invoking command in '/home/gabriel/software/AutonomousDriving/build/minimal_simulator': AMENT_PREFIX_PATH=/home/gabriel/software/AutonomousDriving/install/motion_model_testing_simulator:/home/gabriel/software/AutonomousDriving/install/autoware_auto_msgs:${AMENT_PREFIX_PATH} CMAKE_PREFIX_PATH=/home/gabriel/software/AutonomousDriving/install/motion_model_testing_simulator:/home/gabriel/software/AutonomousDriving/install/autoware_auto_msgs:/opt/ros/galactic LD_LIBRARY_PATH=/home/gabriel/software/AutonomousDriving/install/autoware_auto_msgs/lib:/usr/lib/x86_64-linux-gnu/gazebo-11/plugins:/opt/ros/galactic/opt/yaml_cpp_vendor/lib:/opt/ros/galactic/opt/rviz_ogre_vendor/lib:/opt/ros/galactic/lib/x86_64-linux-gnu:/opt/ros/galactic/lib:/home/gabriel/.mujoco/mujoco200/bin:/home/gabriel/.mujoco/mjpro131/bin:/home/gabriel/.mujoco/mjpro150/bin:/usr/lib/x86_64-linux-gnu/ PYTHONPATH=/home/gabriel/software/AutonomousDriving/install/motion_model_testing_simulator/lib/python3.8/site-packages:/home/gabriel/software/AutonomousDriving/install/autoware_auto_msgs/lib/python3.8/site-packages:${PYTHONPATH} /usr/bin/cmake --build /home/gabriel/software/AutonomousDriving/build/minimal_simulator -- -j16 -l16
[0.081s] Built target ament_cmake_python_copy_minimal_simulator
[0.245s] running egg_info
[0.245s] writing minimal_simulator.egg-info/PKG-INFO
[0.245s] writing dependency_links to minimal_simulator.egg-info/dependency_links.txt
[0.245s] writing top-level names to minimal_simulator.egg-info/top_level.txt
[0.267s] reading manifest file 'minimal_simulator.egg-info/SOURCES.txt'
[0.267s] writing manifest file 'minimal_simulator.egg-info/SOURCES.txt'
[0.284s] Built target ament_cmake_python_build_minimal_simulator_egg
[0.291s] Invoked command in '/home/gabriel/software/AutonomousDriving/build/minimal_simulator' returned '0': AMENT_PREFIX_PATH=/home/gabriel/software/AutonomousDriving/install/motion_model_testing_simulator:/home/gabriel/software/AutonomousDriving/install/autoware_auto_msgs:${AMENT_PREFIX_PATH} CMAKE_PREFIX_PATH=/home/gabriel/software/AutonomousDriving/install/motion_model_testing_simulator:/home/gabriel/software/AutonomousDriving/install/autoware_auto_msgs:/opt/ros/galactic LD_LIBRARY_PATH=/home/gabriel/software/AutonomousDriving/install/autoware_auto_msgs/lib:/usr/lib/x86_64-linux-gnu/gazebo-11/plugins:/opt/ros/galactic/opt/yaml_cpp_vendor/lib:/opt/ros/galactic/opt/rviz_ogre_vendor/lib:/opt/ros/galactic/lib/x86_64-linux-gnu:/opt/ros/galactic/lib:/home/gabriel/.mujoco/mujoco200/bin:/home/gabriel/.mujoco/mjpro131/bin:/home/gabriel/.mujoco/mjpro150/bin:/usr/lib/x86_64-linux-gnu/ PYTHONPATH=/home/gabriel/software/AutonomousDriving/install/motion_model_testing_simulator/lib/python3.8/site-packages:/home/gabriel/software/AutonomousDriving/install/autoware_auto_msgs/lib/python3.8/site-packages:${PYTHONPATH} /usr/bin/cmake --build /home/gabriel/software/AutonomousDriving/build/minimal_simulator -- -j16 -l16
[0.307s] Invoking command in '/home/gabriel/software/AutonomousDriving/build/minimal_simulator': AMENT_PREFIX_PATH=/home/gabriel/software/AutonomousDriving/install/motion_model_testing_simulator:/home/gabriel/software/AutonomousDriving/install/autoware_auto_msgs:${AMENT_PREFIX_PATH} CMAKE_PREFIX_PATH=/home/gabriel/software/AutonomousDriving/install/motion_model_testing_simulator:/home/gabriel/software/AutonomousDriving/install/autoware_auto_msgs:/opt/ros/galactic LD_LIBRARY_PATH=/home/gabriel/software/AutonomousDriving/install/autoware_auto_msgs/lib:/usr/lib/x86_64-linux-gnu/gazebo-11/plugins:/opt/ros/galactic/opt/yaml_cpp_vendor/lib:/opt/ros/galactic/opt/rviz_ogre_vendor/lib:/opt/ros/galactic/lib/x86_64-linux-gnu:/opt/ros/galactic/lib:/home/gabriel/.mujoco/mujoco200/bin:/home/gabriel/.mujoco/mjpro131/bin:/home/gabriel/.mujoco/mjpro150/bin:/usr/lib/x86_64-linux-gnu/ PYTHONPATH=/home/gabriel/software/AutonomousDriving/install/motion_model_testing_simulator/lib/python3.8/site-packages:/home/gabriel/software/AutonomousDriving/install/autoware_auto_msgs/lib/python3.8/site-packages:${PYTHONPATH} /usr/bin/cmake --install /home/gabriel/software/AutonomousDriving/build/minimal_simulator
[0.312s] -- Install configuration: ""
[0.312s] -- Up-to-date: /home/gabriel/software/AutonomousDriving/install/minimal_simulator/share/minimal_simulator/environment/pythonpath.sh
[0.312s] -- Up-to-date: /home/gabriel/software/AutonomousDriving/install/minimal_simulator/share/minimal_simulator/environment/pythonpath.dsv
[0.312s] -- Up-to-date: /home/gabriel/software/AutonomousDriving/install/minimal_simulator/lib/python3.8/site-packages//minimal_simulator.egg-info
[0.312s] -- Installing: /home/gabriel/software/AutonomousDriving/install/minimal_simulator/lib/python3.8/site-packages//minimal_simulator.egg-info/dependency_links.txt
[0.312s] -- Installing: /home/gabriel/software/AutonomousDriving/install/minimal_simulator/lib/python3.8/site-packages//minimal_simulator.egg-info/top_level.txt
[0.312s] -- Installing: /home/gabriel/software/AutonomousDriving/install/minimal_simulator/lib/python3.8/site-packages//minimal_simulator.egg-info/PKG-INFO
[0.312s] -- Installing: /home/gabriel/software/AutonomousDriving/install/minimal_simulator/lib/python3.8/site-packages//minimal_simulator.egg-info/SOURCES.txt
[0.312s] -- Up-to-date: /home/gabriel/software/AutonomousDriving/install/minimal_simulator/lib/python3.8/site-packages/minimal_simulator
[0.312s] -- Up-to-date: /home/gabriel/software/AutonomousDriving/install/minimal_simulator/lib/python3.8/site-packages/minimal_simulator/__init__.py
[0.312s] -- Up-to-date: /home/gabriel/software/AutonomousDriving/install/minimal_simulator/lib/python3.8/site-packages/minimal_simulator/minimal_simulator_node.py
[0.312s] -- Up-to-date: /home/gabriel/software/AutonomousDriving/install/minimal_simulator/lib/python3.8/site-packages/minimal_simulator/minimal_simulator_main.py
[0.335s] Listing '/home/gabriel/software/AutonomousDriving/install/minimal_simulator/lib/python3.8/site-packages/minimal_simulator'...
[0.335s] -- Up-to-date: /home/gabriel/software/AutonomousDriving/install/minimal_simulator/lib/minimal_simulator/minimal_simulator_main.py
[0.335s] -- Up-to-date: /home/gabriel/software/AutonomousDriving/install/minimal_simulator/share/minimal_simulator/config
[0.335s] -- Up-to-date: /home/gabriel/software/AutonomousDriving/install/minimal_simulator/share/minimal_simulator/config/minimal_simulator.rviz
[0.336s] -- Up-to-date: /home/gabriel/software/AutonomousDriving/install/minimal_simulator/share/minimal_simulator/launch
[0.336s] -- Up-to-date: /home/gabriel/software/AutonomousDriving/install/minimal_simulator/share/minimal_simulator/launch/seven_vehicles_simulator.launch.py
[0.336s] -- Up-to-date: /home/gabriel/software/AutonomousDriving/install/minimal_simulator/share/minimal_simulator/launch/two_vehicles_simulator.launch.py
[0.336s] -- Up-to-date: /home/gabriel/software/AutonomousDriving/install/minimal_simulator/share/minimal_simulator/launch/single_vehicle_simulator.launch.py
[0.336s] -- Up-to-date: /home/gabriel/software/AutonomousDriving/install/minimal_simulator/share/minimal_simulator/launch/two_vehicles_simulator_scenario2.launch.py
[0.336s] -- Up-to-date: /home/gabriel/software/AutonomousDriving/install/minimal_simulator/share/minimal_simulator/launch/two_vehicles_simulator_scenario1.launch.py
[0.336s] -- Up-to-date: /home/gabriel/software/AutonomousDriving/install/minimal_simulator/share/minimal_simulator/launch/four_vehicles_simulator_all_avoiding.launch.py
[0.336s] -- Up-to-date: /home/gabriel/software/AutonomousDriving/install/minimal_simulator/share/minimal_simulator/launch/multi_simulator.launch.py
[0.336s] -- Up-to-date: /home/gabriel/software/AutonomousDriving/install/minimal_simulator/share/minimal_simulator/launch/four_vehicles_simulator.launch.py
[0.336s] -- Up-to-date: /home/gabriel/software/AutonomousDriving/install/minimal_simulator/share/minimal_simulator/launch/minimal_simulator.launch.py
[0.336s] -- Up-to-date: /home/gabriel/software/AutonomousDriving/install/minimal_simulator/share/minimal_simulator/launch/two_vehicles_simulator_ego_lead.launch.py
[0.336s] -- Up-to-date: /home/gabriel/software/AutonomousDriving/install/minimal_simulator/share/minimal_simulator/param
[0.336s] -- Up-to-date: /home/gabriel/software/AutonomousDriving/install/minimal_simulator/share/minimal_simulator/param/vehicles
[0.336s] -- Up-to-date: /home/gabriel/software/AutonomousDriving/install/minimal_simulator/share/minimal_simulator/param/vehicles/vehicle4.param.yaml
[0.336s] -- Up-to-date: /home/gabriel/software/AutonomousDriving/install/minimal_simulator/share/minimal_simulator/param/vehicles/ego_lead
[0.336s] -- Up-to-date: /home/gabriel/software/AutonomousDriving/install/minimal_simulator/share/minimal_simulator/param/vehicles/ego_lead/ego_vehicle.param.yaml
[0.337s] -- Up-to-date: /home/gabriel/software/AutonomousDriving/install/minimal_simulator/share/minimal_simulator/param/vehicles/ego_lead/vehicle1.param.yaml
[0.337s] -- Up-to-date: /home/gabriel/software/AutonomousDriving/install/minimal_simulator/share/minimal_simulator/param/vehicles/ego_vehicle.param (copy).yaml
[0.337s] -- Up-to-date: /home/gabriel/software/AutonomousDriving/install/minimal_simulator/share/minimal_simulator/param/vehicles/vehicle2.param.yaml
[0.337s] -- Up-to-date: /home/gabriel/software/AutonomousDriving/install/minimal_simulator/share/minimal_simulator/param/vehicles/ego_vehicle_tf.param.yaml
[0.337s] -- Up-to-date: /home/gabriel/software/AutonomousDriving/install/minimal_simulator/share/minimal_simulator/param/vehicles/vehicle7.param.yaml
[0.337s] -- Up-to-date: /home/gabriel/software/AutonomousDriving/install/minimal_simulator/share/minimal_simulator/param/vehicles/0.05
[0.337s] -- Up-to-date: /home/gabriel/software/AutonomousDriving/install/minimal_simulator/share/minimal_simulator/param/vehicles/0.05/EGO1.param.yaml
[0.337s] -- Up-to-date: /home/gabriel/software/AutonomousDriving/install/minimal_simulator/share/minimal_simulator/param/vehicles/0.05/vehicle4.param.yaml
[0.337s] -- Up-to-date: /home/gabriel/software/AutonomousDriving/install/minimal_simulator/share/minimal_simulator/param/vehicles/0.05/vehicle2.param.yaml
[0.337s] -- Up-to-date: /home/gabriel/software/AutonomousDriving/install/minimal_simulator/share/minimal_simulator/param/vehicles/0.05/vehicle5.param.yaml
[0.337s] -- Up-to-date: /home/gabriel/software/AutonomousDriving/install/minimal_simulator/share/minimal_simulator/param/vehicles/0.05/vehicle3.param.yaml
[0.337s] -- Up-to-date: /home/gabriel/software/AutonomousDriving/install/minimal_simulator/share/minimal_simulator/param/vehicles/0.05/vehicle1.param.yaml
[0.337s] -- Up-to-date: /home/gabriel/software/AutonomousDriving/install/minimal_simulator/share/minimal_simulator/param/vehicles/vehicle5.param.yaml
[0.337s] -- Up-to-date: /home/gabriel/software/AutonomousDriving/install/minimal_simulator/share/minimal_simulator/param/vehicles/option1
[0.337s] -- Up-to-date: /home/gabriel/software/AutonomousDriving/install/minimal_simulator/share/minimal_simulator/param/vehicles/option1/vehicle4.param.yaml
[0.337s] -- Up-to-date: /home/gabriel/software/AutonomousDriving/install/minimal_simulator/share/minimal_simulator/param/vehicles/option1/vehicle2.param.yaml
[0.337s] -- Up-to-date: /home/gabriel/software/AutonomousDriving/install/minimal_simulator/share/minimal_simulator/param/vehicles/option1/vehicle3.param.yaml
[0.337s] -- Up-to-date: /home/gabriel/software/AutonomousDriving/install/minimal_simulator/share/minimal_simulator/param/vehicles/option1/ego_vehicle.param.yaml
[0.337s] -- Up-to-date: /home/gabriel/software/AutonomousDriving/install/minimal_simulator/share/minimal_simulator/param/vehicles/option1/vehicle1.param.yaml
[0.337s] -- Up-to-date: /home/gabriel/software/AutonomousDriving/install/minimal_simulator/share/minimal_simulator/param/vehicles/vehicle3.param.yaml
[0.337s] -- Up-to-date: /home/gabriel/software/AutonomousDriving/install/minimal_simulator/share/minimal_simulator/param/vehicles/org
[0.337s] -- Up-to-date: /home/gabriel/software/AutonomousDriving/install/minimal_simulator/share/minimal_simulator/param/vehicles/org/EGO1.param.yaml
[0.338s] -- Up-to-date: /home/gabriel/software/AutonomousDriving/install/minimal_simulator/share/minimal_simulator/param/vehicles/org/vehicle4.param.yaml
[0.338s] -- Up-to-date: /home/gabriel/software/AutonomousDriving/install/minimal_simulator/share/minimal_simulator/param/vehicles/org/vehicle2.param.yaml
[0.338s] -- Up-to-date: /home/gabriel/software/AutonomousDriving/install/minimal_simulator/share/minimal_simulator/param/vehicles/org/vehicle5.param.yaml
[0.338s] -- Up-to-date: /home/gabriel/software/AutonomousDriving/install/minimal_simulator/share/minimal_simulator/param/vehicles/org/vehicle3.param.yaml
[0.338s] -- Up-to-date: /home/gabriel/software/AutonomousDriving/install/minimal_simulator/share/minimal_simulator/param/vehicles/org/vehicle1.param.yaml
[0.338s] -- Up-to-date: /home/gabriel/software/AutonomousDriving/install/minimal_simulator/share/minimal_simulator/param/vehicles/vehicle6.param.yaml
[0.338s] -- Up-to-date: /home/gabriel/software/AutonomousDriving/install/minimal_simulator/share/minimal_simulator/param/vehicles/ego_vehicle.param.yaml
[0.338s] -- Up-to-date: /home/gabriel/software/AutonomousDriving/install/minimal_simulator/share/minimal_simulator/param/vehicles/vehicle1.param.yaml
[0.338s] -- Up-to-date: /home/gabriel/software/AutonomousDriving/install/minimal_simulator/share/minimal_simulator/param/vehicles/option7
[0.338s] -- Up-to-date: /home/gabriel/software/AutonomousDriving/install/minimal_simulator/share/minimal_simulator/param/vehicles/option7/vehicle4.param.yaml
[0.338s] -- Up-to-date: /home/gabriel/software/AutonomousDriving/install/minimal_simulator/share/minimal_simulator/param/vehicles/option7/vehicle2.param.yaml
[0.338s] -- Up-to-date: /home/gabriel/software/AutonomousDriving/install/minimal_simulator/share/minimal_simulator/param/vehicles/option7/vehicle7.param.yaml
[0.338s] -- Up-to-date: /home/gabriel/software/AutonomousDriving/install/minimal_simulator/share/minimal_simulator/param/vehicles/option7/vehicle5.param.yaml
[0.338s] -- Up-to-date: /home/gabriel/software/AutonomousDriving/install/minimal_simulator/share/minimal_simulator/param/vehicles/option7/vehicle3.param.yaml
[0.338s] -- Up-to-date: /home/gabriel/software/AutonomousDriving/install/minimal_simulator/share/minimal_simulator/param/vehicles/option7/vehicle6.param.yaml
[0.338s] -- Up-to-date: /home/gabriel/software/AutonomousDriving/install/minimal_simulator/share/minimal_simulator/param/vehicles/option7/ego_vehicle.param.yaml
[0.338s] -- Up-to-date: /home/gabriel/software/AutonomousDriving/install/minimal_simulator/share/minimal_simulator/param/vehicles/option7/vehicle1.param.yaml
[0.338s] -- Up-to-date: /home/gabriel/software/AutonomousDriving/install/minimal_simulator/share/minimal_simulator/param/vehicles/option2
[0.338s] -- Up-to-date: /home/gabriel/software/AutonomousDriving/install/minimal_simulator/share/minimal_simulator/param/vehicles/option2/vehicle2.param.yaml
[0.338s] -- Up-to-date: /home/gabriel/software/AutonomousDriving/install/minimal_simulator/share/minimal_simulator/param/vehicles/option2/vehicle3.param.yaml
[0.338s] -- Up-to-date: /home/gabriel/software/AutonomousDriving/install/minimal_simulator/share/minimal_simulator/param/vehicles/option2/ego_vehicle.param.yaml
[0.339s] -- Up-to-date: /home/gabriel/software/AutonomousDriving/install/minimal_simulator/share/minimal_simulator/param/vehicles/option2/vehicle1.param.yaml
[0.339s] -- Up-to-date: /home/gabriel/software/AutonomousDriving/install/minimal_simulator/share/minimal_simulator/param/vehicles/vehicle1.param (copy).yaml
[0.339s] -- Up-to-date: /home/gabriel/software/AutonomousDriving/install/minimal_simulator/share/ament_index/resource_index/package_run_dependencies/minimal_simulator
[0.339s] -- Up-to-date: /home/gabriel/software/AutonomousDriving/install/minimal_simulator/share/ament_index/resource_index/parent_prefix_path/minimal_simulator
[0.339s] -- Up-to-date: /home/gabriel/software/AutonomousDriving/install/minimal_simulator/share/minimal_simulator/environment/ament_prefix_path.sh
[0.339s] -- Up-to-date: /home/gabriel/software/AutonomousDriving/install/minimal_simulator/share/minimal_simulator/environment/ament_prefix_path.dsv
[0.339s] -- Up-to-date: /home/gabriel/software/AutonomousDriving/install/minimal_simulator/share/minimal_simulator/environment/path.sh
[0.339s] -- Up-to-date: /home/gabriel/software/AutonomousDriving/install/minimal_simulator/share/minimal_simulator/environment/path.dsv
[0.339s] -- Up-to-date: /home/gabriel/software/AutonomousDriving/install/minimal_simulator/share/minimal_simulator/local_setup.bash
[0.339s] -- Up-to-date: /home/gabriel/software/AutonomousDriving/install/minimal_simulator/share/minimal_simulator/local_setup.sh
[0.339s] -- Up-to-date: /home/gabriel/software/AutonomousDriving/install/minimal_simulator/share/minimal_simulator/local_setup.zsh
[0.339s] -- Up-to-date: /home/gabriel/software/AutonomousDriving/install/minimal_simulator/share/minimal_simulator/local_setup.dsv
[0.339s] -- Installing: /home/gabriel/software/AutonomousDriving/install/minimal_simulator/share/minimal_simulator/package.dsv
[0.339s] -- Up-to-date: /home/gabriel/software/AutonomousDriving/install/minimal_simulator/share/ament_index/resource_index/packages/minimal_simulator
[0.339s] -- Up-to-date: /home/gabriel/software/AutonomousDriving/install/minimal_simulator/share/minimal_simulator/cmake/minimal_simulatorConfig.cmake
[0.339s] -- Up-to-date: /home/gabriel/software/AutonomousDriving/install/minimal_simulator/share/minimal_simulator/cmake/minimal_simulatorConfig-version.cmake
[0.339s] -- Up-to-date: /home/gabriel/software/AutonomousDriving/install/minimal_simulator/share/minimal_simulator/package.xml
[0.346s] Invoked command in '/home/gabriel/software/AutonomousDriving/build/minimal_simulator' returned '0': AMENT_PREFIX_PATH=/home/gabriel/software/AutonomousDriving/install/motion_model_testing_simulator:/home/gabriel/software/AutonomousDriving/install/autoware_auto_msgs:${AMENT_PREFIX_PATH} CMAKE_PREFIX_PATH=/home/gabriel/software/AutonomousDriving/install/motion_model_testing_simulator:/home/gabriel/software/AutonomousDriving/install/autoware_auto_msgs:/opt/ros/galactic LD_LIBRARY_PATH=/home/gabriel/software/AutonomousDriving/install/autoware_auto_msgs/lib:/usr/lib/x86_64-linux-gnu/gazebo-11/plugins:/opt/ros/galactic/opt/yaml_cpp_vendor/lib:/opt/ros/galactic/opt/rviz_ogre_vendor/lib:/opt/ros/galactic/lib/x86_64-linux-gnu:/opt/ros/galactic/lib:/home/gabriel/.mujoco/mujoco200/bin:/home/gabriel/.mujoco/mjpro131/bin:/home/gabriel/.mujoco/mjpro150/bin:/usr/lib/x86_64-linux-gnu/ PYTHONPATH=/home/gabriel/software/AutonomousDriving/install/motion_model_testing_simulator/lib/python3.8/site-packages:/home/gabriel/software/AutonomousDriving/install/autoware_auto_msgs/lib/python3.8/site-packages:${PYTHONPATH} /usr/bin/cmake --install /home/gabriel/software/AutonomousDriving/build/minimal_simulator
