-- Found ament_cmake_auto: 1.1.5 (/opt/ros/galactic/share/ament_cmake_auto/cmake)
-- Found PythonInterp: /usr/bin/python3 (found suitable version "3.8.10", minimum required is "3") 
-- Using PYTHON_EXECUTABLE: /usr/bin/python3
-- Found ament_lint_auto: 0.10.6 (/opt/ros/galactic/share/ament_lint_auto/cmake)
-- Added test 'copyright' to check source files copyright and LICENSE
-- Added test 'flake8' to check Python code syntax and style conventions
-- Added test 'lint_cmake' to check CMake code style
-- Added test 'pep257' to check Python code against some of the style conventions in PEP 257
-- Added test 'xmllint' to check XML markup files
-- Configuring done
-- Generating done
-- Build files have been written to: /home/gabriel/software/AutonomousDriving/build/minimal_simulator
[35m[1mScanning dependencies of target ament_cmake_python_copy_minimal_simulator[0m
Built target ament_cmake_python_copy_minimal_simulator
[35m[1mScanning dependencies of target ament_cmake_python_build_minimal_simulator_egg[0m
running egg_info
creating minimal_simulator.egg-info
writing minimal_simulator.egg-info/PKG-INFO
writing dependency_links to minimal_simulator.egg-info/dependency_links.txt
writing top-level names to minimal_simulator.egg-info/top_level.txt
writing manifest file 'minimal_simulator.egg-info/SOURCES.txt'
reading manifest file 'minimal_simulator.egg-info/SOURCES.txt'
writing manifest file 'minimal_simulator.egg-info/SOURCES.txt'
Built target ament_cmake_python_build_minimal_simulator_egg
-- Install configuration: ""
-- Installing: /home/gabriel/software/AutonomousDriving/install/minimal_simulator/share/minimal_simulator/environment/pythonpath.sh
-- Installing: /home/gabriel/software/AutonomousDriving/install/minimal_simulator/share/minimal_simulator/environment/pythonpath.dsv
-- Installing: /home/gabriel/software/AutonomousDriving/install/minimal_simulator/lib/python3.8/site-packages//minimal_simulator.egg-info
-- Installing: /home/gabriel/software/AutonomousDriving/install/minimal_simulator/lib/python3.8/site-packages//minimal_simulator.egg-info/dependency_links.txt
-- Installing: /home/gabriel/software/AutonomousDriving/install/minimal_simulator/lib/python3.8/site-packages//minimal_simulator.egg-info/top_level.txt
-- Installing: /home/gabriel/software/AutonomousDriving/install/minimal_simulator/lib/python3.8/site-packages//minimal_simulator.egg-info/PKG-INFO
-- Installing: /home/gabriel/software/AutonomousDriving/install/minimal_simulator/lib/python3.8/site-packages//minimal_simulator.egg-info/SOURCES.txt
-- Installing: /home/gabriel/software/AutonomousDriving/install/minimal_simulator/lib/python3.8/site-packages/minimal_simulator
-- Installing: /home/gabriel/software/AutonomousDriving/install/minimal_simulator/lib/python3.8/site-packages/minimal_simulator/__init__.py
-- Installing: /home/gabriel/software/AutonomousDriving/install/minimal_simulator/lib/python3.8/site-packages/minimal_simulator/minimal_simulator_node.py
-- Installing: /home/gabriel/software/AutonomousDriving/install/minimal_simulator/lib/python3.8/site-packages/minimal_simulator/minimal_simulator_main.py
Listing '/home/gabriel/software/AutonomousDriving/install/minimal_simulator/lib/python3.8/site-packages/minimal_simulator'...
Compiling '/home/gabriel/software/AutonomousDriving/install/minimal_simulator/lib/python3.8/site-packages/minimal_simulator/__init__.py'...
Compiling '/home/gabriel/software/AutonomousDriving/install/minimal_simulator/lib/python3.8/site-packages/minimal_simulator/minimal_simulator_main.py'...
Compiling '/home/gabriel/software/AutonomousDriving/install/minimal_simulator/lib/python3.8/site-packages/minimal_simulator/minimal_simulator_node.py'...
-- Installing: /home/gabriel/software/AutonomousDriving/install/minimal_simulator/lib/minimal_simulator/minimal_simulator_main.py
-- Installing: /home/gabriel/software/AutonomousDriving/install/minimal_simulator/share/minimal_simulator/config
-- Installing: /home/gabriel/software/AutonomousDriving/install/minimal_simulator/share/minimal_simulator/config/minimal_simulator.rviz
-- Installing: /home/gabriel/software/AutonomousDriving/install/minimal_simulator/share/minimal_simulator/launch
-- Installing: /home/gabriel/software/AutonomousDriving/install/minimal_simulator/share/minimal_simulator/launch/seven_vehicles_simulator.launch.py
-- Installing: /home/gabriel/software/AutonomousDriving/install/minimal_simulator/share/minimal_simulator/launch/two_vehicles_simulator.launch.py
-- Installing: /home/gabriel/software/AutonomousDriving/install/minimal_simulator/share/minimal_simulator/launch/single_vehicle_simulator.launch.py
-- Installing: /home/gabriel/software/AutonomousDriving/install/minimal_simulator/share/minimal_simulator/launch/two_vehicles_simulator_scenario2.launch.py
-- Installing: /home/gabriel/software/AutonomousDriving/install/minimal_simulator/share/minimal_simulator/launch/two_vehicles_simulator_scenario1.launch.py
-- Installing: /home/gabriel/software/AutonomousDriving/install/minimal_simulator/share/minimal_simulator/launch/four_vehicles_simulator_all_avoiding.launch.py
-- Installing: /home/gabriel/software/AutonomousDriving/install/minimal_simulator/share/minimal_simulator/launch/multi_simulator.launch.py
-- Installing: /home/gabriel/software/AutonomousDriving/install/minimal_simulator/share/minimal_simulator/launch/four_vehicles_simulator.launch.py
-- Installing: /home/gabriel/software/AutonomousDriving/install/minimal_simulator/share/minimal_simulator/launch/minimal_simulator.launch.py
-- Installing: /home/gabriel/software/AutonomousDriving/install/minimal_simulator/share/minimal_simulator/launch/two_vehicles_simulator_ego_lead.launch.py
-- Installing: /home/gabriel/software/AutonomousDriving/install/minimal_simulator/share/minimal_simulator/param
-- Installing: /home/gabriel/software/AutonomousDriving/install/minimal_simulator/share/minimal_simulator/param/vehicles
-- Installing: /home/gabriel/software/AutonomousDriving/install/minimal_simulator/share/minimal_simulator/param/vehicles/vehicle4.param.yaml
-- Installing: /home/gabriel/software/AutonomousDriving/install/minimal_simulator/share/minimal_simulator/param/vehicles/ego_lead
-- Installing: /home/gabriel/software/AutonomousDriving/install/minimal_simulator/share/minimal_simulator/param/vehicles/ego_lead/ego_vehicle.param.yaml
-- Installing: /home/gabriel/software/AutonomousDriving/install/minimal_simulator/share/minimal_simulator/param/vehicles/ego_lead/vehicle1.param.yaml
-- Installing: /home/gabriel/software/AutonomousDriving/install/minimal_simulator/share/minimal_simulator/param/vehicles/ego_vehicle.param (copy).yaml
-- Installing: /home/gabriel/software/AutonomousDriving/install/minimal_simulator/share/minimal_simulator/param/vehicles/vehicle2.param.yaml
-- Installing: /home/gabriel/software/AutonomousDriving/install/minimal_simulator/share/minimal_simulator/param/vehicles/ego_vehicle_tf.param.yaml
-- Installing: /home/gabriel/software/AutonomousDriving/install/minimal_simulator/share/minimal_simulator/param/vehicles/vehicle7.param.yaml
-- Installing: /home/gabriel/software/AutonomousDriving/install/minimal_simulator/share/minimal_simulator/param/vehicles/0.05
-- Installing: /home/gabriel/software/AutonomousDriving/install/minimal_simulator/share/minimal_simulator/param/vehicles/0.05/EGO1.param.yaml
-- Installing: /home/gabriel/software/AutonomousDriving/install/minimal_simulator/share/minimal_simulator/param/vehicles/0.05/vehicle4.param.yaml
-- Installing: /home/gabriel/software/AutonomousDriving/install/minimal_simulator/share/minimal_simulator/param/vehicles/0.05/vehicle2.param.yaml
-- Installing: /home/gabriel/software/AutonomousDriving/install/minimal_simulator/share/minimal_simulator/param/vehicles/0.05/vehicle5.param.yaml
-- Installing: /home/gabriel/software/AutonomousDriving/install/minimal_simulator/share/minimal_simulator/param/vehicles/0.05/vehicle3.param.yaml
-- Installing: /home/gabriel/software/AutonomousDriving/install/minimal_simulator/share/minimal_simulator/param/vehicles/0.05/vehicle1.param.yaml
-- Installing: /home/gabriel/software/AutonomousDriving/install/minimal_simulator/share/minimal_simulator/param/vehicles/vehicle5.param.yaml
-- Installing: /home/gabriel/software/AutonomousDriving/install/minimal_simulator/share/minimal_simulator/param/vehicles/option1
-- Installing: /home/gabriel/software/AutonomousDriving/install/minimal_simulator/share/minimal_simulator/param/vehicles/option1/vehicle4.param.yaml
-- Installing: /home/gabriel/software/AutonomousDriving/install/minimal_simulator/share/minimal_simulator/param/vehicles/option1/vehicle2.param.yaml
-- Installing: /home/gabriel/software/AutonomousDriving/install/minimal_simulator/share/minimal_simulator/param/vehicles/option1/vehicle3.param.yaml
-- Installing: /home/gabriel/software/AutonomousDriving/install/minimal_simulator/share/minimal_simulator/param/vehicles/option1/ego_vehicle.param.yaml
-- Installing: /home/gabriel/software/AutonomousDriving/install/minimal_simulator/share/minimal_simulator/param/vehicles/option1/vehicle1.param.yaml
-- Installing: /home/gabriel/software/AutonomousDriving/install/minimal_simulator/share/minimal_simulator/param/vehicles/vehicle3.param.yaml
-- Installing: /home/gabriel/software/AutonomousDriving/install/minimal_simulator/share/minimal_simulator/param/vehicles/org
-- Installing: /home/gabriel/software/AutonomousDriving/install/minimal_simulator/share/minimal_simulator/param/vehicles/org/EGO1.param.yaml
-- Installing: /home/gabriel/software/AutonomousDriving/install/minimal_simulator/share/minimal_simulator/param/vehicles/org/vehicle4.param.yaml
-- Installing: /home/gabriel/software/AutonomousDriving/install/minimal_simulator/share/minimal_simulator/param/vehicles/org/vehicle2.param.yaml
-- Installing: /home/gabriel/software/AutonomousDriving/install/minimal_simulator/share/minimal_simulator/param/vehicles/org/vehicle5.param.yaml
-- Installing: /home/gabriel/software/AutonomousDriving/install/minimal_simulator/share/minimal_simulator/param/vehicles/org/vehicle3.param.yaml
-- Installing: /home/gabriel/software/AutonomousDriving/install/minimal_simulator/share/minimal_simulator/param/vehicles/org/vehicle1.param.yaml
-- Installing: /home/gabriel/software/AutonomousDriving/install/minimal_simulator/share/minimal_simulator/param/vehicles/vehicle6.param.yaml
-- Installing: /home/gabriel/software/AutonomousDriving/install/minimal_simulator/share/minimal_simulator/param/vehicles/ego_vehicle.param.yaml
-- Installing: /home/gabriel/software/AutonomousDriving/install/minimal_simulator/share/minimal_simulator/param/vehicles/vehicle1.param.yaml
-- Installing: /home/gabriel/software/AutonomousDriving/install/minimal_simulator/share/minimal_simulator/param/vehicles/option7
-- Installing: /home/gabriel/software/AutonomousDriving/install/minimal_simulator/share/minimal_simulator/param/vehicles/option7/vehicle4.param.yaml
-- Installing: /home/gabriel/software/AutonomousDriving/install/minimal_simulator/share/minimal_simulator/param/vehicles/option7/vehicle2.param.yaml
-- Installing: /home/gabriel/software/AutonomousDriving/install/minimal_simulator/share/minimal_simulator/param/vehicles/option7/vehicle7.param.yaml
-- Installing: /home/gabriel/software/AutonomousDriving/install/minimal_simulator/share/minimal_simulator/param/vehicles/option7/vehicle5.param.yaml
-- Installing: /home/gabriel/software/AutonomousDriving/install/minimal_simulator/share/minimal_simulator/param/vehicles/option7/vehicle3.param.yaml
-- Installing: /home/gabriel/software/AutonomousDriving/install/minimal_simulator/share/minimal_simulator/param/vehicles/option7/vehicle6.param.yaml
-- Installing: /home/gabriel/software/AutonomousDriving/install/minimal_simulator/share/minimal_simulator/param/vehicles/option7/ego_vehicle.param.yaml
-- Installing: /home/gabriel/software/AutonomousDriving/install/minimal_simulator/share/minimal_simulator/param/vehicles/option7/vehicle1.param.yaml
-- Installing: /home/gabriel/software/AutonomousDriving/install/minimal_simulator/share/minimal_simulator/param/vehicles/option2
-- Installing: /home/gabriel/software/AutonomousDriving/install/minimal_simulator/share/minimal_simulator/param/vehicles/option2/vehicle2.param.yaml
-- Installing: /home/gabriel/software/AutonomousDriving/install/minimal_simulator/share/minimal_simulator/param/vehicles/option2/vehicle3.param.yaml
-- Installing: /home/gabriel/software/AutonomousDriving/install/minimal_simulator/share/minimal_simulator/param/vehicles/option2/ego_vehicle.param.yaml
-- Installing: /home/gabriel/software/AutonomousDriving/install/minimal_simulator/share/minimal_simulator/param/vehicles/option2/vehicle1.param.yaml
-- Installing: /home/gabriel/software/AutonomousDriving/install/minimal_simulator/share/minimal_simulator/param/vehicles/vehicle1.param (copy).yaml
-- Installing: /home/gabriel/software/AutonomousDriving/install/minimal_simulator/share/ament_index/resource_index/package_run_dependencies/minimal_simulator
-- Installing: /home/gabriel/software/AutonomousDriving/install/minimal_simulator/share/ament_index/resource_index/parent_prefix_path/minimal_simulator
-- Installing: /home/gabriel/software/AutonomousDriving/install/minimal_simulator/share/minimal_simulator/environment/ament_prefix_path.sh
-- Installing: /home/gabriel/software/AutonomousDriving/install/minimal_simulator/share/minimal_simulator/environment/ament_prefix_path.dsv
-- Installing: /home/gabriel/software/AutonomousDriving/install/minimal_simulator/share/minimal_simulator/environment/path.sh
-- Installing: /home/gabriel/software/AutonomousDriving/install/minimal_simulator/share/minimal_simulator/environment/path.dsv
-- Installing: /home/gabriel/software/AutonomousDriving/install/minimal_simulator/share/minimal_simulator/local_setup.bash
-- Installing: /home/gabriel/software/AutonomousDriving/install/minimal_simulator/share/minimal_simulator/local_setup.sh
-- Installing: /home/gabriel/software/AutonomousDriving/install/minimal_simulator/share/minimal_simulator/local_setup.zsh
-- Installing: /home/gabriel/software/AutonomousDriving/install/minimal_simulator/share/minimal_simulator/local_setup.dsv
-- Installing: /home/gabriel/software/AutonomousDriving/install/minimal_simulator/share/minimal_simulator/package.dsv
-- Installing: /home/gabriel/software/AutonomousDriving/install/minimal_simulator/share/ament_index/resource_index/packages/minimal_simulator
-- Installing: /home/gabriel/software/AutonomousDriving/install/minimal_simulator/share/minimal_simulator/cmake/minimal_simulatorConfig.cmake
-- Installing: /home/gabriel/software/AutonomousDriving/install/minimal_simulator/share/minimal_simulator/cmake/minimal_simulatorConfig-version.cmake
-- Installing: /home/gabriel/software/AutonomousDriving/install/minimal_simulator/share/minimal_simulator/package.xml
