[0.027s] Invoking command in '/home/gabriel/software/AutonomousDriving/build/minimal_simulator': AMENT_PREFIX_PATH=/home/gabriel/software/AutonomousDriving/install/autoware_auto_msgs:${AMENT_PREFIX_PATH} CMAKE_PREFIX_PATH=/home/gabriel/software/AutonomousDriving/install/autoware_auto_msgs:/opt/ros/galactic LD_LIBRARY_PATH=/home/gabriel/software/AutonomousDriving/install/autoware_auto_msgs/lib:/usr/lib/x86_64-linux-gnu/gazebo-11/plugins:/opt/ros/galactic/opt/yaml_cpp_vendor/lib:/opt/ros/galactic/opt/rviz_ogre_vendor/lib:/opt/ros/galactic/lib/x86_64-linux-gnu:/opt/ros/galactic/lib:/home/gabriel/.mujoco/mujoco200/bin:/home/gabriel/.mujoco/mjpro131/bin:/home/gabriel/.mujoco/mjpro150/bin:/usr/lib/x86_64-linux-gnu/ PYTHONPATH=/home/gabriel/software/AutonomousDriving/install/autoware_auto_msgs/lib/python3.8/site-packages:${PYTHONPATH} /usr/bin/cmake /home/gabriel/software/AutonomousDriving/src/minimal_simulator -DCMAKE_INSTALL_PREFIX=/home/gabriel/software/AutonomousDriving/install/minimal_simulator
[0.036s] -- Found ament_cmake_auto: 1.1.5 (/opt/ros/galactic/share/ament_cmake_auto/cmake)
[0.057s] -- Found PythonInterp: /usr/bin/python3 (found suitable version "3.8.10", minimum required is "3") 
[0.057s] -- Using PYTHON_EXECUTABLE: /usr/bin/python3
[0.165s] -- Found ament_lint_auto: 0.10.6 (/opt/ros/galactic/share/ament_lint_auto/cmake)
[0.199s] -- Added test 'copyright' to check source files copyright and LICENSE
[0.202s] -- Added test 'flake8' to check Python code syntax and style conventions
[0.202s] -- Added test 'lint_cmake' to check CMake code style
[0.202s] -- Added test 'pep257' to check Python code against some of the style conventions in PEP 257
[0.206s] -- Added test 'xmllint' to check XML markup files
[0.206s] -- Configuring done
[0.207s] -- Generating done
[0.210s] -- Build files have been written to: /home/gabriel/software/AutonomousDriving/build/minimal_simulator
[0.240s] Invoked command in '/home/gabriel/software/AutonomousDriving/build/minimal_simulator' returned '0': AMENT_PREFIX_PATH=/home/gabriel/software/AutonomousDriving/install/autoware_auto_msgs:${AMENT_PREFIX_PATH} CMAKE_PREFIX_PATH=/home/gabriel/software/AutonomousDriving/install/autoware_auto_msgs:/opt/ros/galactic LD_LIBRARY_PATH=/home/gabriel/software/AutonomousDriving/install/autoware_auto_msgs/lib:/usr/lib/x86_64-linux-gnu/gazebo-11/plugins:/opt/ros/galactic/opt/yaml_cpp_vendor/lib:/opt/ros/galactic/opt/rviz_ogre_vendor/lib:/opt/ros/galactic/lib/x86_64-linux-gnu:/opt/ros/galactic/lib:/home/gabriel/.mujoco/mujoco200/bin:/home/gabriel/.mujoco/mjpro131/bin:/home/gabriel/.mujoco/mjpro150/bin:/usr/lib/x86_64-linux-gnu/ PYTHONPATH=/home/gabriel/software/AutonomousDriving/install/autoware_auto_msgs/lib/python3.8/site-packages:${PYTHONPATH} /usr/bin/cmake /home/gabriel/software/AutonomousDriving/src/minimal_simulator -DCMAKE_INSTALL_PREFIX=/home/gabriel/software/AutonomousDriving/install/minimal_simulator
[0.241s] Invoking command in '/home/gabriel/software/AutonomousDriving/build/minimal_simulator': AMENT_PREFIX_PATH=/home/gabriel/software/AutonomousDriving/install/autoware_auto_msgs:${AMENT_PREFIX_PATH} CMAKE_PREFIX_PATH=/home/gabriel/software/AutonomousDriving/install/autoware_auto_msgs:/opt/ros/galactic LD_LIBRARY_PATH=/home/gabriel/software/AutonomousDriving/install/autoware_auto_msgs/lib:/usr/lib/x86_64-linux-gnu/gazebo-11/plugins:/opt/ros/galactic/opt/yaml_cpp_vendor/lib:/opt/ros/galactic/opt/rviz_ogre_vendor/lib:/opt/ros/galactic/lib/x86_64-linux-gnu:/opt/ros/galactic/lib:/home/gabriel/.mujoco/mujoco200/bin:/home/gabriel/.mujoco/mjpro131/bin:/home/gabriel/.mujoco/mjpro150/bin:/usr/lib/x86_64-linux-gnu/ PYTHONPATH=/home/gabriel/software/AutonomousDriving/install/autoware_auto_msgs/lib/python3.8/site-packages:${PYTHONPATH} /usr/bin/cmake --build /home/gabriel/software/AutonomousDriving/build/minimal_simulator -- -j16 -l16
[0.263s] [35m[1mScanning dependencies of target ament_cmake_python_copy_minimal_simulator[0m
[0.275s] Built target ament_cmake_python_copy_minimal_simulator
[0.283s] [35m[1mScanning dependencies of target ament_cmake_python_build_minimal_simulator_egg[0m
[0.430s] running egg_info
[0.430s] creating minimal_simulator.egg-info
[0.430s] writing minimal_simulator.egg-info/PKG-INFO
[0.431s] writing dependency_links to minimal_simulator.egg-info/dependency_links.txt
[0.431s] writing top-level names to minimal_simulator.egg-info/top_level.txt
[0.432s] writing manifest file 'minimal_simulator.egg-info/SOURCES.txt'
[0.454s] reading manifest file 'minimal_simulator.egg-info/SOURCES.txt'
[0.454s] writing manifest file 'minimal_simulator.egg-info/SOURCES.txt'
[0.469s] Built target ament_cmake_python_build_minimal_simulator_egg
[0.477s] Invoked command in '/home/gabriel/software/AutonomousDriving/build/minimal_simulator' returned '0': AMENT_PREFIX_PATH=/home/gabriel/software/AutonomousDriving/install/autoware_auto_msgs:${AMENT_PREFIX_PATH} CMAKE_PREFIX_PATH=/home/gabriel/software/AutonomousDriving/install/autoware_auto_msgs:/opt/ros/galactic LD_LIBRARY_PATH=/home/gabriel/software/AutonomousDriving/install/autoware_auto_msgs/lib:/usr/lib/x86_64-linux-gnu/gazebo-11/plugins:/opt/ros/galactic/opt/yaml_cpp_vendor/lib:/opt/ros/galactic/opt/rviz_ogre_vendor/lib:/opt/ros/galactic/lib/x86_64-linux-gnu:/opt/ros/galactic/lib:/home/gabriel/.mujoco/mujoco200/bin:/home/gabriel/.mujoco/mjpro131/bin:/home/gabriel/.mujoco/mjpro150/bin:/usr/lib/x86_64-linux-gnu/ PYTHONPATH=/home/gabriel/software/AutonomousDriving/install/autoware_auto_msgs/lib/python3.8/site-packages:${PYTHONPATH} /usr/bin/cmake --build /home/gabriel/software/AutonomousDriving/build/minimal_simulator -- -j16 -l16
[0.501s] Invoking command in '/home/gabriel/software/AutonomousDriving/build/minimal_simulator': AMENT_PREFIX_PATH=/home/gabriel/software/AutonomousDriving/install/autoware_auto_msgs:${AMENT_PREFIX_PATH} CMAKE_PREFIX_PATH=/home/gabriel/software/AutonomousDriving/install/autoware_auto_msgs:/opt/ros/galactic LD_LIBRARY_PATH=/home/gabriel/software/AutonomousDriving/install/autoware_auto_msgs/lib:/usr/lib/x86_64-linux-gnu/gazebo-11/plugins:/opt/ros/galactic/opt/yaml_cpp_vendor/lib:/opt/ros/galactic/opt/rviz_ogre_vendor/lib:/opt/ros/galactic/lib/x86_64-linux-gnu:/opt/ros/galactic/lib:/home/gabriel/.mujoco/mujoco200/bin:/home/gabriel/.mujoco/mjpro131/bin:/home/gabriel/.mujoco/mjpro150/bin:/usr/lib/x86_64-linux-gnu/ PYTHONPATH=/home/gabriel/software/AutonomousDriving/install/autoware_auto_msgs/lib/python3.8/site-packages:${PYTHONPATH} /usr/bin/cmake --install /home/gabriel/software/AutonomousDriving/build/minimal_simulator
[0.514s] -- Install configuration: ""
[0.514s] -- Installing: /home/gabriel/software/AutonomousDriving/install/minimal_simulator/share/minimal_simulator/environment/pythonpath.sh
[0.514s] -- Installing: /home/gabriel/software/AutonomousDriving/install/minimal_simulator/share/minimal_simulator/environment/pythonpath.dsv
[0.514s] -- Installing: /home/gabriel/software/AutonomousDriving/install/minimal_simulator/lib/python3.8/site-packages//minimal_simulator.egg-info
[0.514s] -- Installing: /home/gabriel/software/AutonomousDriving/install/minimal_simulator/lib/python3.8/site-packages//minimal_simulator.egg-info/dependency_links.txt
[0.514s] -- Installing: /home/gabriel/software/AutonomousDriving/install/minimal_simulator/lib/python3.8/site-packages//minimal_simulator.egg-info/top_level.txt
[0.514s] -- Installing: /home/gabriel/software/AutonomousDriving/install/minimal_simulator/lib/python3.8/site-packages//minimal_simulator.egg-info/PKG-INFO
[0.514s] -- Installing: /home/gabriel/software/AutonomousDriving/install/minimal_simulator/lib/python3.8/site-packages//minimal_simulator.egg-info/SOURCES.txt
[0.515s] -- Installing: /home/gabriel/software/AutonomousDriving/install/minimal_simulator/lib/python3.8/site-packages/minimal_simulator
[0.515s] -- Installing: /home/gabriel/software/AutonomousDriving/install/minimal_simulator/lib/python3.8/site-packages/minimal_simulator/__init__.py
[0.515s] -- Installing: /home/gabriel/software/AutonomousDriving/install/minimal_simulator/lib/python3.8/site-packages/minimal_simulator/minimal_simulator_node.py
[0.515s] -- Installing: /home/gabriel/software/AutonomousDriving/install/minimal_simulator/lib/python3.8/site-packages/minimal_simulator/minimal_simulator_main.py
[0.544s] Listing '/home/gabriel/software/AutonomousDriving/install/minimal_simulator/lib/python3.8/site-packages/minimal_simulator'...
[0.544s] Compiling '/home/gabriel/software/AutonomousDriving/install/minimal_simulator/lib/python3.8/site-packages/minimal_simulator/__init__.py'...
[0.544s] Compiling '/home/gabriel/software/AutonomousDriving/install/minimal_simulator/lib/python3.8/site-packages/minimal_simulator/minimal_simulator_main.py'...
[0.544s] Compiling '/home/gabriel/software/AutonomousDriving/install/minimal_simulator/lib/python3.8/site-packages/minimal_simulator/minimal_simulator_node.py'...
[0.546s] -- Installing: /home/gabriel/software/AutonomousDriving/install/minimal_simulator/lib/minimal_simulator/minimal_simulator_main.py
[0.546s] -- Installing: /home/gabriel/software/AutonomousDriving/install/minimal_simulator/share/minimal_simulator/config
[0.546s] -- Installing: /home/gabriel/software/AutonomousDriving/install/minimal_simulator/share/minimal_simulator/config/minimal_simulator.rviz
[0.546s] -- Installing: /home/gabriel/software/AutonomousDriving/install/minimal_simulator/share/minimal_simulator/launch
[0.546s] -- Installing: /home/gabriel/software/AutonomousDriving/install/minimal_simulator/share/minimal_simulator/launch/seven_vehicles_simulator.launch.py
[0.546s] -- Installing: /home/gabriel/software/AutonomousDriving/install/minimal_simulator/share/minimal_simulator/launch/two_vehicles_simulator.launch.py
[0.546s] -- Installing: /home/gabriel/software/AutonomousDriving/install/minimal_simulator/share/minimal_simulator/launch/single_vehicle_simulator.launch.py
[0.546s] -- Installing: /home/gabriel/software/AutonomousDriving/install/minimal_simulator/share/minimal_simulator/launch/two_vehicles_simulator_scenario2.launch.py
[0.546s] -- Installing: /home/gabriel/software/AutonomousDriving/install/minimal_simulator/share/minimal_simulator/launch/two_vehicles_simulator_scenario1.launch.py
[0.547s] -- Installing: /home/gabriel/software/AutonomousDriving/install/minimal_simulator/share/minimal_simulator/launch/four_vehicles_simulator_all_avoiding.launch.py
[0.547s] -- Installing: /home/gabriel/software/AutonomousDriving/install/minimal_simulator/share/minimal_simulator/launch/multi_simulator.launch.py
[0.547s] -- Installing: /home/gabriel/software/AutonomousDriving/install/minimal_simulator/share/minimal_simulator/launch/four_vehicles_simulator.launch.py
[0.547s] -- Installing: /home/gabriel/software/AutonomousDriving/install/minimal_simulator/share/minimal_simulator/launch/minimal_simulator.launch.py
[0.547s] -- Installing: /home/gabriel/software/AutonomousDriving/install/minimal_simulator/share/minimal_simulator/launch/two_vehicles_simulator_ego_lead.launch.py
[0.547s] -- Installing: /home/gabriel/software/AutonomousDriving/install/minimal_simulator/share/minimal_simulator/param
[0.547s] -- Installing: /home/gabriel/software/AutonomousDriving/install/minimal_simulator/share/minimal_simulator/param/vehicles
[0.547s] -- Installing: /home/gabriel/software/AutonomousDriving/install/minimal_simulator/share/minimal_simulator/param/vehicles/vehicle4.param.yaml
[0.547s] -- Installing: /home/gabriel/software/AutonomousDriving/install/minimal_simulator/share/minimal_simulator/param/vehicles/ego_lead
[0.547s] -- Installing: /home/gabriel/software/AutonomousDriving/install/minimal_simulator/share/minimal_simulator/param/vehicles/ego_lead/ego_vehicle.param.yaml
[0.547s] -- Installing: /home/gabriel/software/AutonomousDriving/install/minimal_simulator/share/minimal_simulator/param/vehicles/ego_lead/vehicle1.param.yaml
[0.547s] -- Installing: /home/gabriel/software/AutonomousDriving/install/minimal_simulator/share/minimal_simulator/param/vehicles/ego_vehicle.param (copy).yaml
[0.547s] -- Installing: /home/gabriel/software/AutonomousDriving/install/minimal_simulator/share/minimal_simulator/param/vehicles/vehicle2.param.yaml
[0.547s] -- Installing: /home/gabriel/software/AutonomousDriving/install/minimal_simulator/share/minimal_simulator/param/vehicles/ego_vehicle_tf.param.yaml
[0.547s] -- Installing: /home/gabriel/software/AutonomousDriving/install/minimal_simulator/share/minimal_simulator/param/vehicles/vehicle7.param.yaml
[0.547s] -- Installing: /home/gabriel/software/AutonomousDriving/install/minimal_simulator/share/minimal_simulator/param/vehicles/0.05
[0.547s] -- Installing: /home/gabriel/software/AutonomousDriving/install/minimal_simulator/share/minimal_simulator/param/vehicles/0.05/EGO1.param.yaml
[0.547s] -- Installing: /home/gabriel/software/AutonomousDriving/install/minimal_simulator/share/minimal_simulator/param/vehicles/0.05/vehicle4.param.yaml
[0.547s] -- Installing: /home/gabriel/software/AutonomousDriving/install/minimal_simulator/share/minimal_simulator/param/vehicles/0.05/vehicle2.param.yaml
[0.547s] -- Installing: /home/gabriel/software/AutonomousDriving/install/minimal_simulator/share/minimal_simulator/param/vehicles/0.05/vehicle5.param.yaml
[0.547s] -- Installing: /home/gabriel/software/AutonomousDriving/install/minimal_simulator/share/minimal_simulator/param/vehicles/0.05/vehicle3.param.yaml
[0.547s] -- Installing: /home/gabriel/software/AutonomousDriving/install/minimal_simulator/share/minimal_simulator/param/vehicles/0.05/vehicle1.param.yaml
[0.547s] -- Installing: /home/gabriel/software/AutonomousDriving/install/minimal_simulator/share/minimal_simulator/param/vehicles/vehicle5.param.yaml
[0.547s] -- Installing: /home/gabriel/software/AutonomousDriving/install/minimal_simulator/share/minimal_simulator/param/vehicles/option1
[0.548s] -- Installing: /home/gabriel/software/AutonomousDriving/install/minimal_simulator/share/minimal_simulator/param/vehicles/option1/vehicle4.param.yaml
[0.548s] -- Installing: /home/gabriel/software/AutonomousDriving/install/minimal_simulator/share/minimal_simulator/param/vehicles/option1/vehicle2.param.yaml
[0.548s] -- Installing: /home/gabriel/software/AutonomousDriving/install/minimal_simulator/share/minimal_simulator/param/vehicles/option1/vehicle3.param.yaml
[0.548s] -- Installing: /home/gabriel/software/AutonomousDriving/install/minimal_simulator/share/minimal_simulator/param/vehicles/option1/ego_vehicle.param.yaml
[0.548s] -- Installing: /home/gabriel/software/AutonomousDriving/install/minimal_simulator/share/minimal_simulator/param/vehicles/option1/vehicle1.param.yaml
[0.548s] -- Installing: /home/gabriel/software/AutonomousDriving/install/minimal_simulator/share/minimal_simulator/param/vehicles/vehicle3.param.yaml
[0.548s] -- Installing: /home/gabriel/software/AutonomousDriving/install/minimal_simulator/share/minimal_simulator/param/vehicles/org
[0.548s] -- Installing: /home/gabriel/software/AutonomousDriving/install/minimal_simulator/share/minimal_simulator/param/vehicles/org/EGO1.param.yaml
[0.548s] -- Installing: /home/gabriel/software/AutonomousDriving/install/minimal_simulator/share/minimal_simulator/param/vehicles/org/vehicle4.param.yaml
[0.548s] -- Installing: /home/gabriel/software/AutonomousDriving/install/minimal_simulator/share/minimal_simulator/param/vehicles/org/vehicle2.param.yaml
[0.548s] -- Installing: /home/gabriel/software/AutonomousDriving/install/minimal_simulator/share/minimal_simulator/param/vehicles/org/vehicle5.param.yaml
[0.548s] -- Installing: /home/gabriel/software/AutonomousDriving/install/minimal_simulator/share/minimal_simulator/param/vehicles/org/vehicle3.param.yaml
[0.548s] -- Installing: /home/gabriel/software/AutonomousDriving/install/minimal_simulator/share/minimal_simulator/param/vehicles/org/vehicle1.param.yaml
[0.548s] -- Installing: /home/gabriel/software/AutonomousDriving/install/minimal_simulator/share/minimal_simulator/param/vehicles/vehicle6.param.yaml
[0.548s] -- Installing: /home/gabriel/software/AutonomousDriving/install/minimal_simulator/share/minimal_simulator/param/vehicles/ego_vehicle.param.yaml
[0.548s] -- Installing: /home/gabriel/software/AutonomousDriving/install/minimal_simulator/share/minimal_simulator/param/vehicles/vehicle1.param.yaml
[0.548s] -- Installing: /home/gabriel/software/AutonomousDriving/install/minimal_simulator/share/minimal_simulator/param/vehicles/option7
[0.548s] -- Installing: /home/gabriel/software/AutonomousDriving/install/minimal_simulator/share/minimal_simulator/param/vehicles/option7/vehicle4.param.yaml
[0.548s] -- Installing: /home/gabriel/software/AutonomousDriving/install/minimal_simulator/share/minimal_simulator/param/vehicles/option7/vehicle2.param.yaml
[0.548s] -- Installing: /home/gabriel/software/AutonomousDriving/install/minimal_simulator/share/minimal_simulator/param/vehicles/option7/vehicle7.param.yaml
[0.548s] -- Installing: /home/gabriel/software/AutonomousDriving/install/minimal_simulator/share/minimal_simulator/param/vehicles/option7/vehicle5.param.yaml
[0.548s] -- Installing: /home/gabriel/software/AutonomousDriving/install/minimal_simulator/share/minimal_simulator/param/vehicles/option7/vehicle3.param.yaml
[0.548s] -- Installing: /home/gabriel/software/AutonomousDriving/install/minimal_simulator/share/minimal_simulator/param/vehicles/option7/vehicle6.param.yaml
[0.548s] -- Installing: /home/gabriel/software/AutonomousDriving/install/minimal_simulator/share/minimal_simulator/param/vehicles/option7/ego_vehicle.param.yaml
[0.548s] -- Installing: /home/gabriel/software/AutonomousDriving/install/minimal_simulator/share/minimal_simulator/param/vehicles/option7/vehicle1.param.yaml
[0.548s] -- Installing: /home/gabriel/software/AutonomousDriving/install/minimal_simulator/share/minimal_simulator/param/vehicles/option2
[0.549s] -- Installing: /home/gabriel/software/AutonomousDriving/install/minimal_simulator/share/minimal_simulator/param/vehicles/option2/vehicle2.param.yaml
[0.549s] -- Installing: /home/gabriel/software/AutonomousDriving/install/minimal_simulator/share/minimal_simulator/param/vehicles/option2/vehicle3.param.yaml
[0.549s] -- Installing: /home/gabriel/software/AutonomousDriving/install/minimal_simulator/share/minimal_simulator/param/vehicles/option2/ego_vehicle.param.yaml
[0.549s] -- Installing: /home/gabriel/software/AutonomousDriving/install/minimal_simulator/share/minimal_simulator/param/vehicles/option2/vehicle1.param.yaml
[0.549s] -- Installing: /home/gabriel/software/AutonomousDriving/install/minimal_simulator/share/minimal_simulator/param/vehicles/vehicle1.param (copy).yaml
[0.549s] -- Installing: /home/gabriel/software/AutonomousDriving/install/minimal_simulator/share/ament_index/resource_index/package_run_dependencies/minimal_simulator
[0.549s] -- Installing: /home/gabriel/software/AutonomousDriving/install/minimal_simulator/share/ament_index/resource_index/parent_prefix_path/minimal_simulator
[0.549s] -- Installing: /home/gabriel/software/AutonomousDriving/install/minimal_simulator/share/minimal_simulator/environment/ament_prefix_path.sh
[0.549s] -- Installing: /home/gabriel/software/AutonomousDriving/install/minimal_simulator/share/minimal_simulator/environment/ament_prefix_path.dsv
[0.549s] -- Installing: /home/gabriel/software/AutonomousDriving/install/minimal_simulator/share/minimal_simulator/environment/path.sh
[0.549s] -- Installing: /home/gabriel/software/AutonomousDriving/install/minimal_simulator/share/minimal_simulator/environment/path.dsv
[0.549s] -- Installing: /home/gabriel/software/AutonomousDriving/install/minimal_simulator/share/minimal_simulator/local_setup.bash
[0.549s] -- Installing: /home/gabriel/software/AutonomousDriving/install/minimal_simulator/share/minimal_simulator/local_setup.sh
[0.549s] -- Installing: /home/gabriel/software/AutonomousDriving/install/minimal_simulator/share/minimal_simulator/local_setup.zsh
[0.549s] -- Installing: /home/gabriel/software/AutonomousDriving/install/minimal_simulator/share/minimal_simulator/local_setup.dsv
[0.549s] -- Installing: /home/gabriel/software/AutonomousDriving/install/minimal_simulator/share/minimal_simulator/package.dsv
[0.549s] -- Installing: /home/gabriel/software/AutonomousDriving/install/minimal_simulator/share/ament_index/resource_index/packages/minimal_simulator
[0.549s] -- Installing: /home/gabriel/software/AutonomousDriving/install/minimal_simulator/share/minimal_simulator/cmake/minimal_simulatorConfig.cmake
[0.549s] -- Installing: /home/gabriel/software/AutonomousDriving/install/minimal_simulator/share/minimal_simulator/cmake/minimal_simulatorConfig-version.cmake
[0.549s] -- Installing: /home/gabriel/software/AutonomousDriving/install/minimal_simulator/share/minimal_simulator/package.xml
[0.554s] Invoked command in '/home/gabriel/software/AutonomousDriving/build/minimal_simulator' returned '0': AMENT_PREFIX_PATH=/home/gabriel/software/AutonomousDriving/install/autoware_auto_msgs:${AMENT_PREFIX_PATH} CMAKE_PREFIX_PATH=/home/gabriel/software/AutonomousDriving/install/autoware_auto_msgs:/opt/ros/galactic LD_LIBRARY_PATH=/home/gabriel/software/AutonomousDriving/install/autoware_auto_msgs/lib:/usr/lib/x86_64-linux-gnu/gazebo-11/plugins:/opt/ros/galactic/opt/yaml_cpp_vendor/lib:/opt/ros/galactic/opt/rviz_ogre_vendor/lib:/opt/ros/galactic/lib/x86_64-linux-gnu:/opt/ros/galactic/lib:/home/gabriel/.mujoco/mujoco200/bin:/home/gabriel/.mujoco/mjpro131/bin:/home/gabriel/.mujoco/mjpro150/bin:/usr/lib/x86_64-linux-gnu/ PYTHONPATH=/home/gabriel/software/AutonomousDriving/install/autoware_auto_msgs/lib/python3.8/site-packages:${PYTHONPATH} /usr/bin/cmake --install /home/gabriel/software/AutonomousDriving/build/minimal_simulator
