[0.025s] Invoking command in '/home/gabriel/software/AutonomousDriving/build/lexus_rx_450h_description': CMAKE_PREFIX_PATH=/opt/ros/galactic /usr/bin/cmake --build /home/gabriel/software/AutonomousDriving/build/lexus_rx_450h_description -- -j16 -l16
[0.049s] Invoked command in '/home/gabriel/software/AutonomousDriving/build/lexus_rx_450h_description' returned '0': CMAKE_PREFIX_PATH=/opt/ros/galactic /usr/bin/cmake --build /home/gabriel/software/AutonomousDriving/build/lexus_rx_450h_description -- -j16 -l16
[0.072s] Invoking command in '/home/gabriel/software/AutonomousDriving/build/lexus_rx_450h_description': CMAKE_PREFIX_PATH=/opt/ros/galactic /usr/bin/cmake --install /home/gabriel/software/AutonomousDriving/build/lexus_rx_450h_description
[0.078s] -- Install configuration: ""
[0.078s] -- Up-to-date: /home/gabriel/software/AutonomousDriving/install/lexus_rx_450h_description/share/lexus_rx_450h_description/config
[0.078s] -- Up-to-date: /home/gabriel/software/AutonomousDriving/install/lexus_rx_450h_description/share/lexus_rx_450h_description/config/lexus_rx_450h.rviz
[0.078s] -- Up-to-date: /home/gabriel/software/AutonomousDriving/install/lexus_rx_450h_description/share/lexus_rx_450h_description/launch
[0.078s] -- Up-to-date: /home/gabriel/software/AutonomousDriving/install/lexus_rx_450h_description/share/lexus_rx_450h_description/launch/lexus_rx_450h_visualisation.launch.py
[0.078s] -- Up-to-date: /home/gabriel/software/AutonomousDriving/install/lexus_rx_450h_description/share/lexus_rx_450h_description/meshes
[0.078s] -- Up-to-date: /home/gabriel/software/AutonomousDriving/install/lexus_rx_450h_description/share/lexus_rx_450h_description/meshes/LexusRX.obj
[0.079s] -- Up-to-date: /home/gabriel/software/AutonomousDriving/install/lexus_rx_450h_description/share/lexus_rx_450h_description/urdf
[0.079s] -- Up-to-date: /home/gabriel/software/AutonomousDriving/install/lexus_rx_450h_description/share/lexus_rx_450h_description/urdf/lexus_rx_450h_vehicle.urdf
[0.079s] -- Up-to-date: /home/gabriel/software/AutonomousDriving/install/lexus_rx_450h_description/share/lexus_rx_450h_description/urdf/lexus_rx_450h_dual_camera.urdf
[0.079s] -- Up-to-date: /home/gabriel/software/AutonomousDriving/install/lexus_rx_450h_description/share/lexus_rx_450h_description/urdf/lexus_rx_450h.urdf
[0.079s] -- Up-to-date: /home/gabriel/software/AutonomousDriving/install/lexus_rx_450h_description/share/lexus_rx_450h_description/urdf/lexus_rx_450h_pcap.urdf
[0.079s] -- Up-to-date: /home/gabriel/software/AutonomousDriving/install/lexus_rx_450h_description/share/ament_index/resource_index/package_run_dependencies/lexus_rx_450h_description
[0.079s] -- Up-to-date: /home/gabriel/software/AutonomousDriving/install/lexus_rx_450h_description/share/ament_index/resource_index/parent_prefix_path/lexus_rx_450h_description
[0.079s] -- Up-to-date: /home/gabriel/software/AutonomousDriving/install/lexus_rx_450h_description/share/lexus_rx_450h_description/environment/ament_prefix_path.sh
[0.079s] -- Up-to-date: /home/gabriel/software/AutonomousDriving/install/lexus_rx_450h_description/share/lexus_rx_450h_description/environment/ament_prefix_path.dsv
[0.079s] -- Up-to-date: /home/gabriel/software/AutonomousDriving/install/lexus_rx_450h_description/share/lexus_rx_450h_description/environment/path.sh
[0.079s] -- Up-to-date: /home/gabriel/software/AutonomousDriving/install/lexus_rx_450h_description/share/lexus_rx_450h_description/environment/path.dsv
[0.079s] -- Up-to-date: /home/gabriel/software/AutonomousDriving/install/lexus_rx_450h_description/share/lexus_rx_450h_description/local_setup.bash
[0.079s] -- Up-to-date: /home/gabriel/software/AutonomousDriving/install/lexus_rx_450h_description/share/lexus_rx_450h_description/local_setup.sh
[0.079s] -- Up-to-date: /home/gabriel/software/AutonomousDriving/install/lexus_rx_450h_description/share/lexus_rx_450h_description/local_setup.zsh
[0.079s] -- Up-to-date: /home/gabriel/software/AutonomousDriving/install/lexus_rx_450h_description/share/lexus_rx_450h_description/local_setup.dsv
[0.080s] -- Installing: /home/gabriel/software/AutonomousDriving/install/lexus_rx_450h_description/share/lexus_rx_450h_description/package.dsv
[0.080s] -- Up-to-date: /home/gabriel/software/AutonomousDriving/install/lexus_rx_450h_description/share/ament_index/resource_index/packages/lexus_rx_450h_description
[0.080s] -- Up-to-date: /home/gabriel/software/AutonomousDriving/install/lexus_rx_450h_description/share/lexus_rx_450h_description/cmake/lexus_rx_450h_descriptionConfig.cmake
[0.080s] -- Up-to-date: /home/gabriel/software/AutonomousDriving/install/lexus_rx_450h_description/share/lexus_rx_450h_description/cmake/lexus_rx_450h_descriptionConfig-version.cmake
[0.082s] -- Up-to-date: /home/gabriel/software/AutonomousDriving/install/lexus_rx_450h_description/share/lexus_rx_450h_description/package.xml
[0.082s] Invoked command in '/home/gabriel/software/AutonomousDriving/build/lexus_rx_450h_description' returned '0': CMAKE_PREFIX_PATH=/opt/ros/galactic /usr/bin/cmake --install /home/gabriel/software/AutonomousDriving/build/lexus_rx_450h_description
