-- The C compiler identification is GNU 9.4.0
-- The CXX compiler identification is GNU 9.4.0
-- Check for working C compiler: /usr/bin/cc
-- Check for working C compiler: /usr/bin/cc -- works
-- Detecting C compiler ABI info
-- Detecting C compiler ABI info - done
-- Detecting C compile features
-- Detecting C compile features - done
-- Check for working CXX compiler: /usr/bin/c++
-- Check for working CXX compiler: /usr/bin/c++ -- works
-- Detecting CXX compiler ABI info
-- Detecting CXX compiler ABI info - done
-- Detecting CXX compile features
-- Detecting CXX compile features - done
-- Found ament_cmake_auto: 1.1.5 (/opt/ros/galactic/share/ament_cmake_auto/cmake)
-- Found PythonInterp: /usr/bin/python3 (found suitable version "3.8.10", minimum required is "3") 
-- Using PYTHON_EXECUTABLE: /usr/bin/python3
-- Found ament_lint_auto: 0.10.6 (/opt/ros/galactic/share/ament_lint_auto/cmake)
-- Added test 'copyright' to check source files copyright and LICENSE
-- Added test 'flake8' to check Python code syntax and style conventions
-- Added test 'lint_cmake' to check CMake code style
-- Added test 'pep257' to check Python code against some of the style conventions in PEP 257
-- Added test 'xmllint' to check XML markup files
-- Configuring done
-- Generating done
-- Build files have been written to: /home/gabriel/software/AutonomousDriving/build/robot_steering_converter
[35m[1mScanning dependencies of target ament_cmake_python_copy_robot_steering_converter[0m
Built target ament_cmake_python_copy_robot_steering_converter
[35m[1mScanning dependencies of target ament_cmake_python_build_robot_steering_converter_egg[0m
running egg_info
creating robot_steering_converter.egg-info
writing robot_steering_converter.egg-info/PKG-INFO
writing dependency_links to robot_steering_converter.egg-info/dependency_links.txt
writing top-level names to robot_steering_converter.egg-info/top_level.txt
writing manifest file 'robot_steering_converter.egg-info/SOURCES.txt'
reading manifest file 'robot_steering_converter.egg-info/SOURCES.txt'
writing manifest file 'robot_steering_converter.egg-info/SOURCES.txt'
Built target ament_cmake_python_build_robot_steering_converter_egg
-- Install configuration: ""
-- Installing: /home/gabriel/software/AutonomousDriving/install/robot_steering_converter/share/robot_steering_converter/environment/pythonpath.sh
-- Installing: /home/gabriel/software/AutonomousDriving/install/robot_steering_converter/share/robot_steering_converter/environment/pythonpath.dsv
-- Installing: /home/gabriel/software/AutonomousDriving/install/robot_steering_converter/lib/python3.8/site-packages//robot_steering_converter.egg-info
-- Installing: /home/gabriel/software/AutonomousDriving/install/robot_steering_converter/lib/python3.8/site-packages//robot_steering_converter.egg-info/dependency_links.txt
-- Installing: /home/gabriel/software/AutonomousDriving/install/robot_steering_converter/lib/python3.8/site-packages//robot_steering_converter.egg-info/top_level.txt
-- Installing: /home/gabriel/software/AutonomousDriving/install/robot_steering_converter/lib/python3.8/site-packages//robot_steering_converter.egg-info/PKG-INFO
-- Installing: /home/gabriel/software/AutonomousDriving/install/robot_steering_converter/lib/python3.8/site-packages//robot_steering_converter.egg-info/SOURCES.txt
-- Installing: /home/gabriel/software/AutonomousDriving/install/robot_steering_converter/lib/python3.8/site-packages/robot_steering_converter
-- Installing: /home/gabriel/software/AutonomousDriving/install/robot_steering_converter/lib/python3.8/site-packages/robot_steering_converter/__init__.py
-- Installing: /home/gabriel/software/AutonomousDriving/install/robot_steering_converter/lib/python3.8/site-packages/robot_steering_converter/robot_steering_converter_node.py
-- Installing: /home/gabriel/software/AutonomousDriving/install/robot_steering_converter/lib/python3.8/site-packages/robot_steering_converter/robot_steering_converter_main.py
Listing '/home/gabriel/software/AutonomousDriving/install/robot_steering_converter/lib/python3.8/site-packages/robot_steering_converter'...
Compiling '/home/gabriel/software/AutonomousDriving/install/robot_steering_converter/lib/python3.8/site-packages/robot_steering_converter/__init__.py'...
Compiling '/home/gabriel/software/AutonomousDriving/install/robot_steering_converter/lib/python3.8/site-packages/robot_steering_converter/robot_steering_converter_main.py'...
Compiling '/home/gabriel/software/AutonomousDriving/install/robot_steering_converter/lib/python3.8/site-packages/robot_steering_converter/robot_steering_converter_node.py'...
-- Installing: /home/gabriel/software/AutonomousDriving/install/robot_steering_converter/lib/robot_steering_converter/robot_steering_converter_main.py
-- Installing: /home/gabriel/software/AutonomousDriving/install/robot_steering_converter/share/robot_steering_converter/config
-- Installing: /home/gabriel/software/AutonomousDriving/install/robot_steering_converter/share/robot_steering_converter/config/manual_example.rviz
-- Installing: /home/gabriel/software/AutonomousDriving/install/robot_steering_converter/share/robot_steering_converter/launch
-- Installing: /home/gabriel/software/AutonomousDriving/install/robot_steering_converter/share/robot_steering_converter/launch/manual_steering.launch.py
-- Installing: /home/gabriel/software/AutonomousDriving/install/robot_steering_converter/share/robot_steering_converter/launch/manual_steering_with_pid.launch.py
-- Installing: /home/gabriel/software/AutonomousDriving/install/robot_steering_converter/share/robot_steering_converter/launch/manual_steering_example.launch.py
-- Installing: /home/gabriel/software/AutonomousDriving/install/robot_steering_converter/share/ament_index/resource_index/package_run_dependencies/robot_steering_converter
-- Installing: /home/gabriel/software/AutonomousDriving/install/robot_steering_converter/share/ament_index/resource_index/parent_prefix_path/robot_steering_converter
-- Installing: /home/gabriel/software/AutonomousDriving/install/robot_steering_converter/share/robot_steering_converter/environment/ament_prefix_path.sh
-- Installing: /home/gabriel/software/AutonomousDriving/install/robot_steering_converter/share/robot_steering_converter/environment/ament_prefix_path.dsv
-- Installing: /home/gabriel/software/AutonomousDriving/install/robot_steering_converter/share/robot_steering_converter/environment/path.sh
-- Installing: /home/gabriel/software/AutonomousDriving/install/robot_steering_converter/share/robot_steering_converter/environment/path.dsv
-- Installing: /home/gabriel/software/AutonomousDriving/install/robot_steering_converter/share/robot_steering_converter/local_setup.bash
-- Installing: /home/gabriel/software/AutonomousDriving/install/robot_steering_converter/share/robot_steering_converter/local_setup.sh
-- Installing: /home/gabriel/software/AutonomousDriving/install/robot_steering_converter/share/robot_steering_converter/local_setup.zsh
-- Installing: /home/gabriel/software/AutonomousDriving/install/robot_steering_converter/share/robot_steering_converter/local_setup.dsv
-- Installing: /home/gabriel/software/AutonomousDriving/install/robot_steering_converter/share/robot_steering_converter/package.dsv
-- Installing: /home/gabriel/software/AutonomousDriving/install/robot_steering_converter/share/ament_index/resource_index/packages/robot_steering_converter
-- Installing: /home/gabriel/software/AutonomousDriving/install/robot_steering_converter/share/robot_steering_converter/cmake/robot_steering_converterConfig.cmake
-- Installing: /home/gabriel/software/AutonomousDriving/install/robot_steering_converter/share/robot_steering_converter/cmake/robot_steering_converterConfig-version.cmake
-- Installing: /home/gabriel/software/AutonomousDriving/install/robot_steering_converter/share/robot_steering_converter/package.xml
