[0.295s] DEBUG:colcon:Command line arguments: ['/home/gabriel/.local/bin/colcon', 'build', '--packages-select', 'minimal_simulator']
[0.295s] DEBUG:colcon:Parsed command line arguments: Namespace(allow_overriding=[], ament_cmake_args=None, base_paths=['.'], build_base='build', catkin_cmake_args=None, catkin_skip_building_tests=False, cmake_args=None, cmake_clean_cache=False, cmake_clean_first=False, cmake_force_configure=False, cmake_target=None, cmake_target_skip_unavailable=False, continue_on_error=False, event_handlers=None, executor='parallel', ignore_user_meta=False, install_base='install', log_base=None, log_level=None, main=<bound method BuildVerb.main of <colcon_core.verb.build.BuildVerb object at 0x7fa4a8c53eb0>>, merge_install=False, metas=['./colcon.meta'], packages_above=None, packages_above_and_dependencies=None, packages_above_depth=None, packages_end=None, packages_ignore=None, packages_ignore_regex=None, packages_select=['minimal_simulator'], packages_select_build_failed=False, packages_select_by_dep=None, packages_select_regex=None, packages_select_test_failures=False, packages_skip=None, packages_skip_build_finished=False, packages_skip_by_dep=None, packages_skip_regex=None, packages_skip_test_passed=False, packages_skip_up_to=None, packages_start=None, packages_up_to=None, packages_up_to_regex=None, parallel_workers=16, paths=None, symlink_install=False, test_result_base=None, verb_extension=<colcon_core.verb.build.BuildVerb object at 0x7fa4a8c53eb0>, verb_name='build', verb_parser=<colcon_defaults.argument_parser.defaults.DefaultArgumentsDecorator object at 0x7fa4a8c59460>)
[0.303s] Level 1:colcon.colcon_core.package_discovery:discover_packages(colcon_meta) check parameters
[0.303s] Level 1:colcon.colcon_core.package_discovery:discover_packages(recursive) check parameters
[0.303s] Level 1:colcon.colcon_core.package_discovery:discover_packages(ignore) check parameters
[0.303s] Level 1:colcon.colcon_core.package_discovery:discover_packages(path) check parameters
[0.303s] Level 1:colcon.colcon_core.package_discovery:discover_packages(colcon_meta) discover
[0.303s] Level 1:colcon.colcon_core.package_discovery:discover_packages(recursive) discover
[0.303s] INFO:colcon.colcon_core.package_discovery:Crawling recursively for packages in '/home/gabriel/software/AutonomousDriving'
[0.303s] Level 1:colcon.colcon_core.package_identification:_identify(.) by extensions ['ignore', 'ignore_ament_install']
[0.303s] Level 1:colcon.colcon_core.package_identification:_identify(.) by extension 'ignore'
[0.303s] Level 1:colcon.colcon_core.package_identification:_identify(.) by extension 'ignore_ament_install'
[0.303s] Level 1:colcon.colcon_core.package_identification:_identify(.) by extensions ['colcon_pkg']
[0.303s] Level 1:colcon.colcon_core.package_identification:_identify(.) by extension 'colcon_pkg'
[0.304s] Level 1:colcon.colcon_core.package_identification:_identify(.) by extensions ['colcon_meta']
[0.304s] Level 1:colcon.colcon_core.package_identification:_identify(.) by extension 'colcon_meta'
[0.304s] Level 1:colcon.colcon_core.package_identification:_identify(.) by extensions ['ros']
[0.304s] Level 1:colcon.colcon_core.package_identification:_identify(.) by extension 'ros'
[0.310s] Level 1:colcon.colcon_core.package_identification:_identify(.) by extensions ['cmake', 'python']
[0.310s] Level 1:colcon.colcon_core.package_identification:_identify(.) by extension 'cmake'
[0.310s] Level 1:colcon.colcon_core.package_identification:_identify(.) by extension 'python'
[0.310s] Level 1:colcon.colcon_core.package_identification:_identify(.) by extensions ['python_setup_py']
[0.310s] Level 1:colcon.colcon_core.package_identification:_identify(.) by extension 'python_setup_py'
[0.310s] Level 1:colcon.colcon_core.package_identification:_identify(build) by extensions ['ignore', 'ignore_ament_install']
[0.310s] Level 1:colcon.colcon_core.package_identification:_identify(build) by extension 'ignore'
[0.310s] Level 1:colcon.colcon_core.package_identification:_identify(build) ignored
[0.310s] Level 1:colcon.colcon_core.package_identification:_identify(install) by extensions ['ignore', 'ignore_ament_install']
[0.310s] Level 1:colcon.colcon_core.package_identification:_identify(install) by extension 'ignore'
[0.310s] Level 1:colcon.colcon_core.package_identification:_identify(install) ignored
[0.310s] Level 1:colcon.colcon_core.package_identification:_identify(log) by extensions ['ignore', 'ignore_ament_install']
[0.310s] Level 1:colcon.colcon_core.package_identification:_identify(log) by extension 'ignore'
[0.310s] Level 1:colcon.colcon_core.package_identification:_identify(log) ignored
[0.310s] Level 1:colcon.colcon_core.package_identification:_identify(src) by extensions ['ignore', 'ignore_ament_install']
[0.311s] Level 1:colcon.colcon_core.package_identification:_identify(src) by extension 'ignore'
[0.311s] Level 1:colcon.colcon_core.package_identification:_identify(src) by extension 'ignore_ament_install'
[0.311s] Level 1:colcon.colcon_core.package_identification:_identify(src) by extensions ['colcon_pkg']
[0.311s] Level 1:colcon.colcon_core.package_identification:_identify(src) by extension 'colcon_pkg'
[0.311s] Level 1:colcon.colcon_core.package_identification:_identify(src) by extensions ['colcon_meta']
[0.311s] Level 1:colcon.colcon_core.package_identification:_identify(src) by extension 'colcon_meta'
[0.311s] Level 1:colcon.colcon_core.package_identification:_identify(src) by extensions ['ros']
[0.311s] Level 1:colcon.colcon_core.package_identification:_identify(src) by extension 'ros'
[0.311s] Level 1:colcon.colcon_core.package_identification:_identify(src) by extensions ['cmake', 'python']
[0.311s] Level 1:colcon.colcon_core.package_identification:_identify(src) by extension 'cmake'
[0.311s] Level 1:colcon.colcon_core.package_identification:_identify(src) by extension 'python'
[0.311s] Level 1:colcon.colcon_core.package_identification:_identify(src) by extensions ['python_setup_py']
[0.311s] Level 1:colcon.colcon_core.package_identification:_identify(src) by extension 'python_setup_py'
[0.311s] Level 1:colcon.colcon_core.package_identification:_identify(src/applanix_driver) by extensions ['ignore', 'ignore_ament_install']
[0.311s] Level 1:colcon.colcon_core.package_identification:_identify(src/applanix_driver) by extension 'ignore'
[0.311s] Level 1:colcon.colcon_core.package_identification:_identify(src/applanix_driver) by extension 'ignore_ament_install'
[0.311s] Level 1:colcon.colcon_core.package_identification:_identify(src/applanix_driver) by extensions ['colcon_pkg']
[0.311s] Level 1:colcon.colcon_core.package_identification:_identify(src/applanix_driver) by extension 'colcon_pkg'
[0.311s] Level 1:colcon.colcon_core.package_identification:_identify(src/applanix_driver) by extensions ['colcon_meta']
[0.311s] Level 1:colcon.colcon_core.package_identification:_identify(src/applanix_driver) by extension 'colcon_meta'
[0.311s] Level 1:colcon.colcon_core.package_identification:_identify(src/applanix_driver) by extensions ['ros']
[0.311s] Level 1:colcon.colcon_core.package_identification:_identify(src/applanix_driver) by extension 'ros'
[0.313s] DEBUG:colcon.colcon_core.package_identification:Package 'src/applanix_driver' with type 'ros.ament_cmake' and name 'applanix_driver'
[0.313s] Level 1:colcon.colcon_core.package_identification:_identify(src/autoware_auto_msgs) by extensions ['ignore', 'ignore_ament_install']
[0.313s] Level 1:colcon.colcon_core.package_identification:_identify(src/autoware_auto_msgs) by extension 'ignore'
[0.313s] Level 1:colcon.colcon_core.package_identification:_identify(src/autoware_auto_msgs) by extension 'ignore_ament_install'
[0.313s] Level 1:colcon.colcon_core.package_identification:_identify(src/autoware_auto_msgs) by extensions ['colcon_pkg']
[0.313s] Level 1:colcon.colcon_core.package_identification:_identify(src/autoware_auto_msgs) by extension 'colcon_pkg'
[0.313s] Level 1:colcon.colcon_core.package_identification:_identify(src/autoware_auto_msgs) by extensions ['colcon_meta']
[0.313s] Level 1:colcon.colcon_core.package_identification:_identify(src/autoware_auto_msgs) by extension 'colcon_meta'
[0.313s] Level 1:colcon.colcon_core.package_identification:_identify(src/autoware_auto_msgs) by extensions ['ros']
[0.313s] Level 1:colcon.colcon_core.package_identification:_identify(src/autoware_auto_msgs) by extension 'ros'
[0.314s] DEBUG:colcon.colcon_core.package_identification:Package 'src/autoware_auto_msgs' with type 'ros.ament_cmake' and name 'autoware_auto_msgs'
[0.314s] Level 1:colcon.colcon_core.package_identification:_identify(src/kia_test) by extensions ['ignore', 'ignore_ament_install']
[0.314s] Level 1:colcon.colcon_core.package_identification:_identify(src/kia_test) by extension 'ignore'
[0.314s] Level 1:colcon.colcon_core.package_identification:_identify(src/kia_test) by extension 'ignore_ament_install'
[0.314s] Level 1:colcon.colcon_core.package_identification:_identify(src/kia_test) by extensions ['colcon_pkg']
[0.314s] Level 1:colcon.colcon_core.package_identification:_identify(src/kia_test) by extension 'colcon_pkg'
[0.314s] Level 1:colcon.colcon_core.package_identification:_identify(src/kia_test) by extensions ['colcon_meta']
[0.314s] Level 1:colcon.colcon_core.package_identification:_identify(src/kia_test) by extension 'colcon_meta'
[0.314s] Level 1:colcon.colcon_core.package_identification:_identify(src/kia_test) by extensions ['ros']
[0.314s] Level 1:colcon.colcon_core.package_identification:_identify(src/kia_test) by extension 'ros'
[0.314s] DEBUG:colcon.colcon_core.package_identification:Package 'src/kia_test' with type 'ros.ament_cmake' and name 'kia_test'
[0.314s] Level 1:colcon.colcon_core.package_identification:_identify(src/minimal_simulator) by extensions ['ignore', 'ignore_ament_install']
[0.314s] Level 1:colcon.colcon_core.package_identification:_identify(src/minimal_simulator) by extension 'ignore'
[0.314s] Level 1:colcon.colcon_core.package_identification:_identify(src/minimal_simulator) by extension 'ignore_ament_install'
[0.314s] Level 1:colcon.colcon_core.package_identification:_identify(src/minimal_simulator) by extensions ['colcon_pkg']
[0.314s] Level 1:colcon.colcon_core.package_identification:_identify(src/minimal_simulator) by extension 'colcon_pkg'
[0.314s] Level 1:colcon.colcon_core.package_identification:_identify(src/minimal_simulator) by extensions ['colcon_meta']
[0.314s] Level 1:colcon.colcon_core.package_identification:_identify(src/minimal_simulator) by extension 'colcon_meta'
[0.315s] Level 1:colcon.colcon_core.package_identification:_identify(src/minimal_simulator) by extensions ['ros']
[0.315s] Level 1:colcon.colcon_core.package_identification:_identify(src/minimal_simulator) by extension 'ros'
[0.315s] DEBUG:colcon.colcon_core.package_identification:Package 'src/minimal_simulator' with type 'ros.ament_cmake' and name 'minimal_simulator'
[0.315s] Level 1:colcon.colcon_core.package_identification:_identify(src/pid_velocity_control) by extensions ['ignore', 'ignore_ament_install']
[0.315s] Level 1:colcon.colcon_core.package_identification:_identify(src/pid_velocity_control) by extension 'ignore'
[0.315s] Level 1:colcon.colcon_core.package_identification:_identify(src/pid_velocity_control) by extension 'ignore_ament_install'
[0.315s] Level 1:colcon.colcon_core.package_identification:_identify(src/pid_velocity_control) by extensions ['colcon_pkg']
[0.315s] Level 1:colcon.colcon_core.package_identification:_identify(src/pid_velocity_control) by extension 'colcon_pkg'
[0.315s] Level 1:colcon.colcon_core.package_identification:_identify(src/pid_velocity_control) by extensions ['colcon_meta']
[0.315s] Level 1:colcon.colcon_core.package_identification:_identify(src/pid_velocity_control) by extension 'colcon_meta'
[0.315s] Level 1:colcon.colcon_core.package_identification:_identify(src/pid_velocity_control) by extensions ['ros']
[0.315s] Level 1:colcon.colcon_core.package_identification:_identify(src/pid_velocity_control) by extension 'ros'
[0.316s] DEBUG:colcon.colcon_core.package_identification:Package 'src/pid_velocity_control' with type 'ros.ament_cmake' and name 'pid_velocity_control'
[0.316s] Level 1:colcon.colcon_core.package_identification:_identify(src/trajectory_following) by extensions ['ignore', 'ignore_ament_install']
[0.316s] Level 1:colcon.colcon_core.package_identification:_identify(src/trajectory_following) by extension 'ignore'
[0.316s] Level 1:colcon.colcon_core.package_identification:_identify(src/trajectory_following) by extension 'ignore_ament_install'
[0.316s] Level 1:colcon.colcon_core.package_identification:_identify(src/trajectory_following) by extensions ['colcon_pkg']
[0.316s] Level 1:colcon.colcon_core.package_identification:_identify(src/trajectory_following) by extension 'colcon_pkg'
[0.316s] Level 1:colcon.colcon_core.package_identification:_identify(src/trajectory_following) by extensions ['colcon_meta']
[0.316s] Level 1:colcon.colcon_core.package_identification:_identify(src/trajectory_following) by extension 'colcon_meta'
[0.316s] Level 1:colcon.colcon_core.package_identification:_identify(src/trajectory_following) by extensions ['ros']
[0.316s] Level 1:colcon.colcon_core.package_identification:_identify(src/trajectory_following) by extension 'ros'
[0.316s] DEBUG:colcon.colcon_core.package_identification:Package 'src/trajectory_following' with type 'ros.ament_cmake' and name 'trajectory_following'
[0.316s] Level 1:colcon.colcon_core.package_identification:_identify(src/urdf) by extensions ['ignore', 'ignore_ament_install']
[0.317s] Level 1:colcon.colcon_core.package_identification:_identify(src/urdf) by extension 'ignore'
[0.317s] Level 1:colcon.colcon_core.package_identification:_identify(src/urdf) by extension 'ignore_ament_install'
[0.317s] Level 1:colcon.colcon_core.package_identification:_identify(src/urdf) by extensions ['colcon_pkg']
[0.317s] Level 1:colcon.colcon_core.package_identification:_identify(src/urdf) by extension 'colcon_pkg'
[0.317s] Level 1:colcon.colcon_core.package_identification:_identify(src/urdf) by extensions ['colcon_meta']
[0.317s] Level 1:colcon.colcon_core.package_identification:_identify(src/urdf) by extension 'colcon_meta'
[0.317s] Level 1:colcon.colcon_core.package_identification:_identify(src/urdf) by extensions ['ros']
[0.317s] Level 1:colcon.colcon_core.package_identification:_identify(src/urdf) by extension 'ros'
[0.317s] Level 1:colcon.colcon_core.package_identification:_identify(src/urdf) by extensions ['cmake', 'python']
[0.317s] Level 1:colcon.colcon_core.package_identification:_identify(src/urdf) by extension 'cmake'
[0.317s] Level 1:colcon.colcon_core.package_identification:_identify(src/urdf) by extension 'python'
[0.317s] Level 1:colcon.colcon_core.package_identification:_identify(src/urdf) by extensions ['python_setup_py']
[0.317s] Level 1:colcon.colcon_core.package_identification:_identify(src/urdf) by extension 'python_setup_py'
[0.317s] Level 1:colcon.colcon_core.package_identification:_identify(src/urdf/lexus_rx_450h_description) by extensions ['ignore', 'ignore_ament_install']
[0.317s] Level 1:colcon.colcon_core.package_identification:_identify(src/urdf/lexus_rx_450h_description) by extension 'ignore'
[0.317s] Level 1:colcon.colcon_core.package_identification:_identify(src/urdf/lexus_rx_450h_description) by extension 'ignore_ament_install'
[0.317s] Level 1:colcon.colcon_core.package_identification:_identify(src/urdf/lexus_rx_450h_description) by extensions ['colcon_pkg']
[0.317s] Level 1:colcon.colcon_core.package_identification:_identify(src/urdf/lexus_rx_450h_description) by extension 'colcon_pkg'
[0.317s] Level 1:colcon.colcon_core.package_identification:_identify(src/urdf/lexus_rx_450h_description) by extensions ['colcon_meta']
[0.317s] Level 1:colcon.colcon_core.package_identification:_identify(src/urdf/lexus_rx_450h_description) by extension 'colcon_meta'
[0.317s] Level 1:colcon.colcon_core.package_identification:_identify(src/urdf/lexus_rx_450h_description) by extensions ['ros']
[0.317s] Level 1:colcon.colcon_core.package_identification:_identify(src/urdf/lexus_rx_450h_description) by extension 'ros'
[0.317s] DEBUG:colcon.colcon_core.package_identification:Package 'src/urdf/lexus_rx_450h_description' with type 'ros.ament_cmake' and name 'lexus_rx_450h_description'
[0.317s] Level 1:colcon.colcon_core.package_discovery:discover_packages(recursive) using defaults
[0.317s] Level 1:colcon.colcon_core.package_discovery:discover_packages(ignore) discover
[0.317s] Level 1:colcon.colcon_core.package_discovery:discover_packages(ignore) using defaults
[0.317s] Level 1:colcon.colcon_core.package_discovery:discover_packages(path) discover
[0.317s] Level 1:colcon.colcon_core.package_discovery:discover_packages(path) using defaults
[0.335s] INFO:colcon.colcon_core.package_selection:Skipping not selected package 'autoware_auto_msgs' in 'src/autoware_auto_msgs'
[0.335s] INFO:colcon.colcon_core.package_selection:Skipping not selected package 'lexus_rx_450h_description' in 'src/urdf/lexus_rx_450h_description'
[0.335s] INFO:colcon.colcon_core.package_selection:Skipping not selected package 'applanix_driver' in 'src/applanix_driver'
[0.335s] INFO:colcon.colcon_core.package_selection:Skipping not selected package 'pid_velocity_control' in 'src/pid_velocity_control'
[0.335s] INFO:colcon.colcon_core.package_selection:Skipping not selected package 'trajectory_following' in 'src/trajectory_following'
[0.335s] INFO:colcon.colcon_core.package_selection:Skipping not selected package 'kia_test' in 'src/kia_test'
[0.339s] Level 5:colcon.colcon_core.verb:set package 'minimal_simulator' build argument 'cmake_args' from command line to 'None'
[0.339s] Level 5:colcon.colcon_core.verb:set package 'minimal_simulator' build argument 'cmake_target' from command line to 'None'
[0.339s] Level 5:colcon.colcon_core.verb:set package 'minimal_simulator' build argument 'cmake_target_skip_unavailable' from command line to 'False'
[0.339s] Level 5:colcon.colcon_core.verb:set package 'minimal_simulator' build argument 'cmake_clean_cache' from command line to 'False'
[0.339s] Level 5:colcon.colcon_core.verb:set package 'minimal_simulator' build argument 'cmake_clean_first' from command line to 'False'
[0.339s] Level 5:colcon.colcon_core.verb:set package 'minimal_simulator' build argument 'cmake_force_configure' from command line to 'False'
[0.339s] Level 5:colcon.colcon_core.verb:set package 'minimal_simulator' build argument 'ament_cmake_args' from command line to 'None'
[0.339s] Level 5:colcon.colcon_core.verb:set package 'minimal_simulator' build argument 'catkin_cmake_args' from command line to 'None'
[0.339s] Level 5:colcon.colcon_core.verb:set package 'minimal_simulator' build argument 'catkin_skip_building_tests' from command line to 'False'
[0.339s] DEBUG:colcon.colcon_core.verb:Building package 'minimal_simulator' with the following arguments: {'ament_cmake_args': None, 'build_base': '/home/gabriel/software/AutonomousDriving/build/minimal_simulator', 'catkin_cmake_args': None, 'catkin_skip_building_tests': False, 'cmake_args': None, 'cmake_clean_cache': False, 'cmake_clean_first': False, 'cmake_force_configure': False, 'cmake_target': None, 'cmake_target_skip_unavailable': False, 'install_base': '/home/gabriel/software/AutonomousDriving/install/minimal_simulator', 'merge_install': False, 'path': '/home/gabriel/software/AutonomousDriving/src/minimal_simulator', 'symlink_install': False, 'test_result_base': None}
[0.345s] INFO:colcon.colcon_core.executor:Executing jobs using 'parallel' executor
[0.352s] DEBUG:colcon.colcon_parallel_executor.executor.parallel:run_until_complete
[0.352s] INFO:colcon.colcon_ros.task.ament_cmake.build:Building ROS package in '/home/gabriel/software/AutonomousDriving/src/minimal_simulator' with build type 'ament_cmake'
[0.352s] INFO:colcon.colcon_cmake.task.cmake.build:Building CMake package in '/home/gabriel/software/AutonomousDriving/src/minimal_simulator'
[0.356s] INFO:colcon.colcon_core.plugin_system:Skipping extension 'colcon_core.shell.bat': Not used on non-Windows systems
[0.357s] INFO:colcon.colcon_core.shell:Skip shell extension 'powershell' for command environment: Not usable outside of PowerShell
[0.357s] DEBUG:colcon.colcon_core.shell:Skip shell extension 'dsv' for command environment
[0.368s] DEBUG:colcon.colcon_core.event_handler.log_command:Invoking command in '/home/gabriel/software/AutonomousDriving/build/minimal_simulator': AMENT_PREFIX_PATH=/home/gabriel/software/AutonomousDriving/install/autoware_auto_msgs:${AMENT_PREFIX_PATH} CMAKE_PREFIX_PATH=/home/gabriel/software/AutonomousDriving/install/autoware_auto_msgs:/opt/ros/galactic LD_LIBRARY_PATH=/home/gabriel/software/AutonomousDriving/install/autoware_auto_msgs/lib:/usr/lib/x86_64-linux-gnu/gazebo-11/plugins:/opt/ros/galactic/opt/yaml_cpp_vendor/lib:/opt/ros/galactic/opt/rviz_ogre_vendor/lib:/opt/ros/galactic/lib/x86_64-linux-gnu:/opt/ros/galactic/lib:/home/gabriel/.mujoco/mujoco200/bin:/home/gabriel/.mujoco/mjpro131/bin:/home/gabriel/.mujoco/mjpro150/bin:/usr/lib/x86_64-linux-gnu/ PYTHONPATH=/home/gabriel/software/AutonomousDriving/install/autoware_auto_msgs/lib/python3.8/site-packages:${PYTHONPATH} /usr/bin/cmake --build /home/gabriel/software/AutonomousDriving/build/minimal_simulator -- -j16 -l16
[0.600s] DEBUG:colcon.colcon_core.event_handler.log_command:Invoked command in '/home/gabriel/software/AutonomousDriving/build/minimal_simulator' returned '0': AMENT_PREFIX_PATH=/home/gabriel/software/AutonomousDriving/install/autoware_auto_msgs:${AMENT_PREFIX_PATH} CMAKE_PREFIX_PATH=/home/gabriel/software/AutonomousDriving/install/autoware_auto_msgs:/opt/ros/galactic LD_LIBRARY_PATH=/home/gabriel/software/AutonomousDriving/install/autoware_auto_msgs/lib:/usr/lib/x86_64-linux-gnu/gazebo-11/plugins:/opt/ros/galactic/opt/yaml_cpp_vendor/lib:/opt/ros/galactic/opt/rviz_ogre_vendor/lib:/opt/ros/galactic/lib/x86_64-linux-gnu:/opt/ros/galactic/lib:/home/gabriel/.mujoco/mujoco200/bin:/home/gabriel/.mujoco/mjpro131/bin:/home/gabriel/.mujoco/mjpro150/bin:/usr/lib/x86_64-linux-gnu/ PYTHONPATH=/home/gabriel/software/AutonomousDriving/install/autoware_auto_msgs/lib/python3.8/site-packages:${PYTHONPATH} /usr/bin/cmake --build /home/gabriel/software/AutonomousDriving/build/minimal_simulator -- -j16 -l16
[0.632s] DEBUG:colcon.colcon_core.event_handler.log_command:Invoking command in '/home/gabriel/software/AutonomousDriving/build/minimal_simulator': AMENT_PREFIX_PATH=/home/gabriel/software/AutonomousDriving/install/autoware_auto_msgs:${AMENT_PREFIX_PATH} CMAKE_PREFIX_PATH=/home/gabriel/software/AutonomousDriving/install/autoware_auto_msgs:/opt/ros/galactic LD_LIBRARY_PATH=/home/gabriel/software/AutonomousDriving/install/autoware_auto_msgs/lib:/usr/lib/x86_64-linux-gnu/gazebo-11/plugins:/opt/ros/galactic/opt/yaml_cpp_vendor/lib:/opt/ros/galactic/opt/rviz_ogre_vendor/lib:/opt/ros/galactic/lib/x86_64-linux-gnu:/opt/ros/galactic/lib:/home/gabriel/.mujoco/mujoco200/bin:/home/gabriel/.mujoco/mjpro131/bin:/home/gabriel/.mujoco/mjpro150/bin:/usr/lib/x86_64-linux-gnu/ PYTHONPATH=/home/gabriel/software/AutonomousDriving/install/autoware_auto_msgs/lib/python3.8/site-packages:${PYTHONPATH} /usr/bin/cmake --install /home/gabriel/software/AutonomousDriving/build/minimal_simulator
[0.665s] Level 1:colcon.colcon_core.environment:create_environment_scripts_only(minimal_simulator)
[0.666s] DEBUG:colcon.colcon_core.event_handler.log_command:Invoked command in '/home/gabriel/software/AutonomousDriving/build/minimal_simulator' returned '0': AMENT_PREFIX_PATH=/home/gabriel/software/AutonomousDriving/install/autoware_auto_msgs:${AMENT_PREFIX_PATH} CMAKE_PREFIX_PATH=/home/gabriel/software/AutonomousDriving/install/autoware_auto_msgs:/opt/ros/galactic LD_LIBRARY_PATH=/home/gabriel/software/AutonomousDriving/install/autoware_auto_msgs/lib:/usr/lib/x86_64-linux-gnu/gazebo-11/plugins:/opt/ros/galactic/opt/yaml_cpp_vendor/lib:/opt/ros/galactic/opt/rviz_ogre_vendor/lib:/opt/ros/galactic/lib/x86_64-linux-gnu:/opt/ros/galactic/lib:/home/gabriel/.mujoco/mujoco200/bin:/home/gabriel/.mujoco/mjpro131/bin:/home/gabriel/.mujoco/mjpro150/bin:/usr/lib/x86_64-linux-gnu/ PYTHONPATH=/home/gabriel/software/AutonomousDriving/install/autoware_auto_msgs/lib/python3.8/site-packages:${PYTHONPATH} /usr/bin/cmake --install /home/gabriel/software/AutonomousDriving/build/minimal_simulator
[0.670s] Level 1:colcon.colcon_core.environment:checking '/home/gabriel/software/AutonomousDriving/install/minimal_simulator' for CMake module files
[0.670s] Level 1:colcon.colcon_core.environment:checking '/home/gabriel/software/AutonomousDriving/install/minimal_simulator' for CMake config files
[0.670s] Level 1:colcon.colcon_core.shell:create_environment_hook('minimal_simulator', 'cmake_prefix_path')
[0.673s] INFO:colcon.colcon_core.shell:Creating environment hook '/home/gabriel/software/AutonomousDriving/install/minimal_simulator/share/minimal_simulator/hook/cmake_prefix_path.ps1'
[0.674s] INFO:colcon.colcon_core.shell:Creating environment descriptor '/home/gabriel/software/AutonomousDriving/install/minimal_simulator/share/minimal_simulator/hook/cmake_prefix_path.dsv'
[0.674s] INFO:colcon.colcon_core.shell:Creating environment hook '/home/gabriel/software/AutonomousDriving/install/minimal_simulator/share/minimal_simulator/hook/cmake_prefix_path.sh'
[0.674s] Level 1:colcon.colcon_core.environment:checking '/home/gabriel/software/AutonomousDriving/install/minimal_simulator/lib'
[0.674s] Level 1:colcon.colcon_core.environment:checking '/home/gabriel/software/AutonomousDriving/install/minimal_simulator/bin'
[0.674s] Level 1:colcon.colcon_core.environment:checking '/home/gabriel/software/AutonomousDriving/install/minimal_simulator/lib/pkgconfig/minimal_simulator.pc'
[0.675s] Level 1:colcon.colcon_core.environment:checking '/home/gabriel/software/AutonomousDriving/install/minimal_simulator/lib/python3.8/site-packages'
[0.675s] Level 1:colcon.colcon_core.shell:create_environment_hook('minimal_simulator', 'pythonpath')
[0.677s] INFO:colcon.colcon_core.shell:Creating environment hook '/home/gabriel/software/AutonomousDriving/install/minimal_simulator/share/minimal_simulator/hook/pythonpath.ps1'
[0.678s] INFO:colcon.colcon_core.shell:Creating environment descriptor '/home/gabriel/software/AutonomousDriving/install/minimal_simulator/share/minimal_simulator/hook/pythonpath.dsv'
[0.678s] INFO:colcon.colcon_core.shell:Creating environment hook '/home/gabriel/software/AutonomousDriving/install/minimal_simulator/share/minimal_simulator/hook/pythonpath.sh'
[0.681s] INFO:colcon.colcon_core.shell:Creating package script '/home/gabriel/software/AutonomousDriving/install/minimal_simulator/share/minimal_simulator/package.ps1'
[0.681s] INFO:colcon.colcon_core.shell:Creating package descriptor '/home/gabriel/software/AutonomousDriving/install/minimal_simulator/share/minimal_simulator/package.dsv'
[0.681s] INFO:colcon.colcon_core.shell:Creating package script '/home/gabriel/software/AutonomousDriving/install/minimal_simulator/share/minimal_simulator/package.sh'
[0.682s] INFO:colcon.colcon_core.shell:Creating package script '/home/gabriel/software/AutonomousDriving/install/minimal_simulator/share/minimal_simulator/package.bash'
[0.682s] INFO:colcon.colcon_core.shell:Creating package script '/home/gabriel/software/AutonomousDriving/install/minimal_simulator/share/minimal_simulator/package.zsh'
[0.683s] Level 1:colcon.colcon_core.environment:create_file_with_runtime_dependencies(/home/gabriel/software/AutonomousDriving/install/minimal_simulator/share/colcon-core/packages/minimal_simulator)
[0.700s] Level 1:colcon.colcon_core.environment:create_environment_scripts_only(minimal_simulator)
[0.705s] Level 1:colcon.colcon_core.environment:checking '/home/gabriel/software/AutonomousDriving/install/minimal_simulator' for CMake module files
[0.705s] Level 1:colcon.colcon_core.environment:checking '/home/gabriel/software/AutonomousDriving/install/minimal_simulator' for CMake config files
[0.705s] Level 1:colcon.colcon_core.shell:create_environment_hook('minimal_simulator', 'cmake_prefix_path')
[0.709s] INFO:colcon.colcon_core.shell:Creating environment hook '/home/gabriel/software/AutonomousDriving/install/minimal_simulator/share/minimal_simulator/hook/cmake_prefix_path.ps1'
[0.709s] INFO:colcon.colcon_core.shell:Creating environment descriptor '/home/gabriel/software/AutonomousDriving/install/minimal_simulator/share/minimal_simulator/hook/cmake_prefix_path.dsv'
[0.709s] INFO:colcon.colcon_core.shell:Creating environment hook '/home/gabriel/software/AutonomousDriving/install/minimal_simulator/share/minimal_simulator/hook/cmake_prefix_path.sh'
[0.709s] Level 1:colcon.colcon_core.environment:checking '/home/gabriel/software/AutonomousDriving/install/minimal_simulator/lib'
[0.709s] Level 1:colcon.colcon_core.environment:checking '/home/gabriel/software/AutonomousDriving/install/minimal_simulator/bin'
[0.709s] Level 1:colcon.colcon_core.environment:checking '/home/gabriel/software/AutonomousDriving/install/minimal_simulator/lib/pkgconfig/minimal_simulator.pc'
[0.709s] Level 1:colcon.colcon_core.environment:checking '/home/gabriel/software/AutonomousDriving/install/minimal_simulator/lib/python3.8/site-packages'
[0.709s] Level 1:colcon.colcon_core.shell:create_environment_hook('minimal_simulator', 'pythonpath')
[0.712s] INFO:colcon.colcon_core.shell:Creating environment hook '/home/gabriel/software/AutonomousDriving/install/minimal_simulator/share/minimal_simulator/hook/pythonpath.ps1'
[0.712s] INFO:colcon.colcon_core.shell:Creating environment descriptor '/home/gabriel/software/AutonomousDriving/install/minimal_simulator/share/minimal_simulator/hook/pythonpath.dsv'
[0.713s] INFO:colcon.colcon_core.shell:Creating environment hook '/home/gabriel/software/AutonomousDriving/install/minimal_simulator/share/minimal_simulator/hook/pythonpath.sh'
[0.716s] INFO:colcon.colcon_core.shell:Creating package script '/home/gabriel/software/AutonomousDriving/install/minimal_simulator/share/minimal_simulator/package.ps1'
[0.716s] INFO:colcon.colcon_core.shell:Creating package descriptor '/home/gabriel/software/AutonomousDriving/install/minimal_simulator/share/minimal_simulator/package.dsv'
[0.716s] INFO:colcon.colcon_core.shell:Creating package script '/home/gabriel/software/AutonomousDriving/install/minimal_simulator/share/minimal_simulator/package.sh'
[0.716s] INFO:colcon.colcon_core.shell:Creating package script '/home/gabriel/software/AutonomousDriving/install/minimal_simulator/share/minimal_simulator/package.bash'
[0.717s] INFO:colcon.colcon_core.shell:Creating package script '/home/gabriel/software/AutonomousDriving/install/minimal_simulator/share/minimal_simulator/package.zsh'
[0.717s] Level 1:colcon.colcon_core.environment:create_file_with_runtime_dependencies(/home/gabriel/software/AutonomousDriving/install/minimal_simulator/share/colcon-core/packages/minimal_simulator)
[0.717s] DEBUG:colcon.colcon_parallel_executor.executor.parallel:closing loop
[0.717s] DEBUG:colcon.colcon_parallel_executor.executor.parallel:loop closed
[0.717s] DEBUG:colcon.colcon_parallel_executor.executor.parallel:run_until_complete finished with '0'
[0.717s] DEBUG:colcon.colcon_core.event_reactor:joining thread
[0.722s] INFO:colcon.colcon_core.plugin_system:Skipping extension 'colcon_notification.desktop_notification.terminal_notifier': Not used on non-Darwin systems
[0.722s] INFO:colcon.colcon_core.plugin_system:Skipping extension 'colcon_notification.desktop_notification.win32': Not used on non-Windows systems
[0.722s] INFO:colcon.colcon_notification.desktop_notification:Sending desktop notification using 'notify2'
[0.733s] DEBUG:colcon.colcon_core.event_reactor:joined thread
[0.736s] INFO:colcon.colcon_core.shell:Creating prefix script '/home/gabriel/software/AutonomousDriving/install/local_setup.ps1'
[0.737s] INFO:colcon.colcon_core.shell:Creating prefix util module '/home/gabriel/software/AutonomousDriving/install/_local_setup_util_ps1.py'
[0.738s] INFO:colcon.colcon_core.shell:Creating prefix chain script '/home/gabriel/software/AutonomousDriving/install/setup.ps1'
[0.741s] INFO:colcon.colcon_core.shell:Creating prefix script '/home/gabriel/software/AutonomousDriving/install/local_setup.sh'
[0.741s] INFO:colcon.colcon_core.shell:Creating prefix util module '/home/gabriel/software/AutonomousDriving/install/_local_setup_util_sh.py'
[0.741s] INFO:colcon.colcon_core.shell:Creating prefix chain script '/home/gabriel/software/AutonomousDriving/install/setup.sh'
[0.744s] INFO:colcon.colcon_core.shell:Creating prefix script '/home/gabriel/software/AutonomousDriving/install/local_setup.bash'
[0.744s] INFO:colcon.colcon_core.shell:Creating prefix chain script '/home/gabriel/software/AutonomousDriving/install/setup.bash'
[0.746s] INFO:colcon.colcon_core.shell:Creating prefix script '/home/gabriel/software/AutonomousDriving/install/local_setup.zsh'
[0.747s] INFO:colcon.colcon_core.shell:Creating prefix chain script '/home/gabriel/software/AutonomousDriving/install/setup.zsh'
