Built target ament_cmake_python_copy_robot_steering_converter
running egg_info
writing robot_steering_converter.egg-info/PKG-INFO
writing dependency_links to robot_steering_converter.egg-info/dependency_links.txt
writing top-level names to robot_steering_converter.egg-info/top_level.txt
reading manifest file 'robot_steering_converter.egg-info/SOURCES.txt'
writing manifest file 'robot_steering_converter.egg-info/SOURCES.txt'
Built target ament_cmake_python_build_robot_steering_converter_egg
-- Install configuration: ""
-- Up-to-date: /home/gabriel/software/AutonomousDriving/install/robot_steering_converter/share/robot_steering_converter/environment/pythonpath.sh
-- Up-to-date: /home/gabriel/software/AutonomousDriving/install/robot_steering_converter/share/robot_steering_converter/environment/pythonpath.dsv
-- Up-to-date: /home/gabriel/software/AutonomousDriving/install/robot_steering_converter/lib/python3.8/site-packages//robot_steering_converter.egg-info
-- Installing: /home/gabriel/software/AutonomousDriving/install/robot_steering_converter/lib/python3.8/site-packages//robot_steering_converter.egg-info/dependency_links.txt
-- Installing: /home/gabriel/software/AutonomousDriving/install/robot_steering_converter/lib/python3.8/site-packages//robot_steering_converter.egg-info/top_level.txt
-- Installing: /home/gabriel/software/AutonomousDriving/install/robot_steering_converter/lib/python3.8/site-packages//robot_steering_converter.egg-info/PKG-INFO
-- Installing: /home/gabriel/software/AutonomousDriving/install/robot_steering_converter/lib/python3.8/site-packages//robot_steering_converter.egg-info/SOURCES.txt
-- Up-to-date: /home/gabriel/software/AutonomousDriving/install/robot_steering_converter/lib/python3.8/site-packages/robot_steering_converter
-- Up-to-date: /home/gabriel/software/AutonomousDriving/install/robot_steering_converter/lib/python3.8/site-packages/robot_steering_converter/__init__.py
-- Up-to-date: /home/gabriel/software/AutonomousDriving/install/robot_steering_converter/lib/python3.8/site-packages/robot_steering_converter/robot_steering_converter_node.py
-- Up-to-date: /home/gabriel/software/AutonomousDriving/install/robot_steering_converter/lib/python3.8/site-packages/robot_steering_converter/robot_steering_converter_main.py
Listing '/home/gabriel/software/AutonomousDriving/install/robot_steering_converter/lib/python3.8/site-packages/robot_steering_converter'...
-- Up-to-date: /home/gabriel/software/AutonomousDriving/install/robot_steering_converter/lib/robot_steering_converter/robot_steering_converter_main.py
-- Up-to-date: /home/gabriel/software/AutonomousDriving/install/robot_steering_converter/share/robot_steering_converter/config
-- Up-to-date: /home/gabriel/software/AutonomousDriving/install/robot_steering_converter/share/robot_steering_converter/config/manual_example.rviz
-- Up-to-date: /home/gabriel/software/AutonomousDriving/install/robot_steering_converter/share/robot_steering_converter/launch
-- Installing: /home/gabriel/software/AutonomousDriving/install/robot_steering_converter/share/robot_steering_converter/launch/manual_steering.launch.py
-- Up-to-date: /home/gabriel/software/AutonomousDriving/install/robot_steering_converter/share/robot_steering_converter/launch/manual_steering_with_pid.launch.py
-- Up-to-date: /home/gabriel/software/AutonomousDriving/install/robot_steering_converter/share/robot_steering_converter/launch/manual_steering_example.launch.py
-- Up-to-date: /home/gabriel/software/AutonomousDriving/install/robot_steering_converter/share/ament_index/resource_index/package_run_dependencies/robot_steering_converter
-- Up-to-date: /home/gabriel/software/AutonomousDriving/install/robot_steering_converter/share/ament_index/resource_index/parent_prefix_path/robot_steering_converter
-- Up-to-date: /home/gabriel/software/AutonomousDriving/install/robot_steering_converter/share/robot_steering_converter/environment/ament_prefix_path.sh
-- Up-to-date: /home/gabriel/software/AutonomousDriving/install/robot_steering_converter/share/robot_steering_converter/environment/ament_prefix_path.dsv
-- Up-to-date: /home/gabriel/software/AutonomousDriving/install/robot_steering_converter/share/robot_steering_converter/environment/path.sh
-- Up-to-date: /home/gabriel/software/AutonomousDriving/install/robot_steering_converter/share/robot_steering_converter/environment/path.dsv
-- Up-to-date: /home/gabriel/software/AutonomousDriving/install/robot_steering_converter/share/robot_steering_converter/local_setup.bash
-- Up-to-date: /home/gabriel/software/AutonomousDriving/install/robot_steering_converter/share/robot_steering_converter/local_setup.sh
-- Up-to-date: /home/gabriel/software/AutonomousDriving/install/robot_steering_converter/share/robot_steering_converter/local_setup.zsh
-- Up-to-date: /home/gabriel/software/AutonomousDriving/install/robot_steering_converter/share/robot_steering_converter/local_setup.dsv
-- Up-to-date: /home/gabriel/software/AutonomousDriving/install/robot_steering_converter/share/robot_steering_converter/package.dsv
-- Up-to-date: /home/gabriel/software/AutonomousDriving/install/robot_steering_converter/share/ament_index/resource_index/packages/robot_steering_converter
-- Up-to-date: /home/gabriel/software/AutonomousDriving/install/robot_steering_converter/share/robot_steering_converter/cmake/robot_steering_converterConfig.cmake
-- Up-to-date: /home/gabriel/software/AutonomousDriving/install/robot_steering_converter/share/robot_steering_converter/cmake/robot_steering_converterConfig-version.cmake
-- Up-to-date: /home/gabriel/software/AutonomousDriving/install/robot_steering_converter/share/robot_steering_converter/package.xml
