Built target ament_cmake_python_copy_minimal_simulator
running egg_info
writing minimal_simulator.egg-info/PKG-INFO
writing dependency_links to minimal_simulator.egg-info/dependency_links.txt
writing top-level names to minimal_simulator.egg-info/top_level.txt
reading manifest file 'minimal_simulator.egg-info/SOURCES.txt'
writing manifest file 'minimal_simulator.egg-info/SOURCES.txt'
Built target ament_cmake_python_build_minimal_simulator_egg
-- Install configuration: ""
-- Up-to-date: /home/gabriel/software/AutonomousDriving/install/minimal_simulator/share/minimal_simulator/environment/pythonpath.sh
-- Up-to-date: /home/gabriel/software/AutonomousDriving/install/minimal_simulator/share/minimal_simulator/environment/pythonpath.dsv
-- Up-to-date: /home/gabriel/software/AutonomousDriving/install/minimal_simulator/lib/python3.8/site-packages//minimal_simulator.egg-info
-- Installing: /home/gabriel/software/AutonomousDriving/install/minimal_simulator/lib/python3.8/site-packages//minimal_simulator.egg-info/dependency_links.txt
-- Installing: /home/gabriel/software/AutonomousDriving/install/minimal_simulator/lib/python3.8/site-packages//minimal_simulator.egg-info/top_level.txt
-- Installing: /home/gabriel/software/AutonomousDriving/install/minimal_simulator/lib/python3.8/site-packages//minimal_simulator.egg-info/PKG-INFO
-- Installing: /home/gabriel/software/AutonomousDriving/install/minimal_simulator/lib/python3.8/site-packages//minimal_simulator.egg-info/SOURCES.txt
-- Up-to-date: /home/gabriel/software/AutonomousDriving/install/minimal_simulator/lib/python3.8/site-packages/minimal_simulator
-- Up-to-date: /home/gabriel/software/AutonomousDriving/install/minimal_simulator/lib/python3.8/site-packages/minimal_simulator/__init__.py
-- Up-to-date: /home/gabriel/software/AutonomousDriving/install/minimal_simulator/lib/python3.8/site-packages/minimal_simulator/minimal_simulator_node.py
-- Up-to-date: /home/gabriel/software/AutonomousDriving/install/minimal_simulator/lib/python3.8/site-packages/minimal_simulator/minimal_simulator_main.py
Listing '/home/gabriel/software/AutonomousDriving/install/minimal_simulator/lib/python3.8/site-packages/minimal_simulator'...
-- Up-to-date: /home/gabriel/software/AutonomousDriving/install/minimal_simulator/lib/minimal_simulator/minimal_simulator_main.py
-- Up-to-date: /home/gabriel/software/AutonomousDriving/install/minimal_simulator/share/minimal_simulator/config
-- Up-to-date: /home/gabriel/software/AutonomousDriving/install/minimal_simulator/share/minimal_simulator/config/minimal_simulator.rviz
-- Up-to-date: /home/gabriel/software/AutonomousDriving/install/minimal_simulator/share/minimal_simulator/launch
-- Up-to-date: /home/gabriel/software/AutonomousDriving/install/minimal_simulator/share/minimal_simulator/launch/seven_vehicles_simulator.launch.py
-- Up-to-date: /home/gabriel/software/AutonomousDriving/install/minimal_simulator/share/minimal_simulator/launch/two_vehicles_simulator.launch.py
-- Up-to-date: /home/gabriel/software/AutonomousDriving/install/minimal_simulator/share/minimal_simulator/launch/single_vehicle_simulator.launch.py
-- Up-to-date: /home/gabriel/software/AutonomousDriving/install/minimal_simulator/share/minimal_simulator/launch/two_vehicles_simulator_scenario2.launch.py
-- Up-to-date: /home/gabriel/software/AutonomousDriving/install/minimal_simulator/share/minimal_simulator/launch/two_vehicles_simulator_scenario1.launch.py
-- Up-to-date: /home/gabriel/software/AutonomousDriving/install/minimal_simulator/share/minimal_simulator/launch/four_vehicles_simulator_all_avoiding.launch.py
-- Up-to-date: /home/gabriel/software/AutonomousDriving/install/minimal_simulator/share/minimal_simulator/launch/multi_simulator.launch.py
-- Up-to-date: /home/gabriel/software/AutonomousDriving/install/minimal_simulator/share/minimal_simulator/launch/four_vehicles_simulator.launch.py
-- Up-to-date: /home/gabriel/software/AutonomousDriving/install/minimal_simulator/share/minimal_simulator/launch/minimal_simulator.launch.py
-- Up-to-date: /home/gabriel/software/AutonomousDriving/install/minimal_simulator/share/minimal_simulator/launch/two_vehicles_simulator_ego_lead.launch.py
-- Up-to-date: /home/gabriel/software/AutonomousDriving/install/minimal_simulator/share/minimal_simulator/param
-- Up-to-date: /home/gabriel/software/AutonomousDriving/install/minimal_simulator/share/minimal_simulator/param/vehicles
-- Up-to-date: /home/gabriel/software/AutonomousDriving/install/minimal_simulator/share/minimal_simulator/param/vehicles/vehicle4.param.yaml
-- Up-to-date: /home/gabriel/software/AutonomousDriving/install/minimal_simulator/share/minimal_simulator/param/vehicles/ego_lead
-- Up-to-date: /home/gabriel/software/AutonomousDriving/install/minimal_simulator/share/minimal_simulator/param/vehicles/ego_lead/ego_vehicle.param.yaml
-- Up-to-date: /home/gabriel/software/AutonomousDriving/install/minimal_simulator/share/minimal_simulator/param/vehicles/ego_lead/vehicle1.param.yaml
-- Up-to-date: /home/gabriel/software/AutonomousDriving/install/minimal_simulator/share/minimal_simulator/param/vehicles/ego_vehicle.param (copy).yaml
-- Up-to-date: /home/gabriel/software/AutonomousDriving/install/minimal_simulator/share/minimal_simulator/param/vehicles/vehicle2.param.yaml
-- Up-to-date: /home/gabriel/software/AutonomousDriving/install/minimal_simulator/share/minimal_simulator/param/vehicles/ego_vehicle_tf.param.yaml
-- Up-to-date: /home/gabriel/software/AutonomousDriving/install/minimal_simulator/share/minimal_simulator/param/vehicles/vehicle7.param.yaml
-- Up-to-date: /home/gabriel/software/AutonomousDriving/install/minimal_simulator/share/minimal_simulator/param/vehicles/0.05
-- Up-to-date: /home/gabriel/software/AutonomousDriving/install/minimal_simulator/share/minimal_simulator/param/vehicles/0.05/EGO1.param.yaml
-- Up-to-date: /home/gabriel/software/AutonomousDriving/install/minimal_simulator/share/minimal_simulator/param/vehicles/0.05/vehicle4.param.yaml
-- Up-to-date: /home/gabriel/software/AutonomousDriving/install/minimal_simulator/share/minimal_simulator/param/vehicles/0.05/vehicle2.param.yaml
-- Up-to-date: /home/gabriel/software/AutonomousDriving/install/minimal_simulator/share/minimal_simulator/param/vehicles/0.05/vehicle5.param.yaml
-- Up-to-date: /home/gabriel/software/AutonomousDriving/install/minimal_simulator/share/minimal_simulator/param/vehicles/0.05/vehicle3.param.yaml
-- Up-to-date: /home/gabriel/software/AutonomousDriving/install/minimal_simulator/share/minimal_simulator/param/vehicles/0.05/vehicle1.param.yaml
-- Up-to-date: /home/gabriel/software/AutonomousDriving/install/minimal_simulator/share/minimal_simulator/param/vehicles/vehicle5.param.yaml
-- Up-to-date: /home/gabriel/software/AutonomousDriving/install/minimal_simulator/share/minimal_simulator/param/vehicles/option1
-- Up-to-date: /home/gabriel/software/AutonomousDriving/install/minimal_simulator/share/minimal_simulator/param/vehicles/option1/vehicle4.param.yaml
-- Up-to-date: /home/gabriel/software/AutonomousDriving/install/minimal_simulator/share/minimal_simulator/param/vehicles/option1/vehicle2.param.yaml
-- Up-to-date: /home/gabriel/software/AutonomousDriving/install/minimal_simulator/share/minimal_simulator/param/vehicles/option1/vehicle3.param.yaml
-- Up-to-date: /home/gabriel/software/AutonomousDriving/install/minimal_simulator/share/minimal_simulator/param/vehicles/option1/ego_vehicle.param.yaml
-- Up-to-date: /home/gabriel/software/AutonomousDriving/install/minimal_simulator/share/minimal_simulator/param/vehicles/option1/vehicle1.param.yaml
-- Up-to-date: /home/gabriel/software/AutonomousDriving/install/minimal_simulator/share/minimal_simulator/param/vehicles/vehicle3.param.yaml
-- Up-to-date: /home/gabriel/software/AutonomousDriving/install/minimal_simulator/share/minimal_simulator/param/vehicles/org
-- Up-to-date: /home/gabriel/software/AutonomousDriving/install/minimal_simulator/share/minimal_simulator/param/vehicles/org/EGO1.param.yaml
-- Up-to-date: /home/gabriel/software/AutonomousDriving/install/minimal_simulator/share/minimal_simulator/param/vehicles/org/vehicle4.param.yaml
-- Up-to-date: /home/gabriel/software/AutonomousDriving/install/minimal_simulator/share/minimal_simulator/param/vehicles/org/vehicle2.param.yaml
-- Up-to-date: /home/gabriel/software/AutonomousDriving/install/minimal_simulator/share/minimal_simulator/param/vehicles/org/vehicle5.param.yaml
-- Up-to-date: /home/gabriel/software/AutonomousDriving/install/minimal_simulator/share/minimal_simulator/param/vehicles/org/vehicle3.param.yaml
-- Up-to-date: /home/gabriel/software/AutonomousDriving/install/minimal_simulator/share/minimal_simulator/param/vehicles/org/vehicle1.param.yaml
-- Up-to-date: /home/gabriel/software/AutonomousDriving/install/minimal_simulator/share/minimal_simulator/param/vehicles/vehicle6.param.yaml
-- Up-to-date: /home/gabriel/software/AutonomousDriving/install/minimal_simulator/share/minimal_simulator/param/vehicles/ego_vehicle.param.yaml
-- Up-to-date: /home/gabriel/software/AutonomousDriving/install/minimal_simulator/share/minimal_simulator/param/vehicles/vehicle1.param.yaml
-- Up-to-date: /home/gabriel/software/AutonomousDriving/install/minimal_simulator/share/minimal_simulator/param/vehicles/option7
-- Up-to-date: /home/gabriel/software/AutonomousDriving/install/minimal_simulator/share/minimal_simulator/param/vehicles/option7/vehicle4.param.yaml
-- Up-to-date: /home/gabriel/software/AutonomousDriving/install/minimal_simulator/share/minimal_simulator/param/vehicles/option7/vehicle2.param.yaml
-- Up-to-date: /home/gabriel/software/AutonomousDriving/install/minimal_simulator/share/minimal_simulator/param/vehicles/option7/vehicle7.param.yaml
-- Up-to-date: /home/gabriel/software/AutonomousDriving/install/minimal_simulator/share/minimal_simulator/param/vehicles/option7/vehicle5.param.yaml
-- Up-to-date: /home/gabriel/software/AutonomousDriving/install/minimal_simulator/share/minimal_simulator/param/vehicles/option7/vehicle3.param.yaml
-- Up-to-date: /home/gabriel/software/AutonomousDriving/install/minimal_simulator/share/minimal_simulator/param/vehicles/option7/vehicle6.param.yaml
-- Up-to-date: /home/gabriel/software/AutonomousDriving/install/minimal_simulator/share/minimal_simulator/param/vehicles/option7/ego_vehicle.param.yaml
-- Up-to-date: /home/gabriel/software/AutonomousDriving/install/minimal_simulator/share/minimal_simulator/param/vehicles/option7/vehicle1.param.yaml
-- Up-to-date: /home/gabriel/software/AutonomousDriving/install/minimal_simulator/share/minimal_simulator/param/vehicles/option2
-- Up-to-date: /home/gabriel/software/AutonomousDriving/install/minimal_simulator/share/minimal_simulator/param/vehicles/option2/vehicle2.param.yaml
-- Up-to-date: /home/gabriel/software/AutonomousDriving/install/minimal_simulator/share/minimal_simulator/param/vehicles/option2/vehicle3.param.yaml
-- Up-to-date: /home/gabriel/software/AutonomousDriving/install/minimal_simulator/share/minimal_simulator/param/vehicles/option2/ego_vehicle.param.yaml
-- Up-to-date: /home/gabriel/software/AutonomousDriving/install/minimal_simulator/share/minimal_simulator/param/vehicles/option2/vehicle1.param.yaml
-- Up-to-date: /home/gabriel/software/AutonomousDriving/install/minimal_simulator/share/minimal_simulator/param/vehicles/vehicle1.param (copy).yaml
-- Up-to-date: /home/gabriel/software/AutonomousDriving/install/minimal_simulator/share/ament_index/resource_index/package_run_dependencies/minimal_simulator
-- Up-to-date: /home/gabriel/software/AutonomousDriving/install/minimal_simulator/share/ament_index/resource_index/parent_prefix_path/minimal_simulator
-- Up-to-date: /home/gabriel/software/AutonomousDriving/install/minimal_simulator/share/minimal_simulator/environment/ament_prefix_path.sh
-- Up-to-date: /home/gabriel/software/AutonomousDriving/install/minimal_simulator/share/minimal_simulator/environment/ament_prefix_path.dsv
-- Up-to-date: /home/gabriel/software/AutonomousDriving/install/minimal_simulator/share/minimal_simulator/environment/path.sh
-- Up-to-date: /home/gabriel/software/AutonomousDriving/install/minimal_simulator/share/minimal_simulator/environment/path.dsv
-- Up-to-date: /home/gabriel/software/AutonomousDriving/install/minimal_simulator/share/minimal_simulator/local_setup.bash
-- Up-to-date: /home/gabriel/software/AutonomousDriving/install/minimal_simulator/share/minimal_simulator/local_setup.sh
-- Up-to-date: /home/gabriel/software/AutonomousDriving/install/minimal_simulator/share/minimal_simulator/local_setup.zsh
-- Up-to-date: /home/gabriel/software/AutonomousDriving/install/minimal_simulator/share/minimal_simulator/local_setup.dsv
-- Installing: /home/gabriel/software/AutonomousDriving/install/minimal_simulator/share/minimal_simulator/package.dsv
-- Up-to-date: /home/gabriel/software/AutonomousDriving/install/minimal_simulator/share/ament_index/resource_index/packages/minimal_simulator
-- Up-to-date: /home/gabriel/software/AutonomousDriving/install/minimal_simulator/share/minimal_simulator/cmake/minimal_simulatorConfig.cmake
-- Up-to-date: /home/gabriel/software/AutonomousDriving/install/minimal_simulator/share/minimal_simulator/cmake/minimal_simulatorConfig-version.cmake
-- Up-to-date: /home/gabriel/software/AutonomousDriving/install/minimal_simulator/share/minimal_simulator/package.xml
