-- Install configuration: ""
-- Up-to-date: /home/gabriel/software/AutonomousDriving/install/lexus_rx_450h_description/share/lexus_rx_450h_description/config
-- Up-to-date: /home/gabriel/software/AutonomousDriving/install/lexus_rx_450h_description/share/lexus_rx_450h_description/config/lexus_rx_450h.rviz
-- Up-to-date: /home/gabriel/software/AutonomousDriving/install/lexus_rx_450h_description/share/lexus_rx_450h_description/launch
-- Up-to-date: /home/gabriel/software/AutonomousDriving/install/lexus_rx_450h_description/share/lexus_rx_450h_description/launch/lexus_rx_450h_visualisation.launch.py
-- Up-to-date: /home/gabriel/software/AutonomousDriving/install/lexus_rx_450h_description/share/lexus_rx_450h_description/meshes
-- Up-to-date: /home/gabriel/software/AutonomousDriving/install/lexus_rx_450h_description/share/lexus_rx_450h_description/meshes/LexusRX.obj
-- Up-to-date: /home/gabriel/software/AutonomousDriving/install/lexus_rx_450h_description/share/lexus_rx_450h_description/urdf
-- Up-to-date: /home/gabriel/software/AutonomousDriving/install/lexus_rx_450h_description/share/lexus_rx_450h_description/urdf/lexus_rx_450h_vehicle.urdf
-- Up-to-date: /home/gabriel/software/AutonomousDriving/install/lexus_rx_450h_description/share/lexus_rx_450h_description/urdf/lexus_rx_450h_dual_camera.urdf
-- Up-to-date: /home/gabriel/software/AutonomousDriving/install/lexus_rx_450h_description/share/lexus_rx_450h_description/urdf/lexus_rx_450h.urdf
-- Up-to-date: /home/gabriel/software/AutonomousDriving/install/lexus_rx_450h_description/share/lexus_rx_450h_description/urdf/lexus_rx_450h_pcap.urdf
-- Up-to-date: /home/gabriel/software/AutonomousDriving/install/lexus_rx_450h_description/share/ament_index/resource_index/package_run_dependencies/lexus_rx_450h_description
-- Up-to-date: /home/gabriel/software/AutonomousDriving/install/lexus_rx_450h_description/share/ament_index/resource_index/parent_prefix_path/lexus_rx_450h_description
-- Up-to-date: /home/gabriel/software/AutonomousDriving/install/lexus_rx_450h_description/share/lexus_rx_450h_description/environment/ament_prefix_path.sh
-- Up-to-date: /home/gabriel/software/AutonomousDriving/install/lexus_rx_450h_description/share/lexus_rx_450h_description/environment/ament_prefix_path.dsv
-- Up-to-date: /home/gabriel/software/AutonomousDriving/install/lexus_rx_450h_description/share/lexus_rx_450h_description/environment/path.sh
-- Up-to-date: /home/gabriel/software/AutonomousDriving/install/lexus_rx_450h_description/share/lexus_rx_450h_description/environment/path.dsv
-- Up-to-date: /home/gabriel/software/AutonomousDriving/install/lexus_rx_450h_description/share/lexus_rx_450h_description/local_setup.bash
-- Up-to-date: /home/gabriel/software/AutonomousDriving/install/lexus_rx_450h_description/share/lexus_rx_450h_description/local_setup.sh
-- Up-to-date: /home/gabriel/software/AutonomousDriving/install/lexus_rx_450h_description/share/lexus_rx_450h_description/local_setup.zsh
-- Up-to-date: /home/gabriel/software/AutonomousDriving/install/lexus_rx_450h_description/share/lexus_rx_450h_description/local_setup.dsv
-- Installing: /home/gabriel/software/AutonomousDriving/install/lexus_rx_450h_description/share/lexus_rx_450h_description/package.dsv
-- Up-to-date: /home/gabriel/software/AutonomousDriving/install/lexus_rx_450h_description/share/ament_index/resource_index/packages/lexus_rx_450h_description
-- Up-to-date: /home/gabriel/software/AutonomousDriving/install/lexus_rx_450h_description/share/lexus_rx_450h_description/cmake/lexus_rx_450h_descriptionConfig.cmake
-- Up-to-date: /home/gabriel/software/AutonomousDriving/install/lexus_rx_450h_description/share/lexus_rx_450h_description/cmake/lexus_rx_450h_descriptionConfig-version.cmake
-- Up-to-date: /home/gabriel/software/AutonomousDriving/install/lexus_rx_450h_description/share/lexus_rx_450h_description/package.xml
