[0.016s] Invoking command in '/home/gabriel/software/AutonomousDriving/build/pid_velocity_control': AMENT_PREFIX_PATH=/home/gabriel/software/AutonomousDriving/install/autoware_auto_msgs CMAKE_PREFIX_PATH=/home/gabriel/software/AutonomousDriving/install/autoware_auto_msgs LD_LIBRARY_PATH=/home/gabriel/software/AutonomousDriving/install/autoware_auto_msgs/lib${LD_LIBRARY_PATH} PYTHONPATH=/home/gabriel/software/AutonomousDriving/install/autoware_auto_msgs/lib/python3.8/site-packages /usr/bin/cmake --build /home/gabriel/software/AutonomousDriving/build/pid_velocity_control -- -j16 -l16
[0.064s] [ 50%] Built target pid_velocity_control
[0.083s] [100%] Built target pid_velocity_control_exe
[0.089s] Invoked command in '/home/gabriel/software/AutonomousDriving/build/pid_velocity_control' returned '0': AMENT_PREFIX_PATH=/home/gabriel/software/AutonomousDriving/install/autoware_auto_msgs CMAKE_PREFIX_PATH=/home/gabriel/software/AutonomousDriving/install/autoware_auto_msgs LD_LIBRARY_PATH=/home/gabriel/software/AutonomousDriving/install/autoware_auto_msgs/lib${LD_LIBRARY_PATH} PYTHONPATH=/home/gabriel/software/AutonomousDriving/install/autoware_auto_msgs/lib/python3.8/site-packages /usr/bin/cmake --build /home/gabriel/software/AutonomousDriving/build/pid_velocity_control -- -j16 -l16
[0.106s] Invoking command in '/home/gabriel/software/AutonomousDriving/build/pid_velocity_control': AMENT_PREFIX_PATH=/home/gabriel/software/AutonomousDriving/install/autoware_auto_msgs CMAKE_PREFIX_PATH=/home/gabriel/software/AutonomousDriving/install/autoware_auto_msgs LD_LIBRARY_PATH=/home/gabriel/software/AutonomousDriving/install/autoware_auto_msgs/lib${LD_LIBRARY_PATH} PYTHONPATH=/home/gabriel/software/AutonomousDriving/install/autoware_auto_msgs/lib/python3.8/site-packages /usr/bin/cmake --install /home/gabriel/software/AutonomousDriving/build/pid_velocity_control
[0.112s] -- Install configuration: ""
[0.112s] -- Up-to-date: /home/gabriel/software/AutonomousDriving/install/pid_velocity_control/include
[0.113s] -- Up-to-date: /home/gabriel/software/AutonomousDriving/install/pid_velocity_control/include/pid_velocity_control
[0.114s] -- Up-to-date: /home/gabriel/software/AutonomousDriving/install/pid_velocity_control/include/pid_velocity_control/pid_velocity_control.hpp
[0.114s] -- Up-to-date: /home/gabriel/software/AutonomousDriving/install/pid_velocity_control/share/pid_velocity_control/environment/library_path.sh
[0.114s] -- Up-to-date: /home/gabriel/software/AutonomousDriving/install/pid_velocity_control/share/pid_velocity_control/environment/library_path.dsv
[0.115s] -- Up-to-date: /home/gabriel/software/AutonomousDriving/install/pid_velocity_control/lib/libpid_velocity_control.so
[0.119s] -- Up-to-date: /home/gabriel/software/AutonomousDriving/install/pid_velocity_control/lib/pid_velocity_control/pid_velocity_control_exe
[0.119s] -- Up-to-date: /home/gabriel/software/AutonomousDriving/install/pid_velocity_control/share/pid_velocity_control/param
[0.119s] -- Up-to-date: /home/gabriel/software/AutonomousDriving/install/pid_velocity_control/share/pid_velocity_control/param/pid.param.yaml
[0.119s] -- Up-to-date: /home/gabriel/software/AutonomousDriving/install/pid_velocity_control/share/pid_velocity_control/param/pid_kia.param.yaml
[0.119s] -- Up-to-date: /home/gabriel/software/AutonomousDriving/install/pid_velocity_control/share/ament_index/resource_index/package_run_dependencies/pid_velocity_control
[0.119s] -- Up-to-date: /home/gabriel/software/AutonomousDriving/install/pid_velocity_control/share/ament_index/resource_index/parent_prefix_path/pid_velocity_control
[0.119s] -- Up-to-date: /home/gabriel/software/AutonomousDriving/install/pid_velocity_control/share/pid_velocity_control/environment/ament_prefix_path.sh
[0.119s] -- Up-to-date: /home/gabriel/software/AutonomousDriving/install/pid_velocity_control/share/pid_velocity_control/environment/ament_prefix_path.dsv
[0.119s] -- Up-to-date: /home/gabriel/software/AutonomousDriving/install/pid_velocity_control/share/pid_velocity_control/environment/path.sh
[0.119s] -- Up-to-date: /home/gabriel/software/AutonomousDriving/install/pid_velocity_control/share/pid_velocity_control/environment/path.dsv
[0.119s] -- Up-to-date: /home/gabriel/software/AutonomousDriving/install/pid_velocity_control/share/pid_velocity_control/local_setup.bash
[0.119s] -- Up-to-date: /home/gabriel/software/AutonomousDriving/install/pid_velocity_control/share/pid_velocity_control/local_setup.sh
[0.119s] -- Up-to-date: /home/gabriel/software/AutonomousDriving/install/pid_velocity_control/share/pid_velocity_control/local_setup.zsh
[0.119s] -- Up-to-date: /home/gabriel/software/AutonomousDriving/install/pid_velocity_control/share/pid_velocity_control/local_setup.dsv
[0.120s] -- Installing: /home/gabriel/software/AutonomousDriving/install/pid_velocity_control/share/pid_velocity_control/package.dsv
[0.120s] -- Up-to-date: /home/gabriel/software/AutonomousDriving/install/pid_velocity_control/share/ament_index/resource_index/packages/pid_velocity_control
[0.120s] -- Up-to-date: /home/gabriel/software/AutonomousDriving/install/pid_velocity_control/share/pid_velocity_control/cmake/ament_cmake_export_dependencies-extras.cmake
[0.120s] -- Up-to-date: /home/gabriel/software/AutonomousDriving/install/pid_velocity_control/share/pid_velocity_control/cmake/ament_cmake_export_include_directories-extras.cmake
[0.120s] -- Up-to-date: /home/gabriel/software/AutonomousDriving/install/pid_velocity_control/share/pid_velocity_control/cmake/ament_cmake_export_libraries-extras.cmake
[0.120s] -- Up-to-date: /home/gabriel/software/AutonomousDriving/install/pid_velocity_control/share/pid_velocity_control/cmake/pid_velocity_controlConfig.cmake
[0.120s] -- Up-to-date: /home/gabriel/software/AutonomousDriving/install/pid_velocity_control/share/pid_velocity_control/cmake/pid_velocity_controlConfig-version.cmake
[0.120s] -- Up-to-date: /home/gabriel/software/AutonomousDriving/install/pid_velocity_control/share/pid_velocity_control/package.xml
[0.120s] Invoked command in '/home/gabriel/software/AutonomousDriving/build/pid_velocity_control' returned '0': AMENT_PREFIX_PATH=/home/gabriel/software/AutonomousDriving/install/autoware_auto_msgs CMAKE_PREFIX_PATH=/home/gabriel/software/AutonomousDriving/install/autoware_auto_msgs LD_LIBRARY_PATH=/home/gabriel/software/AutonomousDriving/install/autoware_auto_msgs/lib${LD_LIBRARY_PATH} PYTHONPATH=/home/gabriel/software/AutonomousDriving/install/autoware_auto_msgs/lib/python3.8/site-packages /usr/bin/cmake --install /home/gabriel/software/AutonomousDriving/build/pid_velocity_control
