[0.024s] Invoking command in '/home/gabriel/software/AutonomousDriving/build/minimal_simulator': AMENT_PREFIX_PATH=/home/gabriel/software/AutonomousDriving/install/autoware_auto_msgs CMAKE_PREFIX_PATH=/home/gabriel/software/AutonomousDriving/install/autoware_auto_msgs LD_LIBRARY_PATH=/home/gabriel/software/AutonomousDriving/install/autoware_auto_msgs/lib${LD_LIBRARY_PATH} PYTHONPATH=/home/gabriel/software/AutonomousDriving/install/autoware_auto_msgs/lib/python3.8/site-packages /usr/bin/cmake /home/gabriel/software/AutonomousDriving/src/minimal_simulator -DCMAKE_INSTALL_PREFIX=/home/gabriel/software/AutonomousDriving/install/minimal_simulator
[0.119s] -- The C compiler identification is GNU 9.4.0
[0.189s] -- The CXX compiler identification is GNU 9.4.0
[0.193s] -- Check for working C compiler: /usr/bin/cc
[0.235s] -- Check for working C compiler: /usr/bin/cc -- works
[0.235s] -- Detecting C compiler ABI info
[0.274s] -- Detecting C compiler ABI info - done
[0.281s] -- Detecting C compile features
[0.281s] -- Detecting C compile features - done
[0.283s] -- Check for working CXX compiler: /usr/bin/c++
[0.330s] -- Check for working CXX compiler: /usr/bin/c++ -- works
[0.330s] -- Detecting CXX compiler ABI info
[0.393s] -- Detecting CXX compiler ABI info - done
[0.400s] -- Detecting CXX compile features
[0.400s] -- Detecting CXX compile features - done
[0.408s] CMake Error at CMakeLists.txt:5 (find_package):
[0.408s]   By not providing "Findament_cmake_auto.cmake" in CMAKE_MODULE_PATH this
[0.408s]   project has asked CMake to find a package configuration file provided by
[0.408s]   "ament_cmake_auto", but CMake did not find one.
[0.408s] 
[0.408s]   Could not find a package configuration file provided by "ament_cmake_auto"
[0.408s]   with any of the following names:
[0.408s] 
[0.408s]     ament_cmake_autoConfig.cmake
[0.408s]     ament_cmake_auto-config.cmake
[0.408s] 
[0.408s]   Add the installation prefix of "ament_cmake_auto" to CMAKE_PREFIX_PATH or
[0.409s]   set "ament_cmake_auto_DIR" to a directory containing one of the above
[0.409s]   files.  If "ament_cmake_auto" provides a separate development package or
[0.409s]   SDK, be sure it has been installed.
[0.409s] 
[0.409s] 
[0.409s] -- Configuring incomplete, errors occurred!
[0.409s] See also "/home/gabriel/software/AutonomousDriving/build/minimal_simulator/CMakeFiles/CMakeOutput.log".
[0.410s] Invoked command in '/home/gabriel/software/AutonomousDriving/build/minimal_simulator' returned '1': AMENT_PREFIX_PATH=/home/gabriel/software/AutonomousDriving/install/autoware_auto_msgs CMAKE_PREFIX_PATH=/home/gabriel/software/AutonomousDriving/install/autoware_auto_msgs LD_LIBRARY_PATH=/home/gabriel/software/AutonomousDriving/install/autoware_auto_msgs/lib${LD_LIBRARY_PATH} PYTHONPATH=/home/gabriel/software/AutonomousDriving/install/autoware_auto_msgs/lib/python3.8/site-packages /usr/bin/cmake /home/gabriel/software/AutonomousDriving/src/minimal_simulator -DCMAKE_INSTALL_PREFIX=/home/gabriel/software/AutonomousDriving/install/minimal_simulator
