[0.015s] Invoking command in '/home/gabriel/software/AutonomousDriving/build/record_traj': AMENT_PREFIX_PATH=/home/gabriel/software/AutonomousDriving/install/autoware_auto_msgs:${AMENT_PREFIX_PATH} CMAKE_PREFIX_PATH=/home/gabriel/software/AutonomousDriving/install/autoware_auto_msgs:/opt/ros/galactic LD_LIBRARY_PATH=/home/gabriel/software/AutonomousDriving/install/autoware_auto_msgs/lib:/usr/lib/x86_64-linux-gnu/gazebo-11/plugins:/opt/ros/galactic/opt/yaml_cpp_vendor/lib:/opt/ros/galactic/opt/rviz_ogre_vendor/lib:/opt/ros/galactic/lib/x86_64-linux-gnu:/opt/ros/galactic/lib:/home/gabriel/.mujoco/mujoco200/bin:/home/gabriel/.mujoco/mjpro131/bin:/home/gabriel/.mujoco/mjpro150/bin:/usr/lib/x86_64-linux-gnu/ PYTHONPATH=/home/gabriel/software/AutonomousDriving/install/autoware_auto_msgs/lib/python3.8/site-packages:${PYTHONPATH} /usr/bin/cmake --build /home/gabriel/software/AutonomousDriving/build/record_traj -- -j16 -l16
[0.054s] [35m[1mScanning dependencies of target record_traj[0m
[0.073s] [ 25%] [32mBuilding CXX object CMakeFiles/record_traj.dir/src/record_traj_node.cpp.o[0m
[1.155s] [01m[K/home/gabriel/software/AutonomousDriving/src/record_traj/src/record_traj_node.cpp:38:16:[m[K [01;31m[Kerror: [m[K‘[01m[KHeading[m[K’ was not declared in this scope
[1.155s]    38 | float to_angle([01;31m[KHeading[m[K heading) noexcept
[1.155s]       |                [01;31m[K^~~~~~~[m[K
[1.194s] [01m[K/home/gabriel/software/AutonomousDriving/src/record_traj/src/record_traj_node.cpp:[m[K In constructor ‘[01m[KRecordTrajNode::RecordTrajNode()[m[K’:
[1.194s] [01m[K/home/gabriel/software/AutonomousDriving/src/record_traj/src/record_traj_node.cpp:68:50:[m[K [01;35m[Kwarning: [m[K‘[01m[Kconst rclcpp::ParameterValue& rclcpp::Node::declare_parameter(const string&)[m[K’ is deprecated: declare_parameter() with only a name is deprecated and will be deleted in the future.\nIf you want to declare a parameter that won't change type without a default value use:\n`node->declare_parameter<ParameterT>(name)`, where e.g. ParameterT=int64_t.\n\nIf you want to declare a parameter that can dynamically change type use:\n```\nrcl_interfaces::msg::ParameterDescriptor descriptor;\ndescriptor.dynamic_typing = true;\nnode->declare_parameter(name, rclcpp::ParameterValue{}, descriptor);\n``` [[01;35m[K-Wdeprecated-declarations[m[K]
[1.194s]    68 |       file_name = declare_parameter("record_file"[01;35m[K)[m[K.get<std::string>();
[1.194s]       |                                                  [01;35m[K^[m[K
[1.194s] In file included from [01m[K/opt/ros/galactic/include/rclcpp/executors/single_threaded_executor.hpp:28[m[K,
[1.194s]                  from [01m[K/opt/ros/galactic/include/rclcpp/executors.hpp:22[m[K,
[1.194s]                  from [01m[K/opt/ros/galactic/include/rclcpp/rclcpp.hpp:156[m[K,
[1.194s]                  from [01m[K/home/gabriel/software/AutonomousDriving/src/record_traj/src/record_traj_node.cpp:11[m[K:
[1.194s] [01m[K/opt/ros/galactic/include/rclcpp/node.hpp:422:3:[m[K [01;36m[Knote: [m[Kdeclared here
[1.194s]   422 |   [01;36m[Kdeclare_parameter[m[K(const std::string & name);
[1.194s]       |   [01;36m[K^~~~~~~~~~~~~~~~~[m[K
[2.487s] make[2]: *** [CMakeFiles/record_traj.dir/build.make:63: CMakeFiles/record_traj.dir/src/record_traj_node.cpp.o] Error 1
[2.487s] make[1]: *** [CMakeFiles/Makefile2:107: CMakeFiles/record_traj.dir/all] Error 2
[2.487s] make: *** [Makefile:141: all] Error 2
[2.489s] Invoked command in '/home/gabriel/software/AutonomousDriving/build/record_traj' returned '2': AMENT_PREFIX_PATH=/home/gabriel/software/AutonomousDriving/install/autoware_auto_msgs:${AMENT_PREFIX_PATH} CMAKE_PREFIX_PATH=/home/gabriel/software/AutonomousDriving/install/autoware_auto_msgs:/opt/ros/galactic LD_LIBRARY_PATH=/home/gabriel/software/AutonomousDriving/install/autoware_auto_msgs/lib:/usr/lib/x86_64-linux-gnu/gazebo-11/plugins:/opt/ros/galactic/opt/yaml_cpp_vendor/lib:/opt/ros/galactic/opt/rviz_ogre_vendor/lib:/opt/ros/galactic/lib/x86_64-linux-gnu:/opt/ros/galactic/lib:/home/gabriel/.mujoco/mujoco200/bin:/home/gabriel/.mujoco/mjpro131/bin:/home/gabriel/.mujoco/mjpro150/bin:/usr/lib/x86_64-linux-gnu/ PYTHONPATH=/home/gabriel/software/AutonomousDriving/install/autoware_auto_msgs/lib/python3.8/site-packages:${PYTHONPATH} /usr/bin/cmake --build /home/gabriel/software/AutonomousDriving/build/record_traj -- -j16 -l16
