[0.043s] Invoking command in '/home/gabriel/software/AutonomousDriving/build/robot_steering_converter': AMENT_PREFIX_PATH=/home/gabriel/software/AutonomousDriving/install/autoware_auto_msgs:${AMENT_PREFIX_PATH} CMAKE_PREFIX_PATH=/home/gabriel/software/AutonomousDriving/install/autoware_auto_msgs:/opt/ros/galactic LD_LIBRARY_PATH=/home/gabriel/software/AutonomousDriving/install/autoware_auto_msgs/lib:/usr/lib/x86_64-linux-gnu/gazebo-11/plugins:/opt/ros/galactic/opt/yaml_cpp_vendor/lib:/opt/ros/galactic/opt/rviz_ogre_vendor/lib:/opt/ros/galactic/lib/x86_64-linux-gnu:/opt/ros/galactic/lib:/home/gabriel/.mujoco/mujoco200/bin:/home/gabriel/.mujoco/mjpro131/bin:/home/gabriel/.mujoco/mjpro150/bin:/usr/lib/x86_64-linux-gnu/ PYTHONPATH=/home/gabriel/software/AutonomousDriving/install/autoware_auto_msgs/lib/python3.8/site-packages:${PYTHONPATH} /usr/bin/cmake --build /home/gabriel/software/AutonomousDriving/build/robot_steering_converter -- -j16 -l16
[0.078s] Built target ament_cmake_python_copy_robot_steering_converter
[0.252s] running egg_info
[0.252s] writing robot_steering_converter.egg-info/PKG-INFO
[0.252s] writing dependency_links to robot_steering_converter.egg-info/dependency_links.txt
[0.252s] writing top-level names to robot_steering_converter.egg-info/top_level.txt
[0.283s] reading manifest file 'robot_steering_converter.egg-info/SOURCES.txt'
[0.283s] writing manifest file 'robot_steering_converter.egg-info/SOURCES.txt'
[0.303s] Built target ament_cmake_python_build_robot_steering_converter_egg
[0.373s] Invoked command in '/home/gabriel/software/AutonomousDriving/build/robot_steering_converter' returned '0': AMENT_PREFIX_PATH=/home/gabriel/software/AutonomousDriving/install/autoware_auto_msgs:${AMENT_PREFIX_PATH} CMAKE_PREFIX_PATH=/home/gabriel/software/AutonomousDriving/install/autoware_auto_msgs:/opt/ros/galactic LD_LIBRARY_PATH=/home/gabriel/software/AutonomousDriving/install/autoware_auto_msgs/lib:/usr/lib/x86_64-linux-gnu/gazebo-11/plugins:/opt/ros/galactic/opt/yaml_cpp_vendor/lib:/opt/ros/galactic/opt/rviz_ogre_vendor/lib:/opt/ros/galactic/lib/x86_64-linux-gnu:/opt/ros/galactic/lib:/home/gabriel/.mujoco/mujoco200/bin:/home/gabriel/.mujoco/mjpro131/bin:/home/gabriel/.mujoco/mjpro150/bin:/usr/lib/x86_64-linux-gnu/ PYTHONPATH=/home/gabriel/software/AutonomousDriving/install/autoware_auto_msgs/lib/python3.8/site-packages:${PYTHONPATH} /usr/bin/cmake --build /home/gabriel/software/AutonomousDriving/build/robot_steering_converter -- -j16 -l16
[0.392s] Invoking command in '/home/gabriel/software/AutonomousDriving/build/robot_steering_converter': AMENT_PREFIX_PATH=/home/gabriel/software/AutonomousDriving/install/autoware_auto_msgs:${AMENT_PREFIX_PATH} CMAKE_PREFIX_PATH=/home/gabriel/software/AutonomousDriving/install/autoware_auto_msgs:/opt/ros/galactic LD_LIBRARY_PATH=/home/gabriel/software/AutonomousDriving/install/autoware_auto_msgs/lib:/usr/lib/x86_64-linux-gnu/gazebo-11/plugins:/opt/ros/galactic/opt/yaml_cpp_vendor/lib:/opt/ros/galactic/opt/rviz_ogre_vendor/lib:/opt/ros/galactic/lib/x86_64-linux-gnu:/opt/ros/galactic/lib:/home/gabriel/.mujoco/mujoco200/bin:/home/gabriel/.mujoco/mjpro131/bin:/home/gabriel/.mujoco/mjpro150/bin:/usr/lib/x86_64-linux-gnu/ PYTHONPATH=/home/gabriel/software/AutonomousDriving/install/autoware_auto_msgs/lib/python3.8/site-packages:${PYTHONPATH} /usr/bin/cmake --install /home/gabriel/software/AutonomousDriving/build/robot_steering_converter
[0.396s] -- Install configuration: ""
[0.396s] -- Up-to-date: /home/gabriel/software/AutonomousDriving/install/robot_steering_converter/share/robot_steering_converter/environment/pythonpath.sh
[0.396s] -- Up-to-date: /home/gabriel/software/AutonomousDriving/install/robot_steering_converter/share/robot_steering_converter/environment/pythonpath.dsv
[0.396s] -- Up-to-date: /home/gabriel/software/AutonomousDriving/install/robot_steering_converter/lib/python3.8/site-packages//robot_steering_converter.egg-info
[0.397s] -- Installing: /home/gabriel/software/AutonomousDriving/install/robot_steering_converter/lib/python3.8/site-packages//robot_steering_converter.egg-info/dependency_links.txt
[0.397s] -- Installing: /home/gabriel/software/AutonomousDriving/install/robot_steering_converter/lib/python3.8/site-packages//robot_steering_converter.egg-info/top_level.txt
[0.397s] -- Installing: /home/gabriel/software/AutonomousDriving/install/robot_steering_converter/lib/python3.8/site-packages//robot_steering_converter.egg-info/PKG-INFO
[0.397s] -- Installing: /home/gabriel/software/AutonomousDriving/install/robot_steering_converter/lib/python3.8/site-packages//robot_steering_converter.egg-info/SOURCES.txt
[0.397s] -- Up-to-date: /home/gabriel/software/AutonomousDriving/install/robot_steering_converter/lib/python3.8/site-packages/robot_steering_converter
[0.397s] -- Up-to-date: /home/gabriel/software/AutonomousDriving/install/robot_steering_converter/lib/python3.8/site-packages/robot_steering_converter/__init__.py
[0.397s] -- Up-to-date: /home/gabriel/software/AutonomousDriving/install/robot_steering_converter/lib/python3.8/site-packages/robot_steering_converter/robot_steering_converter_node.py
[0.397s] -- Up-to-date: /home/gabriel/software/AutonomousDriving/install/robot_steering_converter/lib/python3.8/site-packages/robot_steering_converter/robot_steering_converter_main.py
[0.416s] Listing '/home/gabriel/software/AutonomousDriving/install/robot_steering_converter/lib/python3.8/site-packages/robot_steering_converter'...
[0.420s] -- Up-to-date: /home/gabriel/software/AutonomousDriving/install/robot_steering_converter/lib/robot_steering_converter/robot_steering_converter_main.py
[0.421s] -- Up-to-date: /home/gabriel/software/AutonomousDriving/install/robot_steering_converter/share/robot_steering_converter/config
[0.422s] -- Up-to-date: /home/gabriel/software/AutonomousDriving/install/robot_steering_converter/share/robot_steering_converter/config/manual_example.rviz
[0.423s] -- Up-to-date: /home/gabriel/software/AutonomousDriving/install/robot_steering_converter/share/robot_steering_converter/launch
[0.423s] -- Up-to-date: /home/gabriel/software/AutonomousDriving/install/robot_steering_converter/share/robot_steering_converter/launch/manual_steering.launch.py
[0.423s] -- Up-to-date: /home/gabriel/software/AutonomousDriving/install/robot_steering_converter/share/robot_steering_converter/launch/manual_steering_with_pid.launch.py
[0.423s] -- Up-to-date: /home/gabriel/software/AutonomousDriving/install/robot_steering_converter/share/robot_steering_converter/launch/manual_steering_example.launch.py
[0.423s] -- Up-to-date: /home/gabriel/software/AutonomousDriving/install/robot_steering_converter/share/ament_index/resource_index/package_run_dependencies/robot_steering_converter
[0.423s] -- Up-to-date: /home/gabriel/software/AutonomousDriving/install/robot_steering_converter/share/ament_index/resource_index/parent_prefix_path/robot_steering_converter
[0.423s] -- Up-to-date: /home/gabriel/software/AutonomousDriving/install/robot_steering_converter/share/robot_steering_converter/environment/ament_prefix_path.sh
[0.423s] -- Up-to-date: /home/gabriel/software/AutonomousDriving/install/robot_steering_converter/share/robot_steering_converter/environment/ament_prefix_path.dsv
[0.423s] -- Up-to-date: /home/gabriel/software/AutonomousDriving/install/robot_steering_converter/share/robot_steering_converter/environment/path.sh
[0.424s] -- Up-to-date: /home/gabriel/software/AutonomousDriving/install/robot_steering_converter/share/robot_steering_converter/environment/path.dsv
[0.424s] -- Up-to-date: /home/gabriel/software/AutonomousDriving/install/robot_steering_converter/share/robot_steering_converter/local_setup.bash
[0.424s] -- Up-to-date: /home/gabriel/software/AutonomousDriving/install/robot_steering_converter/share/robot_steering_converter/local_setup.sh
[0.424s] -- Up-to-date: /home/gabriel/software/AutonomousDriving/install/robot_steering_converter/share/robot_steering_converter/local_setup.zsh
[0.424s] -- Up-to-date: /home/gabriel/software/AutonomousDriving/install/robot_steering_converter/share/robot_steering_converter/local_setup.dsv
[0.428s] -- Installing: /home/gabriel/software/AutonomousDriving/install/robot_steering_converter/share/robot_steering_converter/package.dsv
[0.428s] -- Up-to-date: /home/gabriel/software/AutonomousDriving/install/robot_steering_converter/share/ament_index/resource_index/packages/robot_steering_converter
[0.428s] -- Up-to-date: /home/gabriel/software/AutonomousDriving/install/robot_steering_converter/share/robot_steering_converter/cmake/robot_steering_converterConfig.cmake
[0.429s] -- Up-to-date: /home/gabriel/software/AutonomousDriving/install/robot_steering_converter/share/robot_steering_converter/cmake/robot_steering_converterConfig-version.cmake
[0.429s] -- Up-to-date: /home/gabriel/software/AutonomousDriving/install/robot_steering_converter/share/robot_steering_converter/package.xml
[0.454s] Invoked command in '/home/gabriel/software/AutonomousDriving/build/robot_steering_converter' returned '0': AMENT_PREFIX_PATH=/home/gabriel/software/AutonomousDriving/install/autoware_auto_msgs:${AMENT_PREFIX_PATH} CMAKE_PREFIX_PATH=/home/gabriel/software/AutonomousDriving/install/autoware_auto_msgs:/opt/ros/galactic LD_LIBRARY_PATH=/home/gabriel/software/AutonomousDriving/install/autoware_auto_msgs/lib:/usr/lib/x86_64-linux-gnu/gazebo-11/plugins:/opt/ros/galactic/opt/yaml_cpp_vendor/lib:/opt/ros/galactic/opt/rviz_ogre_vendor/lib:/opt/ros/galactic/lib/x86_64-linux-gnu:/opt/ros/galactic/lib:/home/gabriel/.mujoco/mujoco200/bin:/home/gabriel/.mujoco/mjpro131/bin:/home/gabriel/.mujoco/mjpro150/bin:/usr/lib/x86_64-linux-gnu/ PYTHONPATH=/home/gabriel/software/AutonomousDriving/install/autoware_auto_msgs/lib/python3.8/site-packages:${PYTHONPATH} /usr/bin/cmake --install /home/gabriel/software/AutonomousDriving/build/robot_steering_converter
