[ 30%] Built target applanix_driver
[ 70%] Built target parse_gsof_exe
[100%] Built target read_gsof_exe
-- Install configuration: ""
-- Up-to-date: /home/gabriel/software/AutonomousDriving/install/applanix_driver/include
-- Up-to-date: /home/gabriel/software/AutonomousDriving/install/applanix_driver/include/parse_gsof
-- Up-to-date: /home/gabriel/software/AutonomousDriving/install/applanix_driver/include/parse_gsof/geo_pos_conv.hpp
-- Up-to-date: /home/gabriel/software/AutonomousDriving/install/applanix_driver/include/parse_gsof/gsofParser.hpp
-- Up-to-date: /home/gabriel/software/AutonomousDriving/install/applanix_driver/include/read_gsof
-- Up-to-date: /home/gabriel/software/AutonomousDriving/install/applanix_driver/include/read_gsof/rx.hpp
-- Up-to-date: /home/gabriel/software/AutonomousDriving/install/applanix_driver/share/applanix_driver/environment/library_path.sh
-- Up-to-date: /home/gabriel/software/AutonomousDriving/install/applanix_driver/share/applanix_driver/environment/library_path.dsv
-- Up-to-date: /home/gabriel/software/AutonomousDriving/install/applanix_driver/lib/libapplanix_driver.so
-- Up-to-date: /home/gabriel/software/AutonomousDriving/install/applanix_driver/lib/applanix_driver/read_gsof_exe
-- Up-to-date: /home/gabriel/software/AutonomousDriving/install/applanix_driver/lib/applanix_driver/parse_gsof_exe
-- Up-to-date: /home/gabriel/software/AutonomousDriving/install/applanix_driver/share/applanix_driver/launch
-- Up-to-date: /home/gabriel/software/AutonomousDriving/install/applanix_driver/share/applanix_driver/launch/applanix.launch.py
-- Up-to-date: /home/gabriel/software/AutonomousDriving/install/applanix_driver/share/applanix_driver/launch/test_gps.launch.py
-- Up-to-date: /home/gabriel/software/AutonomousDriving/install/applanix_driver/share/applanix_driver/config
-- Up-to-date: /home/gabriel/software/AutonomousDriving/install/applanix_driver/share/applanix_driver/config/test_gps.rviz
-- Up-to-date: /home/gabriel/software/AutonomousDriving/install/applanix_driver/share/ament_index/resource_index/package_run_dependencies/applanix_driver
-- Up-to-date: /home/gabriel/software/AutonomousDriving/install/applanix_driver/share/ament_index/resource_index/parent_prefix_path/applanix_driver
-- Up-to-date: /home/gabriel/software/AutonomousDriving/install/applanix_driver/share/applanix_driver/environment/ament_prefix_path.sh
-- Up-to-date: /home/gabriel/software/AutonomousDriving/install/applanix_driver/share/applanix_driver/environment/ament_prefix_path.dsv
-- Up-to-date: /home/gabriel/software/AutonomousDriving/install/applanix_driver/share/applanix_driver/environment/path.sh
-- Up-to-date: /home/gabriel/software/AutonomousDriving/install/applanix_driver/share/applanix_driver/environment/path.dsv
-- Up-to-date: /home/gabriel/software/AutonomousDriving/install/applanix_driver/share/applanix_driver/local_setup.bash
-- Up-to-date: /home/gabriel/software/AutonomousDriving/install/applanix_driver/share/applanix_driver/local_setup.sh
-- Up-to-date: /home/gabriel/software/AutonomousDriving/install/applanix_driver/share/applanix_driver/local_setup.zsh
-- Up-to-date: /home/gabriel/software/AutonomousDriving/install/applanix_driver/share/applanix_driver/local_setup.dsv
-- Installing: /home/gabriel/software/AutonomousDriving/install/applanix_driver/share/applanix_driver/package.dsv
-- Up-to-date: /home/gabriel/software/AutonomousDriving/install/applanix_driver/share/ament_index/resource_index/packages/applanix_driver
-- Up-to-date: /home/gabriel/software/AutonomousDriving/install/applanix_driver/share/applanix_driver/cmake/ament_cmake_export_dependencies-extras.cmake
-- Up-to-date: /home/gabriel/software/AutonomousDriving/install/applanix_driver/share/applanix_driver/cmake/ament_cmake_export_include_directories-extras.cmake
-- Up-to-date: /home/gabriel/software/AutonomousDriving/install/applanix_driver/share/applanix_driver/cmake/ament_cmake_export_libraries-extras.cmake
-- Up-to-date: /home/gabriel/software/AutonomousDriving/install/applanix_driver/share/applanix_driver/cmake/applanix_driverConfig.cmake
-- Up-to-date: /home/gabriel/software/AutonomousDriving/install/applanix_driver/share/applanix_driver/cmake/applanix_driverConfig-version.cmake
-- Up-to-date: /home/gabriel/software/AutonomousDriving/install/applanix_driver/share/applanix_driver/package.xml
