[0.064s] Invoking command in '/home/gabriel/software/AutonomousDriving/build/applanix_driver': AMENT_PREFIX_PATH=/home/gabriel/software/AutonomousDriving/install/autoware_auto_msgs:${AMENT_PREFIX_PATH} CMAKE_PREFIX_PATH=/home/gabriel/software/AutonomousDriving/install/autoware_auto_msgs:/opt/ros/galactic LD_LIBRARY_PATH=/home/gabriel/software/AutonomousDriving/install/autoware_auto_msgs/lib:/usr/lib/x86_64-linux-gnu/gazebo-11/plugins:/opt/ros/galactic/opt/yaml_cpp_vendor/lib:/opt/ros/galactic/opt/rviz_ogre_vendor/lib:/opt/ros/galactic/lib/x86_64-linux-gnu:/opt/ros/galactic/lib:/home/gabriel/.mujoco/mujoco200/bin:/home/gabriel/.mujoco/mjpro131/bin:/home/gabriel/.mujoco/mjpro150/bin:/usr/lib/x86_64-linux-gnu/ PYTHONPATH=/home/gabriel/software/AutonomousDriving/install/autoware_auto_msgs/lib/python3.8/site-packages:${PYTHONPATH} /usr/bin/cmake --build /home/gabriel/software/AutonomousDriving/build/applanix_driver -- -j16 -l16
[0.100s] [ 30%] Built target applanix_driver
[0.118s] [ 60%] Built target read_gsof_exe
[0.119s] [100%] Built target parse_gsof_exe
[0.127s] Invoked command in '/home/gabriel/software/AutonomousDriving/build/applanix_driver' returned '0': AMENT_PREFIX_PATH=/home/gabriel/software/AutonomousDriving/install/autoware_auto_msgs:${AMENT_PREFIX_PATH} CMAKE_PREFIX_PATH=/home/gabriel/software/AutonomousDriving/install/autoware_auto_msgs:/opt/ros/galactic LD_LIBRARY_PATH=/home/gabriel/software/AutonomousDriving/install/autoware_auto_msgs/lib:/usr/lib/x86_64-linux-gnu/gazebo-11/plugins:/opt/ros/galactic/opt/yaml_cpp_vendor/lib:/opt/ros/galactic/opt/rviz_ogre_vendor/lib:/opt/ros/galactic/lib/x86_64-linux-gnu:/opt/ros/galactic/lib:/home/gabriel/.mujoco/mujoco200/bin:/home/gabriel/.mujoco/mjpro131/bin:/home/gabriel/.mujoco/mjpro150/bin:/usr/lib/x86_64-linux-gnu/ PYTHONPATH=/home/gabriel/software/AutonomousDriving/install/autoware_auto_msgs/lib/python3.8/site-packages:${PYTHONPATH} /usr/bin/cmake --build /home/gabriel/software/AutonomousDriving/build/applanix_driver -- -j16 -l16
[0.153s] Invoking command in '/home/gabriel/software/AutonomousDriving/build/applanix_driver': AMENT_PREFIX_PATH=/home/gabriel/software/AutonomousDriving/install/autoware_auto_msgs:${AMENT_PREFIX_PATH} CMAKE_PREFIX_PATH=/home/gabriel/software/AutonomousDriving/install/autoware_auto_msgs:/opt/ros/galactic LD_LIBRARY_PATH=/home/gabriel/software/AutonomousDriving/install/autoware_auto_msgs/lib:/usr/lib/x86_64-linux-gnu/gazebo-11/plugins:/opt/ros/galactic/opt/yaml_cpp_vendor/lib:/opt/ros/galactic/opt/rviz_ogre_vendor/lib:/opt/ros/galactic/lib/x86_64-linux-gnu:/opt/ros/galactic/lib:/home/gabriel/.mujoco/mujoco200/bin:/home/gabriel/.mujoco/mjpro131/bin:/home/gabriel/.mujoco/mjpro150/bin:/usr/lib/x86_64-linux-gnu/ PYTHONPATH=/home/gabriel/software/AutonomousDriving/install/autoware_auto_msgs/lib/python3.8/site-packages:${PYTHONPATH} /usr/bin/cmake --install /home/gabriel/software/AutonomousDriving/build/applanix_driver
[0.160s] -- Install configuration: ""
[0.161s] -- Up-to-date: /home/gabriel/software/AutonomousDriving/install/applanix_driver/include
[0.161s] -- Up-to-date: /home/gabriel/software/AutonomousDriving/install/applanix_driver/include/parse_gsof
[0.161s] -- Up-to-date: /home/gabriel/software/AutonomousDriving/install/applanix_driver/include/parse_gsof/geo_pos_conv.hpp
[0.161s] -- Up-to-date: /home/gabriel/software/AutonomousDriving/install/applanix_driver/include/parse_gsof/gsofParser.hpp
[0.161s] -- Up-to-date: /home/gabriel/software/AutonomousDriving/install/applanix_driver/include/read_gsof
[0.162s] -- Up-to-date: /home/gabriel/software/AutonomousDriving/install/applanix_driver/include/read_gsof/rx.hpp
[0.162s] -- Up-to-date: /home/gabriel/software/AutonomousDriving/install/applanix_driver/share/applanix_driver/environment/library_path.sh
[0.162s] -- Up-to-date: /home/gabriel/software/AutonomousDriving/install/applanix_driver/share/applanix_driver/environment/library_path.dsv
[0.162s] -- Up-to-date: /home/gabriel/software/AutonomousDriving/install/applanix_driver/lib/libapplanix_driver.so
[0.162s] -- Up-to-date: /home/gabriel/software/AutonomousDriving/install/applanix_driver/lib/applanix_driver/read_gsof_exe
[0.162s] -- Up-to-date: /home/gabriel/software/AutonomousDriving/install/applanix_driver/lib/applanix_driver/parse_gsof_exe
[0.166s] -- Up-to-date: /home/gabriel/software/AutonomousDriving/install/applanix_driver/share/applanix_driver/launch
[0.167s] -- Up-to-date: /home/gabriel/software/AutonomousDriving/install/applanix_driver/share/applanix_driver/launch/applanix.launch.py
[0.167s] -- Up-to-date: /home/gabriel/software/AutonomousDriving/install/applanix_driver/share/applanix_driver/launch/test_gps.launch.py
[0.167s] -- Up-to-date: /home/gabriel/software/AutonomousDriving/install/applanix_driver/share/applanix_driver/config
[0.167s] -- Up-to-date: /home/gabriel/software/AutonomousDriving/install/applanix_driver/share/applanix_driver/config/test_gps.rviz
[0.167s] -- Up-to-date: /home/gabriel/software/AutonomousDriving/install/applanix_driver/share/ament_index/resource_index/package_run_dependencies/applanix_driver
[0.167s] -- Up-to-date: /home/gabriel/software/AutonomousDriving/install/applanix_driver/share/ament_index/resource_index/parent_prefix_path/applanix_driver
[0.167s] -- Up-to-date: /home/gabriel/software/AutonomousDriving/install/applanix_driver/share/applanix_driver/environment/ament_prefix_path.sh
[0.167s] -- Up-to-date: /home/gabriel/software/AutonomousDriving/install/applanix_driver/share/applanix_driver/environment/ament_prefix_path.dsv
[0.167s] -- Up-to-date: /home/gabriel/software/AutonomousDriving/install/applanix_driver/share/applanix_driver/environment/path.sh
[0.167s] -- Up-to-date: /home/gabriel/software/AutonomousDriving/install/applanix_driver/share/applanix_driver/environment/path.dsv
[0.167s] -- Up-to-date: /home/gabriel/software/AutonomousDriving/install/applanix_driver/share/applanix_driver/local_setup.bash
[0.167s] -- Up-to-date: /home/gabriel/software/AutonomousDriving/install/applanix_driver/share/applanix_driver/local_setup.sh
[0.167s] -- Up-to-date: /home/gabriel/software/AutonomousDriving/install/applanix_driver/share/applanix_driver/local_setup.zsh
[0.168s] -- Up-to-date: /home/gabriel/software/AutonomousDriving/install/applanix_driver/share/applanix_driver/local_setup.dsv
[0.168s] -- Installing: /home/gabriel/software/AutonomousDriving/install/applanix_driver/share/applanix_driver/package.dsv
[0.168s] -- Up-to-date: /home/gabriel/software/AutonomousDriving/install/applanix_driver/share/ament_index/resource_index/packages/applanix_driver
[0.168s] -- Up-to-date: /home/gabriel/software/AutonomousDriving/install/applanix_driver/share/applanix_driver/cmake/ament_cmake_export_dependencies-extras.cmake
[0.168s] -- Up-to-date: /home/gabriel/software/AutonomousDriving/install/applanix_driver/share/applanix_driver/cmake/ament_cmake_export_include_directories-extras.cmake
[0.168s] -- Up-to-date: /home/gabriel/software/AutonomousDriving/install/applanix_driver/share/applanix_driver/cmake/ament_cmake_export_libraries-extras.cmake
[0.168s] -- Up-to-date: /home/gabriel/software/AutonomousDriving/install/applanix_driver/share/applanix_driver/cmake/applanix_driverConfig.cmake
[0.168s] -- Up-to-date: /home/gabriel/software/AutonomousDriving/install/applanix_driver/share/applanix_driver/cmake/applanix_driverConfig-version.cmake
[0.168s] -- Up-to-date: /home/gabriel/software/AutonomousDriving/install/applanix_driver/share/applanix_driver/package.xml
[0.168s] Invoked command in '/home/gabriel/software/AutonomousDriving/build/applanix_driver' returned '0': AMENT_PREFIX_PATH=/home/gabriel/software/AutonomousDriving/install/autoware_auto_msgs:${AMENT_PREFIX_PATH} CMAKE_PREFIX_PATH=/home/gabriel/software/AutonomousDriving/install/autoware_auto_msgs:/opt/ros/galactic LD_LIBRARY_PATH=/home/gabriel/software/AutonomousDriving/install/autoware_auto_msgs/lib:/usr/lib/x86_64-linux-gnu/gazebo-11/plugins:/opt/ros/galactic/opt/yaml_cpp_vendor/lib:/opt/ros/galactic/opt/rviz_ogre_vendor/lib:/opt/ros/galactic/lib/x86_64-linux-gnu:/opt/ros/galactic/lib:/home/gabriel/.mujoco/mujoco200/bin:/home/gabriel/.mujoco/mjpro131/bin:/home/gabriel/.mujoco/mjpro150/bin:/usr/lib/x86_64-linux-gnu/ PYTHONPATH=/home/gabriel/software/AutonomousDriving/install/autoware_auto_msgs/lib/python3.8/site-packages:${PYTHONPATH} /usr/bin/cmake --install /home/gabriel/software/AutonomousDriving/build/applanix_driver
