[0.054s] Invoking command in '/home/gabriel/software/AutonomousDriving/build/record_traj': AMENT_PREFIX_PATH=/home/gabriel/software/AutonomousDriving/install/autoware_auto_msgs:${AMENT_PREFIX_PATH} CMAKE_PREFIX_PATH=/home/gabriel/software/AutonomousDriving/install/autoware_auto_msgs:/opt/ros/galactic LD_LIBRARY_PATH=/home/gabriel/software/AutonomousDriving/install/autoware_auto_msgs/lib:/usr/lib/x86_64-linux-gnu/gazebo-11/plugins:/opt/ros/galactic/opt/yaml_cpp_vendor/lib:/opt/ros/galactic/opt/rviz_ogre_vendor/lib:/opt/ros/galactic/lib/x86_64-linux-gnu:/opt/ros/galactic/lib:/home/gabriel/.mujoco/mujoco200/bin:/home/gabriel/.mujoco/mjpro131/bin:/home/gabriel/.mujoco/mjpro150/bin:/usr/lib/x86_64-linux-gnu/ PYTHONPATH=/home/gabriel/software/AutonomousDriving/install/autoware_auto_msgs/lib/python3.8/site-packages:${PYTHONPATH} /usr/bin/cmake --build /home/gabriel/software/AutonomousDriving/build/record_traj -- -j16 -l16
[0.093s] [ 50%] Built target record_traj
[0.113s] [100%] Built target record_traj_exe
[0.120s] Invoked command in '/home/gabriel/software/AutonomousDriving/build/record_traj' returned '0': AMENT_PREFIX_PATH=/home/gabriel/software/AutonomousDriving/install/autoware_auto_msgs:${AMENT_PREFIX_PATH} CMAKE_PREFIX_PATH=/home/gabriel/software/AutonomousDriving/install/autoware_auto_msgs:/opt/ros/galactic LD_LIBRARY_PATH=/home/gabriel/software/AutonomousDriving/install/autoware_auto_msgs/lib:/usr/lib/x86_64-linux-gnu/gazebo-11/plugins:/opt/ros/galactic/opt/yaml_cpp_vendor/lib:/opt/ros/galactic/opt/rviz_ogre_vendor/lib:/opt/ros/galactic/lib/x86_64-linux-gnu:/opt/ros/galactic/lib:/home/gabriel/.mujoco/mujoco200/bin:/home/gabriel/.mujoco/mjpro131/bin:/home/gabriel/.mujoco/mjpro150/bin:/usr/lib/x86_64-linux-gnu/ PYTHONPATH=/home/gabriel/software/AutonomousDriving/install/autoware_auto_msgs/lib/python3.8/site-packages:${PYTHONPATH} /usr/bin/cmake --build /home/gabriel/software/AutonomousDriving/build/record_traj -- -j16 -l16
[0.142s] Invoking command in '/home/gabriel/software/AutonomousDriving/build/record_traj': AMENT_PREFIX_PATH=/home/gabriel/software/AutonomousDriving/install/autoware_auto_msgs:${AMENT_PREFIX_PATH} CMAKE_PREFIX_PATH=/home/gabriel/software/AutonomousDriving/install/autoware_auto_msgs:/opt/ros/galactic LD_LIBRARY_PATH=/home/gabriel/software/AutonomousDriving/install/autoware_auto_msgs/lib:/usr/lib/x86_64-linux-gnu/gazebo-11/plugins:/opt/ros/galactic/opt/yaml_cpp_vendor/lib:/opt/ros/galactic/opt/rviz_ogre_vendor/lib:/opt/ros/galactic/lib/x86_64-linux-gnu:/opt/ros/galactic/lib:/home/gabriel/.mujoco/mujoco200/bin:/home/gabriel/.mujoco/mjpro131/bin:/home/gabriel/.mujoco/mjpro150/bin:/usr/lib/x86_64-linux-gnu/ PYTHONPATH=/home/gabriel/software/AutonomousDriving/install/autoware_auto_msgs/lib/python3.8/site-packages:${PYTHONPATH} /usr/bin/cmake --install /home/gabriel/software/AutonomousDriving/build/record_traj
[0.161s] -- Install configuration: ""
[0.161s] -- Up-to-date: /home/gabriel/software/AutonomousDriving/install/record_traj/include
[0.161s] -- Up-to-date: /home/gabriel/software/AutonomousDriving/install/record_traj/include/record_traj
[0.162s] -- Up-to-date: /home/gabriel/software/AutonomousDriving/install/record_traj/share/record_traj/environment/library_path.sh
[0.162s] -- Up-to-date: /home/gabriel/software/AutonomousDriving/install/record_traj/share/record_traj/environment/library_path.dsv
[0.162s] -- Up-to-date: /home/gabriel/software/AutonomousDriving/install/record_traj/lib/librecord_traj.so
[0.162s] -- Up-to-date: /home/gabriel/software/AutonomousDriving/install/record_traj/lib/record_traj/record_traj_exe
[0.162s] -- Up-to-date: /home/gabriel/software/AutonomousDriving/install/record_traj/share/record_traj/launch
[0.162s] -- Up-to-date: /home/gabriel/software/AutonomousDriving/install/record_traj/share/record_traj/launch/lgsvl_interface_and_tf.launch.py
[0.162s] -- Up-to-date: /home/gabriel/software/AutonomousDriving/install/record_traj/share/record_traj/launch/simple_controller_test.launch.py
[0.162s] -- Up-to-date: /home/gabriel/software/AutonomousDriving/install/record_traj/share/record_traj/param
[0.162s] -- Up-to-date: /home/gabriel/software/AutonomousDriving/install/record_traj/share/record_traj/param/example.txt
[0.162s] -- Up-to-date: /home/gabriel/software/AutonomousDriving/install/record_traj/share/ament_index/resource_index/package_run_dependencies/record_traj
[0.162s] -- Up-to-date: /home/gabriel/software/AutonomousDriving/install/record_traj/share/ament_index/resource_index/parent_prefix_path/record_traj
[0.162s] -- Up-to-date: /home/gabriel/software/AutonomousDriving/install/record_traj/share/record_traj/environment/ament_prefix_path.sh
[0.162s] -- Up-to-date: /home/gabriel/software/AutonomousDriving/install/record_traj/share/record_traj/environment/ament_prefix_path.dsv
[0.162s] -- Up-to-date: /home/gabriel/software/AutonomousDriving/install/record_traj/share/record_traj/environment/path.sh
[0.162s] -- Up-to-date: /home/gabriel/software/AutonomousDriving/install/record_traj/share/record_traj/environment/path.dsv
[0.162s] -- Up-to-date: /home/gabriel/software/AutonomousDriving/install/record_traj/share/record_traj/local_setup.bash
[0.162s] -- Up-to-date: /home/gabriel/software/AutonomousDriving/install/record_traj/share/record_traj/local_setup.sh
[0.162s] -- Up-to-date: /home/gabriel/software/AutonomousDriving/install/record_traj/share/record_traj/local_setup.zsh
[0.162s] -- Up-to-date: /home/gabriel/software/AutonomousDriving/install/record_traj/share/record_traj/local_setup.dsv
[0.162s] -- Installing: /home/gabriel/software/AutonomousDriving/install/record_traj/share/record_traj/package.dsv
[0.162s] -- Up-to-date: /home/gabriel/software/AutonomousDriving/install/record_traj/share/ament_index/resource_index/packages/record_traj
[0.162s] -- Up-to-date: /home/gabriel/software/AutonomousDriving/install/record_traj/share/record_traj/cmake/ament_cmake_export_dependencies-extras.cmake
[0.162s] -- Up-to-date: /home/gabriel/software/AutonomousDriving/install/record_traj/share/record_traj/cmake/ament_cmake_export_include_directories-extras.cmake
[0.162s] -- Up-to-date: /home/gabriel/software/AutonomousDriving/install/record_traj/share/record_traj/cmake/ament_cmake_export_libraries-extras.cmake
[0.162s] -- Up-to-date: /home/gabriel/software/AutonomousDriving/install/record_traj/share/record_traj/cmake/record_trajConfig.cmake
[0.162s] -- Up-to-date: /home/gabriel/software/AutonomousDriving/install/record_traj/share/record_traj/cmake/record_trajConfig-version.cmake
[0.163s] -- Up-to-date: /home/gabriel/software/AutonomousDriving/install/record_traj/share/record_traj/package.xml
[0.202s] Invoked command in '/home/gabriel/software/AutonomousDriving/build/record_traj' returned '0': AMENT_PREFIX_PATH=/home/gabriel/software/AutonomousDriving/install/autoware_auto_msgs:${AMENT_PREFIX_PATH} CMAKE_PREFIX_PATH=/home/gabriel/software/AutonomousDriving/install/autoware_auto_msgs:/opt/ros/galactic LD_LIBRARY_PATH=/home/gabriel/software/AutonomousDriving/install/autoware_auto_msgs/lib:/usr/lib/x86_64-linux-gnu/gazebo-11/plugins:/opt/ros/galactic/opt/yaml_cpp_vendor/lib:/opt/ros/galactic/opt/rviz_ogre_vendor/lib:/opt/ros/galactic/lib/x86_64-linux-gnu:/opt/ros/galactic/lib:/home/gabriel/.mujoco/mujoco200/bin:/home/gabriel/.mujoco/mjpro131/bin:/home/gabriel/.mujoco/mjpro150/bin:/usr/lib/x86_64-linux-gnu/ PYTHONPATH=/home/gabriel/software/AutonomousDriving/install/autoware_auto_msgs/lib/python3.8/site-packages:${PYTHONPATH} /usr/bin/cmake --install /home/gabriel/software/AutonomousDriving/build/record_traj
