-- The C compiler identification is GNU 9.4.0
-- The CXX compiler identification is GNU 9.4.0
-- Check for working C compiler: /usr/bin/cc
-- Check for working C compiler: /usr/bin/cc -- works
-- Detecting C compiler ABI info
-- Detecting C compiler ABI info - done
-- Detecting C compile features
-- Detecting C compile features - done
-- Check for working CXX compiler: /usr/bin/c++
-- Check for working CXX compiler: /usr/bin/c++ -- works
-- Detecting CXX compiler ABI info
-- Detecting CXX compiler ABI info - done
-- Detecting CXX compile features
-- Detecting CXX compile features - done
-- Found ament_cmake_auto: 1.1.5 (/opt/ros/galactic/share/ament_cmake_auto/cmake)
-- Found PythonInterp: /usr/bin/python3 (found suitable version "3.8.10", minimum required is "3") 
-- Using PYTHON_EXECUTABLE: /usr/bin/python3
-- Using all available rosidl_typesupport_c: rosidl_typesupport_fastrtps_c;rosidl_typesupport_introspection_c
-- Found rosidl_adapter: 2.2.1 (/opt/ros/galactic/share/rosidl_adapter/cmake)
-- Found OpenSSL: /usr/lib/x86_64-linux-gnu/libcrypto.so (found version "1.1.1f")  
-- Found FastRTPS: /opt/ros/galactic/include  
-- Using all available rosidl_typesupport_cpp: rosidl_typesupport_fastrtps_cpp;rosidl_typesupport_introspection_cpp
-- Found rmw_implementation_cmake: 3.3.1 (/opt/ros/galactic/share/rmw_implementation_cmake/cmake)
-- Found rmw_cyclonedds_cpp: 0.22.4 (/opt/ros/galactic/share/rmw_cyclonedds_cpp/cmake)
-- Using RMW implementation 'rmw_cyclonedds_cpp' as default
-- Looking for pthread.h
-- Looking for pthread.h - found
-- Performing Test CMAKE_HAVE_LIBC_PTHREAD
-- Performing Test CMAKE_HAVE_LIBC_PTHREAD - Failed
-- Looking for pthread_create in pthreads
-- Looking for pthread_create in pthreads - not found
-- Looking for pthread_create in pthread
-- Looking for pthread_create in pthread - found
-- Found Threads: TRUE  
-- Found eigen3_cmake_module: 0.1.1 (/opt/ros/galactic/share/eigen3_cmake_module/cmake)
-- Found Eigen3: TRUE (found version "3.3.7") 
-- Configuring done
-- Generating done
-- Build files have been written to: /home/gabriel/software/AutonomousDriving/build/applanix_driver
[35m[1mScanning dependencies of target applanix_driver[0m
[ 10%] [32mBuilding CXX object CMakeFiles/applanix_driver.dir/src/read_gsof/socket_node.cpp.o[0m
[ 20%] [32mBuilding CXX object CMakeFiles/applanix_driver.dir/src/read_gsof/rx.cpp.o[0m
[ 30%] [32m[1mLinking CXX shared library libapplanix_driver.so[0m
[ 30%] Built target applanix_driver
[35m[1mScanning dependencies of target read_gsof_exe[0m
[35m[1mScanning dependencies of target parse_gsof_exe[0m
[ 50%] [32mBuilding CXX object CMakeFiles/read_gsof_exe.dir/src/read_gsof/socket_node.cpp.o[0m
[ 50%] [32mBuilding CXX object CMakeFiles/read_gsof_exe.dir/src/read_gsof/rx.cpp.o[0m
[ 70%] [32mBuilding CXX object CMakeFiles/parse_gsof_exe.dir/src/parse_gsof/gsof_parser_node.cpp.o[0m
[ 70%] [32mBuilding CXX object CMakeFiles/parse_gsof_exe.dir/src/parse_gsof/geo_pos_conv.cpp.o[0m
[ 80%] [32mBuilding CXX object CMakeFiles/parse_gsof_exe.dir/src/parse_gsof/gsof_parser.cpp.o[0m
[ 90%] [32m[1mLinking CXX executable read_gsof_exe[0m
[ 90%] Built target read_gsof_exe
[100%] [32m[1mLinking CXX executable parse_gsof_exe[0m
[100%] Built target parse_gsof_exe
-- Install configuration: ""
-- Installing: /home/gabriel/software/AutonomousDriving/install/applanix_driver/include
-- Installing: /home/gabriel/software/AutonomousDriving/install/applanix_driver/include/parse_gsof
-- Installing: /home/gabriel/software/AutonomousDriving/install/applanix_driver/include/parse_gsof/geo_pos_conv.hpp
-- Installing: /home/gabriel/software/AutonomousDriving/install/applanix_driver/include/parse_gsof/gsofParser.hpp
-- Installing: /home/gabriel/software/AutonomousDriving/install/applanix_driver/include/read_gsof
-- Installing: /home/gabriel/software/AutonomousDriving/install/applanix_driver/include/read_gsof/rx.hpp
-- Installing: /home/gabriel/software/AutonomousDriving/install/applanix_driver/share/applanix_driver/environment/library_path.sh
-- Installing: /home/gabriel/software/AutonomousDriving/install/applanix_driver/share/applanix_driver/environment/library_path.dsv
-- Installing: /home/gabriel/software/AutonomousDriving/install/applanix_driver/lib/libapplanix_driver.so
-- Set runtime path of "/home/gabriel/software/AutonomousDriving/install/applanix_driver/lib/libapplanix_driver.so" to ""
-- Installing: /home/gabriel/software/AutonomousDriving/install/applanix_driver/lib/applanix_driver/read_gsof_exe
-- Set runtime path of "/home/gabriel/software/AutonomousDriving/install/applanix_driver/lib/applanix_driver/read_gsof_exe" to ""
-- Installing: /home/gabriel/software/AutonomousDriving/install/applanix_driver/lib/applanix_driver/parse_gsof_exe
-- Set runtime path of "/home/gabriel/software/AutonomousDriving/install/applanix_driver/lib/applanix_driver/parse_gsof_exe" to ""
-- Installing: /home/gabriel/software/AutonomousDriving/install/applanix_driver/share/applanix_driver/launch
-- Installing: /home/gabriel/software/AutonomousDriving/install/applanix_driver/share/applanix_driver/launch/applanix.launch.py
-- Installing: /home/gabriel/software/AutonomousDriving/install/applanix_driver/share/applanix_driver/launch/test_gps.launch.py
-- Installing: /home/gabriel/software/AutonomousDriving/install/applanix_driver/share/applanix_driver/config
-- Installing: /home/gabriel/software/AutonomousDriving/install/applanix_driver/share/applanix_driver/config/test_gps.rviz
-- Installing: /home/gabriel/software/AutonomousDriving/install/applanix_driver/share/ament_index/resource_index/package_run_dependencies/applanix_driver
-- Installing: /home/gabriel/software/AutonomousDriving/install/applanix_driver/share/ament_index/resource_index/parent_prefix_path/applanix_driver
-- Installing: /home/gabriel/software/AutonomousDriving/install/applanix_driver/share/applanix_driver/environment/ament_prefix_path.sh
-- Installing: /home/gabriel/software/AutonomousDriving/install/applanix_driver/share/applanix_driver/environment/ament_prefix_path.dsv
-- Installing: /home/gabriel/software/AutonomousDriving/install/applanix_driver/share/applanix_driver/environment/path.sh
-- Installing: /home/gabriel/software/AutonomousDriving/install/applanix_driver/share/applanix_driver/environment/path.dsv
-- Installing: /home/gabriel/software/AutonomousDriving/install/applanix_driver/share/applanix_driver/local_setup.bash
-- Installing: /home/gabriel/software/AutonomousDriving/install/applanix_driver/share/applanix_driver/local_setup.sh
-- Installing: /home/gabriel/software/AutonomousDriving/install/applanix_driver/share/applanix_driver/local_setup.zsh
-- Installing: /home/gabriel/software/AutonomousDriving/install/applanix_driver/share/applanix_driver/local_setup.dsv
-- Installing: /home/gabriel/software/AutonomousDriving/install/applanix_driver/share/applanix_driver/package.dsv
-- Installing: /home/gabriel/software/AutonomousDriving/install/applanix_driver/share/ament_index/resource_index/packages/applanix_driver
-- Installing: /home/gabriel/software/AutonomousDriving/install/applanix_driver/share/applanix_driver/cmake/ament_cmake_export_dependencies-extras.cmake
-- Installing: /home/gabriel/software/AutonomousDriving/install/applanix_driver/share/applanix_driver/cmake/ament_cmake_export_include_directories-extras.cmake
-- Installing: /home/gabriel/software/AutonomousDriving/install/applanix_driver/share/applanix_driver/cmake/ament_cmake_export_libraries-extras.cmake
-- Installing: /home/gabriel/software/AutonomousDriving/install/applanix_driver/share/applanix_driver/cmake/applanix_driverConfig.cmake
-- Installing: /home/gabriel/software/AutonomousDriving/install/applanix_driver/share/applanix_driver/cmake/applanix_driverConfig-version.cmake
-- Installing: /home/gabriel/software/AutonomousDriving/install/applanix_driver/share/applanix_driver/package.xml
