[0.028s] Invoking command in '/home/gabriel/software/AutonomousDriving/build/applanix_driver': CMAKE_PREFIX_PATH=/home/gabriel/software/AutonomousDriving/install/autoware_auto_msgs:/home/gabriel/software/AutonomousDriving/install/trajectory_following:/home/gabriel/software/AutonomousDriving/install/pid_velocity_control:/home/gabriel/software/AutonomousDriving/install/kia_test:/home/gabriel/software/AutonomousDriving/install/lexus_rx_450h_description:/home/gabriel/software/AutonomousDriving/install/applanix_driver:/opt/ros/galactic LD_LIBRARY_PATH=/home/gabriel/software/AutonomousDriving/install/autoware_auto_msgs/lib:/home/gabriel/software/AutonomousDriving/install/trajectory_following/lib:/home/gabriel/software/AutonomousDriving/install/pid_velocity_control/lib:/home/gabriel/software/AutonomousDriving/install/applanix_driver/lib:/usr/lib/x86_64-linux-gnu/gazebo-11/plugins:/opt/ros/galactic/opt/yaml_cpp_vendor/lib:/opt/ros/galactic/opt/rviz_ogre_vendor/lib:/opt/ros/galactic/lib/x86_64-linux-gnu:/opt/ros/galactic/lib:/home/gabriel/.mujoco/mujoco200/bin:/home/gabriel/.mujoco/mjpro131/bin:/home/gabriel/.mujoco/mjpro150/bin:/usr/lib/x86_64-linux-gnu/ /usr/bin/cmake /home/gabriel/software/AutonomousDriving/src/applanix_driver -DCMAKE_INSTALL_PREFIX=/home/gabriel/software/AutonomousDriving/install/applanix_driver
[0.064s] -- The C compiler identification is GNU 9.4.0
[0.101s] -- The CXX compiler identification is GNU 9.4.0
[0.106s] -- Check for working C compiler: /usr/bin/cc
[0.150s] -- Check for working C compiler: /usr/bin/cc -- works
[0.150s] -- Detecting C compiler ABI info
[0.195s] -- Detecting C compiler ABI info - done
[0.207s] -- Detecting C compile features
[0.208s] -- Detecting C compile features - done
[0.210s] -- Check for working CXX compiler: /usr/bin/c++
[0.262s] -- Check for working CXX compiler: /usr/bin/c++ -- works
[0.262s] -- Detecting CXX compiler ABI info
[0.312s] -- Detecting CXX compiler ABI info - done
[0.319s] -- Detecting CXX compile features
[0.319s] -- Detecting CXX compile features - done
[0.320s] -- Found ament_cmake_auto: 1.1.5 (/opt/ros/galactic/share/ament_cmake_auto/cmake)
[0.338s] -- Found PythonInterp: /usr/bin/python3 (found suitable version "3.8.10", minimum required is "3") 
[0.338s] -- Using PYTHON_EXECUTABLE: /usr/bin/python3
[0.454s] -- Using all available rosidl_typesupport_c: rosidl_typesupport_fastrtps_c;rosidl_typesupport_introspection_c
[0.458s] -- Found rosidl_adapter: 2.2.1 (/opt/ros/galactic/share/rosidl_adapter/cmake)
[0.512s] -- Found OpenSSL: /usr/lib/x86_64-linux-gnu/libcrypto.so (found version "1.1.1f")  
[0.540s] -- Found FastRTPS: /opt/ros/galactic/include  
[0.596s] -- Using all available rosidl_typesupport_cpp: rosidl_typesupport_fastrtps_cpp;rosidl_typesupport_introspection_cpp
[0.633s] -- Found rmw_implementation_cmake: 3.3.1 (/opt/ros/galactic/share/rmw_implementation_cmake/cmake)
[0.635s] -- Found rmw_cyclonedds_cpp: 0.22.4 (/opt/ros/galactic/share/rmw_cyclonedds_cpp/cmake)
[0.647s] -- Using RMW implementation 'rmw_cyclonedds_cpp' as default
[0.648s] -- Looking for pthread.h
[0.691s] -- Looking for pthread.h - found
[0.692s] -- Performing Test CMAKE_HAVE_LIBC_PTHREAD
[0.739s] -- Performing Test CMAKE_HAVE_LIBC_PTHREAD - Failed
[0.739s] -- Looking for pthread_create in pthreads
[0.776s] -- Looking for pthread_create in pthreads - not found
[0.777s] -- Looking for pthread_create in pthread
[0.822s] -- Looking for pthread_create in pthread - found
[0.822s] -- Found Threads: TRUE  
[1.443s] -- Found eigen3_cmake_module: 0.1.1 (/opt/ros/galactic/share/eigen3_cmake_module/cmake)
[1.445s] -- Found Eigen3: TRUE (found version "3.3.7") 
[1.482s] -- Configuring done
[1.503s] -- Generating done
[1.504s] -- Build files have been written to: /home/gabriel/software/AutonomousDriving/build/applanix_driver
[1.511s] Invoked command in '/home/gabriel/software/AutonomousDriving/build/applanix_driver' returned '0': CMAKE_PREFIX_PATH=/home/gabriel/software/AutonomousDriving/install/autoware_auto_msgs:/home/gabriel/software/AutonomousDriving/install/trajectory_following:/home/gabriel/software/AutonomousDriving/install/pid_velocity_control:/home/gabriel/software/AutonomousDriving/install/kia_test:/home/gabriel/software/AutonomousDriving/install/lexus_rx_450h_description:/home/gabriel/software/AutonomousDriving/install/applanix_driver:/opt/ros/galactic LD_LIBRARY_PATH=/home/gabriel/software/AutonomousDriving/install/autoware_auto_msgs/lib:/home/gabriel/software/AutonomousDriving/install/trajectory_following/lib:/home/gabriel/software/AutonomousDriving/install/pid_velocity_control/lib:/home/gabriel/software/AutonomousDriving/install/applanix_driver/lib:/usr/lib/x86_64-linux-gnu/gazebo-11/plugins:/opt/ros/galactic/opt/yaml_cpp_vendor/lib:/opt/ros/galactic/opt/rviz_ogre_vendor/lib:/opt/ros/galactic/lib/x86_64-linux-gnu:/opt/ros/galactic/lib:/home/gabriel/.mujoco/mujoco200/bin:/home/gabriel/.mujoco/mjpro131/bin:/home/gabriel/.mujoco/mjpro150/bin:/usr/lib/x86_64-linux-gnu/ /usr/bin/cmake /home/gabriel/software/AutonomousDriving/src/applanix_driver -DCMAKE_INSTALL_PREFIX=/home/gabriel/software/AutonomousDriving/install/applanix_driver
[1.513s] Invoking command in '/home/gabriel/software/AutonomousDriving/build/applanix_driver': CMAKE_PREFIX_PATH=/home/gabriel/software/AutonomousDriving/install/autoware_auto_msgs:/home/gabriel/software/AutonomousDriving/install/trajectory_following:/home/gabriel/software/AutonomousDriving/install/pid_velocity_control:/home/gabriel/software/AutonomousDriving/install/kia_test:/home/gabriel/software/AutonomousDriving/install/lexus_rx_450h_description:/home/gabriel/software/AutonomousDriving/install/applanix_driver:/opt/ros/galactic LD_LIBRARY_PATH=/home/gabriel/software/AutonomousDriving/install/autoware_auto_msgs/lib:/home/gabriel/software/AutonomousDriving/install/trajectory_following/lib:/home/gabriel/software/AutonomousDriving/install/pid_velocity_control/lib:/home/gabriel/software/AutonomousDriving/install/applanix_driver/lib:/usr/lib/x86_64-linux-gnu/gazebo-11/plugins:/opt/ros/galactic/opt/yaml_cpp_vendor/lib:/opt/ros/galactic/opt/rviz_ogre_vendor/lib:/opt/ros/galactic/lib/x86_64-linux-gnu:/opt/ros/galactic/lib:/home/gabriel/.mujoco/mujoco200/bin:/home/gabriel/.mujoco/mjpro131/bin:/home/gabriel/.mujoco/mjpro150/bin:/usr/lib/x86_64-linux-gnu/ /usr/bin/cmake --build /home/gabriel/software/AutonomousDriving/build/applanix_driver -- -j16 -l16
[1.543s] [35m[1mScanning dependencies of target applanix_driver[0m
[1.567s] [ 10%] [32mBuilding CXX object CMakeFiles/applanix_driver.dir/src/read_gsof/socket_node.cpp.o[0m
[1.568s] [ 20%] [32mBuilding CXX object CMakeFiles/applanix_driver.dir/src/read_gsof/rx.cpp.o[0m
[4.010s] [ 30%] [32m[1mLinking CXX shared library libapplanix_driver.so[0m
[4.141s] [ 30%] Built target applanix_driver
[4.149s] [35m[1mScanning dependencies of target read_gsof_exe[0m
[4.149s] [35m[1mScanning dependencies of target parse_gsof_exe[0m
[4.174s] [ 50%] [32mBuilding CXX object CMakeFiles/read_gsof_exe.dir/src/read_gsof/socket_node.cpp.o[0m
[4.174s] [ 50%] [32mBuilding CXX object CMakeFiles/read_gsof_exe.dir/src/read_gsof/rx.cpp.o[0m
[4.185s] [ 70%] [32mBuilding CXX object CMakeFiles/parse_gsof_exe.dir/src/parse_gsof/gsof_parser_node.cpp.o[0m
[4.185s] [ 70%] [32mBuilding CXX object CMakeFiles/parse_gsof_exe.dir/src/parse_gsof/geo_pos_conv.cpp.o[0m
[4.186s] [ 80%] [32mBuilding CXX object CMakeFiles/parse_gsof_exe.dir/src/parse_gsof/gsof_parser.cpp.o[0m
[4.199s] [01m[K/home/gabriel/software/AutonomousDriving/src/applanix_driver/src/parse_gsof/gsof_parser.cpp:[m[K In function ‘[01m[Kvoid processLbandStatus(int, unsigned char*)[m[K’:
[4.199s] [01m[K/home/gabriel/software/AutonomousDriving/src/applanix_driver/src/parse_gsof/gsof_parser.cpp:912:38:[m[K [01;35m[Kwarning: [m[Kformat ‘[01m[K%d[m[K’ expects argument of type ‘[01m[Kint[m[K’, but argument 16 has type ‘[01m[Klong unsigned int[m[K’ [[01;35m[K-Wformat=[m[K]
[4.199s]   912 |           "  Total unique words(UW):[01;35m[K%d[m[K"
[4.199s]       |                                     [01;35m[K~^[m[K
[4.199s]       |                                      [01;35m[K|[m[K
[4.200s]       |                                      [01;35m[Kint[m[K
[4.200s]       |                                     [32m[K%ld[m[K
[4.200s] ......
[4.200s]   938 |           [32m[Ktotal_uw[m[K,
[4.200s]       |           [32m[K~~~~~~~~[m[K                    
[4.200s]       |           [32m[K|[m[K
[4.200s]       |           [32m[Klong unsigned int[m[K
[4.200s] [01m[K/home/gabriel/software/AutonomousDriving/src/applanix_driver/src/parse_gsof/gsof_parser.cpp:913:22:[m[K [01;35m[Kwarning: [m[Kformat ‘[01m[K%d[m[K’ expects argument of type ‘[01m[Kint[m[K’, but argument 17 has type ‘[01m[Klong unsigned int[m[K’ [[01;35m[K-Wformat=[m[K]
[4.200s]   913 |           "  Bad UW:[01;35m[K%d[m[K"
[4.200s]       |                     [01;35m[K~^[m[K
[4.200s]       |                      [01;35m[K|[m[K
[4.200s]       |                      [01;35m[Kint[m[K
[4.200s]       |                     [32m[K%ld[m[K
[4.200s] ......
[4.200s]   939 |           [32m[Ktotal_bad_uw[m[K,
[4.200s]       |           [32m[K~~~~~~~~~~~~[m[K
[4.200s]       |           [32m[K|[m[K
[4.200s]       |           [32m[Klong unsigned int[m[K
[4.200s] [01m[K/home/gabriel/software/AutonomousDriving/src/applanix_driver/src/parse_gsof/gsof_parser.cpp:914:27:[m[K [01;35m[Kwarning: [m[Kformat ‘[01m[K%d[m[K’ expects argument of type ‘[01m[Kint[m[K’, but argument 18 has type ‘[01m[Klong unsigned int[m[K’ [[01;35m[K-Wformat=[m[K]
[4.200s]   914 |           "  Bad UW bits:[01;35m[K%d[m[K"
[4.200s]       |                          [01;35m[K~^[m[K
[4.200s]       |                           [01;35m[K|[m[K
[4.200s]       |                           [01;35m[Kint[m[K
[4.200s]       |                          [32m[K%ld[m[K
[4.201s] ......
[4.201s]   940 |           [32m[Ktotal_bad_uw_bits[m[K,
[4.201s]       |           [32m[K~~~~~~~~~~~~~~~~~[m[K
[4.201s]       |           [32m[K|[m[K
[4.201s]       |           [32m[Klong unsigned int[m[K
[4.201s] [01m[K/home/gabriel/software/AutonomousDriving/src/applanix_driver/src/parse_gsof/gsof_parser.cpp:916:29:[m[K [01;35m[Kwarning: [m[Kformat ‘[01m[K%d[m[K’ expects argument of type ‘[01m[Kint[m[K’, but argument 19 has type ‘[01m[Klong unsigned int[m[K’ [[01;35m[K-Wformat=[m[K]
[4.201s]   916 |           "  Total Viterbi:[01;35m[K%d[m[K"
[4.201s]       |                            [01;35m[K~^[m[K
[4.201s]       |                             [01;35m[K|[m[K
[4.201s]       |                             [01;35m[Kint[m[K
[4.201s]       |                            [32m[K%ld[m[K
[4.201s] ......
[4.201s]   941 |           [32m[Ktotal_viterbi[m[K,
[4.201s]       |           [32m[K~~~~~~~~~~~~~[m[K      
[4.201s]       |           [32m[K|[m[K
[4.201s]       |           [32m[Klong unsigned int[m[K
[4.201s] [01m[K/home/gabriel/software/AutonomousDriving/src/applanix_driver/src/parse_gsof/gsof_parser.cpp:917:33:[m[K [01;35m[Kwarning: [m[Kformat ‘[01m[K%d[m[K’ expects argument of type ‘[01m[Kint[m[K’, but argument 20 has type ‘[01m[Klong unsigned int[m[K’ [[01;35m[K-Wformat=[m[K]
[4.201s]   917 |           "  Corrected Viterbi:[01;35m[K%d[m[K"
[4.201s]       |                                [01;35m[K~^[m[K
[4.201s]       |                                 [01;35m[K|[m[K
[4.201s]       |                                 [01;35m[Kint[m[K
[4.202s]       |                                [32m[K%ld[m[K
[4.202s] ......
[4.202s]   942 |           [32m[Ktotal_bad_viterbi[m[K,
[4.202s]       |           [32m[K~~~~~~~~~~~~~~~~~[m[K      
[4.202s]       |           [32m[K|[m[K
[4.202s]       |           [32m[Klong unsigned int[m[K
[4.202s] [01m[K/home/gabriel/software/AutonomousDriving/src/applanix_driver/src/parse_gsof/gsof_parser.cpp:918:28:[m[K [01;35m[Kwarning: [m[Kformat ‘[01m[K%d[m[K’ expects argument of type ‘[01m[Kint[m[K’, but argument 21 has type ‘[01m[Klong unsigned int[m[K’ [[01;35m[K-Wformat=[m[K]
[4.202s]   918 |           "  Bad messages:[01;35m[K%d[m[K"
[4.202s]       |                           [01;35m[K~^[m[K
[4.202s]       |                            [01;35m[K|[m[K
[4.202s]       |                            [01;35m[Kint[m[K
[4.202s]       |                           [32m[K%ld[m[K
[4.202s] ......
[4.202s]   943 |           [32m[Ktotal_bad_messages[m[K,
[4.202s]       |           [32m[K~~~~~~~~~~~~~~~~~~[m[K
[4.202s]       |           [32m[K|[m[K
[4.202s]       |           [32m[Klong unsigned int[m[K
[4.202s] [01m[K/home/gabriel/software/AutonomousDriving/src/applanix_driver/src/parse_gsof/gsof_parser.cpp:[m[K In member function ‘[01m[Kbool gsofParser::processInsFullNavigationInfo(int, unsigned char*, InsFullNavigationInfo&)[m[K’:
[4.202s] [01m[K/home/gabriel/software/AutonomousDriving/src/applanix_driver/src/parse_gsof/gsof_parser.cpp:970:52:[m[K [01;35m[Kwarning: [m[Kunused parameter ‘[01m[Klength[m[K’ [[01;35m[K-Wunused-parameter[m[K]
[4.202s]   970 | bool gsofParser::processInsFullNavigationInfo( [01;35m[Kint length[m[K, unsigned char *pData ,InsFullNavigationInfo & navInfo)
[4.202s]       |                                                [01;35m[K~~~~^~~~~~[m[K
[4.202s] [01m[K/home/gabriel/software/AutonomousDriving/src/applanix_driver/src/parse_gsof/gsof_parser.cpp:[m[K In member function ‘[01m[Kint gsofParser::processGsofData(unsigned char*, InsFullNavigationInfo&)[m[K’:
[4.202s] [01m[K/home/gabriel/software/AutonomousDriving/src/applanix_driver/src/parse_gsof/gsof_parser.cpp:1055:7:[m[K [01;35m[Kwarning: [m[Kunused variable ‘[01m[Ki[m[K’ [[01;35m[K-Wunused-variable[m[K]
[4.202s]  1055 |   int [01;35m[Ki[m[K ;
[4.202s]       |       [01;35m[K^[m[K
[4.202s] [01m[K/home/gabriel/software/AutonomousDriving/src/applanix_driver/src/parse_gsof/gsof_parser.cpp:[m[K In member function ‘[01m[Kint gsofParser::postGsofData(unsigned char*, InsFullNavigationInfo&)[m[K’:
[4.202s] [01m[K/home/gabriel/software/AutonomousDriving/src/applanix_driver/src/parse_gsof/gsof_parser.cpp:1242:9:[m[K [01;35m[Kwarning: [m[Kvalue computed is not used [[01;35m[K-Wunused-value[m[K]
[4.202s]  1242 |         [01;35m[K*input_data_copy++[m[K;
[4.202s]       |         [01;35m[K^~~~~~~~~~~~~~~~~~[m[K
[4.203s] [01m[K/home/gabriel/software/AutonomousDriving/src/applanix_driver/src/parse_gsof/gsof_parser.cpp:1228:7:[m[K [01;35m[Kwarning: [m[Kunused variable ‘[01m[KtcStx[m[K’ [[01;35m[K-Wunused-variable[m[K]
[4.203s]  1228 |   int [01;35m[KtcStx[m[K ;
[4.203s]       |       [01;35m[K^~~~~[m[K
[4.203s] [01m[K/home/gabriel/software/AutonomousDriving/src/applanix_driver/src/parse_gsof/gsof_parser.cpp:1229:7:[m[K [01;35m[Kwarning: [m[Kvariable ‘[01m[KtcStat[m[K’ set but not used [[01;35m[K-Wunused-but-set-variable[m[K]
[4.203s]  1229 |   int [01;35m[KtcStat[m[K ;
[4.203s]       |       [01;35m[K^~~~~~[m[K
[4.203s] [01m[K/home/gabriel/software/AutonomousDriving/src/applanix_driver/src/parse_gsof/gsof_parser.cpp:1230:7:[m[K [01;35m[Kwarning: [m[Kvariable ‘[01m[KtcType[m[K’ set but not used [[01;35m[K-Wunused-but-set-variable[m[K]
[4.203s]  1230 |   int [01;35m[KtcType[m[K ;
[4.203s]       |       [01;35m[K^~~~~~[m[K
[4.203s] [01m[K/home/gabriel/software/AutonomousDriving/src/applanix_driver/src/parse_gsof/gsof_parser.cpp:1232:7:[m[K [01;35m[Kwarning: [m[Kunused variable ‘[01m[KtcCsum[m[K’ [[01;35m[K-Wunused-variable[m[K]
[4.203s]  1232 |   int [01;35m[KtcCsum[m[K ;
[4.203s]       |       [01;35m[K^~~~~~[m[K
[4.203s] [01m[K/home/gabriel/software/AutonomousDriving/src/applanix_driver/src/parse_gsof/gsof_parser.cpp:1233:7:[m[K [01;35m[Kwarning: [m[Kunused variable ‘[01m[KtcEtx[m[K’ [[01;35m[K-Wunused-variable[m[K]
[4.203s]  1233 |   int [01;35m[KtcEtx[m[K ;
[4.203s]       |       [01;35m[K^~~~~[m[K
[4.203s] [01m[K/home/gabriel/software/AutonomousDriving/src/applanix_driver/src/parse_gsof/gsof_parser.cpp:1263:7:[m[K [01;35m[Kwarning: [m[Kvariable ‘[01m[KgsofTransmissionNumber[m[K’ set but not used [[01;35m[K-Wunused-but-set-variable[m[K]
[4.203s]  1263 |   int [01;35m[KgsofTransmissionNumber[m[K ;
[4.203s]       |       [01;35m[K^~~~~~~~~~~~~~~~~~~~~~[m[K
[5.628s] In file included from [01m[K/opt/ros/galactic/include/rclcpp/client.hpp:40[m[K,
[5.628s]                  from [01m[K/opt/ros/galactic/include/rclcpp/callback_group.hpp:23[m[K,
[5.628s]                  from [01m[K/opt/ros/galactic/include/rclcpp/any_executable.hpp:20[m[K,
[5.628s]                  from [01m[K/opt/ros/galactic/include/rclcpp/memory_strategy.hpp:25[m[K,
[5.628s]                  from [01m[K/opt/ros/galactic/include/rclcpp/memory_strategies.hpp:18[m[K,
[5.628s]                  from [01m[K/opt/ros/galactic/include/rclcpp/executor_options.hpp:20[m[K,
[5.628s]                  from [01m[K/opt/ros/galactic/include/rclcpp/executor.hpp:36[m[K,
[5.628s]                  from [01m[K/opt/ros/galactic/include/rclcpp/executors/multi_threaded_executor.hpp:26[m[K,
[5.628s]                  from [01m[K/opt/ros/galactic/include/rclcpp/executors.hpp:21[m[K,
[5.629s]                  from [01m[K/opt/ros/galactic/include/rclcpp/rclcpp.hpp:156[m[K,
[5.629s]                  from [01m[K/home/gabriel/software/AutonomousDriving/src/applanix_driver/src/parse_gsof/gsof_parser_node.cpp:1[m[K:
[5.629s] [01m[K/home/gabriel/software/AutonomousDriving/src/applanix_driver/src/parse_gsof/gsof_parser_node.cpp:[m[K In member function ‘[01m[Kvoid gsofHandler::on_sentence(std_msgs::msg::ByteMultiArray_<std::allocator<void> >::SharedPtr)[m[K’:
[5.629s] [01m[K/home/gabriel/software/AutonomousDriving/src/applanix_driver/src/parse_gsof/gsof_parser_node.cpp:186:34:[m[K [01;35m[Kwarning: [m[Kformat ‘[01m[K%u[m[K’ expects argument of type ‘[01m[Kunsigned int[m[K’, but argument 5 has type ‘[01m[Kstd::vector<unsigned char, std::allocator<unsigned char> >::size_type[m[K’ {aka ‘[01m[Klong unsigned int[m[K’} [[01;35m[K-Wformat=[m[K]
[5.629s]   186 | CLCPP_WARN(this->get_logger(),[01;35m[K" msg->data.size() %u: "[m[K, [32m[Kmsg->data.size()[m[K);
[5.629s]       |                               [01;35m[K^~~~~~~~~~~~~~~~~~~~~~~~[m[K  [32m[K~~~~~~~~~~~~~~~~[m[K
[5.629s]       |                                                                       [32m[K|[m[K
[5.629s]       |                                                                       [32m[Kstd::vector<unsigned char, std::allocator<unsigned char> >::size_type {aka long unsigned int}[m[K
[5.629s] 
[5.629s] [01m[K/home/gabriel/software/AutonomousDriving/src/applanix_driver/src/parse_gsof/gsof_parser_node.cpp:186:54:[m[K [01;36m[Knote: [m[Kformat string is defined here
[5.629s]   186 | _logger()," msg->data.size() [01;36m[K%u[m[K: ", msg->data.size());
[5.629s]       |                              [01;36m[K~^[m[K
[5.629s]       |                               [01;36m[K|[m[K
[5.629s]       |                               [01;36m[Kunsigned int[m[K
[5.629s]       |                              [32m[K%lu[m[K
[5.629s] [01m[K/home/gabriel/software/AutonomousDriving/src/applanix_driver/src/parse_gsof/gsof_parser_node.cpp:190:21:[m[K [01;35m[Kwarning: [m[Kcomparison of integer expressions of different signedness: ‘[01m[Kint[m[K’ and ‘[01m[Kstd::vector<unsigned char, std::allocator<unsigned char> >::size_type[m[K’ {aka ‘[01m[Klong unsigned int[m[K’} [[01;35m[K-Wsign-compare[m[K]
[5.629s]   190 |   for (int i = 0; [01;35m[Ki < msg->data.size()[m[K; i++){
[5.629s]       |                   [01;35m[K~~^~~~~~~~~~~~~~~~~~[m[K
[5.634s] [01m[K/home/gabriel/software/AutonomousDriving/src/applanix_driver/src/parse_gsof/gsof_parser_node.cpp:194:7:[m[K [01;35m[Kwarning: [m[Kunused variable ‘[01m[Kcomplete_gsof[m[K’ [[01;35m[K-Wunused-variable[m[K]
[5.634s]   194 |   int [01;35m[Kcomplete_gsof[m[K = Parser.postGsofData(sentence, navInfo);//(unsigned char *)msg->data.c_str()
[5.634s]       |       [01;35m[K^~~~~~~~~~~~~[m[K
[6.646s] [ 90%] [32m[1mLinking CXX executable read_gsof_exe[0m
[6.777s] [ 90%] Built target read_gsof_exe
[10.991s] [100%] [32m[1mLinking CXX executable parse_gsof_exe[0m
[11.322s] [100%] Built target parse_gsof_exe
[11.331s] Invoked command in '/home/gabriel/software/AutonomousDriving/build/applanix_driver' returned '0': CMAKE_PREFIX_PATH=/home/gabriel/software/AutonomousDriving/install/autoware_auto_msgs:/home/gabriel/software/AutonomousDriving/install/trajectory_following:/home/gabriel/software/AutonomousDriving/install/pid_velocity_control:/home/gabriel/software/AutonomousDriving/install/kia_test:/home/gabriel/software/AutonomousDriving/install/lexus_rx_450h_description:/home/gabriel/software/AutonomousDriving/install/applanix_driver:/opt/ros/galactic LD_LIBRARY_PATH=/home/gabriel/software/AutonomousDriving/install/autoware_auto_msgs/lib:/home/gabriel/software/AutonomousDriving/install/trajectory_following/lib:/home/gabriel/software/AutonomousDriving/install/pid_velocity_control/lib:/home/gabriel/software/AutonomousDriving/install/applanix_driver/lib:/usr/lib/x86_64-linux-gnu/gazebo-11/plugins:/opt/ros/galactic/opt/yaml_cpp_vendor/lib:/opt/ros/galactic/opt/rviz_ogre_vendor/lib:/opt/ros/galactic/lib/x86_64-linux-gnu:/opt/ros/galactic/lib:/home/gabriel/.mujoco/mujoco200/bin:/home/gabriel/.mujoco/mjpro131/bin:/home/gabriel/.mujoco/mjpro150/bin:/usr/lib/x86_64-linux-gnu/ /usr/bin/cmake --build /home/gabriel/software/AutonomousDriving/build/applanix_driver -- -j16 -l16
[11.358s] Invoking command in '/home/gabriel/software/AutonomousDriving/build/applanix_driver': CMAKE_PREFIX_PATH=/home/gabriel/software/AutonomousDriving/install/autoware_auto_msgs:/home/gabriel/software/AutonomousDriving/install/trajectory_following:/home/gabriel/software/AutonomousDriving/install/pid_velocity_control:/home/gabriel/software/AutonomousDriving/install/kia_test:/home/gabriel/software/AutonomousDriving/install/lexus_rx_450h_description:/home/gabriel/software/AutonomousDriving/install/applanix_driver:/opt/ros/galactic LD_LIBRARY_PATH=/home/gabriel/software/AutonomousDriving/install/autoware_auto_msgs/lib:/home/gabriel/software/AutonomousDriving/install/trajectory_following/lib:/home/gabriel/software/AutonomousDriving/install/pid_velocity_control/lib:/home/gabriel/software/AutonomousDriving/install/applanix_driver/lib:/usr/lib/x86_64-linux-gnu/gazebo-11/plugins:/opt/ros/galactic/opt/yaml_cpp_vendor/lib:/opt/ros/galactic/opt/rviz_ogre_vendor/lib:/opt/ros/galactic/lib/x86_64-linux-gnu:/opt/ros/galactic/lib:/home/gabriel/.mujoco/mujoco200/bin:/home/gabriel/.mujoco/mjpro131/bin:/home/gabriel/.mujoco/mjpro150/bin:/usr/lib/x86_64-linux-gnu/ /usr/bin/cmake --install /home/gabriel/software/AutonomousDriving/build/applanix_driver
[11.364s] -- Install configuration: ""
[11.364s] -- Installing: /home/gabriel/software/AutonomousDriving/install/applanix_driver/include
[11.364s] -- Installing: /home/gabriel/software/AutonomousDriving/install/applanix_driver/include/parse_gsof
[11.364s] -- Installing: /home/gabriel/software/AutonomousDriving/install/applanix_driver/include/parse_gsof/geo_pos_conv.hpp
[11.364s] -- Installing: /home/gabriel/software/AutonomousDriving/install/applanix_driver/include/parse_gsof/gsofParser.hpp
[11.364s] -- Installing: /home/gabriel/software/AutonomousDriving/install/applanix_driver/include/read_gsof
[11.365s] -- Installing: /home/gabriel/software/AutonomousDriving/install/applanix_driver/include/read_gsof/rx.hpp
[11.367s] -- Installing: /home/gabriel/software/AutonomousDriving/install/applanix_driver/share/applanix_driver/environment/library_path.sh
[11.367s] -- Installing: /home/gabriel/software/AutonomousDriving/install/applanix_driver/share/applanix_driver/environment/library_path.dsv
[11.367s] -- Installing: /home/gabriel/software/AutonomousDriving/install/applanix_driver/lib/libapplanix_driver.so
[11.369s] -- Set runtime path of "/home/gabriel/software/AutonomousDriving/install/applanix_driver/lib/libapplanix_driver.so" to ""
[11.369s] -- Installing: /home/gabriel/software/AutonomousDriving/install/applanix_driver/lib/applanix_driver/read_gsof_exe
[11.370s] -- Set runtime path of "/home/gabriel/software/AutonomousDriving/install/applanix_driver/lib/applanix_driver/read_gsof_exe" to ""
[11.370s] -- Installing: /home/gabriel/software/AutonomousDriving/install/applanix_driver/lib/applanix_driver/parse_gsof_exe
[11.372s] -- Set runtime path of "/home/gabriel/software/AutonomousDriving/install/applanix_driver/lib/applanix_driver/parse_gsof_exe" to ""
[11.372s] -- Installing: /home/gabriel/software/AutonomousDriving/install/applanix_driver/share/applanix_driver/launch
[11.373s] -- Installing: /home/gabriel/software/AutonomousDriving/install/applanix_driver/share/applanix_driver/launch/applanix.launch.py
[11.373s] -- Installing: /home/gabriel/software/AutonomousDriving/install/applanix_driver/share/applanix_driver/launch/test_gps.launch.py
[11.373s] -- Installing: /home/gabriel/software/AutonomousDriving/install/applanix_driver/share/applanix_driver/config
[11.373s] -- Installing: /home/gabriel/software/AutonomousDriving/install/applanix_driver/share/applanix_driver/config/test_gps.rviz
[11.373s] -- Installing: /home/gabriel/software/AutonomousDriving/install/applanix_driver/share/ament_index/resource_index/package_run_dependencies/applanix_driver
[11.373s] -- Installing: /home/gabriel/software/AutonomousDriving/install/applanix_driver/share/ament_index/resource_index/parent_prefix_path/applanix_driver
[11.375s] -- Installing: /home/gabriel/software/AutonomousDriving/install/applanix_driver/share/applanix_driver/environment/ament_prefix_path.sh
[11.375s] -- Installing: /home/gabriel/software/AutonomousDriving/install/applanix_driver/share/applanix_driver/environment/ament_prefix_path.dsv
[11.375s] -- Installing: /home/gabriel/software/AutonomousDriving/install/applanix_driver/share/applanix_driver/environment/path.sh
[11.375s] -- Installing: /home/gabriel/software/AutonomousDriving/install/applanix_driver/share/applanix_driver/environment/path.dsv
[11.375s] -- Installing: /home/gabriel/software/AutonomousDriving/install/applanix_driver/share/applanix_driver/local_setup.bash
[11.375s] -- Installing: /home/gabriel/software/AutonomousDriving/install/applanix_driver/share/applanix_driver/local_setup.sh
[11.376s] -- Installing: /home/gabriel/software/AutonomousDriving/install/applanix_driver/share/applanix_driver/local_setup.zsh
[11.376s] -- Installing: /home/gabriel/software/AutonomousDriving/install/applanix_driver/share/applanix_driver/local_setup.dsv
[11.376s] -- Installing: /home/gabriel/software/AutonomousDriving/install/applanix_driver/share/applanix_driver/package.dsv
[11.376s] -- Installing: /home/gabriel/software/AutonomousDriving/install/applanix_driver/share/ament_index/resource_index/packages/applanix_driver
[11.376s] -- Installing: /home/gabriel/software/AutonomousDriving/install/applanix_driver/share/applanix_driver/cmake/ament_cmake_export_dependencies-extras.cmake
[11.378s] -- Installing: /home/gabriel/software/AutonomousDriving/install/applanix_driver/share/applanix_driver/cmake/ament_cmake_export_include_directories-extras.cmake
[11.381s] -- Installing: /home/gabriel/software/AutonomousDriving/install/applanix_driver/share/applanix_driver/cmake/ament_cmake_export_libraries-extras.cmake
[11.383s] -- Installing: /home/gabriel/software/AutonomousDriving/install/applanix_driver/share/applanix_driver/cmake/applanix_driverConfig.cmake
[11.384s] -- Installing: /home/gabriel/software/AutonomousDriving/install/applanix_driver/share/applanix_driver/cmake/applanix_driverConfig-version.cmake
[11.384s] -- Installing: /home/gabriel/software/AutonomousDriving/install/applanix_driver/share/applanix_driver/package.xml
[11.390s] Invoked command in '/home/gabriel/software/AutonomousDriving/build/applanix_driver' returned '0': CMAKE_PREFIX_PATH=/home/gabriel/software/AutonomousDriving/install/autoware_auto_msgs:/home/gabriel/software/AutonomousDriving/install/trajectory_following:/home/gabriel/software/AutonomousDriving/install/pid_velocity_control:/home/gabriel/software/AutonomousDriving/install/kia_test:/home/gabriel/software/AutonomousDriving/install/lexus_rx_450h_description:/home/gabriel/software/AutonomousDriving/install/applanix_driver:/opt/ros/galactic LD_LIBRARY_PATH=/home/gabriel/software/AutonomousDriving/install/autoware_auto_msgs/lib:/home/gabriel/software/AutonomousDriving/install/trajectory_following/lib:/home/gabriel/software/AutonomousDriving/install/pid_velocity_control/lib:/home/gabriel/software/AutonomousDriving/install/applanix_driver/lib:/usr/lib/x86_64-linux-gnu/gazebo-11/plugins:/opt/ros/galactic/opt/yaml_cpp_vendor/lib:/opt/ros/galactic/opt/rviz_ogre_vendor/lib:/opt/ros/galactic/lib/x86_64-linux-gnu:/opt/ros/galactic/lib:/home/gabriel/.mujoco/mujoco200/bin:/home/gabriel/.mujoco/mjpro131/bin:/home/gabriel/.mujoco/mjpro150/bin:/usr/lib/x86_64-linux-gnu/ /usr/bin/cmake --install /home/gabriel/software/AutonomousDriving/build/applanix_driver
