[0.045s] Invoking command in '/home/gabriel/software/AutonomousDriving/build/pid_velocity_control': AMENT_PREFIX_PATH=/home/gabriel/software/AutonomousDriving/install/autoware_auto_msgs:${AMENT_PREFIX_PATH} CMAKE_PREFIX_PATH=/home/gabriel/software/AutonomousDriving/install/autoware_auto_msgs:/opt/ros/galactic LD_LIBRARY_PATH=/home/gabriel/software/AutonomousDriving/install/autoware_auto_msgs/lib:/usr/lib/x86_64-linux-gnu/gazebo-11/plugins:/opt/ros/galactic/opt/yaml_cpp_vendor/lib:/opt/ros/galactic/opt/rviz_ogre_vendor/lib:/opt/ros/galactic/lib/x86_64-linux-gnu:/opt/ros/galactic/lib:/home/gabriel/.mujoco/mujoco200/bin:/home/gabriel/.mujoco/mjpro131/bin:/home/gabriel/.mujoco/mjpro150/bin:/usr/lib/x86_64-linux-gnu/ PYTHONPATH=/home/gabriel/software/AutonomousDriving/install/autoware_auto_msgs/lib/python3.8/site-packages:${PYTHONPATH} /usr/bin/cmake --build /home/gabriel/software/AutonomousDriving/build/pid_velocity_control -- -j16 -l16
[0.082s] [ 50%] Built target pid_velocity_control
[0.105s] [100%] Built target pid_velocity_control_exe
[0.110s] Invoked command in '/home/gabriel/software/AutonomousDriving/build/pid_velocity_control' returned '0': AMENT_PREFIX_PATH=/home/gabriel/software/AutonomousDriving/install/autoware_auto_msgs:${AMENT_PREFIX_PATH} CMAKE_PREFIX_PATH=/home/gabriel/software/AutonomousDriving/install/autoware_auto_msgs:/opt/ros/galactic LD_LIBRARY_PATH=/home/gabriel/software/AutonomousDriving/install/autoware_auto_msgs/lib:/usr/lib/x86_64-linux-gnu/gazebo-11/plugins:/opt/ros/galactic/opt/yaml_cpp_vendor/lib:/opt/ros/galactic/opt/rviz_ogre_vendor/lib:/opt/ros/galactic/lib/x86_64-linux-gnu:/opt/ros/galactic/lib:/home/gabriel/.mujoco/mujoco200/bin:/home/gabriel/.mujoco/mjpro131/bin:/home/gabriel/.mujoco/mjpro150/bin:/usr/lib/x86_64-linux-gnu/ PYTHONPATH=/home/gabriel/software/AutonomousDriving/install/autoware_auto_msgs/lib/python3.8/site-packages:${PYTHONPATH} /usr/bin/cmake --build /home/gabriel/software/AutonomousDriving/build/pid_velocity_control -- -j16 -l16
[0.130s] Invoking command in '/home/gabriel/software/AutonomousDriving/build/pid_velocity_control': AMENT_PREFIX_PATH=/home/gabriel/software/AutonomousDriving/install/autoware_auto_msgs:${AMENT_PREFIX_PATH} CMAKE_PREFIX_PATH=/home/gabriel/software/AutonomousDriving/install/autoware_auto_msgs:/opt/ros/galactic LD_LIBRARY_PATH=/home/gabriel/software/AutonomousDriving/install/autoware_auto_msgs/lib:/usr/lib/x86_64-linux-gnu/gazebo-11/plugins:/opt/ros/galactic/opt/yaml_cpp_vendor/lib:/opt/ros/galactic/opt/rviz_ogre_vendor/lib:/opt/ros/galactic/lib/x86_64-linux-gnu:/opt/ros/galactic/lib:/home/gabriel/.mujoco/mujoco200/bin:/home/gabriel/.mujoco/mjpro131/bin:/home/gabriel/.mujoco/mjpro150/bin:/usr/lib/x86_64-linux-gnu/ PYTHONPATH=/home/gabriel/software/AutonomousDriving/install/autoware_auto_msgs/lib/python3.8/site-packages:${PYTHONPATH} /usr/bin/cmake --install /home/gabriel/software/AutonomousDriving/build/pid_velocity_control
[0.140s] -- Install configuration: ""
[0.140s] -- Up-to-date: /home/gabriel/software/AutonomousDriving/install/pid_velocity_control/include
[0.140s] -- Up-to-date: /home/gabriel/software/AutonomousDriving/install/pid_velocity_control/include/pid_velocity_control
[0.140s] -- Up-to-date: /home/gabriel/software/AutonomousDriving/install/pid_velocity_control/include/pid_velocity_control/pid_velocity_control.hpp
[0.140s] -- Up-to-date: /home/gabriel/software/AutonomousDriving/install/pid_velocity_control/share/pid_velocity_control/environment/library_path.sh
[0.140s] -- Up-to-date: /home/gabriel/software/AutonomousDriving/install/pid_velocity_control/share/pid_velocity_control/environment/library_path.dsv
[0.140s] -- Up-to-date: /home/gabriel/software/AutonomousDriving/install/pid_velocity_control/lib/libpid_velocity_control.so
[0.140s] -- Up-to-date: /home/gabriel/software/AutonomousDriving/install/pid_velocity_control/lib/pid_velocity_control/pid_velocity_control_exe
[0.140s] -- Up-to-date: /home/gabriel/software/AutonomousDriving/install/pid_velocity_control/share/pid_velocity_control/param
[0.140s] -- Up-to-date: /home/gabriel/software/AutonomousDriving/install/pid_velocity_control/share/pid_velocity_control/param/pid.param.yaml
[0.140s] -- Up-to-date: /home/gabriel/software/AutonomousDriving/install/pid_velocity_control/share/pid_velocity_control/param/pid_kia.param.yaml
[0.140s] -- Up-to-date: /home/gabriel/software/AutonomousDriving/install/pid_velocity_control/share/ament_index/resource_index/package_run_dependencies/pid_velocity_control
[0.140s] -- Up-to-date: /home/gabriel/software/AutonomousDriving/install/pid_velocity_control/share/ament_index/resource_index/parent_prefix_path/pid_velocity_control
[0.140s] -- Up-to-date: /home/gabriel/software/AutonomousDriving/install/pid_velocity_control/share/pid_velocity_control/environment/ament_prefix_path.sh
[0.140s] -- Up-to-date: /home/gabriel/software/AutonomousDriving/install/pid_velocity_control/share/pid_velocity_control/environment/ament_prefix_path.dsv
[0.140s] -- Up-to-date: /home/gabriel/software/AutonomousDriving/install/pid_velocity_control/share/pid_velocity_control/environment/path.sh
[0.140s] -- Up-to-date: /home/gabriel/software/AutonomousDriving/install/pid_velocity_control/share/pid_velocity_control/environment/path.dsv
[0.141s] -- Up-to-date: /home/gabriel/software/AutonomousDriving/install/pid_velocity_control/share/pid_velocity_control/local_setup.bash
[0.141s] -- Up-to-date: /home/gabriel/software/AutonomousDriving/install/pid_velocity_control/share/pid_velocity_control/local_setup.sh
[0.141s] -- Up-to-date: /home/gabriel/software/AutonomousDriving/install/pid_velocity_control/share/pid_velocity_control/local_setup.zsh
[0.141s] -- Up-to-date: /home/gabriel/software/AutonomousDriving/install/pid_velocity_control/share/pid_velocity_control/local_setup.dsv
[0.141s] -- Installing: /home/gabriel/software/AutonomousDriving/install/pid_velocity_control/share/pid_velocity_control/package.dsv
[0.141s] -- Up-to-date: /home/gabriel/software/AutonomousDriving/install/pid_velocity_control/share/ament_index/resource_index/packages/pid_velocity_control
[0.141s] -- Up-to-date: /home/gabriel/software/AutonomousDriving/install/pid_velocity_control/share/pid_velocity_control/cmake/ament_cmake_export_dependencies-extras.cmake
[0.141s] -- Up-to-date: /home/gabriel/software/AutonomousDriving/install/pid_velocity_control/share/pid_velocity_control/cmake/ament_cmake_export_include_directories-extras.cmake
[0.141s] -- Up-to-date: /home/gabriel/software/AutonomousDriving/install/pid_velocity_control/share/pid_velocity_control/cmake/ament_cmake_export_libraries-extras.cmake
[0.141s] -- Up-to-date: /home/gabriel/software/AutonomousDriving/install/pid_velocity_control/share/pid_velocity_control/cmake/pid_velocity_controlConfig.cmake
[0.141s] -- Up-to-date: /home/gabriel/software/AutonomousDriving/install/pid_velocity_control/share/pid_velocity_control/cmake/pid_velocity_controlConfig-version.cmake
[0.141s] -- Up-to-date: /home/gabriel/software/AutonomousDriving/install/pid_velocity_control/share/pid_velocity_control/package.xml
[0.162s] Invoked command in '/home/gabriel/software/AutonomousDriving/build/pid_velocity_control' returned '0': AMENT_PREFIX_PATH=/home/gabriel/software/AutonomousDriving/install/autoware_auto_msgs:${AMENT_PREFIX_PATH} CMAKE_PREFIX_PATH=/home/gabriel/software/AutonomousDriving/install/autoware_auto_msgs:/opt/ros/galactic LD_LIBRARY_PATH=/home/gabriel/software/AutonomousDriving/install/autoware_auto_msgs/lib:/usr/lib/x86_64-linux-gnu/gazebo-11/plugins:/opt/ros/galactic/opt/yaml_cpp_vendor/lib:/opt/ros/galactic/opt/rviz_ogre_vendor/lib:/opt/ros/galactic/lib/x86_64-linux-gnu:/opt/ros/galactic/lib:/home/gabriel/.mujoco/mujoco200/bin:/home/gabriel/.mujoco/mjpro131/bin:/home/gabriel/.mujoco/mjpro150/bin:/usr/lib/x86_64-linux-gnu/ PYTHONPATH=/home/gabriel/software/AutonomousDriving/install/autoware_auto_msgs/lib/python3.8/site-packages:${PYTHONPATH} /usr/bin/cmake --install /home/gabriel/software/AutonomousDriving/build/pid_velocity_control
