-- The C compiler identification is GNU 9.4.0
-- The CXX compiler identification is GNU 9.4.0
-- Check for working C compiler: /usr/bin/cc
-- Check for working C compiler: /usr/bin/cc -- works
-- Detecting C compiler ABI info
-- Detecting C compiler ABI info - done
-- Detecting C compile features
-- Detecting C compile features - done
-- Check for working CXX compiler: /usr/bin/c++
-- Check for working CXX compiler: /usr/bin/c++ -- works
-- Detecting CXX compiler ABI info
-- Detecting CXX compiler ABI info - done
-- Detecting CXX compile features
-- Detecting CXX compile features - done
-- Found ament_cmake_auto: 1.1.5 (/opt/ros/galactic/share/ament_cmake_auto/cmake)
-- Found PythonInterp: /usr/bin/python3 (found suitable version "3.8.10", minimum required is "3") 
-- Using PYTHON_EXECUTABLE: /usr/bin/python3
-- Using all available rosidl_typesupport_c: rosidl_typesupport_fastrtps_c;rosidl_typesupport_introspection_c
-- Found rosidl_adapter: 2.2.1 (/opt/ros/galactic/share/rosidl_adapter/cmake)
-- Found OpenSSL: /usr/lib/x86_64-linux-gnu/libcrypto.so (found version "1.1.1f")  
-- Found FastRTPS: /opt/ros/galactic/include  
-- Using all available rosidl_typesupport_cpp: rosidl_typesupport_fastrtps_cpp;rosidl_typesupport_introspection_cpp
-- Found rmw_implementation_cmake: 3.3.1 (/opt/ros/galactic/share/rmw_implementation_cmake/cmake)
-- Found rmw_cyclonedds_cpp: 0.22.4 (/opt/ros/galactic/share/rmw_cyclonedds_cpp/cmake)
-- Using RMW implementation 'rmw_cyclonedds_cpp' as default
-- Looking for pthread.h
-- Looking for pthread.h - found
-- Performing Test CMAKE_HAVE_LIBC_PTHREAD
-- Performing Test CMAKE_HAVE_LIBC_PTHREAD - Failed
-- Looking for pthread_create in pthreads
-- Looking for pthread_create in pthreads - not found
-- Looking for pthread_create in pthread
-- Looking for pthread_create in pthread - found
-- Found Threads: TRUE  
-- Configuring done
-- Generating done
-- Build files have been written to: /home/gabriel/software/AutonomousDriving/build/pid_velocity_control
[35m[1mScanning dependencies of target pid_velocity_control[0m
[ 16%] [32mBuilding CXX object CMakeFiles/pid_velocity_control.dir/src/pid_velocity_control_node.cpp.o[0m
[ 33%] [32mBuilding CXX object CMakeFiles/pid_velocity_control.dir/src/pid_velocity_control.cpp.o[0m
[ 50%] [32m[1mLinking CXX shared library libpid_velocity_control.so[0m
[ 50%] Built target pid_velocity_control
[35m[1mScanning dependencies of target pid_velocity_control_exe[0m
[ 83%] [32mBuilding CXX object CMakeFiles/pid_velocity_control_exe.dir/src/pid_velocity_control_node.cpp.o[0m
[ 83%] [32mBuilding CXX object CMakeFiles/pid_velocity_control_exe.dir/src/pid_velocity_control.cpp.o[0m
[100%] [32m[1mLinking CXX executable pid_velocity_control_exe[0m
[100%] Built target pid_velocity_control_exe
-- Install configuration: ""
-- Installing: /home/gabriel/software/AutonomousDriving/install/pid_velocity_control/include
-- Installing: /home/gabriel/software/AutonomousDriving/install/pid_velocity_control/include/pid_velocity_control
-- Installing: /home/gabriel/software/AutonomousDriving/install/pid_velocity_control/include/pid_velocity_control/pid_velocity_control.hpp
-- Installing: /home/gabriel/software/AutonomousDriving/install/pid_velocity_control/share/pid_velocity_control/environment/library_path.sh
-- Installing: /home/gabriel/software/AutonomousDriving/install/pid_velocity_control/share/pid_velocity_control/environment/library_path.dsv
-- Installing: /home/gabriel/software/AutonomousDriving/install/pid_velocity_control/lib/libpid_velocity_control.so
-- Set runtime path of "/home/gabriel/software/AutonomousDriving/install/pid_velocity_control/lib/libpid_velocity_control.so" to ""
-- Installing: /home/gabriel/software/AutonomousDriving/install/pid_velocity_control/lib/pid_velocity_control/pid_velocity_control_exe
-- Set runtime path of "/home/gabriel/software/AutonomousDriving/install/pid_velocity_control/lib/pid_velocity_control/pid_velocity_control_exe" to ""
-- Installing: /home/gabriel/software/AutonomousDriving/install/pid_velocity_control/share/pid_velocity_control/param
-- Installing: /home/gabriel/software/AutonomousDriving/install/pid_velocity_control/share/pid_velocity_control/param/pid.param.yaml
-- Installing: /home/gabriel/software/AutonomousDriving/install/pid_velocity_control/share/pid_velocity_control/param/pid_kia.param.yaml
-- Installing: /home/gabriel/software/AutonomousDriving/install/pid_velocity_control/share/ament_index/resource_index/package_run_dependencies/pid_velocity_control
-- Installing: /home/gabriel/software/AutonomousDriving/install/pid_velocity_control/share/ament_index/resource_index/parent_prefix_path/pid_velocity_control
-- Installing: /home/gabriel/software/AutonomousDriving/install/pid_velocity_control/share/pid_velocity_control/environment/ament_prefix_path.sh
-- Installing: /home/gabriel/software/AutonomousDriving/install/pid_velocity_control/share/pid_velocity_control/environment/ament_prefix_path.dsv
-- Installing: /home/gabriel/software/AutonomousDriving/install/pid_velocity_control/share/pid_velocity_control/environment/path.sh
-- Installing: /home/gabriel/software/AutonomousDriving/install/pid_velocity_control/share/pid_velocity_control/environment/path.dsv
-- Installing: /home/gabriel/software/AutonomousDriving/install/pid_velocity_control/share/pid_velocity_control/local_setup.bash
-- Installing: /home/gabriel/software/AutonomousDriving/install/pid_velocity_control/share/pid_velocity_control/local_setup.sh
-- Installing: /home/gabriel/software/AutonomousDriving/install/pid_velocity_control/share/pid_velocity_control/local_setup.zsh
-- Installing: /home/gabriel/software/AutonomousDriving/install/pid_velocity_control/share/pid_velocity_control/local_setup.dsv
-- Installing: /home/gabriel/software/AutonomousDriving/install/pid_velocity_control/share/pid_velocity_control/package.dsv
-- Installing: /home/gabriel/software/AutonomousDriving/install/pid_velocity_control/share/ament_index/resource_index/packages/pid_velocity_control
-- Installing: /home/gabriel/software/AutonomousDriving/install/pid_velocity_control/share/pid_velocity_control/cmake/ament_cmake_export_dependencies-extras.cmake
-- Installing: /home/gabriel/software/AutonomousDriving/install/pid_velocity_control/share/pid_velocity_control/cmake/ament_cmake_export_include_directories-extras.cmake
-- Installing: /home/gabriel/software/AutonomousDriving/install/pid_velocity_control/share/pid_velocity_control/cmake/ament_cmake_export_libraries-extras.cmake
-- Installing: /home/gabriel/software/AutonomousDriving/install/pid_velocity_control/share/pid_velocity_control/cmake/pid_velocity_controlConfig.cmake
-- Installing: /home/gabriel/software/AutonomousDriving/install/pid_velocity_control/share/pid_velocity_control/cmake/pid_velocity_controlConfig-version.cmake
-- Installing: /home/gabriel/software/AutonomousDriving/install/pid_velocity_control/share/pid_velocity_control/package.xml
