Built target ament_cmake_python_copy_simulation_sync
running egg_info
writing simulation_sync.egg-info/PKG-INFO
writing dependency_links to simulation_sync.egg-info/dependency_links.txt
writing top-level names to simulation_sync.egg-info/top_level.txt
reading manifest file 'simulation_sync.egg-info/SOURCES.txt'
writing manifest file 'simulation_sync.egg-info/SOURCES.txt'
Built target ament_cmake_python_build_simulation_sync_egg
-- Install configuration: ""
-- Up-to-date: /home/gabriel/software/AutonomousDriving/install/simulation_sync/share/simulation_sync/environment/pythonpath.sh
-- Up-to-date: /home/gabriel/software/AutonomousDriving/install/simulation_sync/share/simulation_sync/environment/pythonpath.dsv
-- Up-to-date: /home/gabriel/software/AutonomousDriving/install/simulation_sync/lib/python3.8/site-packages//simulation_sync.egg-info
-- Installing: /home/gabriel/software/AutonomousDriving/install/simulation_sync/lib/python3.8/site-packages//simulation_sync.egg-info/dependency_links.txt
-- Installing: /home/gabriel/software/AutonomousDriving/install/simulation_sync/lib/python3.8/site-packages//simulation_sync.egg-info/top_level.txt
-- Installing: /home/gabriel/software/AutonomousDriving/install/simulation_sync/lib/python3.8/site-packages//simulation_sync.egg-info/PKG-INFO
-- Installing: /home/gabriel/software/AutonomousDriving/install/simulation_sync/lib/python3.8/site-packages//simulation_sync.egg-info/SOURCES.txt
-- Up-to-date: /home/gabriel/software/AutonomousDriving/install/simulation_sync/lib/python3.8/site-packages/simulation_sync
-- Up-to-date: /home/gabriel/software/AutonomousDriving/install/simulation_sync/lib/python3.8/site-packages/simulation_sync/simulation_sync_node (copy).py
-- Up-to-date: /home/gabriel/software/AutonomousDriving/install/simulation_sync/lib/python3.8/site-packages/simulation_sync/simulation_sync_node.py
-- Up-to-date: /home/gabriel/software/AutonomousDriving/install/simulation_sync/lib/python3.8/site-packages/simulation_sync/simulation_sync_main.py
-- Up-to-date: /home/gabriel/software/AutonomousDriving/install/simulation_sync/lib/python3.8/site-packages/simulation_sync/__init__.py
Listing '/home/gabriel/software/AutonomousDriving/install/simulation_sync/lib/python3.8/site-packages/simulation_sync'...
-- Up-to-date: /home/gabriel/software/AutonomousDriving/install/simulation_sync/lib/simulation_sync/simulation_sync_main.py
-- Up-to-date: /home/gabriel/software/AutonomousDriving/install/simulation_sync/share/simulation_sync/launch
-- Up-to-date: /home/gabriel/software/AutonomousDriving/install/simulation_sync/share/simulation_sync/launch/simulation_sync.launch.py
-- Up-to-date: /home/gabriel/software/AutonomousDriving/install/simulation_sync/share/simulation_sync/param
-- Up-to-date: /home/gabriel/software/AutonomousDriving/install/simulation_sync/share/simulation_sync/param/vehicle4.param.yaml
-- Up-to-date: /home/gabriel/software/AutonomousDriving/install/simulation_sync/share/simulation_sync/param/defaults.param.yaml
-- Up-to-date: /home/gabriel/software/AutonomousDriving/install/simulation_sync/share/simulation_sync/param/vehicle10.param.yaml
-- Up-to-date: /home/gabriel/software/AutonomousDriving/install/simulation_sync/share/simulation_sync/param/il15_sim.param.yaml
-- Up-to-date: /home/gabriel/software/AutonomousDriving/install/simulation_sync/share/simulation_sync/param/vehicle2.param.yaml
-- Up-to-date: /home/gabriel/software/AutonomousDriving/install/simulation_sync/share/simulation_sync/param/vehicle7.param.yaml
-- Up-to-date: /home/gabriel/software/AutonomousDriving/install/simulation_sync/share/simulation_sync/param/vehicle5.param.yaml
-- Up-to-date: /home/gabriel/software/AutonomousDriving/install/simulation_sync/share/simulation_sync/param/vehicle8.param.yaml
-- Up-to-date: /home/gabriel/software/AutonomousDriving/install/simulation_sync/share/simulation_sync/param/vehicle3.param.yaml
-- Up-to-date: /home/gabriel/software/AutonomousDriving/install/simulation_sync/share/simulation_sync/param/vehicle6.param.yaml
-- Up-to-date: /home/gabriel/software/AutonomousDriving/install/simulation_sync/share/simulation_sync/param/vehicle9.param.yaml
-- Up-to-date: /home/gabriel/software/AutonomousDriving/install/simulation_sync/share/simulation_sync/param/ego_vehicle.param.yaml
-- Up-to-date: /home/gabriel/software/AutonomousDriving/install/simulation_sync/share/simulation_sync/param/vehicle1.param.yaml
-- Up-to-date: /home/gabriel/software/AutonomousDriving/install/simulation_sync/share/ament_index/resource_index/package_run_dependencies/simulation_sync
-- Up-to-date: /home/gabriel/software/AutonomousDriving/install/simulation_sync/share/ament_index/resource_index/parent_prefix_path/simulation_sync
-- Up-to-date: /home/gabriel/software/AutonomousDriving/install/simulation_sync/share/simulation_sync/environment/ament_prefix_path.sh
-- Up-to-date: /home/gabriel/software/AutonomousDriving/install/simulation_sync/share/simulation_sync/environment/ament_prefix_path.dsv
-- Up-to-date: /home/gabriel/software/AutonomousDriving/install/simulation_sync/share/simulation_sync/environment/path.sh
-- Up-to-date: /home/gabriel/software/AutonomousDriving/install/simulation_sync/share/simulation_sync/environment/path.dsv
-- Up-to-date: /home/gabriel/software/AutonomousDriving/install/simulation_sync/share/simulation_sync/local_setup.bash
-- Up-to-date: /home/gabriel/software/AutonomousDriving/install/simulation_sync/share/simulation_sync/local_setup.sh
-- Up-to-date: /home/gabriel/software/AutonomousDriving/install/simulation_sync/share/simulation_sync/local_setup.zsh
-- Up-to-date: /home/gabriel/software/AutonomousDriving/install/simulation_sync/share/simulation_sync/local_setup.dsv
-- Up-to-date: /home/gabriel/software/AutonomousDriving/install/simulation_sync/share/simulation_sync/package.dsv
-- Up-to-date: /home/gabriel/software/AutonomousDriving/install/simulation_sync/share/ament_index/resource_index/packages/simulation_sync
-- Up-to-date: /home/gabriel/software/AutonomousDriving/install/simulation_sync/share/simulation_sync/cmake/simulation_syncConfig.cmake
-- Up-to-date: /home/gabriel/software/AutonomousDriving/install/simulation_sync/share/simulation_sync/cmake/simulation_syncConfig-version.cmake
-- Up-to-date: /home/gabriel/software/AutonomousDriving/install/simulation_sync/share/simulation_sync/package.xml
